【登录信息】
*3084073a697602a159acb3c9452b4b00*
`登陆天数: 546天 / 2240天
等级: 161
石头: 2
呼符: 0
体力: 62.80333333333333 / 144
友情点: 90 / 6504835`
*連続ログイン7日間到達おめでとうございます！
明日は1日目からリスタートされます。*
`獣の足跡 X 1
呼符 X 1
8月交換券(2023) X 1
`*8周年記念特別回数ログインボーナス*
*開催期間中、1日1回 最大10回 回数ログインボーナスをプレゼント！*
`QP X 3000000
フレンドポイント X 100000
`_2023-07-31 19:38:04_
--------
*517ccfc56e0b068f419634fc871e36b0*
`登陆天数: 59天 / 459天
等级: 1
石头: 2
呼符: 0
体力: 787211.0333333333 / 20
友情点: 0 / 186000`
*連続ログイン3日目
※ログインが途切れるか、7日到達すると
1日目から再開されます*
`叡智の業火 X 1
8月交換券(2023) X 1
`_2023-07-31 19:38:13_
--------
*bd62bce1f10a8ea80c682ed6f811ef8f*
`登陆天数: 59天 / 480天
等级: 1
石头: 5
呼符: 0
体力: 786499.3833333333 / 20
友情点: 0 / 164000`
*連続ログイン3日目
※ログインが途切れるか、7日到達すると
1日目から再開されます*
`叡智の業火 X 1
8月交換券(2023) X 1
`_2023-07-31 19:38:21_
--------
