【登录信息】
*3084073a697602a159acb3c9452b4b00*
`登陆天数: 547天 / 2241天
等级: 161
石头: 8
呼符: 0
体力: 95.01333333333334 / 144
友情点: 315 / 6606020`
*連続ログイン1日目
※ログインが途切れるか、7日到達すると
1日目から再開されます*
`フレンドポイント X 2000
8月交換券(2023) X 1
`*8周年記念特別回数ログインボーナス*
*開催期間中、1日1回 最大10回 回数ログインボーナスをプレゼント！*
`QP X 3000000
星見のティーポット X 10
`_2023-08-01 19:38:08_
--------
*517ccfc56e0b068f419634fc871e36b0*
`登陆天数: 60天 / 460天
等级: 1
石头: 2
呼符: 0
体力: 787499.0433333333 / 20
友情点: 0 / 186000`
*連続ログイン4日目
※ログインが途切れるか、7日到達すると
1日目から再開されます*
`聖晶石 X 1
8月交換券(2023) X 1
`_2023-08-01 19:38:17_
--------
*bd62bce1f10a8ea80c682ed6f811ef8f*
`登陆天数: 60天 / 481天
等级: 1
石头: 5
呼符: 0
体力: 786787.3933333333 / 20
友情点: 0 / 164000`
*連続ログイン4日目
※ログインが途切れるか、7日到達すると
1日目から再開されます*
`聖晶石 X 1
8月交換券(2023) X 1
`_2023-08-01 19:38:24_
--------
