【登录信息】
*3084073a697602a159acb3c9452b4b00*
`登陆天数: 548天 / 2242天
等级: 161
石头: 8
呼符: 0
体力: 63.36333333333333 / 144
友情点: 140 / 6609415`
*連続ログイン2日目
※ログインが途切れるか、7日到達すると
1日目から再開されます*
`聖晶石 X 1
8月交換券(2023) X 1
`*8周年記念特別回数ログインボーナス*
*開催期間中、1日1回 最大10回 回数ログインボーナスをプレゼント！*
`QP X 3000000
マナプリズム X 100
`_2023-08-02 19:38:18_
--------
*517ccfc56e0b068f419634fc871e36b0*
`登陆天数: 61天 / 461天
等级: 1
石头: 2
呼符: 0
体力: 787787.08 / 20
友情点: 0 / 186000`
*連続ログイン5日目
※ログインが途切れるか、7日到達すると
1日目から再開されます*
`叡智の業火 X 2
8月交換券(2023) X 1
`_2023-08-02 19:38:27_
--------
*bd62bce1f10a8ea80c682ed6f811ef8f*
`登陆天数: 61天 / 482天
等级: 1
石头: 5
呼符: 0
体力: 787075.43 / 20
友情点: 0 / 164000`
*連続ログイン5日目
※ログインが途切れるか、7日到達すると
1日目から再開されます*
`叡智の業火 X 2
8月交換券(2023) X 1
`_2023-08-02 19:38:35_
--------
