【登录信息】
*3084073a697602a159acb3c9452b4b00*
`登陆天数: 549天 / 2243天
等级: 161
石头: 13
呼符: 0
体力: 198.35666666666668 / 144
友情点: 255 / 6611510`
*連続ログイン3日目
※ログインが途切れるか、7日到達すると
1日目から再開されます*
`叡智の業火 X 1
8月交換券(2023) X 1
`*8周年記念特別回数ログインボーナス*
*開催期間中、1日1回 最大10回 回数ログインボーナスをプレゼント！*
`英霊結晶・星のフォウくん X 10
英霊結晶・太陽のフォウくん X 10
QP X 3000000
`_2023-08-03 19:38:17_
--------
*517ccfc56e0b068f419634fc871e36b0*
`登陆天数: 62天 / 462天
等级: 1
石头: 2
呼符: 0
体力: 788075.0733333334 / 20
友情点: 0 / 186000`
*連続ログイン6日目
※ログインが途切れるか、7日到達すると
1日目から再開されます*
`聖晶石 X 2
8月交換券(2023) X 1
`_2023-08-03 19:38:26_
--------
*bd62bce1f10a8ea80c682ed6f811ef8f*
`登陆天数: 62天 / 483天
等级: 1
石头: 5
呼符: 0
体力: 787363.4266666666 / 20
友情点: 0 / 164000`
*連続ログイン6日目
※ログインが途切れるか、7日到達すると
1日目から再開されます*
`聖晶石 X 2
8月交換券(2023) X 1
`_2023-08-03 19:38:33_
--------
