【登录信息】
*3084073a697602a159acb3c9452b4b00*
`登陆天数: 550天 / 2244天
等级: 161
石头: 17
呼符: 0
体力: 151.22666666666666 / 144
友情点: 375 / 6612395`
*連続ログイン4日目
※ログインが途切れるか、7日到達すると
1日目から再開されます*
`聖晶石 X 1
8月交換券(2023) X 1
`*8周年記念特別回数ログインボーナス*
*開催期間中、1日1回 最大10回 回数ログインボーナスをプレゼント！*
`英霊結晶・流星のフォウくん X 1
英霊結晶・日輪のフォウくん X 1
QP X 3000000
`_2023-08-04 19:38:06_
--------
*517ccfc56e0b068f419634fc871e36b0*
`登陆天数: 63天 / 463天
等级: 1
石头: 2
呼符: 0
体力: 788363.0366666666 / 20
友情点: 0 / 186000`
*連続ログイン7日間到達おめでとうございます！
明日は1日目からリスタートされます。*
`獣の足跡 X 1
呼符 X 1
8月交換券(2023) X 1
`_2023-08-04 19:38:15_
--------
*bd62bce1f10a8ea80c682ed6f811ef8f*
`登陆天数: 63天 / 484天
等级: 1
石头: 5
呼符: 0
体力: 787651.39 / 20
友情点: 0 / 164000`
*連続ログイン7日間到達おめでとうございます！
明日は1日目からリスタートされます。*
`獣の足跡 X 1
呼符 X 1
8月交換券(2023) X 1
`_2023-08-04 19:38:23_
--------
