【登录信息】
*3084073a697602a159acb3c9452b4b00*
`登陆天数: 551天 / 2245天
等级: 161
石头: 6
呼符: 0
体力: 81.17333333333333 / 144
友情点: 345 / 6613540`
*連続ログイン5日目
※ログインが途切れるか、7日到達すると
1日目から再開されます*
`叡智の業火 X 2
8月交換券(2023) X 1
`*8周年記念特別回数ログインボーナス*
*開催期間中、1日1回 最大10回 回数ログインボーナスをプレゼント！*
`QP X 3000000
呼符 X 10
`_2023-08-05 19:38:20_
--------
*517ccfc56e0b068f419634fc871e36b0*
`登陆天数: 64天 / 464天
等级: 1
石头: 2
呼符: 0
体力: 788651.0833333334 / 20
友情点: 0 / 186000`
*連続ログイン1日目
※ログインが途切れるか、7日到達すると
1日目から再開されます*
`フレンドポイント X 2000
8月交換券(2023) X 1
`_2023-08-05 19:38:28_
--------
*bd62bce1f10a8ea80c682ed6f811ef8f*
`登陆天数: 64天 / 485天
等级: 1
石头: 5
呼符: 0
体力: 787939.4366666666 / 20
友情点: 0 / 164000`
*連続ログイン1日目
※ログインが途切れるか、7日到達すると
1日目から再開されます*
`フレンドポイント X 2000
8月交換券(2023) X 1
`_2023-08-05 19:38:36_
--------
