【登录信息】
*3084073a697602a159acb3c9452b4b00*
`登陆天数: 552天 / 2246天
等级: 161
石头: 6
呼符: 0
体力: 113.80666666666667 / 144
友情点: 320 / 6615215`
*連続ログイン6日目
※ログインが途切れるか、7日到達すると
1日目から再開されます*
`聖晶石 X 2
8月交換券(2023) X 1
`*8周年記念特別回数ログインボーナス*
*開催期間中、1日1回 最大10回 回数ログインボーナスをプレゼント！*
`QP X 3000000
カルデアの夢火 X 1
`_2023-08-06 19:38:04_
--------
*517ccfc56e0b068f419634fc871e36b0*
`登陆天数: 65天 / 465天
等级: 1
石头: 2
呼符: 0
体力: 788939.03 / 20
友情点: 0 / 186000`
*連続ログイン2日目
※ログインが途切れるか、7日到達すると
1日目から再開されます*
`聖晶石 X 1
8月交換券(2023) X 1
`_2023-08-06 19:38:13_
--------
*bd62bce1f10a8ea80c682ed6f811ef8f*
`登陆天数: 65天 / 486天
等级: 1
石头: 5
呼符: 0
体力: 788227.3833333333 / 20
友情点: 0 / 164000`
*連続ログイン2日目
※ログインが途切れるか、7日到達すると
1日目から再開されます*
`聖晶石 X 1
8月交換券(2023) X 1
`_2023-08-06 19:38:20_
--------
