【登录信息】
*3084073a697602a159acb3c9452b4b00*
`登陆天数: 553天 / 2247天
等级: 161
石头: 0
呼符: 0
体力: 100.38 / 144
友情点: 170 / 6616515`
*連続ログイン7日間到達おめでとうございます！
明日は1日目からリスタートされます。*
`獣の足跡 X 1
呼符 X 1
8月交換券(2023) X 1
`*8周年記念特別回数ログインボーナス*
*開催期間中、1日1回 最大10回 回数ログインボーナスをプレゼント！*
`QP X 3000000
レアプリズム X 1
`_2023-08-07 19:38:07_
--------
*517ccfc56e0b068f419634fc871e36b0*
`登陆天数: 66天 / 466天
等级: 1
石头: 2
呼符: 0
体力: 789227.04 / 20
友情点: 0 / 186000`
*連続ログイン3日目
※ログインが途切れるか、7日到達すると
1日目から再開されます*
`叡智の業火 X 1
8月交換券(2023) X 1
`_2023-08-07 19:38:16_
--------
*bd62bce1f10a8ea80c682ed6f811ef8f*
`登陆天数: 66天 / 487天
等级: 1
石头: 5
呼符: 0
体力: 788515.3933333333 / 20
友情点: 0 / 164000`
*連続ログイン3日目
※ログインが途切れるか、7日到達すると
1日目から再開されます*
`叡智の業火 X 1
8月交換券(2023) X 1
`_2023-08-07 19:38:24_
--------
