【登录信息】
*3084073a697602a159acb3c9452b4b00*
`登陆天数: 556天 / 2250天
等级: 161
石头: 3
呼符: 0
体力: 81.41333333333333 / 144
友情点: 170 / 6620425`
*連続ログイン3日目
※ログインが途切れるか、7日到達すると
1日目から再開されます*
`叡智の業火 X 1
8月交換券(2023) X 1
`*FGO カルデア放送局 ライト版 ～サバフェス2023～ サバフェス2023開幕直前 初回ログインボーナス*
*開催期間中、初回ログインで「聖晶石×14」をプレゼント！*
`聖晶石 X 14
`_2023-08-10 19:38:07_
--------
*517ccfc56e0b068f419634fc871e36b0*
`登陆天数: 1天 / 468天
等级: 1
石头: 2
呼符: 0
体力: 790091.04 / 20
友情点: 0 / 186000`
*連続ログイン1日目
※ログインが途切れるか、7日到達すると
1日目から再開されます*
`フレンドポイント X 2000
8月交換券(2023) X 1
`_2023-08-10 19:38:16_
--------
*bd62bce1f10a8ea80c682ed6f811ef8f*
`登陆天数: 1天 / 489天
等级: 1
石头: 5
呼符: 0
体力: 789379.3933333333 / 20
友情点: 0 / 164000`
*連続ログイン1日目
※ログインが途切れるか、7日到達すると
1日目から再開されます*
`フレンドポイント X 2000
8月交換券(2023) X 1
`_2023-08-10 19:38:24_
--------
