【登录信息】
*3084073a697602a159acb3c9452b4b00*
`登陆天数: 559天 / 2253天
等级: 161
石头: 3
呼符: 0
体力: 340.17333333333335 / 144
友情点: 170 / 6626955`
*連続ログイン6日目
※ログインが途切れるか、7日到達すると
1日目から再開されます*
`聖晶石 X 2
8月交換券(2023) X 1
`*サーヴァント・サマー・フェスティバル2023！開幕記念 ログインボーナス*
*開催期間中、1日1回 最大21回ログインボーナスをプレゼント！*
`白銀の果実 X 1
`_2023-08-13 19:38:11_
--------
*517ccfc56e0b068f419634fc871e36b0*
`登陆天数: 4天 / 471天
等级: 1
石头: 2
呼符: 0
体力: 790955.0533333333 / 20
友情点: 0 / 186000`
*連続ログイン4日目
※ログインが途切れるか、7日到達すると
1日目から再開されます*
`聖晶石 X 1
8月交換券(2023) X 1
`_2023-08-13 19:38:20_
--------
*bd62bce1f10a8ea80c682ed6f811ef8f*
`登陆天数: 4天 / 492天
等级: 1
石头: 5
呼符: 0
体力: 790243.4066666666 / 20
友情点: 0 / 164000`
*連続ログイン4日目
※ログインが途切れるか、7日到達すると
1日目から再開されます*
`聖晶石 X 1
8月交換券(2023) X 1
`_2023-08-13 19:38:28_
--------
