【登录信息】
*3084073a697602a159acb3c9452b4b00*
`登陆天数: 560天 / 2254天
等级: 161
石头: 3
呼符: 0
体力: 628.1766666666667 / 144
友情点: 300 / 6627505`
*連続ログイン7日間到達おめでとうございます！
明日は1日目からリスタートされます。*
`獣の足跡 X 1
呼符 X 1
8月交換券(2023) X 1
`*サーヴァント・サマー・フェスティバル2023！開幕記念 ログインボーナス*
*開催期間中、1日1回 最大21回ログインボーナスをプレゼント！*
`白銀の果実 X 1
`_2023-08-14 19:38:12_
--------
*517ccfc56e0b068f419634fc871e36b0*
`登陆天数: 5天 / 472天
等级: 1
石头: 2
呼符: 0
体力: 791243.06 / 20
友情点: 0 / 186000`
*連続ログイン5日目
※ログインが途切れるか、7日到達すると
1日目から再開されます*
`叡智の業火 X 2
8月交換券(2023) X 1
`_2023-08-14 19:38:22_
--------
*bd62bce1f10a8ea80c682ed6f811ef8f*
`登陆天数: 5天 / 493天
等级: 1
石头: 5
呼符: 0
体力: 790531.4133333333 / 20
友情点: 0 / 164000`
*連続ログイン5日目
※ログインが途切れるか、7日到達すると
1日目から再開されます*
`叡智の業火 X 2
8月交換券(2023) X 1
`_2023-08-14 19:38:29_
--------
