【登录信息】
*3084073a697602a159acb3c9452b4b00*
`登陆天数: 563天 / 2257天
等级: 161
石头: 0
呼符: 0
体力: 67.45 / 144
友情点: 180 / 6634040`
*連続ログイン3日目
※ログインが途切れるか、7日到達すると
1日目から再開されます*
`叡智の業火 X 1
8月交換券(2023) X 1
`*サーヴァント・サマー・フェスティバル2023！開幕記念 ログインボーナス*
*開催期間中、1日1回 最大21回ログインボーナスをプレゼント！*
`黄金の果実 X 1
`_2023-08-17 19:38:15_
--------
*517ccfc56e0b068f419634fc871e36b0*
`登陆天数: 8天 / 475天
等级: 1
石头: 2
呼符: 0
体力: 792107.07 / 20
友情点: 0 / 186000`
*連続ログイン1日目
※ログインが途切れるか、7日到達すると
1日目から再開されます*
`フレンドポイント X 2000
8月交換券(2023) X 1
`_2023-08-17 19:38:25_
--------
*bd62bce1f10a8ea80c682ed6f811ef8f*
`登陆天数: 8天 / 496天
等级: 1
石头: 5
呼符: 0
体力: 791395.4233333333 / 20
友情点: 0 / 164000`
*連続ログイン1日目
※ログインが途切れるか、7日到達すると
1日目から再開されます*
`フレンドポイント X 2000
8月交換券(2023) X 1
`_2023-08-17 19:38:33_
--------
