【登录信息】
*3084073a697602a159acb3c9452b4b00*
`登陆天数: 564天 / 2258天
等级: 161
石头: 1
呼符: 0
体力: 106.43333333333334 / 144
友情点: 95 / 6636115`
*連続ログイン4日目
※ログインが途切れるか、7日到達すると
1日目から再開されます*
`聖晶石 X 1
8月交換券(2023) X 1
`*サーヴァント・サマー・フェスティバル2023！開幕記念 ログインボーナス*
*開催期間中、1日1回 最大21回ログインボーナスをプレゼント！*
`白銀の果実 X 1
`_2023-08-18 19:38:17_
--------
*517ccfc56e0b068f419634fc871e36b0*
`登陆天数: 9天 / 476天
等级: 1
石头: 2
呼符: 0
体力: 792395.08 / 20
友情点: 0 / 186000`
*連続ログイン2日目
※ログインが途切れるか、7日到達すると
1日目から再開されます*
`聖晶石 X 1
8月交換券(2023) X 1
`_2023-08-18 19:38:27_
--------
*bd62bce1f10a8ea80c682ed6f811ef8f*
`登陆天数: 9天 / 497天
等级: 1
石头: 5
呼符: 0
体力: 791683.4333333333 / 20
友情点: 0 / 164000`
*連続ログイン2日目
※ログインが途切れるか、7日到達すると
1日目から再開されます*
`聖晶石 X 1
8月交換券(2023) X 1
`_2023-08-18 19:38:35_
--------
