【登录信息】
*3084073a697602a159acb3c9452b4b00*
`登陆天数: 568天 / 2262天
等级: 161
石头: 0
呼符: 0
体力: 48.68333333333334 / 144
友情点: 390 / 6651015`
*連続ログイン1日目
※ログインが途切れるか、7日到達すると
1日目から再開されます*
`フレンドポイント X 2000
8月交換券(2023) X 1
`*サーヴァント・サマー・フェスティバル2023！開幕記念 ログインボーナス*
*開催期間中、1日1回 最大21回ログインボーナスをプレゼント！*
`白銀の果実 X 1
`_2023-08-22 19:38:08_
--------
*517ccfc56e0b068f419634fc871e36b0*
`登陆天数: 13天 / 480天
等级: 1
石头: 2
呼符: 0
体力: 793547.0466666666 / 20
友情点: 0 / 186000`
*連続ログイン6日目
※ログインが途切れるか、7日到達すると
1日目から再開されます*
`聖晶石 X 2
8月交換券(2023) X 1
`_2023-08-22 19:38:17_
--------
*bd62bce1f10a8ea80c682ed6f811ef8f*
`登陆天数: 13天 / 501天
等级: 1
石头: 5
呼符: 0
体力: 792835.3966666666 / 20
友情点: 0 / 164000`
*連続ログイン6日目
※ログインが途切れるか、7日到達すると
1日目から再開されます*
`聖晶石 X 2
8月交換券(2023) X 1
`_2023-08-22 19:38:25_
--------
