【登录信息】
*3084073a697602a159acb3c9452b4b00*
`登陆天数: 569天 / 2263天
等级: 161
石头: 0
呼符: 0
体力: 56.72333333333333 / 144
友情点: 370 / 6654315`
*連続ログイン2日目
※ログインが途切れるか、7日到達すると
1日目から再開されます*
`聖晶石 X 1
8月交換券(2023) X 1
`*サーヴァント・サマー・フェスティバル2023！開幕記念 ログインボーナス*
*開催期間中、1日1回 最大21回ログインボーナスをプレゼント！*
`白銀の果実 X 1
`_2023-08-23 19:38:19_
--------
*517ccfc56e0b068f419634fc871e36b0*
`登陆天数: 14天 / 481天
等级: 1
石头: 2
呼符: 0
体力: 793835.0866666667 / 20
友情点: 0 / 186000`
*連続ログイン7日間到達おめでとうございます！
明日は1日目からリスタートされます。*
`獣の足跡 X 1
呼符 X 1
8月交換券(2023) X 1
`_2023-08-23 19:38:29_
--------
*bd62bce1f10a8ea80c682ed6f811ef8f*
`登陆天数: 14天 / 502天
等级: 1
石头: 5
呼符: 0
体力: 793123.44 / 20
友情点: 0 / 164000`
*連続ログイン7日間到達おめでとうございます！
明日は1日目からリスタートされます。*
`獣の足跡 X 1
呼符 X 1
8月交換券(2023) X 1
`_2023-08-23 19:38:37_
--------
