【登录信息】
*3084073a697602a159acb3c9452b4b00*
`登陆天数: 573天 / 2267天
等级: 161
石头: 2
呼符: 0
体力: 86.83 / 144
友情点: 160 / 6656095`
*連続ログイン6日目
※ログインが途切れるか、7日到達すると
1日目から再開されます*
`聖晶石 X 2
8月交換券(2023) X 1
`*サーヴァント・サマー・フェスティバル2023！開幕記念 ログインボーナス*
*開催期間中、1日1回 最大21回ログインボーナスをプレゼント！*
`白銀の果実 X 1
`_2023-08-27 19:38:20_
--------
*517ccfc56e0b068f419634fc871e36b0*
`登陆天数: 18天 / 485天
等级: 1
石头: 2
呼符: 0
体力: 794987.0866666667 / 20
友情点: 0 / 186000`
*連続ログイン4日目
※ログインが途切れるか、7日到達すると
1日目から再開されます*
`聖晶石 X 1
8月交換券(2023) X 1
`_2023-08-27 19:38:29_
--------
*bd62bce1f10a8ea80c682ed6f811ef8f*
`登陆天数: 18天 / 506天
等级: 1
石头: 5
呼符: 0
体力: 794275.4366666666 / 20
友情点: 0 / 164000`
*連続ログイン4日目
※ログインが途切れるか、7日到達すると
1日目から再開されます*
`聖晶石 X 1
8月交換券(2023) X 1
`_2023-08-27 19:38:37_
--------
