【登录信息】
*3084073a697602a159acb3c9452b4b00*
`登陆天数: 18天 / 2376天
等级: 162
石头: 186
呼符: 0
体力: 339.5866666666667 / 144
友情点: 260 / 6841300`
*連続ログイン4日目
※ログインが途切れるか、7日到達すると
1日目から再開されます*
`聖晶石 X 1
1月交換券(2024) X 1
`*2024年お正月キャンペーン　三が日限定ログインボーナス*
*開催期間中、三が日限定のログインボーナスをプレゼント！*
`叡智の業火 X 30
QP X 10000000
`_2023-12-31 19:37:26_
--------
*517ccfc56e0b068f419634fc871e36b0*
`登陆天数: 17天 / 592天
等级: 1
石头: 2
呼符: 0
体力: 831274.9033333333 / 20
友情点: 0 / 186000`
*連続ログイン3日目
※ログインが途切れるか、7日到達すると
1日目から再開されます*
`叡智の業火 X 1
1月交換券(2024) X 1
`*2024年お正月キャンペーン　三が日限定ログインボーナス*
*開催期間中、三が日限定のログインボーナスをプレゼント！*
`叡智の業火 X 30
QP X 10000000
`_2023-12-31 19:37:35_
--------
*bd62bce1f10a8ea80c682ed6f811ef8f*
`登陆天数: 17天 / 613天
等级: 1
石头: 5
呼符: 0
体力: 830563.2566666667 / 20
友情点: 0 / 164000`
*連続ログイン3日目
※ログインが途切れるか、7日到達すると
1日目から再開されます*
`叡智の業火 X 1
1月交換券(2024) X 1
`*2024年お正月キャンペーン　三が日限定ログインボーナス*
*開催期間中、三が日限定のログインボーナスをプレゼント！*
`叡智の業火 X 30
QP X 10000000
`_2023-12-31 19:37:43_
--------
