【登录信息】
*3084073a697602a159acb3c9452b4b00*
`登陆天数: 24天 / 2382天
等级: 162
石头: 199
呼符: 2
体力: 32.06 / 144
友情点: 180 / 6843300`
*連続ログイン3日目
※ログインが途切れるか、7日到達すると
1日目から再開されます*
`叡智の業火 X 1
1月交換券(2024) X 1
`_2024-01-06 19:37:12_
--------
*517ccfc56e0b068f419634fc871e36b0*
`登陆天数: 23天 / 598天
等级: 1
石头: 2
呼符: 0
体力: 833002.8566666667 / 20
友情点: 0 / 186000`
*連続ログイン2日目
※ログインが途切れるか、7日到達すると
1日目から再開されます*
`聖晶石 X 1
1月交換券(2024) X 1
`_2024-01-06 19:37:21_
--------
*bd62bce1f10a8ea80c682ed6f811ef8f*
`登陆天数: 23天 / 619天
等级: 1
石头: 5
呼符: 0
体力: 832291.21 / 20
友情点: 0 / 164000`
*連続ログイン2日目
※ログインが途切れるか、7日到達すると
1日目から再開されます*
`聖晶石 X 1
1月交換券(2024) X 1
`_2024-01-06 19:37:29_
--------
