【登录信息】
*3084073a697602a159acb3c9452b4b00*
`登陆天数: 27天 / 2385天
等级: 162
石头: 199
呼符: 2
体力: 189.25666666666666 / 144
友情点: 120 / 6843960`
*連続ログイン6日目
※ログインが途切れるか、7日到達すると
1日目から再開されます*
`聖晶石 X 2
1月交換券(2024) X 1
`_2024-01-09 19:37:13_
--------
*517ccfc56e0b068f419634fc871e36b0*
`登陆天数: 1天 / 600天
等级: 1
石头: 2
呼符: 0
体力: 833866.8666666667 / 20
友情点: 0 / 186000`
*連続ログイン1日目
※ログインが途切れるか、7日到達すると
1日目から再開されます*
`フレンドポイント X 2000
1月交換券(2024) X 1
`_2024-01-09 19:37:23_
--------
*bd62bce1f10a8ea80c682ed6f811ef8f*
`登陆天数: 1天 / 621天
等级: 1
石头: 5
呼符: 0
体力: 833155.22 / 20
友情点: 0 / 164000`
*連続ログイン1日目
※ログインが途切れるか、7日到達すると
1日目から再開されます*
`フレンドポイント X 2000
1月交換券(2024) X 1
`_2024-01-09 19:37:31_
--------
