【登录信息】
*3084073a697602a159acb3c9452b4b00*
`登陆天数: 28天 / 2386天
等级: 162
石头: 227
呼符: 8
体力: 200.77666666666667 / 144
友情点: 25 / 6842715`
*連続ログイン7日間到達おめでとうございます！
明日は1日目からリスタートされます。*
`獣の足跡 X 1
呼符 X 1
1月交換券(2024) X 1
`*「FGO カルデア・サテライトステーション 2023-2024」宮崎会場開催直前 ログインボーナス*
*開催期間中、1日1回 最大3回 ログインボーナスをプレゼント！*
`黄金の果実 X 1
`_2024-01-10 19:37:26_
--------
*517ccfc56e0b068f419634fc871e36b0*
`登陆天数: 2天 / 601天
等级: 1
石头: 2
呼符: 0
体力: 834154.91 / 20
友情点: 0 / 186000`
*連続ログイン2日目
※ログインが途切れるか、7日到達すると
1日目から再開されます*
`聖晶石 X 1
1月交換券(2024) X 1
`_2024-01-10 19:37:36_
--------
*bd62bce1f10a8ea80c682ed6f811ef8f*
`登陆天数: 2天 / 622天
等级: 1
石头: 5
呼符: 0
体力: 833443.2633333333 / 20
友情点: 0 / 164000`
*連続ログイン2日目
※ログインが途切れるか、7日到達すると
1日目から再開されます*
`聖晶石 X 1
1月交換券(2024) X 1
`_2024-01-10 19:37:45_
--------
