【登录信息】
*3084073a697602a159acb3c9452b4b00*
`登陆天数: 29天 / 2387天
等级: 162
石头: 227
呼符: 8
体力: 247.17000000000002 / 144
友情点: 165 / 6843060`
*連続ログイン1日目
※ログインが途切れるか、7日到達すると
1日目から再開されます*
`フレンドポイント X 2000
1月交換券(2024) X 1
`*「FGO カルデア・サテライトステーション 2023-2024」宮崎会場開催直前 ログインボーナス*
*開催期間中、1日1回 最大3回 ログインボーナスをプレゼント！*
`黄金の果実 X 1
`_2024-01-11 19:37:29_
--------
*517ccfc56e0b068f419634fc871e36b0*
`登陆天数: 3天 / 602天
等级: 1
石头: 2
呼符: 0
体力: 834442.92 / 20
友情点: 0 / 186000`
*連続ログイン3日目
※ログインが途切れるか、7日到達すると
1日目から再開されます*
`叡智の業火 X 1
1月交換券(2024) X 1
`_2024-01-11 19:37:39_
--------
*bd62bce1f10a8ea80c682ed6f811ef8f*
`登陆天数: 3天 / 623天
等级: 1
石头: 5
呼符: 0
体力: 833731.27 / 20
友情点: 0 / 164000`
*連続ログイン3日目
※ログインが途切れるか、7日到達すると
1日目から再開されます*
`叡智の業火 X 1
1月交換券(2024) X 1
`_2024-01-11 19:37:47_
--------
