【登录信息】
*3084073a697602a159acb3c9452b4b00*
`登陆天数: 30天 / 2388天
等级: 162
石头: 227
呼符: 8
体力: 535.1600000000001 / 144
友情点: 120 / 6843180`
*連続ログイン2日目
※ログインが途切れるか、7日到達すると
1日目から再開されます*
`聖晶石 X 1
1月交換券(2024) X 1
`*「FGO カルデア・サテライトステーション 2023-2024」宮崎会場開催直前 ログインボーナス*
*開催期間中、1日1回 最大3回 ログインボーナスをプレゼント！*
`黄金の果実 X 1
`_2024-01-12 19:37:26_
--------
*517ccfc56e0b068f419634fc871e36b0*
`登陆天数: 4天 / 603天
等级: 1
石头: 2
呼符: 0
体力: 834730.9066666666 / 20
友情点: 0 / 186000`
*連続ログイン4日目
※ログインが途切れるか、7日到達すると
1日目から再開されます*
`聖晶石 X 1
1月交換券(2024) X 1
`_2024-01-12 19:37:36_
--------
*bd62bce1f10a8ea80c682ed6f811ef8f*
`登陆天数: 4天 / 624天
等级: 1
石头: 5
呼符: 0
体力: 834019.26 / 20
友情点: 0 / 164000`
*連続ログイン4日目
※ログインが途切れるか、7日到達すると
1日目から再開されます*
`聖晶石 X 1
1月交換券(2024) X 1
`_2024-01-12 19:37:44_
--------
