【登录信息】
*3084073a697602a159acb3c9452b4b00*
`登陆天数: 31天 / 2389天
等级: 162
石头: 227
呼符: 8
体力: 823.16 / 144
友情点: 90 / 6843270`
*連続ログイン3日目
※ログインが途切れるか、7日到達すると
1日目から再開されます*
`叡智の業火 X 1
1月交換券(2024) X 1
`*「FGO カルデア・サテライトステーション 2023-2024」宮崎会場開催記念 3万リポスト達成プレゼント*
*開催期間中、初回ログインで「聖晶石×6」をプレゼント！*
`聖晶石 X 6
`_2024-01-13 19:37:27_
--------
*517ccfc56e0b068f419634fc871e36b0*
`登陆天数: 5天 / 604天
等级: 1
石头: 2
呼符: 0
体力: 835018.91 / 20
友情点: 0 / 186000`
*連続ログイン5日目
※ログインが途切れるか、7日到達すると
1日目から再開されます*
`叡智の業火 X 2
1月交換券(2024) X 1
`_2024-01-13 19:37:37_
--------
*bd62bce1f10a8ea80c682ed6f811ef8f*
`登陆天数: 5天 / 625天
等级: 1
石头: 5
呼符: 0
体力: 834307.2633333333 / 20
友情点: 0 / 164000`
*連続ログイン5日目
※ログインが途切れるか、7日到達すると
1日目から再開されます*
`叡智の業火 X 2
1月交換券(2024) X 1
`_2024-01-13 19:37:44_
--------
