【登录信息】
*3084073a697602a159acb3c9452b4b00*
`登陆天数: 32天 / 2390天
等级: 162
石头: 227
呼符: 8
体力: 1111.1166666666668 / 144
友情点: 30 / 6843300`
*連続ログイン4日目
※ログインが途切れるか、7日到達すると
1日目から再開されます*
`聖晶石 X 1
1月交換券(2024) X 1
`*Fate/Samurai Remnant×Fate/Grand Order
コラボレーションイベント
開幕直前特別ログインボーナス*
*開催期間中、1日1回 最大7回ログインボーナスをプレゼント！*
`聖晶石 X 1
`_2024-01-14 19:37:13_
--------
*517ccfc56e0b068f419634fc871e36b0*
`登陆天数: 6天 / 605天
等级: 1
石头: 2
呼符: 0
体力: 835306.8666666667 / 20
友情点: 0 / 186000`
*連続ログイン6日目
※ログインが途切れるか、7日到達すると
1日目から再開されます*
`聖晶石 X 2
1月交換券(2024) X 1
`_2024-01-14 19:37:23_
--------
*bd62bce1f10a8ea80c682ed6f811ef8f*
`登陆天数: 6天 / 626天
等级: 1
石头: 5
呼符: 0
体力: 834595.22 / 20
友情点: 0 / 164000`
*連続ログイン6日目
※ログインが途切れるか、7日到達すると
1日目から再開されます*
`聖晶石 X 2
1月交換券(2024) X 1
`_2024-01-14 19:37:31_
--------
