【登录信息】
*3084073a697602a159acb3c9452b4b00*
`登陆天数: 33天 / 2391天
等级: 162
石头: 227
呼符: 8
体力: 1399.17 / 144
友情点: 170 / 6843470`
*連続ログイン5日目
※ログインが途切れるか、7日到達すると
1日目から再開されます*
`叡智の業火 X 2
1月交換券(2024) X 1
`*Fate/Samurai Remnant×Fate/Grand Order
コラボレーションイベント
開幕直前特別ログインボーナス*
*開催期間中、1日1回 最大7回ログインボーナスをプレゼント！*
`QP X 2000000
聖晶石 X 1
`_2024-01-15 19:37:30_
--------
*517ccfc56e0b068f419634fc871e36b0*
`登陆天数: 7天 / 606天
等级: 1
石头: 2
呼符: 0
体力: 835594.92 / 20
友情点: 0 / 186000`
*連続ログイン7日間到達おめでとうございます！
明日は1日目からリスタートされます。*
`獣の足跡 X 1
呼符 X 1
1月交換券(2024) X 1
`_2024-01-15 19:37:39_
--------
*bd62bce1f10a8ea80c682ed6f811ef8f*
`登陆天数: 7天 / 627天
等级: 1
石头: 5
呼符: 0
体力: 834883.2733333333 / 20
友情点: 0 / 164000`
*連続ログイン7日間到達おめでとうございます！
明日は1日目からリスタートされます。*
`獣の足跡 X 1
呼符 X 1
1月交換券(2024) X 1
`_2024-01-15 19:37:47_
--------
