【登录信息】
*3084073a697602a159acb3c9452b4b00*
`登陆天数: 34天 / 2392天
等级: 162
石头: 227
呼符: 8
体力: 1687.1233333333332 / 144
友情点: 140 / 6843610`
*連続ログイン6日目
※ログインが途切れるか、7日到達すると
1日目から再開されます*
`聖晶石 X 2
1月交換券(2024) X 1
`*Fate/Samurai Remnant×Fate/Grand Order
コラボレーションイベント
開幕直前特別ログインボーナス*
*開催期間中、1日1回 最大7回ログインボーナスをプレゼント！*
`聖晶石 X 1
白銀の果実 X 1
`_2024-01-16 19:37:15_
--------
*517ccfc56e0b068f419634fc871e36b0*
`登陆天数: 8天 / 607天
等级: 1
石头: 2
呼符: 0
体力: 835882.8733333333 / 20
友情点: 0 / 186000`
*連続ログイン1日目
※ログインが途切れるか、7日到達すると
1日目から再開されます*
`フレンドポイント X 2000
1月交換券(2024) X 1
`_2024-01-16 19:37:26_
--------
*bd62bce1f10a8ea80c682ed6f811ef8f*
`登陆天数: 8天 / 628天
等级: 1
石头: 5
呼符: 0
体力: 835171.23 / 20
友情点: 0 / 164000`
*連続ログイン1日目
※ログインが途切れるか、7日到達すると
1日目から再開されます*
`フレンドポイント X 2000
1月交換券(2024) X 1
`_2024-01-16 19:37:34_
--------
