【登录信息】
*3084073a697602a159acb3c9452b4b00*
`登陆天数: 35天 / 2393天
等级: 162
石头: 227
呼符: 8
体力: 1975.18 / 144
友情点: 190 / 6844220`
*連続ログイン7日間到達おめでとうございます！
明日は1日目からリスタートされます。*
`獣の足跡 X 1
呼符 X 1
1月交換券(2024) X 1
`*Fate/Samurai Remnant×Fate/Grand Order
コラボレーションイベント
開幕直前特別ログインボーナス*
*開催期間中、1日1回 最大7回ログインボーナスをプレゼント！*
`英霊結晶・星のフォウくん X 5
聖晶石 X 1
`_2024-01-17 19:37:32_
--------
*517ccfc56e0b068f419634fc871e36b0*
`登陆天数: 9天 / 608天
等级: 1
石头: 2
呼符: 0
体力: 836170.93 / 20
友情点: 0 / 186000`
*連続ログイン2日目
※ログインが途切れるか、7日到達すると
1日目から再開されます*
`聖晶石 X 1
1月交換券(2024) X 1
`*Fate/Samurai Remnant×Fate/Grand Orderコラボレーションイベント「盈月剣風帖」開幕！*
*Fate/Samurai Remnant×Fate/Grand Orderコラボレーションイベント「盈月剣風帖」開幕！*
``_2024-01-17 19:37:42_
--------
*bd62bce1f10a8ea80c682ed6f811ef8f*
`登陆天数: 9天 / 629天
等级: 1
石头: 5
呼符: 0
体力: 835459.2833333333 / 20
友情点: 0 / 164000`
*連続ログイン2日目
※ログインが途切れるか、7日到達すると
1日目から再開されます*
`聖晶石 X 1
1月交換券(2024) X 1
`*Fate/Samurai Remnant×Fate/Grand Orderコラボレーションイベント「盈月剣風帖」開幕！*
*Fate/Samurai Remnant×Fate/Grand Orderコラボレーションイベント「盈月剣風帖」開幕！*
``_2024-01-17 19:37:50_
--------
