【登录信息】
*3084073a697602a159acb3c9452b4b00*
`登陆天数: 36天 / 2394天
等级: 162
石头: 227
呼符: 8
体力: 2263.173333333333 / 144
友情点: 40 / 6844260`
*連続ログイン1日目
※ログインが途切れるか、7日到達すると
1日目から再開されます*
`フレンドポイント X 2000
1月交換券(2024) X 1
`*Fate/Samurai Remnant×Fate/Grand Order
コラボレーションイベント
開幕直前特別ログインボーナス*
*開催期間中、1日1回 最大7回ログインボーナスをプレゼント！*
`英霊結晶・太陽のフォウくん X 5
聖晶石 X 1
`_2024-01-18 19:37:29_
--------
*517ccfc56e0b068f419634fc871e36b0*
`登陆天数: 10天 / 609天
等级: 1
石头: 2
呼符: 0
体力: 836458.9233333333 / 20
友情点: 0 / 186000`
*連続ログイン3日目
※ログインが途切れるか、7日到達すると
1日目から再開されます*
`叡智の業火 X 1
1月交換券(2024) X 1
`_2024-01-18 19:37:40_
--------
*bd62bce1f10a8ea80c682ed6f811ef8f*
`登陆天数: 10天 / 630天
等级: 1
石头: 5
呼符: 0
体力: 835747.2766666666 / 20
友情点: 0 / 164000`
*連続ログイン3日目
※ログインが途切れるか、7日到達すると
1日目から再開されます*
`叡智の業火 X 1
1月交換券(2024) X 1
`_2024-01-18 19:37:48_
--------
