【登录信息】
*3084073a697602a159acb3c9452b4b00*
`登陆天数: 37天 / 2395天
等级: 162
石头: 227
呼符: 8
体力: 2551.133333333333 / 144
友情点: 200 / 6844460`
*連続ログイン2日目
※ログインが途切れるか、7日到達すると
1日目から再開されます*
`聖晶石 X 1
1月交換券(2024) X 1
`*Fate/Samurai Remnant×Fate/Grand Order
コラボレーションイベント
開幕直前特別ログインボーナス*
*開催期間中、1日1回 最大7回ログインボーナスをプレゼント！*
`聖晶石 X 1
マナプリズム X 50
`_2024-01-19 19:37:17_
--------
*517ccfc56e0b068f419634fc871e36b0*
`登陆天数: 11天 / 610天
等级: 1
石头: 2
呼符: 0
体力: 836746.8833333333 / 20
友情点: 0 / 186000`
*連続ログイン4日目
※ログインが途切れるか、7日到達すると
1日目から再開されます*
`聖晶石 X 1
1月交換券(2024) X 1
`_2024-01-19 19:37:28_
--------
*bd62bce1f10a8ea80c682ed6f811ef8f*
`登陆天数: 11天 / 631天
等级: 1
石头: 5
呼符: 0
体力: 836035.2366666667 / 20
友情点: 0 / 164000`
*連続ログイン4日目
※ログインが途切れるか、7日到達すると
1日目から再開されます*
`聖晶石 X 1
1月交換券(2024) X 1
`_2024-01-19 19:37:36_
--------
