【登录信息】
*3084073a697602a159acb3c9452b4b00*
`登陆天数: 38天 / 2396天
等级: 162
石头: 227
呼符: 8
体力: 2839.19 / 144
友情点: 270 / 6844770`
*連続ログイン3日目
※ログインが途切れるか、7日到達すると
1日目から再開されます*
`叡智の業火 X 1
1月交換券(2024) X 1
`*盈月剣風帖開幕記念 ログインボーナス*
*開催期間中、1日1回 最大21回ログインボーナスをプレゼント！*
`白銀の果実 X 1
`_2024-01-20 19:37:36_
--------
*517ccfc56e0b068f419634fc871e36b0*
`登陆天数: 12天 / 611天
等级: 1
石头: 2
呼符: 0
体力: 837034.94 / 20
友情点: 0 / 186000`
*連続ログイン5日目
※ログインが途切れるか、7日到達すると
1日目から再開されます*
`叡智の業火 X 2
1月交換券(2024) X 1
`_2024-01-20 19:37:46_
--------
*bd62bce1f10a8ea80c682ed6f811ef8f*
`登陆天数: 12天 / 632天
等级: 1
石头: 5
呼符: 0
体力: 836323.2933333333 / 20
友情点: 0 / 164000`
*連続ログイン5日目
※ログインが途切れるか、7日到達すると
1日目から再開されます*
`叡智の業火 X 2
1月交換券(2024) X 1
`_2024-01-20 19:37:54_
--------
