【登录信息】
*3084073a697602a159acb3c9452b4b00*
`登陆天数: 40天 / 2398天
等级: 162
石头: 227
呼符: 8
体力: 3415.1966666666667 / 144
友情点: 120 / 6845530`
*連続ログイン5日目
※ログインが途切れるか、7日到達すると
1日目から再開されます*
`叡智の業火 X 2
1月交換券(2024) X 1
`*リリース3100日突破キャンペーン 初回ログインボーナス*
*開催期間中、初回ログインで「聖晶石×10」をプレゼント！*
`聖晶石 X 10
`_2024-01-22 19:37:37_
--------
*517ccfc56e0b068f419634fc871e36b0*
`登陆天数: 14天 / 613天
等级: 1
石头: 2
呼符: 0
体力: 837610.9466666667 / 20
友情点: 0 / 186000`
*連続ログイン7日間到達おめでとうございます！
明日は1日目からリスタートされます。*
`獣の足跡 X 1
呼符 X 1
1月交換券(2024) X 1
`_2024-01-22 19:37:47_
--------
*bd62bce1f10a8ea80c682ed6f811ef8f*
`登陆天数: 14天 / 634天
等级: 1
石头: 5
呼符: 0
体力: 836899.3 / 20
友情点: 0 / 164000`
*連続ログイン7日間到達おめでとうございます！
明日は1日目からリスタートされます。*
`獣の足跡 X 1
呼符 X 1
1月交換券(2024) X 1
`_2024-01-22 19:37:55_
--------
