【登录信息】
*3084073a697602a159acb3c9452b4b00*
`登陆天数: 42天 / 2400天
等级: 162
石头: 227
呼符: 8
体力: 3991.1766666666667 / 144
友情点: 170 / 6846030`
*連続ログイン7日間到達おめでとうございます！
明日は1日目からリスタートされます。*
`獣の足跡 X 1
呼符 X 1
1月交換券(2024) X 1
`*盈月剣風帖開幕記念 ログインボーナス*
*開催期間中、1日1回 最大21回ログインボーナスをプレゼント！*
`黄金の果実 X 1
`_2024-01-24 19:37:31_
--------
*517ccfc56e0b068f419634fc871e36b0*
`登陆天数: 16天 / 615天
等级: 1
石头: 2
呼符: 0
体力: 838186.9266666666 / 20
友情点: 0 / 186000`
*連続ログイン2日目
※ログインが途切れるか、7日到達すると
1日目から再開されます*
`聖晶石 X 1
1月交換券(2024) X 1
`_2024-01-24 19:37:42_
--------
*bd62bce1f10a8ea80c682ed6f811ef8f*
`登陆天数: 16天 / 636天
等级: 1
石头: 5
呼符: 0
体力: 837475.28 / 20
友情点: 0 / 164000`
*連続ログイン2日目
※ログインが途切れるか、7日到達すると
1日目から再開されます*
`聖晶石 X 1
1月交換券(2024) X 1
`_2024-01-24 19:37:50_
--------
