【登录信息】
*3084073a697602a159acb3c9452b4b00*
`登陆天数: 45天 / 2403天
等级: 162
石头: 227
呼符: 8
体力: 4855.25 / 144
友情点: 305 / 6850290`
*連続ログイン3日目
※ログインが途切れるか、7日到達すると
1日目から再開されます*
`叡智の業火 X 1
1月交換券(2024) X 1
`*盈月剣風帖開幕記念 ログインボーナス*
*開催期間中、1日1回 最大21回ログインボーナスをプレゼント！*
`白銀の果実 X 1
`_2024-01-27 19:37:53_
--------
*517ccfc56e0b068f419634fc871e36b0*
`登陆天数: 19天 / 618天
等级: 1
石头: 2
呼符: 0
体力: 839051.0 / 20
友情点: 0 / 186000`
*連続ログイン5日目
※ログインが途切れるか、7日到達すると
1日目から再開されます*
`叡智の業火 X 2
1月交換券(2024) X 1
`_2024-01-27 19:38:03_
--------
*bd62bce1f10a8ea80c682ed6f811ef8f*
`登陆天数: 19天 / 639天
等级: 1
石头: 5
呼符: 0
体力: 838339.3533333334 / 20
友情点: 0 / 164000`
*連続ログイン5日目
※ログインが途切れるか、7日到達すると
1日目から再開されます*
`叡智の業火 X 2
1月交換券(2024) X 1
`_2024-01-27 19:38:11_
--------
