【登录信息】
*3084073a697602a159acb3c9452b4b00*
`登陆天数: 33天 / 2524天
等级: 162
石头: 77
呼符: 0
体力: 412.4033333333333 / 144
友情点: 750 / 7090770`
*連続ログイン5日目
※ログインが途切れるか、7日到達すると
1日目から再開されます*
`叡智の業火 X 2
8月交換券(2024) X 1
`*使用期限付コンティニューアイテムプレゼント！*
*開催期間中、1日1回 最大7回 コンティニューアイテム「霊脈石」をプレゼント！*
`霊脈石 X 1
`_2024-07-31 19:35:17_
--------
*517ccfc56e0b068f419634fc871e36b0*
`登陆天数: 33天 / 719天
等级: 1
石头: 2
呼符: 0
体力: 892618.4766666667 / 20
友情点: 0 / 186000`
*連続ログイン5日目
※ログインが途切れるか、7日到達すると
1日目から再開されます*
`叡智の業火 X 2
8月交換券(2024) X 1
`*使用期限付コンティニューアイテムプレゼント！*
*開催期間中、1日1回 最大7回 コンティニューアイテム「霊脈石」をプレゼント！*
`霊脈石 X 1
`_2024-07-31 19:35:26_
--------
*bd62bce1f10a8ea80c682ed6f811ef8f*
`登陆天数: 33天 / 740天
等级: 1
石头: 5
呼符: 0
体力: 891906.8266666667 / 20
友情点: 0 / 164000`
*連続ログイン5日目
※ログインが途切れるか、7日到達すると
1日目から再開されます*
`叡智の業火 X 2
8月交換券(2024) X 1
`*使用期限付コンティニューアイテムプレゼント！*
*開催期間中、1日1回 最大7回 コンティニューアイテム「霊脈石」をプレゼント！*
`霊脈石 X 1
`_2024-07-31 19:35:34_
--------
