【登录信息】
*3084073a697602a159acb3c9452b4b00*
`登陆天数: 34天 / 2525天
等级: 162
石头: 77
呼符: 0
体力: 700.4966666666667 / 144
友情点: 1580 / 7096770`
*連続ログイン6日目
※ログインが途切れるか、7日到達すると
1日目から再開されます*
`聖晶石 X 2
8月交換券(2024) X 1
`*使用期限付コンティニューアイテムプレゼント！*
*開催期間中、1日1回 最大7回 コンティニューアイテム「霊脈石」をプレゼント！*
`霊脈石 X 1
`_2024-08-01 19:35:45_
--------
*517ccfc56e0b068f419634fc871e36b0*
`登陆天数: 34天 / 720天
等级: 1
石头: 2
呼符: 0
体力: 892906.57 / 20
友情点: 0 / 186000`
*連続ログイン6日目
※ログインが途切れるか、7日到達すると
1日目から再開されます*
`聖晶石 X 2
8月交換券(2024) X 1
`*使用期限付コンティニューアイテムプレゼント！*
*開催期間中、1日1回 最大7回 コンティニューアイテム「霊脈石」をプレゼント！*
`霊脈石 X 1
`_2024-08-01 19:35:55_
--------
*bd62bce1f10a8ea80c682ed6f811ef8f*
`登陆天数: 34天 / 741天
等级: 1
石头: 5
呼符: 0
体力: 892194.9233333333 / 20
友情点: 0 / 164000`
*連続ログイン6日目
※ログインが途切れるか、7日到達すると
1日目から再開されます*
`聖晶石 X 2
8月交換券(2024) X 1
`*使用期限付コンティニューアイテムプレゼント！*
*開催期間中、1日1回 最大7回 コンティニューアイテム「霊脈石」をプレゼント！*
`霊脈石 X 1
`_2024-08-01 19:36:02_
--------
