【登录信息】
*3084073a697602a159acb3c9452b4b00*
`登陆天数: 35天 / 2526天
等级: 162
石头: 77
呼符: 0
体力: 988.57 / 144
友情点: 1650 / 7100430`
*連続ログイン7日間到達おめでとうございます！
明日は1日目からリスタートされます。*
`獣の足跡 X 1
呼符 X 1
8月交換券(2024) X 1
`*使用期限付コンティニューアイテムプレゼント！*
*開催期間中、1日1回 最大7回 コンティニューアイテム「霊脈石」をプレゼント！*
`霊脈石 X 1
`_2024-08-02 19:36:07_
--------
*517ccfc56e0b068f419634fc871e36b0*
`登陆天数: 35天 / 721天
等级: 1
石头: 2
呼符: 0
体力: 893194.6433333333 / 20
友情点: 0 / 186000`
*連続ログイン7日間到達おめでとうございます！
明日は1日目からリスタートされます。*
`獣の足跡 X 1
呼符 X 1
8月交換券(2024) X 1
`*使用期限付コンティニューアイテムプレゼント！*
*開催期間中、1日1回 最大7回 コンティニューアイテム「霊脈石」をプレゼント！*
`霊脈石 X 1
`_2024-08-02 19:36:16_
--------
*bd62bce1f10a8ea80c682ed6f811ef8f*
`登陆天数: 35天 / 742天
等级: 1
石头: 5
呼符: 0
体力: 892482.9966666667 / 20
友情点: 0 / 164000`
*連続ログイン7日間到達おめでとうございます！
明日は1日目からリスタートされます。*
`獣の足跡 X 1
呼符 X 1
8月交換券(2024) X 1
`*使用期限付コンティニューアイテムプレゼント！*
*開催期間中、1日1回 最大7回 コンティニューアイテム「霊脈石」をプレゼント！*
`霊脈石 X 1
`_2024-08-02 19:36:24_
--------
