【登录信息】
*3084073a697602a159acb3c9452b4b00*
`登陆天数: 36天 / 2527天
等级: 162
石头: 82
呼符: 5
体力: 245.50666666666666 / 144
友情点: 355 / 7107465`
*連続ログイン1日目
※ログインが途切れるか、7日到達すると
1日目から再開されます*
`フレンドポイント X 2000
8月交換券(2024) X 1
`*使用期限付コンティニューアイテムプレゼント！*
*開催期間中、1日1回 最大7回 コンティニューアイテム「霊脈石」をプレゼント！*
`霊脈石 X 1
`_2024-08-03 19:34:46_
--------
*517ccfc56e0b068f419634fc871e36b0*
`登陆天数: 36天 / 722天
等级: 1
石头: 2
呼符: 0
体力: 893482.3733333333 / 20
友情点: 0 / 186000`
*連続ログイン1日目
※ログインが途切れるか、7日到達すると
1日目から再開されます*
`フレンドポイント X 2000
8月交換券(2024) X 1
`*使用期限付コンティニューアイテムプレゼント！*
*開催期間中、1日1回 最大7回 コンティニューアイテム「霊脈石」をプレゼント！*
`霊脈石 X 1
`_2024-08-03 19:34:55_
--------
*bd62bce1f10a8ea80c682ed6f811ef8f*
`登陆天数: 36天 / 743天
等级: 1
石头: 5
呼符: 0
体力: 892770.7266666667 / 20
友情点: 0 / 164000`
*連続ログイン1日目
※ログインが途切れるか、7日到達すると
1日目から再開されます*
`フレンドポイント X 2000
8月交換券(2024) X 1
`*使用期限付コンティニューアイテムプレゼント！*
*開催期間中、1日1回 最大7回 コンティニューアイテム「霊脈石」をプレゼント！*
`霊脈石 X 1
`_2024-08-03 19:35:03_
--------
