【登录信息】
*3084073a697602a159acb3c9452b4b00*
`登陆天数: 37天 / 2528天
等级: 162
石头: 162
呼符: 0
体力: 125.31666666666666 / 144
友情点: 165 / 7147625`
*連続ログイン2日目
※ログインが途切れるか、7日到達すると
1日目から再開されます*
`聖晶石 X 1
8月交換券(2024) X 1
`*「FGO Expo ～Fate/Grand Order Fes. 2024 9th Anniversary～」配信番組連動キャンペーン報酬プレゼント*
*開催期間中、初回ログインで「聖晶石×100」をプレゼント！*
`聖晶石 X 100
`_2024-08-04 19:34:53_
--------
*517ccfc56e0b068f419634fc871e36b0*
`登陆天数: 37天 / 723天
等级: 1
石头: 2
呼符: 0
体力: 893770.3966666666 / 20
友情点: 0 / 186000`
*連続ログイン2日目
※ログインが途切れるか、7日到達すると
1日目から再開されます*
`聖晶石 X 1
8月交換券(2024) X 1
`*使用期限付コンティニューアイテムプレゼント！*
*開催期間中、1日1回 最大7回 コンティニューアイテム「霊脈石」をプレゼント！*
`霊脈石 X 1
`_2024-08-04 19:35:03_
--------
*bd62bce1f10a8ea80c682ed6f811ef8f*
`登陆天数: 37天 / 744天
等级: 1
石头: 5
呼符: 0
体力: 893058.75 / 20
友情点: 0 / 164000`
*連続ログイン2日目
※ログインが途切れるか、7日到達すると
1日目から再開されます*
`聖晶石 X 1
8月交換券(2024) X 1
`*使用期限付コンティニューアイテムプレゼント！*
*開催期間中、1日1回 最大7回 コンティニューアイテム「霊脈石」をプレゼント！*
`霊脈石 X 1
`_2024-08-04 19:35:10_
--------
