【登录信息】
*3084073a697602a159acb3c9452b4b00*
`登陆天数: 38天 / 2529天
等级: 162
石头: 162
呼符: 0
体力: 413.3466666666667 / 144
友情点: 650 / 7149475`
*連続ログイン3日目
※ログインが途切れるか、7日到達すると
1日目から再開されます*
`叡智の業火 X 1
8月交換券(2024) X 1
`*9周年記念特別回数ログインボーナス*
*開催期間中、1日1回 最大10回 回数ログインボーナスをプレゼント！*
`QP X 3000000
フレンドポイント X 100000
獣の足跡 X 3
`_2024-08-05 19:35:01_
--------
*517ccfc56e0b068f419634fc871e36b0*
`登陆天数: 38天 / 724天
等级: 1
石头: 2
呼符: 0
体力: 894058.4266666666 / 20
友情点: 0 / 186000`
*連続ログイン3日目
※ログインが途切れるか、7日到達すると
1日目から再開されます*
`叡智の業火 X 1
8月交換券(2024) X 1
`*使用期限付コンティニューアイテムプレゼント！*
*開催期間中、1日1回 最大7回 コンティニューアイテム「霊脈石」をプレゼント！*
`霊脈石 X 1
`_2024-08-05 19:35:11_
--------
*bd62bce1f10a8ea80c682ed6f811ef8f*
`登陆天数: 38天 / 745天
等级: 1
石头: 5
呼符: 0
体力: 893346.78 / 20
友情点: 0 / 164000`
*連続ログイン3日目
※ログインが途切れるか、7日到達すると
1日目から再開されます*
`叡智の業火 X 1
8月交換券(2024) X 1
`*使用期限付コンティニューアイテムプレゼント！*
*開催期間中、1日1回 最大7回 コンティニューアイテム「霊脈石」をプレゼント！*
`霊脈石 X 1
`_2024-08-05 19:35:20_
--------
