【登录信息】
*3084073a697602a159acb3c9452b4b00*
`登陆天数: 39天 / 2530天
等级: 162
石头: 162
呼符: 0
体力: 701.3666666666667 / 144
友情点: 710 / 7150385`
*連続ログイン4日目
※ログインが途切れるか、7日到達すると
1日目から再開されます*
`聖晶石 X 1
8月交換券(2024) X 1
`*ショートアニメ「FGO 藤丸立香はわからない」Season2公開記念 特別ログインボーナス*
*開催期間中、初回ログインで「限定概念礼装×1」をプレゼント！*
`「FGO 藤丸立香はわからない」Season2 X 1
`_2024-08-06 19:35:07_
--------
*517ccfc56e0b068f419634fc871e36b0*
`登陆天数: 39天 / 725天
等级: 1
石头: 2
呼符: 0
体力: 894346.4466666667 / 20
友情点: 0 / 186000`
*連続ログイン4日目
※ログインが途切れるか、7日到達すると
1日目から再開されます*
`聖晶石 X 1
8月交換券(2024) X 1
`*使用期限付コンティニューアイテムプレゼント！*
*開催期間中、1日1回 最大7回 コンティニューアイテム「霊脈石」をプレゼント！*
`霊脈石 X 1
`_2024-08-06 19:35:17_
--------
*bd62bce1f10a8ea80c682ed6f811ef8f*
`登陆天数: 39天 / 746天
等级: 1
石头: 5
呼符: 0
体力: 893634.8 / 20
友情点: 0 / 164000`
*連続ログイン4日目
※ログインが途切れるか、7日到達すると
1日目から再開されます*
`聖晶石 X 1
8月交換券(2024) X 1
`*使用期限付コンティニューアイテムプレゼント！*
*開催期間中、1日1回 最大7回 コンティニューアイテム「霊脈石」をプレゼント！*
`霊脈石 X 1
`_2024-08-06 19:35:26_
--------
