【登录信息】
*3084073a697602a159acb3c9452b4b00*
`登陆天数: 42天 / 2533天
等级: 162
石头: 162
呼符: 0
体力: 1565.4 / 144
友情点: 755 / 7157325`
*連続ログイン7日間到達おめでとうございます！
明日は1日目からリスタートされます。*
`獣の足跡 X 1
呼符 X 1
8月交換券(2024) X 1
`*リリース3300日突破キャンペーン 初回ログインボーナス*
*開催期間中、初回ログインで「聖晶石×10」をプレゼント！*
`聖晶石 X 10
`_2024-08-09 19:35:19_
--------
*517ccfc56e0b068f419634fc871e36b0*
`登陆天数: 42天 / 728天
等级: 1
石头: 2
呼符: 0
体力: 895210.48 / 20
友情点: 0 / 186000`
*連続ログイン7日間到達おめでとうございます！
明日は1日目からリスタートされます。*
`獣の足跡 X 1
呼符 X 1
8月交換券(2024) X 1
`*使用期限付コンティニューアイテムプレゼント！*
*開催期間中、1日1回 最大7回 コンティニューアイテム「霊脈石」をプレゼント！*
`霊脈石 X 1
`_2024-08-09 19:35:28_
--------
*bd62bce1f10a8ea80c682ed6f811ef8f*
`登陆天数: 42天 / 749天
等级: 1
石头: 5
呼符: 0
体力: 894498.8333333334 / 20
友情点: 0 / 164000`
*連続ログイン7日間到達おめでとうございます！
明日は1日目からリスタートされます。*
`獣の足跡 X 1
呼符 X 1
8月交換券(2024) X 1
`*使用期限付コンティニューアイテムプレゼント！*
*開催期間中、1日1回 最大7回 コンティニューアイテム「霊脈石」をプレゼント！*
`霊脈石 X 1
`_2024-08-09 19:35:35_
--------
