【登录信息】
*3084073a697602a159acb3c9452b4b00*
`登陆天数: 44天 / 2535天
等级: 162
石头: 162
呼符: 0
体力: 2141.41 / 144
友情点: 710 / 7161380`
*連続ログイン2日目
※ログインが途切れるか、7日到達すると
1日目から再開されます*
`聖晶石 X 1
8月交換券(2024) X 1
`*「水着イベント2024」開幕直前カウントダウンログインボーナス*
*開催期間中、1日1回 7日間日替わりでログインボーナスをプレゼント！*
`英霊結晶・太陽のフォウくん X 10
`_2024-08-11 19:35:21_
--------
*517ccfc56e0b068f419634fc871e36b0*
`登陆天数: 44天 / 730天
等级: 1
石头: 2
呼符: 0
体力: 895786.4866666667 / 20
友情点: 0 / 186000`
*連続ログイン2日目
※ログインが途切れるか、7日到達すると
1日目から再開されます*
`聖晶石 X 1
8月交換券(2024) X 1
`*使用期限付コンティニューアイテムプレゼント！*
*開催期間中、1日1回 最大7回 コンティニューアイテム「霊脈石」をプレゼント！*
`霊脈石 X 1
`_2024-08-11 19:35:30_
--------
*bd62bce1f10a8ea80c682ed6f811ef8f*
`登陆天数: 44天 / 751天
等级: 1
石头: 5
呼符: 0
体力: 895074.84 / 20
友情点: 0 / 164000`
*連続ログイン2日目
※ログインが途切れるか、7日到達すると
1日目から再開されます*
`聖晶石 X 1
8月交換券(2024) X 1
`*使用期限付コンティニューアイテムプレゼント！*
*開催期間中、1日1回 最大7回 コンティニューアイテム「霊脈石」をプレゼント！*
`霊脈石 X 1
`_2024-08-11 19:35:38_
--------
