【登录信息】
*3084073a697602a159acb3c9452b4b00*
`登陆天数: 47天 / 2538天
等级: 162
石头: 162
呼符: 0
体力: 3005.4533333333334 / 144
友情点: 770 / 7163895`
*連続ログイン5日目
※ログインが途切れるか、7日到達すると
1日目から再開されます*
`叡智の業火 X 2
8月交換券(2024) X 1
`*FGOカルデア放送局 ライト版 ～水着イベント2024～ 放送記念 初回ログインボーナス*
*開催期間中、初回ログインで「聖晶石×14」をプレゼント！*
`聖晶石 X 14
`_2024-08-14 19:35:33_
--------
*517ccfc56e0b068f419634fc871e36b0*
`登陆天数: 47天 / 733天
等级: 1
石头: 2
呼符: 0
体力: 896650.53 / 20
友情点: 0 / 186000`
*連続ログイン5日目
※ログインが途切れるか、7日到達すると
1日目から再開されます*
`叡智の業火 X 2
8月交換券(2024) X 1
`_2024-08-14 19:35:43_
--------
*bd62bce1f10a8ea80c682ed6f811ef8f*
`登陆天数: 47天 / 754天
等级: 1
石头: 5
呼符: 0
体力: 895938.8833333333 / 20
友情点: 0 / 164000`
*連続ログイン5日目
※ログインが途切れるか、7日到達すると
1日目から再開されます*
`叡智の業火 X 2
8月交換券(2024) X 1
`_2024-08-14 19:35:51_
--------
