【登录信息】
*3084073a697602a159acb3c9452b4b00*
`登陆天数: 49天 / 2540天
等级: 162
石头: 138
呼符: 0
体力: 3581.3966666666665 / 144
友情点: 520 / 7167195`
*連続ログイン7日間到達おめでとうございます！
明日は1日目からリスタートされます。*
`獣の足跡 X 1
呼符 X 1
8月交換券(2024) X 1
`*ＢＢプレゼンツ☆セレブサマー・エクスペリエンス！ 開幕記念 ログインボーナス*
*開催期間中、1日1回 最大78回 ログインボーナスをプレゼント！*
`白銀の果実 X 1
`_2024-08-16 19:35:16_
--------
*517ccfc56e0b068f419634fc871e36b0*
`登陆天数: 49天 / 735天
等级: 1
石头: 2
呼符: 0
体力: 897226.4766666667 / 20
友情点: 0 / 186000`
*連続ログイン7日間到達おめでとうございます！
明日は1日目からリスタートされます。*
`獣の足跡 X 1
呼符 X 1
8月交換券(2024) X 1
`_2024-08-16 19:35:26_
--------
*bd62bce1f10a8ea80c682ed6f811ef8f*
`登陆天数: 49天 / 756天
等级: 1
石头: 5
呼符: 0
体力: 896514.8266666667 / 20
友情点: 0 / 164000`
*連続ログイン7日間到達おめでとうございます！
明日は1日目からリスタートされます。*
`獣の足跡 X 1
呼符 X 1
8月交換券(2024) X 1
`_2024-08-16 19:35:34_
--------
