【登录信息】
*3084073a697602a159acb3c9452b4b00*
`登陆天数: 51天 / 2542天
等级: 162
石头: 138
呼符: 0
体力: 4157.37 / 144
友情点: 450 / 7169550`
*連続ログイン2日目
※ログインが途切れるか、7日到達すると
1日目から再開されます*
`聖晶石 X 1
8月交換券(2024) X 1
`*ＢＢプレゼンツ☆セレブサマー・エクスペリエンス！ 開幕記念 ログインボーナス*
*開催期間中、1日1回 最大78回 ログインボーナスをプレゼント！*
`白銀の果実 X 1
`_2024-08-18 19:35:09_
--------
*517ccfc56e0b068f419634fc871e36b0*
`登陆天数: 51天 / 737天
等级: 1
石头: 2
呼符: 0
体力: 897802.45 / 20
友情点: 0 / 186000`
*連続ログイン2日目
※ログインが途切れるか、7日到達すると
1日目から再開されます*
`聖晶石 X 1
8月交換券(2024) X 1
`_2024-08-18 19:35:18_
--------
*bd62bce1f10a8ea80c682ed6f811ef8f*
`登陆天数: 51天 / 758天
等级: 1
石头: 5
呼符: 0
体力: 897090.8 / 20
友情点: 0 / 164000`
*連続ログイン2日目
※ログインが途切れるか、7日到達すると
1日目から再開されます*
`聖晶石 X 1
8月交換券(2024) X 1
`_2024-08-18 19:35:26_
--------
