【登录信息】
*3084073a697602a159acb3c9452b4b00*
`登陆天数: 52天 / 2543天
等级: 162
石头: 138
呼符: 0
体力: 4445.56 / 144
友情点: 1920 / 7173620`
*連続ログイン3日目
※ログインが途切れるか、7日到達すると
1日目から再開されます*
`叡智の業火 X 1
8月交換券(2024) X 1
`*ＢＢプレゼンツ☆セレブサマー・エクスペリエンス！ 開幕記念 ログインボーナス*
*開催期間中、1日1回 最大78回 ログインボーナスをプレゼント！*
`白銀の果実 X 1
`_2024-08-19 19:36:05_
--------
*517ccfc56e0b068f419634fc871e36b0*
`登陆天数: 52天 / 738天
等级: 1
石头: 2
呼符: 0
体力: 898090.64 / 20
友情点: 0 / 186000`
*連続ログイン3日目
※ログインが途切れるか、7日到達すると
1日目から再開されます*
`叡智の業火 X 1
8月交換券(2024) X 1
`_2024-08-19 19:36:15_
--------
*bd62bce1f10a8ea80c682ed6f811ef8f*
`登陆天数: 52天 / 759天
等级: 1
石头: 5
呼符: 0
体力: 897378.99 / 20
友情点: 0 / 164000`
*連続ログイン3日目
※ログインが途切れるか、7日到達すると
1日目から再開されます*
`叡智の業火 X 1
8月交換券(2024) X 1
`_2024-08-19 19:36:23_
--------
