【登录信息】
*3084073a697602a159acb3c9452b4b00*
`登陆天数: 54天 / 2545天
等级: 162
石头: 48
呼符: 0
体力: 146.01666666666668 / 144
友情点: 145 / 7282055`
*連続ログイン5日目
※ログインが途切れるか、7日到達すると
1日目から再開されます*
`叡智の業火 X 2
8月交換券(2024) X 1
`*ＢＢプレゼンツ☆セレブサマー・エクスペリエンス！ 開幕記念 ログインボーナス*
*開催期間中、1日1回 最大78回 ログインボーナスをプレゼント！*
`黄金の果実 X 1
`_2024-08-21 19:35:26_
--------
*517ccfc56e0b068f419634fc871e36b0*
`登陆天数: 54天 / 740天
等级: 1
石头: 2
呼符: 0
体力: 898666.5066666667 / 20
友情点: 0 / 186000`
*連続ログイン5日目
※ログインが途切れるか、7日到達すると
1日目から再開されます*
`叡智の業火 X 2
8月交換券(2024) X 1
`_2024-08-21 19:35:35_
--------
*bd62bce1f10a8ea80c682ed6f811ef8f*
`登陆天数: 54天 / 761天
等级: 1
石头: 5
呼符: 0
体力: 897954.8566666667 / 20
友情点: 0 / 164000`
*連続ログイン5日目
※ログインが途切れるか、7日到達すると
1日目から再開されます*
`叡智の業火 X 2
8月交換券(2024) X 1
`_2024-08-21 19:35:43_
--------
