【登录信息】
*3084073a697602a159acb3c9452b4b00*
`登陆天数: 56天 / 2547天
等级: 162
石头: 48
呼符: 0
体力: 721.9766666666667 / 144
友情点: 1050 / 7286695`
*連続ログイン7日間到達おめでとうございます！
明日は1日目からリスタートされます。*
`獣の足跡 X 1
呼符 X 1
8月交換券(2024) X 1
`*ＢＢプレゼンツ☆セレブサマー・エクスペリエンス！ 開幕記念 ログインボーナス*
*開催期間中、1日1回 最大78回 ログインボーナスをプレゼント！*
`白銀の果実 X 1
`_2024-08-23 19:35:14_
--------
*517ccfc56e0b068f419634fc871e36b0*
`登陆天数: 56天 / 742天
等级: 1
石头: 2
呼符: 0
体力: 899242.4666666667 / 20
友情点: 0 / 186000`
*連続ログイン7日間到達おめでとうございます！
明日は1日目からリスタートされます。*
`獣の足跡 X 1
呼符 X 1
8月交換券(2024) X 1
`_2024-08-23 19:35:23_
--------
*bd62bce1f10a8ea80c682ed6f811ef8f*
`登陆天数: 56天 / 763天
等级: 1
石头: 5
呼符: 0
体力: 898530.8166666667 / 20
友情点: 0 / 164000`
*連続ログイン7日間到達おめでとうございます！
明日は1日目からリスタートされます。*
`獣の足跡 X 1
呼符 X 1
8月交換券(2024) X 1
`_2024-08-23 19:35:31_
--------
