【登录信息】
*3084073a697602a159acb3c9452b4b00*
`登陆天数: 58天 / 2549天
等级: 162
石头: 300
呼符: 6
体力: 246.5 / 144
友情点: 330 / 7292320`
*連続ログイン2日目
※ログインが途切れるか、7日到達すると
1日目から再開されます*
`聖晶石 X 1
8月交換券(2024) X 1
`*ＢＢプレゼンツ☆セレブサマー・エクスペリエンス！ 開幕記念 ログインボーナス*
*開催期間中、1日1回 最大78回 ログインボーナスをプレゼント！*
`白銀の果実 X 1
`_2024-08-25 19:34:39_
--------
*517ccfc56e0b068f419634fc871e36b0*
`登陆天数: 58天 / 744天
等级: 1
石头: 2
呼符: 0
体力: 899818.3533333334 / 20
友情点: 0 / 186000`
*連続ログイン2日目
※ログインが途切れるか、7日到達すると
1日目から再開されます*
`聖晶石 X 1
8月交換券(2024) X 1
`_2024-08-25 19:34:49_
--------
*bd62bce1f10a8ea80c682ed6f811ef8f*
`登陆天数: 58天 / 765天
等级: 1
石头: 5
呼符: 0
体力: 899106.7033333334 / 20
友情点: 0 / 164000`
*連続ログイン2日目
※ログインが途切れるか、7日到達すると
1日目から再開されます*
`聖晶石 X 1
8月交換券(2024) X 1
`_2024-08-25 19:34:57_
--------
