【登录信息】
*3084073a697602a159acb3c9452b4b00*
`登陆天数: 59天 / 2550天
等级: 162
石头: 300
呼符: 6
体力: 104.12 / 144
友情点: 415 / 7297535`
*連続ログイン3日目
※ログインが途切れるか、7日到達すると
1日目から再開されます*
`叡智の業火 X 1
8月交換券(2024) X 1
`*ＢＢプレゼンツ☆セレブサマー・エクスペリエンス！ 開幕記念 ログインボーナス*
*開催期間中、1日1回 最大78回 ログインボーナスをプレゼント！*
`白銀の果実 X 1
`_2024-08-26 19:35:07_
--------
*517ccfc56e0b068f419634fc871e36b0*
`登陆天数: 59天 / 745天
等级: 1
石头: 2
呼符: 0
体力: 900106.4466666667 / 20
友情点: 0 / 186000`
*連続ログイン3日目
※ログインが途切れるか、7日到達すると
1日目から再開されます*
`叡智の業火 X 1
8月交換券(2024) X 1
`_2024-08-26 19:35:18_
--------
*bd62bce1f10a8ea80c682ed6f811ef8f*
`登陆天数: 59天 / 766天
等级: 1
石头: 5
呼符: 0
体力: 899394.8 / 20
友情点: 0 / 164000`
*連続ログイン3日目
※ログインが途切れるか、7日到達すると
1日目から再開されます*
`叡智の業火 X 1
8月交換券(2024) X 1
`_2024-08-26 19:35:26_
--------
