【登录信息】
*3084073a697602a159acb3c9452b4b00*
`登陆天数: 62天 / 2553天
等级: 162
石头: 228
呼符: 0
体力: 200.12 / 144
友情点: 500 / 7305925`
*連続ログイン6日目
※ログインが途切れるか、7日到達すると
1日目から再開されます*
`聖晶石 X 2
8月交換券(2024) X 1
`*奏章Ⅲ 新霊長後継戦 アーキタイプ・インセプション 開幕記念 ログインボーナス*
*開催期間中、1日1回 最大78回 ログインボーナスをプレゼント！*
`白銀の果実 X 1
`_2024-08-29 19:35:40_
--------
*517ccfc56e0b068f419634fc871e36b0*
`登陆天数: 62天 / 748天
等级: 1
石头: 2
呼符: 0
体力: 900970.55 / 20
友情点: 0 / 186000`
*連続ログイン6日目
※ログインが途切れるか、7日到達すると
1日目から再開されます*
`聖晶石 X 2
8月交換券(2024) X 1
`_2024-08-29 19:35:49_
--------
*bd62bce1f10a8ea80c682ed6f811ef8f*
`登陆天数: 62天 / 769天
等级: 1
石头: 5
呼符: 0
体力: 900258.9033333333 / 20
友情点: 0 / 164000`
*連続ログイン6日目
※ログインが途切れるか、7日到達すると
1日目から再開されます*
`聖晶石 X 2
8月交換券(2024) X 1
`_2024-08-29 19:35:57_
--------
