【登录信息】
*3084073a697602a159acb3c9452b4b00*
`登陆天数: 365天 / 2059天
等级: 160
石头: 812
呼符: 9
体力: 118.69 / 144
友情点: 25 / 5188835`
*連続ログイン1日目
※ログインが途切れるか、7日到達すると
1日目から再開されます*
`フレンドポイント X 2000
2月交換券(2023) X 1
`*FGO カルデア放送局 Vol.19 第2部 第7章 ナウイ･ミクトラン(後編) 開幕直前SP 放送記念 初回ログインボーナス*
*開催期間中、初回ログインで「聖晶石×14」をプレゼント！*
`聖晶石 X 14
`_2023-01-31 19:31:47_
--------
*517ccfc56e0b068f419634fc871e36b0*
`登陆天数: 22天 / 308天
等级: 1
石头: 2
呼符: 0
体力: 735081.7733333333 / 20
友情点: 0 / 186000`
*連続ログイン1日目
※ログインが途切れるか、7日到達すると
1日目から再開されます*
`フレンドポイント X 2000
2月交換券(2023) X 1
`_2023-01-31 19:31:56_
--------
*bd62bce1f10a8ea80c682ed6f811ef8f*
`登陆天数: 22天 / 329天
等级: 1
石头: 5
呼符: 0
体力: 734370.1266666667 / 20
友情点: 0 / 164000`
*連続ログイン1日目
※ログインが途切れるか、7日到達すると
1日目から再開されます*
`フレンドポイント X 2000
2月交換券(2023) X 1
`_2023-01-31 19:32:04_
--------
