【登录信息】
*3084073a697602a159acb3c9452b4b00*
`登陆天数: 366天 / 2060天
等级: 160
石头: 812
呼符: 9
体力: 406.68 / 144
友情点: 110 / 5188945`
*連続ログイン2日目
※ログインが途切れるか、7日到達すると
1日目から再開されます*
`聖晶石 X 1
2月交換券(2023) X 1
`*「FGO ウィンターパーティー 2022-2023」宮城会場開催直前 ログインボーナス*
*開催期間中、1日1回 最大3回 ログインボーナスをプレゼント！*
`黄金の果実 X 1
`_2023-02-01 19:31:43_
--------
*517ccfc56e0b068f419634fc871e36b0*
`登陆天数: 23天 / 309天
等级: 1
石头: 2
呼符: 0
体力: 735369.76 / 20
友情点: 0 / 186000`
*連続ログイン2日目
※ログインが途切れるか、7日到達すると
1日目から再開されます*
`聖晶石 X 1
2月交換券(2023) X 1
`_2023-02-01 19:31:52_
--------
*bd62bce1f10a8ea80c682ed6f811ef8f*
`登陆天数: 23天 / 330天
等级: 1
石头: 5
呼符: 0
体力: 734658.1133333333 / 20
友情点: 0 / 164000`
*連続ログイン2日目
※ログインが途切れるか、7日到達すると
1日目から再開されます*
`聖晶石 X 1
2月交換券(2023) X 1
`_2023-02-01 19:32:00_
--------
