【登录信息】
*3084073a697602a159acb3c9452b4b00*
`登陆天数: 367天 / 2061天
等级: 160
石头: 846
呼符: 4
体力: 67.68666666666667 / 144
友情点: 60 / 5196215`
*連続ログイン3日目
※ログインが途切れるか、7日到達すると
1日目から再開されます*
`叡智の業火 X 1
2月交換券(2023) X 1
`*「FGO ウィンターパーティー 2022-2023」宮城会場開催直前 ログインボーナス*
*開催期間中、1日1回 最大3回 ログインボーナスをプレゼント！*
`黄金の果実 X 1
`_2023-02-02 19:31:30_
--------
*517ccfc56e0b068f419634fc871e36b0*
`登陆天数: 24天 / 310天
等级: 1
石头: 2
呼符: 0
体力: 735657.7166666667 / 20
友情点: 0 / 186000`
*連続ログイン3日目
※ログインが途切れるか、7日到達すると
1日目から再開されます*
`叡智の業火 X 1
2月交換券(2023) X 1
`_2023-02-02 19:31:39_
--------
*bd62bce1f10a8ea80c682ed6f811ef8f*
`登陆天数: 24天 / 331天
等级: 1
石头: 5
呼符: 0
体力: 734946.07 / 20
友情点: 0 / 164000`
*連続ログイン3日目
※ログインが途切れるか、7日到達すると
1日目から再開されます*
`叡智の業火 X 1
2月交換券(2023) X 1
`_2023-02-02 19:31:47_
--------
