【登录信息】
*3084073a697602a159acb3c9452b4b00*
`登陆天数: 370天 / 2064天
等级: 160
石头: 875
呼符: 4
体力: 56.153333333333336 / 144
友情点: 100 / 5201160`
*連続ログイン6日目
※ログインが途切れるか、7日到達すると
1日目から再開されます*
`聖晶石 X 2
2月交換券(2023) X 1
`_2023-02-05 19:31:44_
--------
*517ccfc56e0b068f419634fc871e36b0*
`登陆天数: 1天 / 312天
等级: 1
石头: 2
呼符: 0
体力: 736521.7633333333 / 20
友情点: 0 / 186000`
*連続ログイン1日目
※ログインが途切れるか、7日到達すると
1日目から再開されます*
`フレンドポイント X 2000
2月交換券(2023) X 1
`_2023-02-05 19:31:52_
--------
*bd62bce1f10a8ea80c682ed6f811ef8f*
`登陆天数: 1天 / 333天
等级: 1
石头: 5
呼符: 0
体力: 735810.1166666667 / 20
友情点: 0 / 164000`
*連続ログイン1日目
※ログインが途切れるか、7日到達すると
1日目から再開されます*
`フレンドポイント X 2000
2月交換券(2023) X 1
`_2023-02-05 19:32:00_
--------
