【登录信息】
*3084073a697602a159acb3c9452b4b00*
`登陆天数: 371天 / 2065天
等级: 160
石头: 880
呼符: 4
体力: 123.07333333333334 / 144
友情点: 65 / 5201815`
*連続ログイン7日間到達おめでとうございます！
明日は1日目からリスタートされます。*
`獣の足跡 X 1
呼符 X 1
2月交換券(2023) X 1
`_2023-02-06 19:31:27_
--------
*517ccfc56e0b068f419634fc871e36b0*
`登陆天数: 2天 / 313天
等级: 1
石头: 2
呼符: 0
体力: 736809.7066666667 / 20
友情点: 0 / 186000`
*連続ログイン2日目
※ログインが途切れるか、7日到達すると
1日目から再開されます*
`聖晶石 X 1
2月交換券(2023) X 1
`_2023-02-06 19:31:36_
--------
*bd62bce1f10a8ea80c682ed6f811ef8f*
`登陆天数: 2天 / 334天
等级: 1
石头: 5
呼符: 0
体力: 736098.06 / 20
友情点: 0 / 164000`
*連続ログイン2日目
※ログインが途切れるか、7日到達すると
1日目から再開されます*
`聖晶石 X 1
2月交換券(2023) X 1
`_2023-02-06 19:31:44_
--------
