【登录信息】
*3084073a697602a159acb3c9452b4b00*
`登陆天数: 373天 / 2067天
等级: 160
石头: 802
呼符: 9
体力: 59.273333333333326 / 144
友情点: 10 / 5204955`
*連続ログイン2日目
※ログインが途切れるか、7日到達すると
1日目から再開されます*
`聖晶石 X 1
2月交換券(2023) X 1
`_2023-02-08 19:31:59_
--------
*517ccfc56e0b068f419634fc871e36b0*
`登陆天数: 4天 / 315天
等级: 1
石头: 2
呼符: 0
体力: 737385.8133333334 / 20
友情点: 0 / 186000`
*連続ログイン4日目
※ログインが途切れるか、7日到達すると
1日目から再開されます*
`聖晶石 X 1
2月交換券(2023) X 1
`_2023-02-08 19:32:07_
--------
*bd62bce1f10a8ea80c682ed6f811ef8f*
`登陆天数: 4天 / 336天
等级: 1
石头: 5
呼符: 0
体力: 736674.1633333333 / 20
友情点: 0 / 164000`
*連続ログイン4日目
※ログインが途切れるか、7日到達すると
1日目から再開されます*
`聖晶石 X 1
2月交換券(2023) X 1
`_2023-02-08 19:32:15_
--------
