【登录信息】
*3084073a697602a159acb3c9452b4b00*
`登陆天数: 374天 / 2068天
等级: 160
石头: 806
呼符: 9
体力: 69.20333333333333 / 144
友情点: 130 / 5206715`
*連続ログイン3日目
※ログインが途切れるか、7日到達すると
1日目から再開されます*
`叡智の業火 X 1
2月交換券(2023) X 1
`_2023-02-09 19:31:51_
--------
*517ccfc56e0b068f419634fc871e36b0*
`登陆天数: 5天 / 316天
等级: 1
石头: 2
呼符: 0
体力: 737673.7866666666 / 20
友情点: 0 / 186000`
*連続ログイン5日目
※ログインが途切れるか、7日到達すると
1日目から再開されます*
`叡智の業火 X 2
2月交換券(2023) X 1
`_2023-02-09 19:32:00_
--------
*bd62bce1f10a8ea80c682ed6f811ef8f*
`登陆天数: 5天 / 337天
等级: 1
石头: 5
呼符: 0
体力: 736962.14 / 20
友情点: 0 / 164000`
*連続ログイン5日目
※ログインが途切れるか、7日到達すると
1日目から再開されます*
`叡智の業火 X 2
2月交換券(2023) X 1
`_2023-02-09 19:32:08_
--------
