【登录信息】
*3084073a697602a159acb3c9452b4b00*
`登陆天数: 375天 / 2069天
等级: 160
石头: 808
呼符: 9
体力: 110.43 / 144
友情点: 70 / 5207165`
*連続ログイン4日目
※ログインが途切れるか、7日到達すると
1日目から再開されます*
`聖晶石 X 1
2月交換券(2023) X 1
`_2023-02-10 19:31:53_
--------
*517ccfc56e0b068f419634fc871e36b0*
`登陆天数: 6天 / 317天
等级: 1
石头: 2
呼符: 0
体力: 737961.7933333333 / 20
友情点: 0 / 186000`
*連続ログイン6日目
※ログインが途切れるか、7日到達すると
1日目から再開されます*
`聖晶石 X 2
2月交換券(2023) X 1
`_2023-02-10 19:32:02_
--------
*bd62bce1f10a8ea80c682ed6f811ef8f*
`登陆天数: 6天 / 338天
等级: 1
石头: 5
呼符: 0
体力: 737250.1466666666 / 20
友情点: 0 / 164000`
*連続ログイン6日目
※ログインが途切れるか、7日到達すると
1日目から再開されます*
`聖晶石 X 2
2月交換券(2023) X 1
`_2023-02-10 19:32:10_
--------
