【登录信息】
*3084073a697602a159acb3c9452b4b00*
`登陆天数: 376天 / 2070天
等级: 160
石头: 808
呼符: 9
体力: 71.35 / 144
友情点: 85 / 5207575`
*連続ログイン5日目
※ログインが途切れるか、7日到達すると
1日目から再開されます*
`叡智の業火 X 2
2月交換券(2023) X 1
`_2023-02-11 19:31:30_
--------
*517ccfc56e0b068f419634fc871e36b0*
`登陆天数: 7天 / 318天
等级: 1
石头: 2
呼符: 0
体力: 738249.7166666667 / 20
友情点: 0 / 186000`
*連続ログイン7日間到達おめでとうございます！
明日は1日目からリスタートされます。*
`獣の足跡 X 1
呼符 X 1
2月交換券(2023) X 1
`_2023-02-11 19:31:38_
--------
*bd62bce1f10a8ea80c682ed6f811ef8f*
`登陆天数: 7天 / 339天
等级: 1
石头: 5
呼符: 0
体力: 737538.07 / 20
友情点: 0 / 164000`
*連続ログイン7日間到達おめでとうございます！
明日は1日目からリスタートされます。*
`獣の足跡 X 1
呼符 X 1
2月交換券(2023) X 1
`_2023-02-11 19:31:46_
--------
