【登录信息】
*3084073a697602a159acb3c9452b4b00*
`登陆天数: 378天 / 2072天
等级: 160
石头: 791
呼符: 5
体力: 57.84 / 144
友情点: 85 / 5208370`
*連続ログイン7日間到達おめでとうございます！
明日は1日目からリスタートされます。*
`獣の足跡 X 1
呼符 X 1
2月交換券(2023) X 1
`*2700万DL突破記念 特別連続ログインボーナス*
*開催期間中、1日1回 最大7回 連続ログインボーナスをプレゼント！*
`白銀の果実 X 10
`_2023-02-13 19:31:58_
--------
*517ccfc56e0b068f419634fc871e36b0*
`登陆天数: 9天 / 320天
等级: 1
石头: 2
呼符: 0
体力: 738825.8133333334 / 20
友情点: 0 / 186000`
*連続ログイン2日目
※ログインが途切れるか、7日到達すると
1日目から再開されます*
`聖晶石 X 1
2月交換券(2023) X 1
`_2023-02-13 19:32:07_
--------
*bd62bce1f10a8ea80c682ed6f811ef8f*
`登陆天数: 9天 / 341天
等级: 1
石头: 5
呼符: 0
体力: 738114.1633333333 / 20
友情点: 0 / 164000`
*連続ログイン2日目
※ログインが途切れるか、7日到達すると
1日目から再開されます*
`聖晶石 X 1
2月交換券(2023) X 1
`_2023-02-13 19:32:15_
--------
