【登录信息】
*3084073a697602a159acb3c9452b4b00*
`登陆天数: 379天 / 2073天
等级: 160
石头: 791
呼符: 1
体力: 111.95 / 144
友情点: 30 / 5208675`
*連続ログイン1日目
※ログインが途切れるか、7日到達すると
1日目から再開されます*
`フレンドポイント X 2000
2月交換券(2023) X 1
`*2700万DL突破記念 特別連続ログインボーナス*
*開催期間中、1日1回 最大7回 連続ログインボーナスをプレゼント！*
`黄金の果実 X 10
`_2023-02-14 19:31:42_
--------
*517ccfc56e0b068f419634fc871e36b0*
`登陆天数: 10天 / 321天
等级: 1
石头: 2
呼符: 0
体力: 739113.76 / 20
友情点: 0 / 186000`
*連続ログイン3日目
※ログインが途切れるか、7日到達すると
1日目から再開されます*
`叡智の業火 X 1
2月交換券(2023) X 1
`_2023-02-14 19:31:51_
--------
*bd62bce1f10a8ea80c682ed6f811ef8f*
`登陆天数: 10天 / 342天
等级: 1
石头: 5
呼符: 0
体力: 738402.1133333333 / 20
友情点: 0 / 164000`
*連続ログイン3日目
※ログインが途切れるか、7日到達すると
1日目から再開されます*
`叡智の業火 X 1
2月交換券(2023) X 1
`_2023-02-14 19:31:59_
--------
