【登录信息】
*3084073a697602a159acb3c9452b4b00*
`登陆天数: 382天 / 2076天
等级: 160
石头: 764
呼符: 0
体力: 69.81666666666666 / 144
友情点: 10 / 5212585`
*連続ログイン4日目
※ログインが途切れるか、7日到達すると
1日目から再開されます*
`聖晶石 X 1
2月交換券(2023) X 1
`*2700万DL突破記念 特別連続ログインボーナス*
*開催期間中、1日1回 最大7回 連続ログインボーナスをプレゼント！*
`英霊結晶・星のフォウくん X 10
`_2023-02-17 19:31:51_
--------
*517ccfc56e0b068f419634fc871e36b0*
`登陆天数: 13天 / 324天
等级: 1
石头: 2
呼符: 0
体力: 739977.7866666666 / 20
友情点: 0 / 186000`
*連続ログイン6日目
※ログインが途切れるか、7日到達すると
1日目から再開されます*
`聖晶石 X 2
2月交換券(2023) X 1
`_2023-02-17 19:32:00_
--------
*bd62bce1f10a8ea80c682ed6f811ef8f*
`登陆天数: 13天 / 345天
等级: 1
石头: 5
呼符: 0
体力: 739266.14 / 20
友情点: 0 / 164000`
*連続ログイン6日目
※ログインが途切れるか、7日到達すると
1日目から再開されます*
`聖晶石 X 2
2月交換券(2023) X 1
`_2023-02-17 19:32:08_
--------
