【登录信息】
*3084073a697602a159acb3c9452b4b00*
`登陆天数: 383天 / 2077天
等级: 160
石头: 771
呼符: 0
体力: 130.56 / 144
友情点: 60 / 5213055`
*連続ログイン5日目
※ログインが途切れるか、7日到達すると
1日目から再開されます*
`叡智の業火 X 2
2月交換券(2023) X 1
`*2700万DL突破記念 特別連続ログインボーナス*
*開催期間中、1日1回 最大7回 連続ログインボーナスをプレゼント！*
`英霊結晶・太陽のフォウくん X 10
`_2023-02-18 19:31:30_
--------
*517ccfc56e0b068f419634fc871e36b0*
`登陆天数: 14天 / 325天
等级: 1
石头: 2
呼符: 0
体力: 740265.72 / 20
友情点: 0 / 186000`
*連続ログイン7日間到達おめでとうございます！
明日は1日目からリスタートされます。*
`獣の足跡 X 1
呼符 X 1
2月交換券(2023) X 1
`_2023-02-18 19:31:39_
--------
*bd62bce1f10a8ea80c682ed6f811ef8f*
`登陆天数: 14天 / 346天
等级: 1
石头: 5
呼符: 0
体力: 739554.0733333334 / 20
友情点: 0 / 164000`
*連続ログイン7日間到達おめでとうございます！
明日は1日目からリスタートされます。*
`獣の足跡 X 1
呼符 X 1
2月交換券(2023) X 1
`_2023-02-18 19:31:48_
--------
