【登录信息】
*3084073a697602a159acb3c9452b4b00*
`登陆天数: 384天 / 2078天
等级: 160
石头: 757
呼符: 0
体力: 116.50333333333333 / 144
友情点: 80 / 5213680`
*連続ログイン6日目
※ログインが途切れるか、7日到達すると
1日目から再開されます*
`聖晶石 X 2
2月交換券(2023) X 1
`*2700万DL突破記念 特別連続ログインボーナス*
*開催期間中、1日1回 最大7回 連続ログインボーナスをプレゼント！*
`聖晶石 X 30
`_2023-02-19 19:31:50_
--------
*517ccfc56e0b068f419634fc871e36b0*
`登陆天数: 15天 / 326天
等级: 1
石头: 2
呼符: 0
体力: 740553.7833333333 / 20
友情点: 0 / 186000`
*連続ログイン1日目
※ログインが途切れるか、7日到達すると
1日目から再開されます*
`フレンドポイント X 2000
2月交換券(2023) X 1
`_2023-02-19 19:31:58_
--------
*bd62bce1f10a8ea80c682ed6f811ef8f*
`登陆天数: 15天 / 347天
等级: 1
石头: 5
呼符: 0
体力: 739842.1366666667 / 20
友情点: 0 / 164000`
*連続ログイン1日目
※ログインが途切れるか、7日到達すると
1日目から再開されます*
`フレンドポイント X 2000
2月交換券(2023) X 1
`_2023-02-19 19:32:06_
--------
