【登录信息】
*3084073a697602a159acb3c9452b4b00*
`登陆天数: 385天 / 2079天
等级: 160
石头: 776
呼符: 0
体力: 55.67333333333333 / 144
友情点: 210 / 5214550`
*連続ログイン7日間到達おめでとうございます！
明日は1日目からリスタートされます。*
`獣の足跡 X 1
呼符 X 1
2月交換券(2023) X 1
`_2023-02-20 19:31:36_
--------
*517ccfc56e0b068f419634fc871e36b0*
`登陆天数: 16天 / 327天
等级: 1
石头: 2
呼符: 0
体力: 740841.7366666667 / 20
友情点: 0 / 186000`
*連続ログイン2日目
※ログインが途切れるか、7日到達すると
1日目から再開されます*
`聖晶石 X 1
2月交換券(2023) X 1
`_2023-02-20 19:31:45_
--------
*bd62bce1f10a8ea80c682ed6f811ef8f*
`登陆天数: 16天 / 348天
等级: 1
石头: 5
呼符: 0
体力: 740130.09 / 20
友情点: 0 / 164000`
*連続ログイン2日目
※ログインが途切れるか、7日到達すると
1日目から再開されます*
`聖晶石 X 1
2月交換券(2023) X 1
`_2023-02-20 19:31:52_
--------
