【登录信息】
*3084073a697602a159acb3c9452b4b00*
`登陆天数: 386天 / 2080天
等级: 160
石头: 777
呼符: 1
体力: 57.71333333333334 / 144
友情点: 190 / 5216965`
*連続ログイン1日目
※ログインが途切れるか、7日到達すると
1日目から再開されます*
`フレンドポイント X 2000
2月交換券(2023) X 1
`_2023-02-21 19:31:48_
--------
*517ccfc56e0b068f419634fc871e36b0*
`登陆天数: 17天 / 328天
等级: 1
石头: 2
呼符: 0
体力: 741129.7766666666 / 20
友情点: 0 / 186000`
*連続ログイン3日目
※ログインが途切れるか、7日到達すると
1日目から再開されます*
`叡智の業火 X 1
2月交換券(2023) X 1
`_2023-02-21 19:31:57_
--------
*bd62bce1f10a8ea80c682ed6f811ef8f*
`登陆天数: 17天 / 349天
等级: 1
石头: 5
呼符: 0
体力: 740418.13 / 20
友情点: 0 / 164000`
*連続ログイン3日目
※ログインが途切れるか、7日到達すると
1日目から再開されます*
`叡智の業火 X 1
2月交換券(2023) X 1
`_2023-02-21 19:32:05_
--------
