【登录信息】
*3084073a697602a159acb3c9452b4b00*
`登陆天数: 387天 / 2081天
等级: 160
石头: 762
呼符: 2
体力: 21.38666666666667 / 144
友情点: 370 / 5221215`
*連続ログイン2日目
※ログインが途切れるか、7日到達すると
1日目から再開されます*
`聖晶石 X 1
2月交換券(2023) X 1
`_2023-02-22 19:31:29_
--------
*517ccfc56e0b068f419634fc871e36b0*
`登陆天数: 18天 / 329天
等级: 1
石头: 2
呼符: 0
体力: 741417.7133333334 / 20
友情点: 0 / 186000`
*連続ログイン4日目
※ログインが途切れるか、7日到達すると
1日目から再開されます*
`聖晶石 X 1
2月交換券(2023) X 1
`_2023-02-22 19:31:38_
--------
*bd62bce1f10a8ea80c682ed6f811ef8f*
`登陆天数: 18天 / 350天
等级: 1
石头: 5
呼符: 0
体力: 740706.0666666667 / 20
友情点: 0 / 164000`
*連続ログイン4日目
※ログインが途切れるか、7日到達すると
1日目から再開されます*
`聖晶石 X 1
2月交換券(2023) X 1
`_2023-02-22 19:31:46_
--------
