【登录信息】
*3084073a697602a159acb3c9452b4b00*
`登陆天数: 388天 / 2082天
等级: 160
石头: 793
呼符: 3
体力: 4.25 / 144
友情点: 140 / 5222830`
_2023-02-23 19:32:02_
--------
*517ccfc56e0b068f419634fc871e36b0*
`登陆天数: 19天 / 330天
等级: 1
石头: 2
呼符: 0
体力: 741705.8233333334 / 20
友情点: 0 / 186000`
*連続ログイン5日目
※ログインが途切れるか、7日到達すると
1日目から再開されます*
`叡智の業火 X 2
2月交換券(2023) X 1
`_2023-02-23 19:32:11_
--------
*bd62bce1f10a8ea80c682ed6f811ef8f*
`登陆天数: 19天 / 351天
等级: 1
石头: 5
呼符: 0
体力: 740994.1766666666 / 20
友情点: 0 / 164000`
*連続ログイン5日目
※ログインが途切れるか、7日到達すると
1日目から再開されます*
`叡智の業火 X 2
2月交換券(2023) X 1
`_2023-02-23 19:32:18_
--------
