【登录信息】
*3084073a697602a159acb3c9452b4b00*
`登陆天数: 389天 / 2083天
等级: 160
石头: 742
呼符: 0
体力: 13.396666666666675 / 144
友情点: 20 / 5224325`
_2023-02-24 19:31:48_
--------
*517ccfc56e0b068f419634fc871e36b0*
`登陆天数: 20天 / 331天
等级: 1
石头: 2
呼符: 0
体力: 741993.7766666666 / 20
友情点: 0 / 186000`
*連続ログイン6日目
※ログインが途切れるか、7日到達すると
1日目から再開されます*
`聖晶石 X 2
2月交換券(2023) X 1
`_2023-02-24 19:31:57_
--------
*bd62bce1f10a8ea80c682ed6f811ef8f*
`登陆天数: 20天 / 352天
等级: 1
石头: 5
呼符: 0
体力: 741282.13 / 20
友情点: 0 / 164000`
*連続ログイン6日目
※ログインが途切れるか、7日到達すると
1日目から再開されます*
`聖晶石 X 2
2月交換券(2023) X 1
`_2023-02-24 19:32:05_
--------
