【登录信息】
*3084073a697602a159acb3c9452b4b00*
`登陆天数: 390天 / 2084天
等级: 160
石头: 743
呼符: 1
体力: 43.120000000000005 / 144
友情点: 365 / 5226315`
*連続ログイン5日目
※ログインが途切れるか、7日到達すると
1日目から再開されます*
`叡智の業火 X 2
2月交換券(2023) X 1
`_2023-02-25 19:31:39_
--------
*517ccfc56e0b068f419634fc871e36b0*
`登陆天数: 21天 / 332天
等级: 1
石头: 2
呼符: 0
体力: 742281.7466666667 / 20
友情点: 0 / 186000`
*連続ログイン7日間到達おめでとうございます！
明日は1日目からリスタートされます。*
`獣の足跡 X 1
呼符 X 1
2月交換券(2023) X 1
`_2023-02-25 19:31:48_
--------
*bd62bce1f10a8ea80c682ed6f811ef8f*
`登陆天数: 21天 / 353天
等级: 1
石头: 5
呼符: 0
体力: 741570.1 / 20
友情点: 0 / 164000`
*連続ログイン7日間到達おめでとうございます！
明日は1日目からリスタートされます。*
`獣の足跡 X 1
呼符 X 1
2月交換券(2023) X 1
`_2023-02-25 19:31:56_
--------
