【登录信息】
*3084073a697602a159acb3c9452b4b00*
`登陆天数: 391天 / 2085天
等级: 160
石头: 660
呼符: 0
体力: 26.560000000000002 / 144
友情点: 440 / 5228870`
*連続ログイン6日目
※ログインが途切れるか、7日到達すると
1日目から再開されます*
`聖晶石 X 2
2月交換券(2023) X 1
`_2023-02-26 19:31:32_
--------
*517ccfc56e0b068f419634fc871e36b0*
`登陆天数: 22天 / 333天
等级: 1
石头: 2
呼符: 0
体力: 742569.7233333334 / 20
友情点: 0 / 186000`
*連続ログイン1日目
※ログインが途切れるか、7日到達すると
1日目から再開されます*
`フレンドポイント X 2000
2月交換券(2023) X 1
`_2023-02-26 19:31:41_
--------
*bd62bce1f10a8ea80c682ed6f811ef8f*
`登陆天数: 22天 / 354天
等级: 1
石头: 5
呼符: 0
体力: 741858.0766666667 / 20
友情点: 0 / 164000`
*連続ログイン1日目
※ログインが途切れるか、7日到達すると
1日目から再開されます*
`フレンドポイント X 2000
2月交換券(2023) X 1
`_2023-02-26 19:31:48_
--------
