【登录信息】
*3084073a697602a159acb3c9452b4b00*
`登陆天数: 392天 / 2086天
等级: 160
石头: 578
呼符: 1
体力: 44.626666666666665 / 144
友情点: 300 / 5231475`
*連続ログイン7日間到達おめでとうございます！
明日は1日目からリスタートされます。*
`獣の足跡 X 1
呼符 X 1
2月交換券(2023) X 1
`_2023-02-27 19:31:52_
--------
*517ccfc56e0b068f419634fc871e36b0*
`登陆天数: 23天 / 334天
等级: 1
石头: 2
呼符: 0
体力: 742857.79 / 20
友情点: 0 / 186000`
*連続ログイン2日目
※ログインが途切れるか、7日到達すると
1日目から再開されます*
`聖晶石 X 1
2月交換券(2023) X 1
`_2023-02-27 19:32:01_
--------
*bd62bce1f10a8ea80c682ed6f811ef8f*
`登陆天数: 23天 / 355天
等级: 1
石头: 5
呼符: 0
体力: 742146.1433333333 / 20
友情点: 0 / 164000`
*連続ログイン2日目
※ログインが途切れるか、7日到達すると
1日目から再開されます*
`聖晶石 X 1
2月交換券(2023) X 1
`_2023-02-27 19:32:09_
--------
