【登录信息】
*3084073a697602a159acb3c9452b4b00*
`登陆天数: 30天 / 2615天
等级: 162
石头: 0
呼符: 0
体力: 122.05 / 144
友情点: 670 / 7514895`
*連続ログイン2日目
※ログインが途切れるか、7日到達すると
1日目から再開されます*
`聖晶石 X 1
11月交換券(2024) X 1
`*秋の戦力増強キャンペーン特別ログインボーナス！*
*開催期間中、1日1回 最大7回 ログインボーナスをプレゼント！*
`QP X 2000000
`_2024-10-31 19:38:37_
--------
*517ccfc56e0b068f419634fc871e36b0*
`登陆天数: 59天 / 807天
等级: 1
石头: 2
呼符: 0
体力: 919115.1466666666 / 20
友情点: 0 / 186000`
*連続ログイン3日目
※ログインが途切れるか、7日到達すると
1日目から再開されます*
`叡智の業火 X 1
11月交換券(2024) X 1
`_2024-10-31 19:38:47_
--------
*bd62bce1f10a8ea80c682ed6f811ef8f*
`登陆天数: 59天 / 828天
等级: 1
石头: 5
呼符: 0
体力: 918403.5 / 20
友情点: 0 / 164000`
*連続ログイン3日目
※ログインが途切れるか、7日到達すると
1日目から再開されます*
`叡智の業火 X 1
11月交換券(2024) X 1
`_2024-10-31 19:38:55_
--------
