【登录信息】
*3084073a697602a159acb3c9452b4b00*
`登陆天数: 31天 / 2616天
等级: 162
石头: 1
呼符: 0
体力: 176.64 / 144
友情点: 1630 / 7522170`
*連続ログイン3日目
※ログインが途切れるか、7日到達すると
1日目から再開されます*
`叡智の業火 X 1
11月交換券(2024) X 1
`*使用期限付コンティニューアイテムプレゼント！*
*開催期間中、初回ログインでコンティニューアイテム「霊脈石×3」をプレゼント！*
`霊脈石 X 3
`_2024-11-01 19:37:14_
--------
*517ccfc56e0b068f419634fc871e36b0*
`登陆天数: 60天 / 808天
等级: 1
石头: 2
呼符: 0
体力: 919402.87 / 20
友情点: 0 / 186000`
*連続ログイン4日目
※ログインが途切れるか、7日到達すると
1日目から再開されます*
`聖晶石 X 1
11月交換券(2024) X 1
`*使用期限付コンティニューアイテムプレゼント！*
*開催期間中、初回ログインでコンティニューアイテム「霊脈石×3」をプレゼント！*
`霊脈石 X 3
`_2024-11-01 19:37:24_
--------
*bd62bce1f10a8ea80c682ed6f811ef8f*
`登陆天数: 60天 / 829天
等级: 1
石头: 5
呼符: 0
体力: 918691.2233333334 / 20
友情点: 0 / 164000`
*連続ログイン4日目
※ログインが途切れるか、7日到達すると
1日目から再開されます*
`聖晶石 X 1
11月交換券(2024) X 1
`*使用期限付コンティニューアイテムプレゼント！*
*開催期間中、初回ログインでコンティニューアイテム「霊脈石×3」をプレゼント！*
`霊脈石 X 3
`_2024-11-01 19:37:32_
--------
