【登录信息】
*3084073a697602a159acb3c9452b4b00*
`登陆天数: 34天 / 2619天
等级: 162
石头: 4
呼符: 0
体力: 142.32666666666665 / 144
友情点: 170 / 7532830`
*連続ログイン6日目
※ログインが途切れるか、7日到達すると
1日目から再開されます*
`聖晶石 X 2
11月交換券(2024) X 1
`*秋の戦力増強キャンペーン特別ログインボーナス！*
*開催期間中、1日1回 最大7回 ログインボーナスをプレゼント！*
`QP X 3000000
`_2024-11-04 19:33:30_
--------
*517ccfc56e0b068f419634fc871e36b0*
`登陆天数: 63天 / 811天
等级: 1
石头: 2
呼符: 0
体力: 920266.1233333333 / 20
友情点: 0 / 186000`
*連続ログイン7日間到達おめでとうございます！
明日は1日目からリスタートされます。*
`獣の足跡 X 1
呼符 X 1
11月交換券(2024) X 1
`_2024-11-04 19:33:40_
--------
*bd62bce1f10a8ea80c682ed6f811ef8f*
`登陆天数: 63天 / 832天
等级: 1
石头: 5
呼符: 0
体力: 919554.4766666667 / 20
友情点: 0 / 164000`
*連続ログイン7日間到達おめでとうございます！
明日は1日目からリスタートされます。*
`獣の足跡 X 1
呼符 X 1
11月交換券(2024) X 1
`_2024-11-04 19:33:48_
--------
