【登录信息】
*3084073a697602a159acb3c9452b4b00*
`登陆天数: 36天 / 2621天
等级: 162
石头: 4
呼符: 0
体力: 718.4533333333334 / 144
友情点: 1360 / 7539450`
*連続ログイン1日目
※ログインが途切れるか、7日到達すると
1日目から再開されます*
`フレンドポイント X 2000
11月交換券(2024) X 1
`*「ぶち壊せ！ ミステリーハウス・クラフターズ ～星の鉱員と日の出の翼～」開幕直前特別ログインボーナス*
*開催期間中、1日1回 最大7回 ログインボーナスをプレゼント！*
`聖晶石 X 1
`_2024-11-06 19:34:08_
--------
*517ccfc56e0b068f419634fc871e36b0*
`登陆天数: 65天 / 813天
等级: 1
石头: 2
呼符: 0
体力: 920842.25 / 20
友情点: 0 / 186000`
*連続ログイン2日目
※ログインが途切れるか、7日到達すると
1日目から再開されます*
`聖晶石 X 1
11月交換券(2024) X 1
`_2024-11-06 19:34:18_
--------
*bd62bce1f10a8ea80c682ed6f811ef8f*
`登陆天数: 65天 / 834天
等级: 1
石头: 5
呼符: 0
体力: 920130.6033333334 / 20
友情点: 0 / 164000`
*連続ログイン2日目
※ログインが途切れるか、7日到達すると
1日目から再開されます*
`聖晶石 X 1
11月交換券(2024) X 1
`_2024-11-06 19:34:26_
--------
