【登录信息】
*3084073a697602a159acb3c9452b4b00*
`登陆天数: 37天 / 2622天
等级: 162
石头: 0
呼符: 0
体力: 58.47333333333333 / 144
友情点: 2090 / 7551140`
*連続ログイン2日目
※ログインが途切れるか、7日到達すると
1日目から再開されます*
`聖晶石 X 1
11月交換券(2024) X 1
`*「ぶち壊せ！ ミステリーハウス・クラフターズ ～星の鉱員と日の出の翼～」開幕直前特別ログインボーナス*
*開催期間中、1日1回 最大7回 ログインボーナスをプレゼント！*
`黄金の果実 X 1
`_2024-11-07 19:33:47_
--------
*517ccfc56e0b068f419634fc871e36b0*
`登陆天数: 66天 / 814天
等级: 1
石头: 2
呼符: 0
体力: 921130.1766666666 / 20
友情点: 0 / 186000`
*連続ログイン3日目
※ログインが途切れるか、7日到達すると
1日目から再開されます*
`叡智の業火 X 1
11月交換券(2024) X 1
`_2024-11-07 19:33:56_
--------
*bd62bce1f10a8ea80c682ed6f811ef8f*
`登陆天数: 66天 / 835天
等级: 1
石头: 5
呼符: 0
体力: 920418.53 / 20
友情点: 0 / 164000`
*連続ログイン3日目
※ログインが途切れるか、7日到達すると
1日目から再開されます*
`叡智の業火 X 1
11月交換券(2024) X 1
`_2024-11-07 19:34:04_
--------
