【登录信息】
*3084073a697602a159acb3c9452b4b00*
`登陆天数: 38天 / 2623天
等级: 162
石头: 0
呼符: 0
体力: 346.32 / 144
友情点: 2040 / 7555780`
*連続ログイン3日目
※ログインが途切れるか、7日到達すると
1日目から再開されます*
`叡智の業火 X 1
11月交換券(2024) X 1
`*「ぶち壊せ！ ミステリーハウス・クラフターズ ～星の鉱員と日の出の翼～」開幕直前特別ログインボーナス*
*開催期間中、1日1回 最大7回 ログインボーナスをプレゼント！*
`QP X 1000000
`_2024-11-08 19:33:00_
--------
*517ccfc56e0b068f419634fc871e36b0*
`登陆天数: 67天 / 815天
等级: 1
石头: 2
呼符: 0
体力: 921418.02 / 20
友情点: 0 / 186000`
*連続ログイン4日目
※ログインが途切れるか、7日到達すると
1日目から再開されます*
`聖晶石 X 1
11月交換券(2024) X 1
`_2024-11-08 19:33:10_
--------
*bd62bce1f10a8ea80c682ed6f811ef8f*
`登陆天数: 67天 / 836天
等级: 1
石头: 5
呼符: 0
体力: 920706.3733333333 / 20
友情点: 0 / 164000`
*連続ログイン4日目
※ログインが途切れるか、7日到達すると
1日目から再開されます*
`聖晶石 X 1
11月交換券(2024) X 1
`_2024-11-08 19:33:18_
--------
