【登录信息】
*3084073a697602a159acb3c9452b4b00*
`登陆天数: 39天 / 2624天
等级: 162
石头: 1
呼符: 0
体力: 92.73333333333333 / 144
友情点: 980 / 7558770`
*連続ログイン4日目
※ログインが途切れるか、7日到達すると
1日目から再開されます*
`聖晶石 X 1
11月交換券(2024) X 1
`*「ぶち壊せ！ ミステリーハウス・クラフターズ ～星の鉱員と日の出の翼～」開幕直前特別ログインボーナス*
*開催期間中、1日1回 最大7回 ログインボーナスをプレゼント！*
`黄金の果実 X 1
`_2024-11-09 19:33:34_
--------
*517ccfc56e0b068f419634fc871e36b0*
`登陆天数: 68天 / 816天
等级: 1
石头: 2
呼符: 0
体力: 921706.1333333333 / 20
友情点: 0 / 186000`
*連続ログイン5日目
※ログインが途切れるか、7日到達すると
1日目から再開されます*
`叡智の業火 X 2
11月交換券(2024) X 1
`_2024-11-09 19:33:44_
--------
*bd62bce1f10a8ea80c682ed6f811ef8f*
`登陆天数: 68天 / 837天
等级: 1
石头: 5
呼符: 0
体力: 920994.4866666667 / 20
友情点: 0 / 164000`
*連続ログイン5日目
※ログインが途切れるか、7日到達すると
1日目から再開されます*
`叡智の業火 X 2
11月交換券(2024) X 1
`_2024-11-09 19:33:51_
--------
