【登录信息】
*3084073a697602a159acb3c9452b4b00*
`登陆天数: 40天 / 2625天
等级: 162
石头: 1
呼符: 0
体力: 380.63666666666666 / 144
友情点: 1215 / 7560785`
*連続ログイン5日目
※ログインが途切れるか、7日到達すると
1日目から再開されます*
`叡智の業火 X 2
11月交換券(2024) X 1
`*「ぶち壊せ！ ミステリーハウス・クラフターズ ～星の鉱員と日の出の翼～」開幕直前特別ログインボーナス*
*開催期間中、1日1回 最大7回 ログインボーナスをプレゼント！*
`QP X 1000000
`_2024-11-10 19:33:05_
--------
*517ccfc56e0b068f419634fc871e36b0*
`登陆天数: 69天 / 817天
等级: 1
石头: 2
呼符: 0
体力: 921994.04 / 20
友情点: 0 / 186000`
*連続ログイン6日目
※ログインが途切れるか、7日到達すると
1日目から再開されます*
`聖晶石 X 2
11月交換券(2024) X 1
`_2024-11-10 19:33:15_
--------
*bd62bce1f10a8ea80c682ed6f811ef8f*
`登陆天数: 69天 / 838天
等级: 1
石头: 5
呼符: 0
体力: 921282.3933333333 / 20
友情点: 0 / 164000`
*連続ログイン6日目
※ログインが途切れるか、7日到達すると
1日目から再開されます*
`聖晶石 X 2
11月交換券(2024) X 1
`_2024-11-10 19:33:23_
--------
