【登录信息】
*3084073a697602a159acb3c9452b4b00*
`登陆天数: 42天 / 2627天
等级: 162
石头: 1
呼符: 0
体力: 956.6733333333333 / 144
友情点: 3540 / 7580990`
*連続ログイン7日間到達おめでとうございます！
明日は1日目からリスタートされます。*
`獣の足跡 X 1
呼符 X 1
11月交換券(2024) X 1
`*「ぶち壊せ！ ミステリーハウス・クラフターズ ～星の鉱員と日の出の翼～」開幕直前特別ログインボーナス*
*開催期間中、1日1回 最大7回 ログインボーナスをプレゼント！*
`聖晶石 X 2
`_2024-11-12 19:33:16_
--------
*517ccfc56e0b068f419634fc871e36b0*
`登陆天数: 71天 / 819天
等级: 1
石头: 2
呼符: 0
体力: 922570.0766666667 / 20
友情点: 0 / 186000`
*連続ログイン1日目
※ログインが途切れるか、7日到達すると
1日目から再開されます*
`フレンドポイント X 2000
11月交換券(2024) X 1
`_2024-11-12 19:33:27_
--------
*bd62bce1f10a8ea80c682ed6f811ef8f*
`登陆天数: 71天 / 840天
等级: 1
石头: 5
呼符: 0
体力: 921858.43 / 20
友情点: 0 / 164000`
*連続ログイン1日目
※ログインが途切れるか、7日到達すると
1日目から再開されます*
`フレンドポイント X 2000
11月交換券(2024) X 1
`_2024-11-12 19:33:35_
--------
