【登录信息】
*3084073a697602a159acb3c9452b4b00*
`登陆天数: 44天 / 2629天
等级: 162
石头: 1
呼符: 0
体力: 66.13666666666667 / 144
友情点: 1100 / 7595400`
*連続ログイン2日目
※ログインが途切れるか、7日到達すると
1日目から再開されます*
`聖晶石 X 1
11月交換券(2024) X 1
`_2024-11-14 19:33:51_
--------
*517ccfc56e0b068f419634fc871e36b0*
`登陆天数: 73天 / 821天
等级: 1
石头: 2
呼符: 0
体力: 923146.1933333334 / 20
友情点: 0 / 186000`
*連続ログイン3日目
※ログインが途切れるか、7日到達すると
1日目から再開されます*
`叡智の業火 X 1
11月交換券(2024) X 1
`_2024-11-14 19:34:01_
--------
*bd62bce1f10a8ea80c682ed6f811ef8f*
`登陆天数: 73天 / 842天
等级: 1
石头: 5
呼符: 0
体力: 922434.5466666666 / 20
友情点: 0 / 164000`
*連続ログイン3日目
※ログインが途切れるか、7日到達すると
1日目から再開されます*
`叡智の業火 X 1
11月交換券(2024) X 1
`_2024-11-14 19:34:09_
--------
