【登录信息】
*3084073a697602a159acb3c9452b4b00*
`登陆天数: 45天 / 2630天
等级: 162
石头: 1
呼符: 0
体力: 354.12666666666667 / 144
友情点: 1730 / 7602410`
*連続ログイン3日目
※ログインが途切れるか、7日到達すると
1日目から再開されます*
`叡智の業火 X 1
11月交換券(2024) X 1
`_2024-11-15 19:33:49_
--------
*517ccfc56e0b068f419634fc871e36b0*
`登陆天数: 74天 / 822天
等级: 1
石头: 2
呼符: 0
体力: 923434.1833333333 / 20
友情点: 0 / 186000`
*連続ログイン4日目
※ログインが途切れるか、7日到達すると
1日目から再開されます*
`聖晶石 X 1
11月交換券(2024) X 1
`_2024-11-15 19:33:59_
--------
*bd62bce1f10a8ea80c682ed6f811ef8f*
`登陆天数: 74天 / 843天
等级: 1
石头: 5
呼符: 0
体力: 922722.5366666666 / 20
友情点: 0 / 164000`
*連続ログイン4日目
※ログインが途切れるか、7日到達すると
1日目から再開されます*
`聖晶石 X 1
11月交換券(2024) X 1
`_2024-11-15 19:34:06_
--------
