【登录信息】
*3084073a697602a159acb3c9452b4b00*
`登陆天数: 46天 / 2631天
等级: 162
石头: 1
呼符: 0
体力: 642.0966666666667 / 144
友情点: 970 / 7605980`
*連続ログイン4日目
※ログインが途切れるか、7日到達すると
1日目から再開されます*
`聖晶石 X 1
11月交換券(2024) X 1
`_2024-11-16 19:33:39_
--------
*517ccfc56e0b068f419634fc871e36b0*
`登陆天数: 75天 / 823天
等级: 1
石头: 2
呼符: 0
体力: 923722.1533333333 / 20
友情点: 0 / 186000`
*連続ログイン5日目
※ログインが途切れるか、7日到達すると
1日目から再開されます*
`叡智の業火 X 2
11月交換券(2024) X 1
`_2024-11-16 19:33:49_
--------
*bd62bce1f10a8ea80c682ed6f811ef8f*
`登陆天数: 75天 / 844天
等级: 1
石头: 5
呼符: 0
体力: 923010.5033333333 / 20
友情点: 0 / 164000`
*連続ログイン5日目
※ログインが途切れるか、7日到達すると
1日目から再開されます*
`叡智の業火 X 2
11月交換券(2024) X 1
`_2024-11-16 19:33:57_
--------
