【登录信息】
*3084073a697602a159acb3c9452b4b00*
`登陆天数: 48天 / 2633天
等级: 162
石头: 1
呼符: 0
体力: 1218.1233333333332 / 144
友情点: 2010 / 7617160`
*連続ログイン6日目
※ログインが途切れるか、7日到達すると
1日目から再開されます*
`聖晶石 X 2
11月交換券(2024) X 1
`_2024-11-18 19:33:48_
--------
*517ccfc56e0b068f419634fc871e36b0*
`登陆天数: 77天 / 825天
等级: 1
石头: 2
呼符: 0
体力: 924298.18 / 20
友情点: 0 / 186000`
*連続ログイン7日間到達おめでとうございます！
明日は1日目からリスタートされます。*
`獣の足跡 X 1
呼符 X 1
11月交換券(2024) X 1
`_2024-11-18 19:33:58_
--------
*bd62bce1f10a8ea80c682ed6f811ef8f*
`登陆天数: 77天 / 846天
等级: 1
石头: 5
呼符: 0
体力: 923586.5333333333 / 20
友情点: 0 / 164000`
*連続ログイン7日間到達おめでとうございます！
明日は1日目からリスタートされます。*
`獣の足跡 X 1
呼符 X 1
11月交換券(2024) X 1
`_2024-11-18 19:34:06_
--------
