【登录信息】
*3084073a697602a159acb3c9452b4b00*
`登陆天数: 53天 / 2638天
等级: 162
石头: 1
呼符: 0
体力: 2658.056666666667 / 144
友情点: 2420 / 7641840`
*連続ログイン4日目
※ログインが途切れるか、7日到達すると
1日目から再開されます*
`聖晶石 X 1
11月交換券(2024) X 1
`_2024-11-23 19:33:27_
--------
*517ccfc56e0b068f419634fc871e36b0*
`登陆天数: 82天 / 830天
等级: 1
石头: 2
呼符: 0
体力: 925738.1133333333 / 20
友情点: 0 / 186000`
*連続ログイン5日目
※ログインが途切れるか、7日到達すると
1日目から再開されます*
`叡智の業火 X 2
11月交換券(2024) X 1
`_2024-11-23 19:33:37_
--------
*bd62bce1f10a8ea80c682ed6f811ef8f*
`登陆天数: 82天 / 851天
等级: 1
石头: 5
呼符: 0
体力: 925026.4666666667 / 20
友情点: 0 / 164000`
*連続ログイン5日目
※ログインが途切れるか、7日到達すると
1日目から再開されます*
`叡智の業火 X 2
11月交換券(2024) X 1
`_2024-11-23 19:33:45_
--------
