【登录信息】
*3084073a697602a159acb3c9452b4b00*
`登陆天数: 57天 / 2642天
等级: 162
石头: 1
呼符: 0
体力: 3810.133333333333 / 144
友情点: 2600 / 7663855`
*連続ログイン1日目
※ログインが途切れるか、7日到達すると
1日目から再開されます*
`フレンドポイント X 2000
11月交換券(2024) X 1
`_2024-11-27 19:33:49_
--------
*517ccfc56e0b068f419634fc871e36b0*
`登陆天数: 86天 / 834天
等级: 1
石头: 2
呼符: 0
体力: 926890.1866666666 / 20
友情点: 0 / 186000`
*連続ログイン2日目
※ログインが途切れるか、7日到達すると
1日目から再開されます*
`聖晶石 X 1
11月交換券(2024) X 1
`_2024-11-27 19:34:00_
--------
*bd62bce1f10a8ea80c682ed6f811ef8f*
`登陆天数: 86天 / 855天
等级: 1
石头: 5
呼符: 0
体力: 926178.54 / 20
友情点: 0 / 164000`
*連続ログイン2日目
※ログインが途切れるか、7日到達すると
1日目から再開されます*
`聖晶石 X 1
11月交換券(2024) X 1
`_2024-11-27 19:34:08_
--------
