【登录信息】
*3084073a697602a159acb3c9452b4b00*
`登陆天数: 26天 / 2447天
等级: 162
石头: 266
呼符: 0
体力: 7622.993333333333 / 144
友情点: 390 / 6884415`
*連続ログイン5日目
※ログインが途切れるか、7日到達すると
1日目から再開されます*
`叡智の業火 X 2
4月交換券(2024) X 1
`*「Fate/Dream Striker」リリース記念 初回ログインボーナス*
*開催期間中、初回ログインで「聖晶石×10」をプレゼント！*
`聖晶石 X 10
`_2024-03-31 19:36:33_
--------
*517ccfc56e0b068f419634fc871e36b0*
`登陆天数: 26天 / 661天
等级: 1
石头: 2
呼符: 0
体力: 857482.7333333333 / 20
友情点: 0 / 186000`
*連続ログイン5日目
※ログインが途切れるか、7日到達すると
1日目から再開されます*
`叡智の業火 X 2
4月交換券(2024) X 1
`_2024-03-31 19:36:43_
--------
*bd62bce1f10a8ea80c682ed6f811ef8f*
`登陆天数: 26天 / 682天
等级: 1
石头: 5
呼符: 0
体力: 856771.0866666667 / 20
友情点: 0 / 164000`
*連続ログイン5日目
※ログインが途切れるか、7日到達すると
1日目から再開されます*
`叡智の業火 X 2
4月交換券(2024) X 1
`_2024-03-31 19:36:51_
--------
