【登录信息】
*3084073a697602a159acb3c9452b4b00*
`登陆天数: 28天 / 2449天
等级: 162
石头: 266
呼符: 0
体力: 8198.976666666666 / 144
友情点: 400 / 6885275`
*連続ログイン7日間到達おめでとうございます！
明日は1日目からリスタートされます。*
`獣の足跡 X 1
呼符 X 1
4月交換券(2024) X 1
`*Fate/Grand Order 春の新米マスター応援キャンペーン2024！
特別ログインボーナス*
*開催期間中、1日1回 最大7回 回数ログインボーナスをプレゼント！*
`聖晶石 X 1
`_2024-04-02 19:36:29_
--------
*517ccfc56e0b068f419634fc871e36b0*
`登陆天数: 28天 / 663天
等级: 1
石头: 2
呼符: 0
体力: 858058.7166666667 / 20
友情点: 0 / 186000`
*連続ログイン7日間到達おめでとうございます！
明日は1日目からリスタートされます。*
`獣の足跡 X 1
呼符 X 1
4月交換券(2024) X 1
`_2024-04-02 19:36:38_
--------
*bd62bce1f10a8ea80c682ed6f811ef8f*
`登陆天数: 28天 / 684天
等级: 1
石头: 5
呼符: 0
体力: 857347.07 / 20
友情点: 0 / 164000`
*連続ログイン7日間到達おめでとうございます！
明日は1日目からリスタートされます。*
`獣の足跡 X 1
呼符 X 1
4月交換券(2024) X 1
`_2024-04-02 19:36:46_
--------
