【登录信息】
*3084073a697602a159acb3c9452b4b00*
`登陆天数: 29天 / 2450天
等级: 162
石头: 266
呼符: 0
体力: 8486.943333333333 / 144
友情点: 120 / 6885395`
*連続ログイン1日目
※ログインが途切れるか、7日到達すると
1日目から再開されます*
`フレンドポイント X 2000
4月交換券(2024) X 1
`*日替りログインボーナス*
*開催期間中、1日1回 2週間日替りでログインボーナスをプレゼント！*
`聖晶石 X 1
巡霊の葉 X 50
`_2024-04-03 19:36:18_
--------
*517ccfc56e0b068f419634fc871e36b0*
`登陆天数: 29天 / 664天
等级: 1
石头: 2
呼符: 0
体力: 858346.6833333333 / 20
友情点: 0 / 186000`
*連続ログイン1日目
※ログインが途切れるか、7日到達すると
1日目から再開されます*
`フレンドポイント X 2000
4月交換券(2024) X 1
`_2024-04-03 19:36:28_
--------
*bd62bce1f10a8ea80c682ed6f811ef8f*
`登陆天数: 29天 / 685天
等级: 1
石头: 5
呼符: 0
体力: 857635.0333333333 / 20
友情点: 0 / 164000`
*連続ログイン1日目
※ログインが途切れるか、7日到達すると
1日目から再開されます*
`フレンドポイント X 2000
4月交換券(2024) X 1
`_2024-04-03 19:36:36_
--------
