【登录信息】
*3084073a697602a159acb3c9452b4b00*
`登陆天数: 34天 / 2455天
等级: 162
石头: 266
呼符: 0
体力: 9926.956666666667 / 144
友情点: 50 / 6886215`
*連続ログイン6日目
※ログインが途切れるか、7日到達すると
1日目から再開されます*
`聖晶石 X 2
4月交換券(2024) X 1
`*日替りログインボーナス*
*開催期間中、1日1回 2週間日替りでログインボーナスをプレゼント！*
`巡霊の葉 X 30
`_2024-04-08 19:36:23_
--------
*517ccfc56e0b068f419634fc871e36b0*
`登陆天数: 34天 / 669天
等级: 1
石头: 2
呼符: 0
体力: 859786.7 / 20
友情点: 0 / 186000`
*連続ログイン6日目
※ログインが途切れるか、7日到達すると
1日目から再開されます*
`聖晶石 X 2
4月交換券(2024) X 1
`_2024-04-08 19:36:33_
--------
*bd62bce1f10a8ea80c682ed6f811ef8f*
`登陆天数: 34天 / 690天
等级: 1
石头: 5
呼符: 0
体力: 859075.0533333333 / 20
友情点: 0 / 164000`
*連続ログイン6日目
※ログインが途切れるか、7日到達すると
1日目から再開されます*
`聖晶石 X 2
4月交換券(2024) X 1
`_2024-04-08 19:36:41_
--------
