【登录信息】
*3084073a697602a159acb3c9452b4b00*
`登陆天数: 37天 / 2458天
等级: 162
石头: 266
呼符: 0
体力: 10790.99 / 144
友情点: 80 / 6887020`
*連続ログイン2日目
※ログインが途切れるか、7日到達すると
1日目から再開されます*
`聖晶石 X 1
4月交換券(2024) X 1
`*日替りログインボーナス*
*開催期間中、1日1回 2週間日替りでログインボーナスをプレゼント！*
`巡霊の葉 X 30
`_2024-04-11 19:36:33_
--------
*517ccfc56e0b068f419634fc871e36b0*
`登陆天数: 37天 / 672天
等级: 1
石头: 2
呼符: 0
体力: 860650.73 / 20
友情点: 0 / 186000`
*連続ログイン2日目
※ログインが途切れるか、7日到達すると
1日目から再開されます*
`聖晶石 X 1
4月交換券(2024) X 1
`_2024-04-11 19:36:42_
--------
*bd62bce1f10a8ea80c682ed6f811ef8f*
`登陆天数: 37天 / 693天
等级: 1
石头: 5
呼符: 0
体力: 859939.0833333334 / 20
友情点: 0 / 164000`
*連続ログイン2日目
※ログインが途切れるか、7日到達すると
1日目から再開されます*
`聖晶石 X 1
4月交換券(2024) X 1
`_2024-04-11 19:36:51_
--------
