【登录信息】
*3084073a697602a159acb3c9452b4b00*
`登陆天数: 38天 / 2459天
等级: 162
石头: 266
呼符: 0
体力: 11078.926666666666 / 144
友情点: 80 / 6887100`
*連続ログイン3日目
※ログインが途切れるか、7日到達すると
1日目から再開されます*
`叡智の業火 X 1
4月交換券(2024) X 1
`*日替りログインボーナス*
*開催期間中、1日1回 2週間日替りでログインボーナスをプレゼント！*
`巡霊の葉 X 30
`_2024-04-12 19:36:14_
--------
*517ccfc56e0b068f419634fc871e36b0*
`登陆天数: 38天 / 673天
等级: 1
石头: 2
呼符: 0
体力: 860938.6666666666 / 20
友情点: 0 / 186000`
*連続ログイン3日目
※ログインが途切れるか、7日到達すると
1日目から再開されます*
`叡智の業火 X 1
4月交換券(2024) X 1
`_2024-04-12 19:36:23_
--------
*bd62bce1f10a8ea80c682ed6f811ef8f*
`登陆天数: 38天 / 694天
等级: 1
石头: 5
呼符: 0
体力: 860227.02 / 20
友情点: 0 / 164000`
*連続ログイン3日目
※ログインが途切れるか、7日到達すると
1日目から再開されます*
`叡智の業火 X 1
4月交換券(2024) X 1
`_2024-04-12 19:36:31_
--------
