【登录信息】
*3084073a697602a159acb3c9452b4b00*
`登陆天数: 39天 / 2460天
等级: 162
石头: 578
呼符: 8
体力: 183.24666666666667 / 144
友情点: 240 / 6899725`
*連続ログイン4日目
※ログインが途切れるか、7日到達すると
1日目から再開されます*
`聖晶石 X 1
4月交換券(2024) X 1
`*日替りログインボーナス*
*開催期間中、1日1回 2週間日替りでログインボーナスをプレゼント！*
`聖晶石 X 1
巡霊の葉 X 80
`_2024-04-13 19:36:26_
--------
*517ccfc56e0b068f419634fc871e36b0*
`登陆天数: 39天 / 674天
等级: 1
石头: 2
呼符: 0
体力: 861226.71 / 20
友情点: 0 / 186000`
*連続ログイン4日目
※ログインが途切れるか、7日到達すると
1日目から再開されます*
`聖晶石 X 1
4月交換券(2024) X 1
`_2024-04-13 19:36:36_
--------
*bd62bce1f10a8ea80c682ed6f811ef8f*
`登陆天数: 39天 / 695天
等级: 1
石头: 5
呼符: 0
体力: 860515.06 / 20
友情点: 0 / 164000`
*連続ログイン4日目
※ログインが途切れるか、7日到達すると
1日目から再開されます*
`聖晶石 X 1
4月交換券(2024) X 1
`_2024-04-13 19:36:44_
--------
