【登录信息】
*3084073a697602a159acb3c9452b4b00*
`登陆天数: 40天 / 2461天
等级: 162
石头: 578
呼符: 8
体力: 512.1633333333334 / 144
友情点: 320 / 6900455`
*連続ログイン5日目
※ログインが途切れるか、7日到達すると
1日目から再開されます*
`叡智の業火 X 2
4月交換券(2024) X 1
`*日替りログインボーナス*
*開催期間中、1日1回 2週間日替りでログインボーナスをプレゼント！*
`巡霊の葉 X 30
`_2024-04-14 23:01:01_
--------
*517ccfc56e0b068f419634fc871e36b0*
`登陆天数: 40天 / 675天
等级: 1
石头: 2
呼符: 0
体力: 861555.6233333333 / 20
友情点: 0 / 186000`
*連続ログイン5日目
※ログインが途切れるか、7日到達すると
1日目から再開されます*
`叡智の業火 X 2
4月交換券(2024) X 1
`_2024-04-14 23:01:11_
--------
*bd62bce1f10a8ea80c682ed6f811ef8f*
`登陆天数: 40天 / 696天
等级: 1
石头: 5
呼符: 0
体力: 860843.9766666667 / 20
友情点: 0 / 164000`
*連続ログイン5日目
※ログインが途切れるか、7日到達すると
1日目から再開されます*
`叡智の業火 X 2
4月交換券(2024) X 1
`_2024-04-14 23:01:19_
--------
