【登录信息】
*3084073a697602a159acb3c9452b4b00*
`登陆天数: 42天 / 2463天
等级: 162
石头: 578
呼符: 8
体力: 1047.2633333333333 / 144
友情点: 80 / 6900670`
*連続ログイン7日間到達おめでとうございます！
明日は1日目からリスタートされます。*
`獣の足跡 X 1
呼符 X 1
4月交換券(2024) X 1
`*日替りログインボーナス*
*開催期間中、1日1回 2週間日替りでログインボーナスをプレゼント！*
`聖晶石 X 3
巡霊の葉 X 50
`_2024-04-16 19:36:30_
--------
*517ccfc56e0b068f419634fc871e36b0*
`登陆天数: 42天 / 677天
等级: 1
石头: 2
呼符: 0
体力: 862090.7233333334 / 20
友情点: 0 / 186000`
*連続ログイン7日間到達おめでとうございます！
明日は1日目からリスタートされます。*
`獣の足跡 X 1
呼符 X 1
4月交換券(2024) X 1
`_2024-04-16 19:36:40_
--------
*bd62bce1f10a8ea80c682ed6f811ef8f*
`登陆天数: 42天 / 698天
等级: 1
石头: 5
呼符: 0
体力: 861379.0766666667 / 20
友情点: 0 / 164000`
*連続ログイン7日間到達おめでとうございます！
明日は1日目からリスタートされます。*
`獣の足跡 X 1
呼符 X 1
4月交換券(2024) X 1
`_2024-04-16 19:36:48_
--------
