【登录信息】
*3084073a697602a159acb3c9452b4b00*
`登陆天数: 43天 / 2464天
等级: 162
石头: 578
呼符: 8
体力: 1335.2833333333333 / 144
友情点: 80 / 6900750`
*連続ログイン1日目
※ログインが途切れるか、7日到達すると
1日目から再開されます*
`フレンドポイント X 2000
4月交換券(2024) X 1
`*魔法使いの夜×Fate/Grand Orderコラボレーションイベント
開幕直前特別ログインボーナス*
*開催期間中、1日1回 最大7回 ログインボーナスをプレゼント！*
`聖晶石 X 1
`_2024-04-17 19:36:36_
--------
*517ccfc56e0b068f419634fc871e36b0*
`登陆天数: 43天 / 678天
等级: 1
石头: 2
呼符: 0
体力: 862378.7433333333 / 20
友情点: 0 / 186000`
*連続ログイン1日目
※ログインが途切れるか、7日到達すると
1日目から再開されます*
`フレンドポイント X 2000
4月交換券(2024) X 1
`_2024-04-17 19:36:46_
--------
*bd62bce1f10a8ea80c682ed6f811ef8f*
`登陆天数: 43天 / 699天
等级: 1
石头: 5
呼符: 0
体力: 861667.0933333334 / 20
友情点: 0 / 164000`
*連続ログイン1日目
※ログインが途切れるか、7日到達すると
1日目から再開されます*
`フレンドポイント X 2000
4月交換券(2024) X 1
`_2024-04-17 19:36:54_
--------
