【登录信息】
*3084073a697602a159acb3c9452b4b00*
`登陆天数: 45天 / 2466天
等级: 162
石头: 578
呼符: 8
体力: 410.53 / 144
友情点: 230 / 6901990`
*連続ログイン3日目
※ログインが途切れるか、7日到達すると
1日目から再開されます*
`叡智の業火 X 1
4月交換券(2024) X 1
`*魔法使いの夜×Fate/Grand Orderコラボレーションイベント
開幕直前特別ログインボーナス*
*開催期間中、1日1回 最大7回 ログインボーナスをプレゼント！*
`QP X 2000000
`_2024-04-19 19:36:38_
--------
*517ccfc56e0b068f419634fc871e36b0*
`登陆天数: 45天 / 680天
等级: 1
石头: 2
呼符: 0
体力: 862954.75 / 20
友情点: 0 / 186000`
*連続ログイン3日目
※ログインが途切れるか、7日到達すると
1日目から再開されます*
`叡智の業火 X 1
4月交換券(2024) X 1
`_2024-04-19 19:36:49_
--------
*bd62bce1f10a8ea80c682ed6f811ef8f*
`登陆天数: 45天 / 701天
等级: 1
石头: 5
呼符: 0
体力: 862243.1033333334 / 20
友情点: 0 / 164000`
*連続ログイン3日目
※ログインが途切れるか、7日到達すると
1日目から再開されます*
`叡智の業火 X 1
4月交換券(2024) X 1
`_2024-04-19 19:36:57_
--------
