【登录信息】
*3084073a697602a159acb3c9452b4b00*
`登陆天数: 48天 / 2469天
等级: 162
石头: 578
呼符: 8
体力: 1274.5766666666666 / 144
友情点: 140 / 6902725`
*連続ログイン6日目
※ログインが途切れるか、7日到達すると
1日目から再開されます*
`聖晶石 X 2
4月交換券(2024) X 1
`*魔法使いの夜×Fate/Grand Orderコラボレーションイベント
開幕直前特別ログインボーナス*
*開催期間中、1日1回 最大7回 ログインボーナスをプレゼント！*
`英霊結晶・太陽のフォウくん X 5
`_2024-04-22 19:36:52_
--------
*517ccfc56e0b068f419634fc871e36b0*
`登陆天数: 48天 / 683天
等级: 1
石头: 2
呼符: 0
体力: 863818.8 / 20
友情点: 0 / 186000`
*連続ログイン6日目
※ログインが途切れるか、7日到達すると
1日目から再開されます*
`聖晶石 X 2
4月交換券(2024) X 1
`_2024-04-22 19:37:03_
--------
*bd62bce1f10a8ea80c682ed6f811ef8f*
`登陆天数: 48天 / 704天
等级: 1
石头: 5
呼符: 0
体力: 863107.1533333333 / 20
友情点: 0 / 164000`
*連続ログイン6日目
※ログインが途切れるか、7日到達すると
1日目から再開されます*
`聖晶石 X 2
4月交換券(2024) X 1
`_2024-04-22 19:37:11_
--------
