【登录信息】
*3084073a697602a159acb3c9452b4b00*
`登陆天数: 49天 / 2470天
等级: 162
石头: 578
呼符: 8
体力: 1562.8 / 144
友情点: 160 / 6902885`
*連続ログイン7日間到達おめでとうございます！
明日は1日目からリスタートされます。*
`獣の足跡 X 1
呼符 X 1
4月交換券(2024) X 1
`*魔法使いの夜×Fate/Grand Orderコラボレーションイベント
開幕直前特別ログインボーナス*
*開催期間中、1日1回 最大7回 ログインボーナスをプレゼント！*
`聖晶石 X 1
`_2024-04-23 19:38:00_
--------
*517ccfc56e0b068f419634fc871e36b0*
`登陆天数: 49天 / 684天
等级: 1
石头: 2
呼符: 0
体力: 864107.0233333333 / 20
友情点: 0 / 186000`
*連続ログイン7日間到達おめでとうございます！
明日は1日目からリスタートされます。*
`獣の足跡 X 1
呼符 X 1
4月交換券(2024) X 1
`_2024-04-23 19:38:10_
--------
*bd62bce1f10a8ea80c682ed6f811ef8f*
`登陆天数: 49天 / 705天
等级: 1
石头: 5
呼符: 0
体力: 863395.3733333333 / 20
友情点: 0 / 164000`
*連続ログイン7日間到達おめでとうございます！
明日は1日目からリスタートされます。*
`獣の足跡 X 1
呼符 X 1
4月交換券(2024) X 1
`_2024-04-23 19:38:18_
--------
