【登录信息】
*3084073a697602a159acb3c9452b4b00*
`登陆天数: 50天 / 2471天
等级: 162
石头: 578
呼符: 8
体力: 1850.58 / 144
友情点: 600 / 6903505`
*連続ログイン1日目
※ログインが途切れるか、7日到達すると
1日目から再開されます*
`フレンドポイント X 2000
4月交換券(2024) X 1
`_2024-04-24 19:36:55_
--------
*517ccfc56e0b068f419634fc871e36b0*
`登陆天数: 50天 / 685天
等级: 1
石头: 2
呼符: 0
体力: 864394.8066666666 / 20
友情点: 0 / 186000`
*連続ログイン1日目
※ログインが途切れるか、7日到達すると
1日目から再開されます*
`フレンドポイント X 2000
4月交換券(2024) X 1
`_2024-04-24 19:37:05_
--------
*bd62bce1f10a8ea80c682ed6f811ef8f*
`登陆天数: 50天 / 706天
等级: 1
石头: 5
呼符: 0
体力: 863683.16 / 20
友情点: 0 / 164000`
*連続ログイン1日目
※ログインが途切れるか、7日到達すると
1日目から再開されます*
`フレンドポイント X 2000
4月交換券(2024) X 1
`_2024-04-24 19:37:13_
--------
