【登录信息】
*3084073a697602a159acb3c9452b4b00*
`登陆天数: 51天 / 2472天
等级: 162
石头: 578
呼符: 8
体力: 2138.5333333333333 / 144
友情点: 540 / 6905045`
*連続ログイン2日目
※ログインが途切れるか、7日到達すると
1日目から再開されます*
`聖晶石 X 1
4月交換券(2024) X 1
`_2024-04-25 19:36:40_
--------
*517ccfc56e0b068f419634fc871e36b0*
`登陆天数: 51天 / 686天
等级: 1
石头: 2
呼符: 0
体力: 864682.7566666667 / 20
友情点: 0 / 186000`
*連続ログイン2日目
※ログインが途切れるか、7日到達すると
1日目から再開されます*
`聖晶石 X 1
4月交換券(2024) X 1
`_2024-04-25 19:36:50_
--------
*bd62bce1f10a8ea80c682ed6f811ef8f*
`登陆天数: 51天 / 707天
等级: 1
石头: 5
呼符: 0
体力: 863971.11 / 20
友情点: 0 / 164000`
*連続ログイン2日目
※ログインが途切れるか、7日到達すると
1日目から再開されます*
`聖晶石 X 1
4月交換券(2024) X 1
`_2024-04-25 19:36:58_
--------
