【登录信息】
*3084073a697602a159acb3c9452b4b00*
`登陆天数: 49天 / 2407天
等级: 162
石头: 244
呼符: 5
体力: 79.98333333333333 / 144
友情点: 200 / 6864945`
*連続ログイン7日間到達おめでとうございます！
明日は1日目からリスタートされます。*
`獣の足跡 X 1
呼符 X 1
2月交換券(2024) X 1
`*「Fate/stay night」20周年記念
7万リポスト達成プレゼント*
*開催期間中、初回ログインで「聖晶石×20」をプレゼント！*
`聖晶石 X 20
`_2024-01-31 19:37:10_
--------
*517ccfc56e0b068f419634fc871e36b0*
`登陆天数: 23天 / 622天
等级: 1
石头: 2
呼符: 0
体力: 840202.8533333334 / 20
友情点: 0 / 186000`
*連続ログイン2日目
※ログインが途切れるか、7日到達すると
1日目から再開されます*
`聖晶石 X 1
2月交換券(2024) X 1
`*「Fate/stay night」20周年記念
7万リポスト達成プレゼント*
*開催期間中、初回ログインで「聖晶石×20」をプレゼント！*
`聖晶石 X 20
`_2024-01-31 19:37:20_
--------
*bd62bce1f10a8ea80c682ed6f811ef8f*
`登陆天数: 23天 / 643天
等级: 1
石头: 5
呼符: 0
体力: 839491.2066666667 / 20
友情点: 0 / 164000`
*連続ログイン2日目
※ログインが途切れるか、7日到達すると
1日目から再開されます*
`聖晶石 X 1
2月交換券(2024) X 1
`*「Fate/stay night」20周年記念
7万リポスト達成プレゼント*
*開催期間中、初回ログインで「聖晶石×20」をプレゼント！*
`聖晶石 X 20
`_2024-01-31 19:37:27_
--------
