【登录信息】
*3084073a697602a159acb3c9452b4b00*
`登陆天数: 50天 / 2408天
等级: 162
石头: 244
呼符: 5
体力: 191.82666666666665 / 144
友情点: 150 / 6865310`
*連続ログイン1日目
※ログインが途切れるか、7日到達すると
1日目から再開されます*
`フレンドポイント X 2000
2月交換券(2024) X 1
`*日替りログインボーナス*
*開催期間中、1日1回 2週間日替りでログインボーナスをプレゼント！*
`聖晶石 X 1
巡霊の葉 X 50
`_2024-02-01 19:37:18_
--------
*517ccfc56e0b068f419634fc871e36b0*
`登陆天数: 24天 / 623天
等级: 1
石头: 2
呼符: 0
体力: 840490.8833333333 / 20
友情点: 0 / 186000`
*連続ログイン3日目
※ログインが途切れるか、7日到達すると
1日目から再開されます*
`叡智の業火 X 1
2月交換券(2024) X 1
`_2024-02-01 19:37:29_
--------
*bd62bce1f10a8ea80c682ed6f811ef8f*
`登陆天数: 24天 / 644天
等级: 1
石头: 5
呼符: 0
体力: 839779.24 / 20
友情点: 0 / 164000`
*連続ログイン3日目
※ログインが途切れるか、7日到達すると
1日目から再開されます*
`叡智の業火 X 1
2月交換券(2024) X 1
`_2024-02-01 19:37:37_
--------
