【登录信息】
*3084073a697602a159acb3c9452b4b00*
`登陆天数: 51天 / 2409天
等级: 162
石头: 236
呼符: 5
体力: 132.97333333333333 / 144
友情点: 80 / 6868190`
*連続ログイン2日目
※ログインが途切れるか、7日到達すると
1日目から再開されます*
`聖晶石 X 1
2月交換券(2024) X 1
`*日替りログインボーナス*
*開催期間中、1日1回 2週間日替りでログインボーナスをプレゼント！*
`巡霊の葉 X 30
`_2024-02-02 19:37:29_
--------
*517ccfc56e0b068f419634fc871e36b0*
`登陆天数: 25天 / 624天
等级: 1
石头: 2
呼符: 0
体力: 840778.92 / 20
友情点: 0 / 186000`
*連続ログイン4日目
※ログインが途切れるか、7日到達すると
1日目から再開されます*
`聖晶石 X 1
2月交換券(2024) X 1
`_2024-02-02 19:37:39_
--------
*bd62bce1f10a8ea80c682ed6f811ef8f*
`登陆天数: 25天 / 645天
等级: 1
石头: 5
呼符: 0
体力: 840067.2733333333 / 20
友情点: 0 / 164000`
*連続ログイン4日目
※ログインが途切れるか、7日到達すると
1日目から再開されます*
`聖晶石 X 1
2月交換券(2024) X 1
`_2024-02-02 19:37:47_
--------
