【登录信息】
*3084073a697602a159acb3c9452b4b00*
`登陆天数: 54天 / 2412天
等级: 162
石头: 239
呼符: 5
体力: 829.0766666666667 / 144
友情点: 455 / 6869255`
*連続ログイン5日目
※ログインが途切れるか、7日到達すると
1日目から再開されます*
`叡智の業火 X 2
2月交換券(2024) X 1
`*日替りログインボーナス*
*開催期間中、1日1回 2週間日替りでログインボーナスをプレゼント！*
`巡霊の葉 X 30
`_2024-02-05 19:37:26_
--------
*517ccfc56e0b068f419634fc871e36b0*
`登陆天数: 28天 / 627天
等级: 1
石头: 2
呼符: 0
体力: 841642.91 / 20
友情点: 0 / 186000`
*連続ログイン7日間到達おめでとうございます！
明日は1日目からリスタートされます。*
`獣の足跡 X 1
呼符 X 1
2月交換券(2024) X 1
`_2024-02-05 19:37:36_
--------
*bd62bce1f10a8ea80c682ed6f811ef8f*
`登陆天数: 28天 / 648天
等级: 1
石头: 5
呼符: 0
体力: 840931.2633333333 / 20
友情点: 0 / 164000`
*連続ログイン7日間到達おめでとうございます！
明日は1日目からリスタートされます。*
`獣の足跡 X 1
呼符 X 1
2月交換券(2024) X 1
`_2024-02-05 19:37:45_
--------
