【登录信息】
*3084073a697602a159acb3c9452b4b00*
`登陆天数: 55天 / 2413天
等级: 162
石头: 239
呼符: 5
体力: 1117.0566666666666 / 144
友情点: 285 / 6869540`
*連続ログイン6日目
※ログインが途切れるか、7日到達すると
1日目から再開されます*
`聖晶石 X 2
2月交換券(2024) X 1
`*盈月剣風帖開幕記念 ログインボーナス*
*開催期間中、1日1回 最大21回ログインボーナスをプレゼント！*
`白銀の果実 X 1
`_2024-02-06 19:37:21_
--------
*517ccfc56e0b068f419634fc871e36b0*
`登陆天数: 29天 / 628天
等级: 1
石头: 2
呼符: 0
体力: 841930.89 / 20
友情点: 0 / 186000`
*連続ログイン1日目
※ログインが途切れるか、7日到達すると
1日目から再開されます*
`フレンドポイント X 2000
2月交換券(2024) X 1
`_2024-02-06 19:37:31_
--------
*bd62bce1f10a8ea80c682ed6f811ef8f*
`登陆天数: 29天 / 649天
等级: 1
石头: 5
呼符: 0
体力: 841219.2433333333 / 20
友情点: 0 / 164000`
*連続ログイン1日目
※ログインが途切れるか、7日到達すると
1日目から再開されます*
`フレンドポイント X 2000
2月交換券(2024) X 1
`_2024-02-06 19:37:38_
--------
