【登录信息】
*3084073a697602a159acb3c9452b4b00*
`登陆天数: 56天 / 2414天
等级: 162
石头: 239
呼符: 5
体力: 1405.05 / 144
友情点: 430 / 6869970`
*連続ログイン7日間到達おめでとうございます！
明日は1日目からリスタートされます。*
`獣の足跡 X 1
呼符 X 1
2月交換券(2024) X 1
`*日替りログインボーナス*
*開催期間中、1日1回 2週間日替りでログインボーナスをプレゼント！*
`聖晶石 X 3
巡霊の葉 X 50
`_2024-02-07 19:37:19_
--------
*517ccfc56e0b068f419634fc871e36b0*
`登陆天数: 30天 / 629天
等级: 1
石头: 2
呼符: 0
体力: 842218.8833333333 / 20
友情点: 0 / 186000`
*連続ログイン2日目
※ログインが途切れるか、7日到達すると
1日目から再開されます*
`聖晶石 X 1
2月交換券(2024) X 1
`*使用期限付コンティニューアイテムプレゼント！*
*開催期間中、初回ログインでコンティニューアイテム「霊脈石×3」をプレゼント！*
`霊脈石 X 3
`_2024-02-07 19:37:29_
--------
*bd62bce1f10a8ea80c682ed6f811ef8f*
`登陆天数: 30天 / 650天
等级: 1
石头: 5
呼符: 0
体力: 841507.2366666667 / 20
友情点: 0 / 164000`
*連続ログイン2日目
※ログインが途切れるか、7日到達すると
1日目から再開されます*
`聖晶石 X 1
2月交換券(2024) X 1
`*使用期限付コンティニューアイテムプレゼント！*
*開催期間中、初回ログインでコンティニューアイテム「霊脈石×3」をプレゼント！*
`霊脈石 X 3
`_2024-02-07 19:37:37_
--------
