【登录信息】
*3084073a697602a159acb3c9452b4b00*
`登陆天数: 57天 / 2415天
等级: 162
石头: 239
呼符: 5
体力: 1693.0666666666666 / 144
友情点: 420 / 6870390`
*連続ログイン1日目
※ログインが途切れるか、7日到達すると
1日目から再開されます*
`フレンドポイント X 2000
2月交換券(2024) X 1
`*日替りログインボーナス*
*開催期間中、1日1回 2週間日替りでログインボーナスをプレゼント！*
`聖晶石 X 1
巡霊の葉 X 50
`_2024-02-08 19:37:22_
--------
*517ccfc56e0b068f419634fc871e36b0*
`登陆天数: 31天 / 630天
等级: 1
石头: 2
呼符: 0
体力: 842506.9033333333 / 20
友情点: 0 / 186000`
*連続ログイン3日目
※ログインが途切れるか、7日到達すると
1日目から再開されます*
`叡智の業火 X 1
2月交換券(2024) X 1
`_2024-02-08 19:37:34_
--------
*bd62bce1f10a8ea80c682ed6f811ef8f*
`登陆天数: 31天 / 651天
等级: 1
石头: 5
呼符: 0
体力: 841795.2566666667 / 20
友情点: 0 / 164000`
*連続ログイン3日目
※ログインが途切れるか、7日到達すると
1日目から再開されます*
`叡智の業火 X 1
2月交換券(2024) X 1
`_2024-02-08 19:37:42_
--------
