【登录信息】
*3084073a697602a159acb3c9452b4b00*
`登陆天数: 60天 / 2418天
等级: 162
石头: 239
呼符: 5
体力: 2557.02 / 144
友情点: 440 / 6871570`
*連続ログイン4日目
※ログインが途切れるか、7日到達すると
1日目から再開されます*
`聖晶石 X 1
2月交換券(2024) X 1
`*「FGO カルデア・サテライトステーション 2023-2024」新潟会場開催記念 3万リポスト達成プレゼント*
*開催期間中、初回ログインで「聖晶石×6」をプレゼント！*
`聖晶石 X 6
`_2024-02-11 19:37:09_
--------
*517ccfc56e0b068f419634fc871e36b0*
`登陆天数: 34天 / 633天
等级: 1
石头: 2
呼符: 0
体力: 843370.8533333334 / 20
友情点: 0 / 186000`
*連続ログイン6日目
※ログインが途切れるか、7日到達すると
1日目から再開されます*
`聖晶石 X 2
2月交換券(2024) X 1
`_2024-02-11 19:37:19_
--------
*bd62bce1f10a8ea80c682ed6f811ef8f*
`登陆天数: 34天 / 654天
等级: 1
石头: 5
呼符: 0
体力: 842659.2066666667 / 20
友情点: 0 / 164000`
*連続ログイン6日目
※ログインが途切れるか、7日到達すると
1日目から再開されます*
`聖晶石 X 2
2月交換券(2024) X 1
`_2024-02-11 19:37:27_
--------
