【登录信息】
*3084073a697602a159acb3c9452b4b00*
`登陆天数: 61天 / 2419天
等级: 162
石头: 239
呼符: 5
体力: 2845.09 / 144
友情点: 630 / 6872400`
*連続ログイン5日目
※ログインが途切れるか、7日到達すると
1日目から再開されます*
`叡智の業火 X 2
2月交換券(2024) X 1
`*日替りログインボーナス*
*開催期間中、1日1回 2週間日替りでログインボーナスをプレゼント！*
`巡霊の葉 X 30
`_2024-02-12 19:37:30_
--------
*517ccfc56e0b068f419634fc871e36b0*
`登陆天数: 35天 / 634天
等级: 1
石头: 2
呼符: 0
体力: 843658.9266666666 / 20
友情点: 0 / 186000`
*連続ログイン7日間到達おめでとうございます！
明日は1日目からリスタートされます。*
`獣の足跡 X 1
呼符 X 1
2月交換券(2024) X 1
`_2024-02-12 19:37:41_
--------
*bd62bce1f10a8ea80c682ed6f811ef8f*
`登陆天数: 35天 / 655天
等级: 1
石头: 5
呼符: 0
体力: 842947.28 / 20
友情点: 0 / 164000`
*連続ログイン7日間到達おめでとうございます！
明日は1日目からリスタートされます。*
`獣の足跡 X 1
呼符 X 1
2月交換券(2024) X 1
`_2024-02-12 19:37:49_
--------
