【登录信息】
*3084073a697602a159acb3c9452b4b00*
`登陆天数: 62天 / 2420天
等级: 162
石头: 239
呼符: 5
体力: 3133.0533333333333 / 144
友情点: 140 / 6872540`
*連続ログイン6日目
※ログインが途切れるか、7日到達すると
1日目から再開されます*
`聖晶石 X 2
2月交換券(2024) X 1
`*バレンタイン2024
開幕直前特別ログインボーナス*
*開催期間中、1日1回 最大7回ログインボーナスをプレゼント！*
`マナプリズム X 50
`_2024-02-13 19:37:19_
--------
*517ccfc56e0b068f419634fc871e36b0*
`登陆天数: 36天 / 635天
等级: 1
石头: 2
呼符: 0
体力: 843946.8866666667 / 20
友情点: 0 / 186000`
*連続ログイン1日目
※ログインが途切れるか、7日到達すると
1日目から再開されます*
`フレンドポイント X 2000
2月交換券(2024) X 1
`_2024-02-13 19:37:29_
--------
*bd62bce1f10a8ea80c682ed6f811ef8f*
`登陆天数: 36天 / 656天
等级: 1
石头: 5
呼符: 0
体力: 843235.24 / 20
友情点: 0 / 164000`
*連続ログイン1日目
※ログインが途切れるか、7日到達すると
1日目から再開されます*
`フレンドポイント X 2000
2月交換券(2024) X 1
`_2024-02-13 19:37:38_
--------
