【登录信息】
[3084073a697602a159acb3c9452b4b00]
`登陆天数: 218天 / 1912天
等级: 160
石头: 0
呼符: 0
友情点: 50 / 1437825`
*連続ログイン1日目
※ログインが途切れるか、7日到達すると
1日目から再開されます*
`フレンドポイント X 2000
9月交換券(2022) X 1
`*2600万DL突破記念 特別連続ログインボーナス*
*開催期間中、1日1回 最大7回 連続ログインボーナスをプレゼント！*
`呼符 X 10
`_2022-09-06 19:35:55_
--------
[517ccfc56e0b068f419634fc871e36b0]
`登陆天数: 143天 / 163天
等级: 1
石头: 0
呼符: 0
友情点: 0 / 122000`
*連続ログイン3日目
※ログインが途切れるか、7日到達すると
1日目から再開されます*
`叡智の業火 X 1
9月交換券(2022) X 1
`_2022-09-06 19:36:05_
--------
[bd62bce1f10a8ea80c682ed6f811ef8f]
`登陆天数: 142天 / 184天
等级: 1
石头: 34
呼符: 0
友情点: 0 / 94000`
*連続ログイン2日目
※ログインが途切れるか、7日到達すると
1日目から再開されます*
`聖晶石 X 1
9月交換券(2022) X 1
`_2022-09-06 19:36:13_
--------
