【登录信息】
[3084073a697602a159acb3c9452b4b00]
`登陆天数: 226天 / 1920天
等级: 160
石头: 1
呼符: 0
友情点: 210 / 1457310`
*連続ログイン2日目
※ログインが途切れるか、7日到達すると
1日目から再開されます*
`聖晶石 X 1
9月交換券(2022) X 1
`*FGO カルデア放送局 ライト版 ～ぐだぐだ新邪馬台国～
放送記念 初回ログインボーナス*
*開催期間中、初回ログインで「聖晶石×14」をプレゼント！*
`聖晶石 X 14
`_2022-09-14 19:41:02_
--------
[517ccfc56e0b068f419634fc871e36b0]
`登陆天数: 151天 / 171天
等级: 1
石头: 0
呼符: 0
友情点: 0 / 122000`
*連続ログイン4日目
※ログインが途切れるか、7日到達すると
1日目から再開されます*
`聖晶石 X 1
9月交換券(2022) X 1
`_2022-09-14 19:41:12_
--------
[bd62bce1f10a8ea80c682ed6f811ef8f]
`登陆天数: 150天 / 192天
等级: 1
石头: 34
呼符: 0
友情点: 0 / 94000`
*連続ログイン3日目
※ログインが途切れるか、7日到達すると
1日目から再開されます*
`叡智の業火 X 1
9月交換券(2022) X 1
`_2022-09-14 19:41:20_
--------
