【登录信息】
[3084073a697602a159acb3c9452b4b00]
`登陆天数: 227天 / 1921天
等级: 160
石头: 2
呼符: 0
友情点: 100 / 1460810`
*連続ログイン3日目
※ログインが途切れるか、7日到達すると
1日目から再開されます*
`叡智の業火 X 1
9月交換券(2022) X 1
`_2022-09-15 19:40:43_
--------
[517ccfc56e0b068f419634fc871e36b0]
`登陆天数: 152天 / 172天
等级: 1
石头: 0
呼符: 0
友情点: 0 / 122000`
*連続ログイン5日目
※ログインが途切れるか、7日到達すると
1日目から再開されます*
`叡智の業火 X 2
9月交換券(2022) X 1
`_2022-09-15 19:40:53_
--------
[bd62bce1f10a8ea80c682ed6f811ef8f]
`登陆天数: 151天 / 193天
等级: 1
石头: 34
呼符: 0
友情点: 0 / 94000`
*連続ログイン4日目
※ログインが途切れるか、7日到達すると
1日目から再開されます*
`聖晶石 X 1
9月交換券(2022) X 1
`_2022-09-15 19:41:01_
--------
