【登录信息】
[3084073a697602a159acb3c9452b4b00]
`登陆天数: 229天 / 1923天
等级: 160
石头: 5
呼符: 0
友情点: 260 / 1464270`
*連続ログイン5日目
※ログインが途切れるか、7日到達すると
1日目から再開されます*
`叡智の業火 X 2
9月交換券(2022) X 1
`*京都国際マンガ・アニメフェア2022
出展記念 初回ログインボーナス*
*開催期間中、初回ログインで「聖晶石×10」をプレゼント！*
`聖晶石 X 10
`_2022-09-17 19:39:43_
--------
[517ccfc56e0b068f419634fc871e36b0]
`登陆天数: 154天 / 174天
等级: 1
石头: 0
呼符: 0
友情点: 0 / 122000`
*連続ログイン7日間到達おめでとうございます！
明日は1日目からリスタートされます。*
`獣の足跡 X 1
呼符 X 1
9月交換券(2022) X 1
`_2022-09-17 19:39:52_
--------
[bd62bce1f10a8ea80c682ed6f811ef8f]
`登陆天数: 153天 / 195天
等级: 1
石头: 34
呼符: 0
友情点: 0 / 94000`
*連続ログイン6日目
※ログインが途切れるか、7日到達すると
1日目から再開されます*
`聖晶石 X 2
9月交換券(2022) X 1
`_2022-09-17 19:40:00_
--------
