【登录信息】
[3084073a697602a159acb3c9452b4b00]
`登陆天数: 231天 / 1925天
等级: 160
石头: 7
呼符: 0
友情点: 0 / 1466800`
*連続ログイン7日間到達おめでとうございます！
明日は1日目からリスタートされます。*
`獣の足跡 X 1
呼符 X 1
9月交換券(2022) X 1
`_2022-09-19 19:41:32_
--------
[517ccfc56e0b068f419634fc871e36b0]
`登陆天数: 156天 / 176天
等级: 1
石头: 235
呼符: 19
友情点: 0 / 160000`
*連続ログイン2日目
※ログインが途切れるか、7日到達すると
1日目から再開されます*
`聖晶石 X 1
9月交換券(2022) X 1
`_2022-09-19 19:41:41_
--------
[bd62bce1f10a8ea80c682ed6f811ef8f]
`登陆天数: 155天 / 197天
等级: 1
石头: 310
呼符: 27
友情点: 0 / 136000`
*連続ログイン1日目
※ログインが途切れるか、7日到達すると
1日目から再開されます*
`フレンドポイント X 2000
9月交換券(2022) X 1
`_2022-09-19 19:41:49_
--------
