【登录信息】
[3084073a697602a159acb3c9452b4b00]
`登陆天数: 236天 / 1930天
等级: 160
石头: 44
呼符: 0
友情点: 310 / 1471810`
*連続ログイン5日目
※ログインが途切れるか、7日到達すると
1日目から再開されます*
`叡智の業火 X 2
9月交換券(2022) X 1
`_2022-09-24 19:40:04_
--------
[517ccfc56e0b068f419634fc871e36b0]
`登陆天数: 161天 / 181天
等级: 1
石头: 235
呼符: 19
友情点: 0 / 160000`
*連続ログイン7日間到達おめでとうございます！
明日は1日目からリスタートされます。*
`獣の足跡 X 1
呼符 X 1
9月交換券(2022) X 1
`_2022-09-24 19:40:13_
--------
[bd62bce1f10a8ea80c682ed6f811ef8f]
`登陆天数: 160天 / 202天
等级: 1
石头: 310
呼符: 27
友情点: 0 / 136000`
*連続ログイン6日目
※ログインが途切れるか、7日到達すると
1日目から再開されます*
`聖晶石 X 2
9月交換券(2022) X 1
`_2022-09-24 19:40:21_
--------
