【登录信息】
[3084073a697602a159acb3c9452b4b00]
`登陆天数: 239天 / 1933天
等级: 160
石头: 44
呼符: 0
友情点: 190 / 1474845`
*連続ログイン1日目
※ログインが途切れるか、7日到達すると
1日目から再開されます*
`フレンドポイント X 2000
9月交換券(2022) X 1
`_2022-09-27 19:44:29_
--------
[517ccfc56e0b068f419634fc871e36b0]
`登陆天数: 164天 / 184天
等级: 1
石头: 235
呼符: 19
友情点: 0 / 160000`
*連続ログイン3日目
※ログインが途切れるか、7日到達すると
1日目から再開されます*
`叡智の業火 X 1
9月交換券(2022) X 1
`_2022-09-27 19:44:38_
--------
[bd62bce1f10a8ea80c682ed6f811ef8f]
`登陆天数: 163天 / 205天
等级: 1
石头: 310
呼符: 27
友情点: 0 / 136000`
*連続ログイン2日目
※ログインが途切れるか、7日到達すると
1日目から再開されます*
`聖晶石 X 1
9月交換券(2022) X 1
`_2022-09-27 19:44:46_
--------
