【登录信息】
*3084073a697602a159acb3c9452b4b00*
`登陆天数: 4天 / 2495天
等级: 162
石头: 25
呼符: 5
体力: 110.50666666666666 / 144
友情点: 210 / 6947600`
*連続ログイン4日目
※ログインが途切れるか、7日到達すると
1日目から再開されます*
`聖晶石 X 1
7月交換券(2024) X 1
`*踊るドラゴン・キャッスル！ ～深海の姫君とふたつの宝玉～ 開幕記念 ログインボーナス*
*開催期間中、1日1回 最大21回 ログインボーナスをプレゼント！*
`白銀の果実 X 1
`_2024-07-02 19:35:47_
--------
*517ccfc56e0b068f419634fc871e36b0*
`登陆天数: 4天 / 690天
等级: 1
石头: 2
呼符: 0
体力: 884266.58 / 20
友情点: 0 / 186000`
*連続ログイン4日目
※ログインが途切れるか、7日到達すると
1日目から再開されます*
`聖晶石 X 1
7月交換券(2024) X 1
`_2024-07-02 19:35:57_
--------
*bd62bce1f10a8ea80c682ed6f811ef8f*
`登陆天数: 4天 / 711天
等级: 1
石头: 5
呼符: 0
体力: 883554.9333333333 / 20
友情点: 0 / 164000`
*連続ログイン4日目
※ログインが途切れるか、7日到達すると
1日目から再開されます*
`聖晶石 X 1
7月交換券(2024) X 1
`_2024-07-02 19:36:06_
--------
