【登录信息】
*3084073a697602a159acb3c9452b4b00*
`登陆天数: 5天 / 2496天
等级: 162
石头: 25
呼符: 5
体力: 398.49666666666667 / 144
友情点: 955 / 6951155`
*連続ログイン5日目
※ログインが途切れるか、7日到達すると
1日目から再開されます*
`叡智の業火 X 2
7月交換券(2024) X 1
`*踊るドラゴン・キャッスル！ ～深海の姫君とふたつの宝玉～ 開幕記念 ログインボーナス*
*開催期間中、1日1回 最大21回 ログインボーナスをプレゼント！*
`白銀の果実 X 1
`_2024-07-03 19:35:44_
--------
*517ccfc56e0b068f419634fc871e36b0*
`登陆天数: 5天 / 691天
等级: 1
石头: 2
呼符: 0
体力: 884554.57 / 20
友情点: 0 / 186000`
*連続ログイン5日目
※ログインが途切れるか、7日到達すると
1日目から再開されます*
`叡智の業火 X 2
7月交換券(2024) X 1
`_2024-07-03 19:35:54_
--------
*bd62bce1f10a8ea80c682ed6f811ef8f*
`登陆天数: 5天 / 712天
等级: 1
石头: 5
呼符: 0
体力: 883842.9233333333 / 20
友情点: 0 / 164000`
*連続ログイン5日目
※ログインが途切れるか、7日到達すると
1日目から再開されます*
`叡智の業火 X 2
7月交換券(2024) X 1
`_2024-07-03 19:36:02_
--------
