【登录信息】
*3084073a697602a159acb3c9452b4b00*
`登陆天数: 6天 / 2497天
等级: 162
石头: 25
呼符: 5
体力: 686.4733333333334 / 144
友情点: 890 / 6953645`
*連続ログイン6日目
※ログインが途切れるか、7日到達すると
1日目から再開されます*
`聖晶石 X 2
7月交換券(2024) X 1
`*踊るドラゴン・キャッスル！ ～深海の姫君とふたつの宝玉～ 開幕記念 ログインボーナス*
*開催期間中、1日1回 最大21回 ログインボーナスをプレゼント！*
`白銀の果実 X 1
`_2024-07-04 19:35:37_
--------
*517ccfc56e0b068f419634fc871e36b0*
`登陆天数: 6天 / 692天
等级: 1
石头: 2
呼符: 0
体力: 884842.5466666666 / 20
友情点: 0 / 186000`
*連続ログイン6日目
※ログインが途切れるか、7日到達すると
1日目から再開されます*
`聖晶石 X 2
7月交換券(2024) X 1
`_2024-07-04 19:35:47_
--------
*bd62bce1f10a8ea80c682ed6f811ef8f*
`登陆天数: 6天 / 713天
等级: 1
石头: 5
呼符: 0
体力: 884130.9 / 20
友情点: 0 / 164000`
*連続ログイン6日目
※ログインが途切れるか、7日到達すると
1日目から再開されます*
`聖晶石 X 2
7月交換券(2024) X 1
`_2024-07-04 19:35:55_
--------
