【登录信息】
*3084073a697602a159acb3c9452b4b00*
`登陆天数: 7天 / 2498天
等级: 162
石头: 25
呼符: 5
体力: 974.2733333333333 / 144
友情点: 1200 / 6959455`
*連続ログイン7日間到達おめでとうございます！
明日は1日目からリスタートされます。*
`獣の足跡 X 1
呼符 X 1
7月交換券(2024) X 1
`*踊るドラゴン・キャッスル！ ～深海の姫君とふたつの宝玉～ 開幕記念 ログインボーナス*
*開催期間中、1日1回 最大21回 ログインボーナスをプレゼント！*
`白銀の果実 X 1
`_2024-07-05 19:34:37_
--------
*517ccfc56e0b068f419634fc871e36b0*
`登陆天数: 7天 / 693天
等级: 1
石头: 2
呼符: 0
体力: 885130.3466666667 / 20
友情点: 0 / 186000`
*連続ログイン7日間到達おめでとうございます！
明日は1日目からリスタートされます。*
`獣の足跡 X 1
呼符 X 1
7月交換券(2024) X 1
`_2024-07-05 19:34:47_
--------
*bd62bce1f10a8ea80c682ed6f811ef8f*
`登陆天数: 7天 / 714天
等级: 1
石头: 5
呼符: 0
体力: 884418.7 / 20
友情点: 0 / 164000`
*連続ログイン7日間到達おめでとうございます！
明日は1日目からリスタートされます。*
`獣の足跡 X 1
呼符 X 1
7月交換券(2024) X 1
`_2024-07-05 19:34:55_
--------
