【登录信息】
*3084073a697602a159acb3c9452b4b00*
`登陆天数: 12天 / 2503天
等级: 162
石头: 25
呼符: 6
体力: 460.03333333333336 / 144
友情点: 1470 / 6994985`
*連続ログイン5日目
※ログインが途切れるか、7日到達すると
1日目から再開されます*
`叡智の業火 X 2
7月交換券(2024) X 1
`*「水着イベント2024」参加条件クリア応援キャンペーン 第2弾
特別ログインボーナス*
*開催期間中、1日1回 最大7回 ログインボーナスをプレゼント！*
`黄金の果実 X 1
`_2024-07-10 19:34:57_
--------
*517ccfc56e0b068f419634fc871e36b0*
`登陆天数: 12天 / 698天
等级: 1
石头: 2
呼符: 0
体力: 886570.41 / 20
友情点: 0 / 186000`
*連続ログイン5日目
※ログインが途切れるか、7日到達すると
1日目から再開されます*
`叡智の業火 X 2
7月交換券(2024) X 1
`*使用期限付コンティニューアイテムプレゼント！*
*開催期間中、初回ログインでコンティニューアイテム「霊脈石×5」をプレゼント！*
`霊脈石 X 5
`_2024-07-10 19:35:07_
--------
*bd62bce1f10a8ea80c682ed6f811ef8f*
`登陆天数: 12天 / 719天
等级: 1
石头: 5
呼符: 0
体力: 885858.7633333333 / 20
友情点: 0 / 164000`
*連続ログイン5日目
※ログインが途切れるか、7日到達すると
1日目から再開されます*
`叡智の業火 X 2
7月交換券(2024) X 1
`*使用期限付コンティニューアイテムプレゼント！*
*開催期間中、初回ログインでコンティニューアイテム「霊脈石×5」をプレゼント！*
`霊脈石 X 5
`_2024-07-10 19:35:15_
--------
