【登录信息】
*3084073a697602a159acb3c9452b4b00*
`登陆天数: 14天 / 2505天
等级: 162
石头: 25
呼符: 6
体力: 1036.1433333333334 / 144
友情点: 1360 / 7002185`
*連続ログイン7日間到達おめでとうございます！
明日は1日目からリスタートされます。*
`獣の足跡 X 1
呼符 X 1
7月交換券(2024) X 1
`*「水着イベント2024」参加条件クリア応援キャンペーン 第2弾
特別ログインボーナス*
*開催期間中、1日1回 最大7回 ログインボーナスをプレゼント！*
`QP X 2000000
`_2024-07-12 19:35:30_
--------
*517ccfc56e0b068f419634fc871e36b0*
`登陆天数: 14天 / 700天
等级: 1
石头: 2
呼符: 0
体力: 887146.5233333333 / 20
友情点: 0 / 186000`
*連続ログイン7日間到達おめでとうございます！
明日は1日目からリスタートされます。*
`獣の足跡 X 1
呼符 X 1
7月交換券(2024) X 1
`*使用期限付コンティニューアイテムプレゼント！*
*開催期間中、1日1回 最大7回 コンティニューアイテム「霊脈石」をプレゼント！*
`霊脈石 X 1
`_2024-07-12 19:35:40_
--------
*bd62bce1f10a8ea80c682ed6f811ef8f*
`登陆天数: 14天 / 721天
等级: 1
石头: 5
呼符: 0
体力: 886434.8766666667 / 20
友情点: 0 / 164000`
*連続ログイン7日間到達おめでとうございます！
明日は1日目からリスタートされます。*
`獣の足跡 X 1
呼符 X 1
7月交換券(2024) X 1
`*使用期限付コンティニューアイテムプレゼント！*
*開催期間中、1日1回 最大7回 コンティニューアイテム「霊脈石」をプレゼント！*
`霊脈石 X 1
`_2024-07-12 19:35:48_
--------
