【登录信息】
*3084073a697602a159acb3c9452b4b00*
`登陆天数: 15天 / 2506天
等级: 162
石头: 25
呼符: 6
体力: 1324.32 / 144
友情点: 960 / 7009965`
*連続ログイン1日目
※ログインが途切れるか、7日到達すると
1日目から再開されます*
`フレンドポイント X 2000
7月交換券(2024) X 1
`*「水着イベント2024」参加条件クリア応援キャンペーン 第2弾
特別ログインボーナス*
*開催期間中、1日1回 最大7回 ログインボーナスをプレゼント！*
`黄金の果実 X 1
`_2024-07-13 19:36:23_
--------
*517ccfc56e0b068f419634fc871e36b0*
`登陆天数: 15天 / 701天
等级: 1
石头: 2
呼符: 0
体力: 887434.6966666667 / 20
友情点: 0 / 186000`
*連続ログイン1日目
※ログインが途切れるか、7日到達すると
1日目から再開されます*
`フレンドポイント X 2000
7月交換券(2024) X 1
`*使用期限付コンティニューアイテムプレゼント！*
*開催期間中、1日1回 最大7回 コンティニューアイテム「霊脈石」をプレゼント！*
`霊脈石 X 1
`_2024-07-13 19:36:33_
--------
*bd62bce1f10a8ea80c682ed6f811ef8f*
`登陆天数: 15天 / 722天
等级: 1
石头: 5
呼符: 0
体力: 886723.05 / 20
友情点: 0 / 164000`
*連続ログイン1日目
※ログインが途切れるか、7日到達すると
1日目から再開されます*
`フレンドポイント X 2000
7月交換券(2024) X 1
`*使用期限付コンティニューアイテムプレゼント！*
*開催期間中、1日1回 最大7回 コンティニューアイテム「霊脈石」をプレゼント！*
`霊脈石 X 1
`_2024-07-13 19:36:41_
--------
