【登录信息】
*3084073a697602a159acb3c9452b4b00*
`登陆天数: 16天 / 2507天
等级: 162
石头: 25
呼符: 6
体力: 1612.0133333333333 / 144
友情点: 1910 / 7015475`
*連続ログイン2日目
※ログインが途切れるか、7日到達すると
1日目から再開されます*
`聖晶石 X 1
7月交換券(2024) X 1
`*「水着イベント2024」参加条件クリア応援キャンペーン 第2弾
特別ログインボーナス*
*開催期間中、1日1回 最大7回 ログインボーナスをプレゼント！*
`英霊結晶・星のフォウくん X 10
`_2024-07-14 19:34:52_
--------
*517ccfc56e0b068f419634fc871e36b0*
`登陆天数: 16天 / 702天
等级: 1
石头: 2
呼符: 0
体力: 887722.3933333333 / 20
友情点: 0 / 186000`
*連続ログイン2日目
※ログインが途切れるか、7日到達すると
1日目から再開されます*
`聖晶石 X 1
7月交換券(2024) X 1
`*使用期限付コンティニューアイテムプレゼント！*
*開催期間中、1日1回 最大7回 コンティニューアイテム「霊脈石」をプレゼント！*
`霊脈石 X 1
`_2024-07-14 19:35:02_
--------
*bd62bce1f10a8ea80c682ed6f811ef8f*
`登陆天数: 16天 / 723天
等级: 1
石头: 5
呼符: 0
体力: 887010.75 / 20
友情点: 0 / 164000`
*連続ログイン2日目
※ログインが途切れるか、7日到達すると
1日目から再開されます*
`聖晶石 X 1
7月交換券(2024) X 1
`*使用期限付コンティニューアイテムプレゼント！*
*開催期間中、1日1回 最大7回 コンティニューアイテム「霊脈石」をプレゼント！*
`霊脈石 X 1
`_2024-07-14 19:35:10_
--------
