【登录信息】
*3084073a697602a159acb3c9452b4b00*
`登陆天数: 17天 / 2508天
等级: 162
石头: 25
呼符: 6
体力: 1900.05 / 144
友情点: 1680 / 7021765`
*連続ログイン3日目
※ログインが途切れるか、7日到達すると
1日目から再開されます*
`叡智の業火 X 1
7月交換券(2024) X 1
`*「水着イベント2024」参加条件クリア応援キャンペーン 第2弾
特別ログインボーナス*
*開催期間中、1日1回 最大7回 ログインボーナスをプレゼント！*
`英霊結晶・太陽のフォウくん X 10
`_2024-07-15 19:35:03_
--------
*517ccfc56e0b068f419634fc871e36b0*
`登陆天数: 17天 / 703天
等级: 1
石头: 2
呼符: 0
体力: 888010.43 / 20
友情点: 0 / 186000`
*連続ログイン3日目
※ログインが途切れるか、7日到達すると
1日目から再開されます*
`叡智の業火 X 1
7月交換券(2024) X 1
`*使用期限付コンティニューアイテムプレゼント！*
*開催期間中、1日1回 最大7回 コンティニューアイテム「霊脈石」をプレゼント！*
`霊脈石 X 1
`_2024-07-15 19:35:12_
--------
*bd62bce1f10a8ea80c682ed6f811ef8f*
`登陆天数: 17天 / 724天
等级: 1
石头: 5
呼符: 0
体力: 887298.78 / 20
友情点: 0 / 164000`
*連続ログイン3日目
※ログインが途切れるか、7日到達すると
1日目から再開されます*
`叡智の業火 X 1
7月交換券(2024) X 1
`*使用期限付コンティニューアイテムプレゼント！*
*開催期間中、1日1回 最大7回 コンティニューアイテム「霊脈石」をプレゼント！*
`霊脈石 X 1
`_2024-07-15 19:35:20_
--------
