【登录信息】
*3084073a697602a159acb3c9452b4b00*
`登陆天数: 20天 / 2511天
等级: 162
石头: 72
呼符: 0
体力: 210.73000000000002 / 144
友情点: 905 / 7035610`
*連続ログイン6日目
※ログインが途切れるか、7日到達すると
1日目から再開されます*
`聖晶石 X 2
7月交換券(2024) X 1
`*使用期限付コンティニューアイテムプレゼント！*
*開催期間中、1日1回 最大7回 コンティニューアイテム「霊脈石」をプレゼント！*
`霊脈石 X 1
`_2024-07-18 19:34:54_
--------
*517ccfc56e0b068f419634fc871e36b0*
`登陆天数: 20天 / 706天
等级: 1
石头: 2
呼符: 0
体力: 888874.4033333333 / 20
友情点: 0 / 186000`
*連続ログイン6日目
※ログインが途切れるか、7日到達すると
1日目から再開されます*
`聖晶石 X 2
7月交換券(2024) X 1
`*使用期限付コンティニューアイテムプレゼント！*
*開催期間中、1日1回 最大7回 コンティニューアイテム「霊脈石」をプレゼント！*
`霊脈石 X 1
`_2024-07-18 19:35:04_
--------
*bd62bce1f10a8ea80c682ed6f811ef8f*
`登陆天数: 20天 / 727天
等级: 1
石头: 5
呼符: 0
体力: 888162.7533333333 / 20
友情点: 0 / 164000`
*連続ログイン6日目
※ログインが途切れるか、7日到達すると
1日目から再開されます*
`聖晶石 X 2
7月交換券(2024) X 1
`*使用期限付コンティニューアイテムプレゼント！*
*開催期間中、1日1回 最大7回 コンティニューアイテム「霊脈石」をプレゼント！*
`霊脈石 X 1
`_2024-07-18 19:35:12_
--------
