【登录信息】
*3084073a697602a159acb3c9452b4b00*
`登陆天数: 24天 / 2515天
等级: 162
石头: 72
呼符: 0
体力: 1362.81 / 144
友情点: 1660 / 7051690`
*連続ログイン3日目
※ログインが途切れるか、7日到達すると
1日目から再開されます*
`叡智の業火 X 1
7月交換券(2024) X 1
`*使用期限付コンティニューアイテムプレゼント！*
*開催期間中、1日1回 最大7回 コンティニューアイテム「霊脈石」をプレゼント！*
`霊脈石 X 1
`_2024-07-22 19:35:18_
--------
*517ccfc56e0b068f419634fc871e36b0*
`登陆天数: 24天 / 710天
等级: 1
石头: 2
呼符: 0
体力: 890026.4833333333 / 20
友情点: 0 / 186000`
*連続ログイン3日目
※ログインが途切れるか、7日到達すると
1日目から再開されます*
`叡智の業火 X 1
7月交換券(2024) X 1
`*使用期限付コンティニューアイテムプレゼント！*
*開催期間中、1日1回 最大7回 コンティニューアイテム「霊脈石」をプレゼント！*
`霊脈石 X 1
`_2024-07-22 19:35:28_
--------
*bd62bce1f10a8ea80c682ed6f811ef8f*
`登陆天数: 24天 / 731天
等级: 1
石头: 5
呼符: 0
体力: 889314.8366666667 / 20
友情点: 0 / 164000`
*連続ログイン3日目
※ログインが途切れるか、7日到達すると
1日目から再開されます*
`叡智の業火 X 1
7月交換券(2024) X 1
`*使用期限付コンティニューアイテムプレゼント！*
*開催期間中、1日1回 最大7回 コンティニューアイテム「霊脈石」をプレゼント！*
`霊脈石 X 1
`_2024-07-22 19:35:36_
--------
