【登录信息】
*3084073a697602a159acb3c9452b4b00*
`登陆天数: 25天 / 2516天
等级: 162
石头: 72
呼符: 0
体力: 1650.8833333333334 / 144
友情点: 1510 / 7057020`
*連続ログイン4日目
※ログインが途切れるか、7日到達すると
1日目から再開されます*
`聖晶石 X 1
7月交換券(2024) X 1
`*使用期限付コンティニューアイテムプレゼント！*
*開催期間中、1日1回 最大7回 コンティニューアイテム「霊脈石」をプレゼント！*
`霊脈石 X 1
`_2024-07-23 19:35:40_
--------
*517ccfc56e0b068f419634fc871e36b0*
`登陆天数: 25天 / 711天
等级: 1
石头: 2
呼符: 0
体力: 890314.5566666666 / 20
友情点: 0 / 186000`
*連続ログイン4日目
※ログインが途切れるか、7日到達すると
1日目から再開されます*
`聖晶石 X 1
7月交換券(2024) X 1
`*使用期限付コンティニューアイテムプレゼント！*
*開催期間中、1日1回 最大7回 コンティニューアイテム「霊脈石」をプレゼント！*
`霊脈石 X 1
`_2024-07-23 19:35:51_
--------
*bd62bce1f10a8ea80c682ed6f811ef8f*
`登陆天数: 25天 / 732天
等级: 1
石头: 5
呼符: 0
体力: 889602.91 / 20
友情点: 0 / 164000`
*連続ログイン4日目
※ログインが途切れるか、7日到達すると
1日目から再開されます*
`聖晶石 X 1
7月交換券(2024) X 1
`*使用期限付コンティニューアイテムプレゼント！*
*開催期間中、1日1回 最大7回 コンティニューアイテム「霊脈石」をプレゼント！*
`霊脈石 X 1
`_2024-07-23 19:35:59_
--------
