【登录信息】
*3084073a697602a159acb3c9452b4b00*
`登陆天数: 26天 / 2517天
等级: 162
石头: 72
呼符: 0
体力: 1938.9033333333334 / 144
友情点: 1570 / 7061590`
*連続ログイン5日目
※ログインが途切れるか、7日到達すると
1日目から再開されます*
`叡智の業火 X 2
7月交換券(2024) X 1
`*ハンティングクエスト 第14弾
特別ログインボーナス*
*開催期間中、1日1回 最大7回 ログインボーナスをプレゼント！*
`黄金の果実 X 1
`_2024-07-24 19:35:47_
--------
*517ccfc56e0b068f419634fc871e36b0*
`登陆天数: 26天 / 712天
等级: 1
石头: 2
呼符: 0
体力: 890602.5766666667 / 20
友情点: 0 / 186000`
*連続ログイン5日目
※ログインが途切れるか、7日到達すると
1日目から再開されます*
`叡智の業火 X 2
7月交換券(2024) X 1
`*使用期限付コンティニューアイテムプレゼント！*
*開催期間中、1日1回 最大7回 コンティニューアイテム「霊脈石」をプレゼント！*
`霊脈石 X 1
`_2024-07-24 19:35:57_
--------
*bd62bce1f10a8ea80c682ed6f811ef8f*
`登陆天数: 26天 / 733天
等级: 1
石头: 5
呼符: 0
体力: 889890.93 / 20
友情点: 0 / 164000`
*連続ログイン5日目
※ログインが途切れるか、7日到達すると
1日目から再開されます*
`叡智の業火 X 2
7月交換券(2024) X 1
`*使用期限付コンティニューアイテムプレゼント！*
*開催期間中、1日1回 最大7回 コンティニューアイテム「霊脈石」をプレゼント！*
`霊脈石 X 1
`_2024-07-24 19:36:04_
--------
