【登录信息】
*3084073a697602a159acb3c9452b4b00*
`登陆天数: 29天 / 2520天
等级: 162
石头: 72
呼符: 0
体力: 2803.0866666666666 / 144
友情点: 1100 / 7075665`
*連続ログイン1日目
※ログインが途切れるか、7日到達すると
1日目から再開されます*
`フレンドポイント X 2000
7月交換券(2024) X 1
`*「FGO Expo ～Fate/Grand Order Fes. 2024 9th Anniversary～」 開催直前カウントダウン ログインボーナス*
*開催期間中、1日1回 9日間日替りでログインボーナスをプレゼント！*
`QP X 2000000
`_2024-07-27 19:36:42_
--------
*517ccfc56e0b068f419634fc871e36b0*
`登陆天数: 29天 / 715天
等级: 1
石头: 2
呼符: 0
体力: 891466.76 / 20
友情点: 0 / 186000`
*連続ログイン1日目
※ログインが途切れるか、7日到達すると
1日目から再開されます*
`フレンドポイント X 2000
7月交換券(2024) X 1
`*使用期限付コンティニューアイテムプレゼント！*
*開催期間中、1日1回 最大7回 コンティニューアイテム「霊脈石」をプレゼント！*
`霊脈石 X 1
`_2024-07-27 19:36:51_
--------
*bd62bce1f10a8ea80c682ed6f811ef8f*
`登陆天数: 29天 / 736天
等级: 1
石头: 5
呼符: 0
体力: 890755.11 / 20
友情点: 0 / 164000`
*連続ログイン1日目
※ログインが途切れるか、7日到達すると
1日目から再開されます*
`フレンドポイント X 2000
7月交換券(2024) X 1
`*使用期限付コンティニューアイテムプレゼント！*
*開催期間中、1日1回 最大7回 コンティニューアイテム「霊脈石」をプレゼント！*
`霊脈石 X 1
`_2024-07-27 19:36:59_
--------
