【登录信息】
*3084073a697602a159acb3c9452b4b00*
`登陆天数: 30天 / 2521天
等级: 162
石头: 72
呼符: 0
体力: 3090.72 / 144
友情点: 1395 / 7080210`
*連続ログイン2日目
※ログインが途切れるか、7日到達すると
1日目から再開されます*
`聖晶石 X 1
7月交換券(2024) X 1
`*「FGO Expo ～Fate/Grand Order Fes. 2024 9th Anniversary～」 開催直前カウントダウン ログインボーナス*
*開催期間中、1日1回 9日間日替りでログインボーナスをプレゼント！*
`星見のティーポット X 1
`_2024-07-28 19:34:51_
--------
*517ccfc56e0b068f419634fc871e36b0*
`登陆天数: 30天 / 716天
等级: 1
石头: 2
呼符: 0
体力: 891754.3933333333 / 20
友情点: 0 / 186000`
*連続ログイン2日目
※ログインが途切れるか、7日到達すると
1日目から再開されます*
`聖晶石 X 1
7月交換券(2024) X 1
`*使用期限付コンティニューアイテムプレゼント！*
*開催期間中、1日1回 最大7回 コンティニューアイテム「霊脈石」をプレゼント！*
`霊脈石 X 1
`_2024-07-28 19:35:01_
--------
*bd62bce1f10a8ea80c682ed6f811ef8f*
`登陆天数: 30天 / 737天
等级: 1
石头: 5
呼符: 0
体力: 891042.7466666667 / 20
友情点: 0 / 164000`
*連続ログイン2日目
※ログインが途切れるか、7日到達すると
1日目から再開されます*
`聖晶石 X 1
7月交換券(2024) X 1
`*使用期限付コンティニューアイテムプレゼント！*
*開催期間中、1日1回 最大7回 コンティニューアイテム「霊脈石」をプレゼント！*
`霊脈石 X 1
`_2024-07-28 19:35:09_
--------
