【登录信息】
*3084073a697602a159acb3c9452b4b00*
`登陆天数: 31天 / 2522天
等级: 162
石头: 72
呼符: 0
体力: 3378.9533333333334 / 144
友情点: 1675 / 7083285`
*連続ログイン3日目
※ログインが途切れるか、7日到達すると
1日目から再開されます*
`叡智の業火 X 1
7月交換券(2024) X 1
`*「FGO Expo ～Fate/Grand Order Fes. 2024 9th Anniversary～」 開催直前カウントダウン ログインボーナス*
*開催期間中、1日1回 9日間日替りでログインボーナスをプレゼント！*
`叡智の業火 X 10
`_2024-07-29 19:36:01_
--------
*517ccfc56e0b068f419634fc871e36b0*
`登陆天数: 31天 / 717天
等级: 1
石头: 2
呼符: 0
体力: 892042.6266666667 / 20
友情点: 0 / 186000`
*連続ログイン3日目
※ログインが途切れるか、7日到達すると
1日目から再開されます*
`叡智の業火 X 1
7月交換券(2024) X 1
`*使用期限付コンティニューアイテムプレゼント！*
*開催期間中、1日1回 最大7回 コンティニューアイテム「霊脈石」をプレゼント！*
`霊脈石 X 1
`_2024-07-29 19:36:11_
--------
*bd62bce1f10a8ea80c682ed6f811ef8f*
`登陆天数: 31天 / 738天
等级: 1
石头: 5
呼符: 0
体力: 891330.9766666667 / 20
友情点: 0 / 164000`
*連続ログイン3日目
※ログインが途切れるか、7日到達すると
1日目から再開されます*
`叡智の業火 X 1
7月交換券(2024) X 1
`*使用期限付コンティニューアイテムプレゼント！*
*開催期間中、1日1回 最大7回 コンティニューアイテム「霊脈石」をプレゼント！*
`霊脈石 X 1
`_2024-07-29 19:36:19_
--------
