【登录信息】
*3084073a697602a159acb3c9452b4b00*
`登陆天数: 32天 / 2523天
等级: 162
石头: 77
呼符: 0
体力: 124.55666666666667 / 144
友情点: 450 / 7087420`
*連続ログイン4日目
※ログインが途切れるか、7日到達すると
1日目から再開されます*
`聖晶石 X 1
7月交換券(2024) X 1
`*「FGO Expo ～Fate/Grand Order Fes. 2024 9th Anniversary～」 開催直前カウントダウン ログインボーナス*
*開催期間中、1日1回 9日間日替りでログインボーナスをプレゼント！*
`QP X 3000000
`_2024-07-30 19:36:03_
--------
*517ccfc56e0b068f419634fc871e36b0*
`登陆天数: 32天 / 718天
等级: 1
石头: 2
呼符: 0
体力: 892330.63 / 20
友情点: 0 / 186000`
*連続ログイン4日目
※ログインが途切れるか、7日到達すると
1日目から再開されます*
`聖晶石 X 1
7月交換券(2024) X 1
`*使用期限付コンティニューアイテムプレゼント！*
*開催期間中、1日1回 最大7回 コンティニューアイテム「霊脈石」をプレゼント！*
`霊脈石 X 1
`_2024-07-30 19:36:13_
--------
*bd62bce1f10a8ea80c682ed6f811ef8f*
`登陆天数: 32天 / 739天
等级: 1
石头: 5
呼符: 0
体力: 891618.9833333333 / 20
友情点: 0 / 164000`
*連続ログイン4日目
※ログインが途切れるか、7日到達すると
1日目から再開されます*
`聖晶石 X 1
7月交換券(2024) X 1
`*使用期限付コンティニューアイテムプレゼント！*
*開催期間中、1日1回 最大7回 コンティニューアイテム「霊脈石」をプレゼント！*
`霊脈石 X 1
`_2024-07-30 19:36:21_
--------
