【登录信息】
[3084073a697602a159acb3c9452b4b00]
`登陆天数: 89天 / 1783天
等级: 159
石头: 451
呼符: 17
友情点: 115 / 1198585`
*連続ログイン5日目
※ログインが途切れるか、7日到達すると
1日目から再開されます*
`叡智の猛火 X 2
5月交換券(2022) X 1
`_2022-04-30 19:35:45_
--------
[517ccfc56e0b068f419634fc871e36b0]
`登陆天数: 14天 / 34天
等级: 1
石头: 0
呼符: 0
友情点: 0 / 114000`
*連続ログイン7日間到達おめでとうございます！
明日は1日目からリスタートされます。*
`獣の足跡 X 1
呼符 X 1
5月交換券(2022) X 1
`*Fate/Grand Order 春の新米マスター応援キャンペーン2022！10万リツイート達成プレゼント*
*開催期間中、初回ログインで10万リツイート達成報酬をプレゼント！*
`QP X 5000000
聖晶石 X 12
マナプリズム X 100
レアプリズム X 1
黄金の果実 X 5
白銀の果実 X 5
呼符 X 5
`_2022-04-30 19:35:54_
--------
[bd62bce1f10a8ea80c682ed6f811ef8f]
`登陆天数: 13天 / 55天
等级: 1
石头: 34
呼符: 0
友情点: 0 / 94000`
*連続ログイン6日目
※ログインが途切れるか、7日到達すると
1日目から再開されます*
`聖晶石 X 2
5月交換券(2022) X 1
`*Fate/Grand Order 春の新米マスター応援キャンペーン2022！10万リツイート達成プレゼント*
*開催期間中、初回ログインで10万リツイート達成報酬をプレゼント！*
`QP X 5000000
聖晶石 X 12
マナプリズム X 100
レアプリズム X 1
黄金の果実 X 5
白銀の果実 X 5
呼符 X 5
`_2022-04-30 19:36:02_
--------
