【登录信息】
[3084073a697602a159acb3c9452b4b00]
`登陆天数: 93天 / 1787天
等级: 159
石头: 462
呼符: 24
友情点: 0 / 1225680`
*連続ログイン2日目
※ログインが途切れるか、7日到達すると
1日目から再開されます*
`聖晶石 X 1
5月交換券(2022) X 1
`_2022-05-04 19:35:01_
--------
[517ccfc56e0b068f419634fc871e36b0]
`登陆天数: 18天 / 38天
等级: 1
石头: 0
呼符: 0
友情点: 0 / 114000`
*連続ログイン4日目
※ログインが途切れるか、7日到達すると
1日目から再開されます*
`聖晶石 X 1
5月交換券(2022) X 1
`_2022-05-04 19:35:10_
--------
[bd62bce1f10a8ea80c682ed6f811ef8f]
`登陆天数: 17天 / 59天
等级: 1
石头: 34
呼符: 0
友情点: 0 / 94000`
*連続ログイン3日目
※ログインが途切れるか、7日到達すると
1日目から再開されます*
`叡智の猛火 X 1
5月交換券(2022) X 1
`_2022-05-04 19:35:18_
--------
