【登录信息】
[3084073a697602a159acb3c9452b4b00]
`登陆天数: 99天 / 1793天
等级: 159
石头: 492
呼符: 24
友情点: 0 / 1279545`
*連続ログイン1日目
※ログインが途切れるか、7日到達すると
1日目から再開されます*
`フレンドポイント X 2000
5月交換券(2022) X 1
`_2022-05-10 19:35:47_
--------
[517ccfc56e0b068f419634fc871e36b0]
`登陆天数: 24天 / 44天
等级: 1
石头: 0
呼符: 0
友情点: 0 / 114000`
*連続ログイン3日目
※ログインが途切れるか、7日到達すると
1日目から再開されます*
`叡智の猛火 X 1
5月交換券(2022) X 1
`_2022-05-10 19:35:57_
--------
[bd62bce1f10a8ea80c682ed6f811ef8f]
`登陆天数: 23天 / 65天
等级: 1
石头: 34
呼符: 0
友情点: 0 / 94000`
*連続ログイン2日目
※ログインが途切れるか、7日到達すると
1日目から再開されます*
`聖晶石 X 1
5月交換券(2022) X 1
`_2022-05-10 19:36:05_
--------
