【登录信息】
[3084073a697602a159acb3c9452b4b00]
`登陆天数: 100天 / 1794天
等级: 159
石头: 504
呼符: 22
友情点: 35 / 1287280`
*連続ログイン2日目
※ログインが途切れるか、7日到達すると
1日目から再開されます*
`聖晶石 X 1
5月交換券(2022) X 1
`*2500万DL突破記念 特別連続ログインボーナス*
*開催期間中、1日1回 最大7回 連続ログインボーナスをプレゼント！*
`叡智の業火 X 10
`_2022-05-11 19:36:14_
--------
[517ccfc56e0b068f419634fc871e36b0]
`登陆天数: 25天 / 45天
等级: 1
石头: 105
呼符: 11
友情点: 0 / 122000`
*連続ログイン4日目
※ログインが途切れるか、7日到達すると
1日目から再開されます*
`聖晶石 X 1
5月交換券(2022) X 1
`_2022-05-11 19:36:22_
--------
[bd62bce1f10a8ea80c682ed6f811ef8f]
`登陆天数: 24天 / 66天
等级: 1
石头: 34
呼符: 0
友情点: 0 / 94000`
*連続ログイン3日目
※ログインが途切れるか、7日到達すると
1日目から再開されます*
`叡智の猛火 X 1
5月交換券(2022) X 1
`*2500万DL突破記念 ★4(SR)サーヴァント交換券プレゼント*
*開催期間中、初回ログインで「2500万DL記念チケット〔サーヴァント〕」をプレゼント！*
`2500万DL記念チケット〔サーヴァント〕 X 1
`_2022-05-11 19:36:30_
--------
