【登录信息】
[3084073a697602a159acb3c9452b4b00]
`登陆天数: 101天 / 1795天
等级: 159
石头: 504
呼符: 22
友情点: 25 / 1289140`
*連続ログイン3日目
※ログインが途切れるか、7日到達すると
1日目から再開されます*
`叡智の猛火 X 1
5月交換券(2022) X 1
`*2500万DL突破記念 特別連続ログインボーナス*
*開催期間中、1日1回 最大7回 連続ログインボーナスをプレゼント！*
`白銀の果実 X 10
`_2022-05-12 19:36:01_
--------
[517ccfc56e0b068f419634fc871e36b0]
`登陆天数: 26天 / 46天
等级: 1
石头: 0
呼符: 0
友情点: 0 / 122000`
*連続ログイン5日目
※ログインが途切れるか、7日到達すると
1日目から再開されます*
`叡智の猛火 X 2
5月交換券(2022) X 1
`_2022-05-12 19:36:10_
--------
[bd62bce1f10a8ea80c682ed6f811ef8f]
`登陆天数: 25天 / 67天
等级: 1
石头: 34
呼符: 0
友情点: 0 / 94000`
*連続ログイン4日目
※ログインが途切れるか、7日到達すると
1日目から再開されます*
`聖晶石 X 1
5月交換券(2022) X 1
`_2022-05-12 19:36:18_
--------
