【登录信息】
[3084073a697602a159acb3c9452b4b00]
`登陆天数: 103天 / 1797天
等级: 159
石头: 507
呼符: 20
友情点: 85 / 1293980`
*連続ログイン5日目
※ログインが途切れるか、7日到達すると
1日目から再開されます*
`叡智の猛火 X 2
5月交換券(2022) X 1
`*2500万DL突破記念 特別連続ログインボーナス*
*開催期間中、1日1回 最大7回 連続ログインボーナスをプレゼント！*
`黄金の果実 X 10
`_2022-05-14 19:35:40_
--------
[517ccfc56e0b068f419634fc871e36b0]
`登陆天数: 28天 / 48天
等级: 1
石头: 0
呼符: 0
友情点: 0 / 122000`
*連続ログイン7日間到達おめでとうございます！
明日は1日目からリスタートされます。*
`獣の足跡 X 1
呼符 X 1
5月交換券(2022) X 1
`_2022-05-14 19:35:48_
--------
[bd62bce1f10a8ea80c682ed6f811ef8f]
`登陆天数: 27天 / 69天
等级: 1
石头: 34
呼符: 0
友情点: 0 / 94000`
*連続ログイン6日目
※ログインが途切れるか、7日到達すると
1日目から再開されます*
`聖晶石 X 2
5月交換券(2022) X 1
`_2022-05-14 19:35:56_
--------
