【登录信息】
[3084073a697602a159acb3c9452b4b00]
`登陆天数: 104天 / 1798天
等级: 159
石头: 507
呼符: 20
友情点: 235 / 1298230`
*連続ログイン6日目
※ログインが途切れるか、7日到達すると
1日目から再開されます*
`聖晶石 X 2
5月交換券(2022) X 1
`*2500万DL突破記念 特別連続ログインボーナス*
*開催期間中、1日1回 最大7回 連続ログインボーナスをプレゼント！*
`英霊結晶・星のフォウくん X 10
`_2022-05-15 19:35:34_
--------
[517ccfc56e0b068f419634fc871e36b0]
`登陆天数: 29天 / 49天
等级: 1
石头: 0
呼符: 0
友情点: 0 / 122000`
*連続ログイン1日目
※ログインが途切れるか、7日到達すると
1日目から再開されます*
`フレンドポイント X 2000
5月交換券(2022) X 1
`_2022-05-15 19:35:43_
--------
[bd62bce1f10a8ea80c682ed6f811ef8f]
`登陆天数: 28天 / 70天
等级: 1
石头: 34
呼符: 0
友情点: 0 / 94000`
*連続ログイン7日間到達おめでとうございます！
明日は1日目からリスタートされます。*
`獣の足跡 X 1
呼符 X 1
5月交換券(2022) X 1
`_2022-05-15 19:35:51_
--------
