【登录信息】
[3084073a697602a159acb3c9452b4b00]
`登陆天数: 106天 / 1800天
等级: 159
石头: 507
呼符: 20
友情点: 185 / 1302785`
*連続ログイン1日目
※ログインが途切れるか、7日到達すると
1日目から再開されます*
`フレンドポイント X 2000
5月交換券(2022) X 1
`*2500万DL突破記念 特別連続ログインボーナス*
*開催期間中、1日1回 最大7回 連続ログインボーナスをプレゼント！*
`呼符 X 10
`_2022-05-17 19:35:42_
--------
[517ccfc56e0b068f419634fc871e36b0]
`登陆天数: 31天 / 51天
等级: 1
石头: 0
呼符: 0
友情点: 0 / 122000`
*連続ログイン3日目
※ログインが途切れるか、7日到達すると
1日目から再開されます*
`叡智の猛火 X 1
5月交換券(2022) X 1
`_2022-05-17 19:35:51_
--------
[bd62bce1f10a8ea80c682ed6f811ef8f]
`登陆天数: 30天 / 72天
等级: 1
石头: 34
呼符: 0
友情点: 0 / 94000`
*連続ログイン2日目
※ログインが途切れるか、7日到達すると
1日目から再開されます*
`聖晶石 X 1
5月交換券(2022) X 1
`_2022-05-17 19:35:59_
--------
