【登录信息】
[3084073a697602a159acb3c9452b4b00]
`登陆天数: 107天 / 1801天
等级: 159
石头: 513
呼符: 21
友情点: 0 / 1306180`
*連続ログイン2日目
※ログインが途切れるか、7日到達すると
1日目から再開されます*
`聖晶石 X 1
5月交換券(2022) X 1
`_2022-05-18 19:36:16_
--------
[517ccfc56e0b068f419634fc871e36b0]
`登陆天数: 32天 / 52天
等级: 1
石头: 0
呼符: 0
友情点: 0 / 122000`
*連続ログイン4日目
※ログインが途切れるか、7日到達すると
1日目から再開されます*
`聖晶石 X 1
5月交換券(2022) X 1
`*「死想顕現界域 トラオム 或る幻想の生と死」開幕直前キャンペーン　第1弾限定 使用期限付コンティニューアイテムプレゼント！*
*開催期間中、初回ログインでコンティニューアイテム「霊脈石×3」をプレゼント！*
`霊脈石 X 3
`_2022-05-18 19:36:25_
--------
[bd62bce1f10a8ea80c682ed6f811ef8f]
`登陆天数: 31天 / 73天
等级: 1
石头: 34
呼符: 0
友情点: 0 / 94000`
*連続ログイン3日目
※ログインが途切れるか、7日到達すると
1日目から再開されます*
`叡智の猛火 X 1
5月交換券(2022) X 1
`*「死想顕現界域 トラオム 或る幻想の生と死」開幕直前キャンペーン　第1弾限定 使用期限付コンティニューアイテムプレゼント！*
*開催期間中、初回ログインでコンティニューアイテム「霊脈石×3」をプレゼント！*
`霊脈石 X 3
`_2022-05-18 19:36:33_
--------
