【登录信息】
[3084073a697602a159acb3c9452b4b00]
`登陆天数: 110天 / 1804天
等级: 159
石头: 513
呼符: 21
友情点: 75 / 1307850`
*連続ログイン5日目
※ログインが途切れるか、7日到達すると
1日目から再開されます*
`叡智の猛火 X 2
5月交換券(2022) X 1
`_2022-05-21 19:35:37_
--------
[517ccfc56e0b068f419634fc871e36b0]
`登陆天数: 35天 / 55天
等级: 1
石头: 0
呼符: 0
友情点: 0 / 122000`
*連続ログイン7日間到達おめでとうございます！
明日は1日目からリスタートされます。*
`獣の足跡 X 1
呼符 X 1
5月交換券(2022) X 1
`_2022-05-21 19:35:46_
--------
[bd62bce1f10a8ea80c682ed6f811ef8f]
`登陆天数: 34天 / 76天
等级: 1
石头: 34
呼符: 0
友情点: 0 / 94000`
*連続ログイン6日目
※ログインが途切れるか、7日到達すると
1日目から再開されます*
`聖晶石 X 2
5月交換券(2022) X 1
`_2022-05-21 19:35:54_
--------
