【登录信息】
[3084073a697602a159acb3c9452b4b00]
`登陆天数: 112天 / 1806天
等级: 159
石头: 513
呼符: 21
友情点: 0 / 1311000`
*連続ログイン7日間到達おめでとうございます！
明日は1日目からリスタートされます。*
`獣の足跡 X 1
呼符 X 1
5月交換券(2022) X 1
`_2022-05-23 19:36:05_
--------
[517ccfc56e0b068f419634fc871e36b0]
`登陆天数: 37天 / 57天
等级: 1
石头: 0
呼符: 0
友情点: 0 / 122000`
*連続ログイン2日目
※ログインが途切れるか、7日到達すると
1日目から再開されます*
`聖晶石 X 1
5月交換券(2022) X 1
`_2022-05-23 19:36:15_
--------
[bd62bce1f10a8ea80c682ed6f811ef8f]
`登陆天数: 36天 / 78天
等级: 1
石头: 34
呼符: 0
友情点: 0 / 94000`
*連続ログイン1日目
※ログインが途切れるか、7日到達すると
1日目から再開されます*
`フレンドポイント X 2000
5月交換券(2022) X 1
`_2022-05-23 19:36:22_
--------
