【登录信息】
*3084073a697602a159acb3c9452b4b00*
`登陆天数: 515天 / 2209天
等级: 160
石头: 12
呼符: 0
体力: 36.84 / 144
友情点: 185 / 6452430`
*連続ログイン4日目
※ログインが途切れるか、7日到達すると
1日目から再開されます*
`聖晶石 X 1
7月交換券(2023) X 1
`*TVスペシャルアニメ「Fate/strange Fake -Whispers of Dawn-」放送記念
特別ログインボーナス*
*開催期間中、1日1回 最大3回 ログインボーナスをプレゼント！*
`QP X 5000000
`_2023-06-30 19:38:07_
--------
*517ccfc56e0b068f419634fc871e36b0*
`登陆天数: 28天 / 428天
等级: 1
石头: 2
呼符: 0
体力: 778283.04 / 20
友情点: 0 / 186000`
*連続ログイン7日間到達おめでとうございます！
明日は1日目からリスタートされます。*
`獣の足跡 X 1
呼符 X 1
7月交換券(2023) X 1
`_2023-06-30 19:38:16_
--------
*bd62bce1f10a8ea80c682ed6f811ef8f*
`登陆天数: 28天 / 449天
等级: 1
石头: 5
呼符: 0
体力: 777571.3933333333 / 20
友情点: 0 / 164000`
*連続ログイン7日間到達おめでとうございます！
明日は1日目からリスタートされます。*
`獣の足跡 X 1
呼符 X 1
7月交換券(2023) X 1
`_2023-06-30 19:38:23_
--------
