【登录信息】
*3084073a697602a159acb3c9452b4b00*
`登陆天数: 516天 / 2210天
等级: 160
石头: 5
呼符: 0
体力: 173.82666666666665 / 144
友情点: 140 / 6454625`
*連続ログイン5日目
※ログインが途切れるか、7日到達すると
1日目から再開されます*
`叡智の業火 X 2
7月交換券(2023) X 1
`*TVスペシャルアニメ「Fate/strange Fake -Whispers of Dawn-」放送記念
特別ログインボーナス*
*開催期間中、1日1回 最大3回 ログインボーナスをプレゼント！*
`strange Fake X 1
`_2023-07-01 19:38:02_
--------
*517ccfc56e0b068f419634fc871e36b0*
`登陆天数: 29天 / 429天
等级: 1
石头: 2
呼符: 0
体力: 778571.0266666666 / 20
友情点: 0 / 186000`
*連続ログイン1日目
※ログインが途切れるか、7日到達すると
1日目から再開されます*
`フレンドポイント X 2000
7月交換券(2023) X 1
`_2023-07-01 19:38:11_
--------
*bd62bce1f10a8ea80c682ed6f811ef8f*
`登陆天数: 29天 / 450天
等级: 1
石头: 5
呼符: 0
体力: 777859.38 / 20
友情点: 0 / 164000`
*連続ログイン1日目
※ログインが途切れるか、7日到達すると
1日目から再開されます*
`フレンドポイント X 2000
7月交換券(2023) X 1
`_2023-07-01 19:38:19_
--------
