【登录信息】
*3084073a697602a159acb3c9452b4b00*
`登陆天数: 517天 / 2211天
等级: 160
石头: 5
呼符: 0
体力: 34.19333333333333 / 144
友情点: 200 / 6456265`
*連続ログイン6日目
※ログインが途切れるか、7日到達すると
1日目から再開されます*
`聖晶石 X 2
7月交換券(2023) X 1
`*2800万DL突破記念 特別回数ログインボーナス*
*開催期間中、1日1回 最大10回 回数ログインボーナスをプレゼント！*
`英霊結晶・星のフォウくん X 10
英霊結晶・太陽のフォウくん X 10
`_2023-07-02 19:38:04_
--------
*517ccfc56e0b068f419634fc871e36b0*
`登陆天数: 30天 / 430天
等级: 1
石头: 2
呼符: 0
体力: 778859.03 / 20
友情点: 0 / 186000`
*連続ログイン2日目
※ログインが途切れるか、7日到達すると
1日目から再開されます*
`聖晶石 X 1
7月交換券(2023) X 1
`_2023-07-02 19:38:12_
--------
*bd62bce1f10a8ea80c682ed6f811ef8f*
`登陆天数: 30天 / 451天
等级: 1
石头: 5
呼符: 0
体力: 778147.38 / 20
友情点: 0 / 164000`
*連続ログイン2日目
※ログインが途切れるか、7日到達すると
1日目から再開されます*
`聖晶石 X 1
7月交換券(2023) X 1
`_2023-07-02 19:38:20_
--------
