【登录信息】
*3084073a697602a159acb3c9452b4b00*
`登陆天数: 521天 / 2215天
等级: 160
石头: 2
呼符: 0
体力: 186.06333333333333 / 144
友情点: 215 / 6465765`
*連続ログイン3日目
※ログインが途切れるか、7日到達すると
1日目から再開されます*
`叡智の業火 X 1
7月交換券(2023) X 1
`*リリース2900日突破キャンペーン 初回ログインボーナス*
*開催期間中、初回ログインで「聖晶石×10」をプレゼント！*
`聖晶石 X 10
`_2023-07-06 19:38:08_
--------
*517ccfc56e0b068f419634fc871e36b0*
`登陆天数: 34天 / 434天
等级: 1
石头: 2
呼符: 0
体力: 780011.0466666666 / 20
友情点: 0 / 186000`
*連続ログイン6日目
※ログインが途切れるか、7日到達すると
1日目から再開されます*
`聖晶石 X 2
7月交換券(2023) X 1
`_2023-07-06 19:38:18_
--------
*bd62bce1f10a8ea80c682ed6f811ef8f*
`登陆天数: 34天 / 455天
等级: 1
石头: 5
呼符: 0
体力: 779299.4 / 20
友情点: 0 / 164000`
*連続ログイン6日目
※ログインが途切れるか、7日到達すると
1日目から再開されます*
`聖晶石 X 2
7月交換券(2023) X 1
`_2023-07-06 19:38:26_
--------
