【登录信息】
*3084073a697602a159acb3c9452b4b00*
`登陆天数: 523天 / 2217天
等级: 160
石头: 0
呼符: 0
体力: 83.72333333333333 / 144
友情点: 280 / 6465800`
*連続ログイン5日目
※ログインが途切れるか、7日到達すると
1日目から再開されます*
`叡智の業火 X 2
7月交換券(2023) X 1
`*日替りログインボーナス*
*開催期間中、1日1回 2週間日替りでログインボーナスをプレゼント！*
`巡霊の葉 X 30
`_2023-07-08 19:38:07_
--------
*517ccfc56e0b068f419634fc871e36b0*
`登陆天数: 36天 / 436天
等级: 1
石头: 2
呼符: 0
体力: 780587.04 / 20
友情点: 0 / 186000`
*連続ログイン1日目
※ログインが途切れるか、7日到達すると
1日目から再開されます*
`フレンドポイント X 2000
7月交換券(2023) X 1
`_2023-07-08 19:38:16_
--------
*bd62bce1f10a8ea80c682ed6f811ef8f*
`登陆天数: 36天 / 457天
等级: 1
石头: 5
呼符: 0
体力: 779875.3933333333 / 20
友情点: 0 / 164000`
*連続ログイン1日目
※ログインが途切れるか、7日到達すると
1日目から再開されます*
`フレンドポイント X 2000
7月交換券(2023) X 1
`_2023-07-08 19:38:24_
--------
