【登录信息】
*3084073a697602a159acb3c9452b4b00*
`登陆天数: 524天 / 2218天
等级: 160
石头: 0
呼符: 0
体力: 101.54666666666667 / 144
友情点: 510 / 6468060`
*連続ログイン6日目
※ログインが途切れるか、7日到達すると
1日目から再開されます*
`聖晶石 X 2
7月交換券(2023) X 1
`*日替りログインボーナス*
*開催期間中、1日1回 2週間日替りでログインボーナスをプレゼント！*
`聖晶石 X 3
巡霊の葉 X 50
`_2023-07-09 19:38:22_
--------
*517ccfc56e0b068f419634fc871e36b0*
`登陆天数: 37天 / 437天
等级: 1
石头: 2
呼符: 0
体力: 780875.09 / 20
友情点: 0 / 186000`
*連続ログイン2日目
※ログインが途切れるか、7日到達すると
1日目から再開されます*
`聖晶石 X 1
7月交換券(2023) X 1
`_2023-07-09 19:38:31_
--------
*bd62bce1f10a8ea80c682ed6f811ef8f*
`登陆天数: 37天 / 458天
等级: 1
石头: 5
呼符: 0
体力: 780163.4433333334 / 20
友情点: 0 / 164000`
*連続ログイン2日目
※ログインが途切れるか、7日到達すると
1日目から再開されます*
`聖晶石 X 1
7月交換券(2023) X 1
`_2023-07-09 19:38:39_
--------
