【登录信息】
*3084073a697602a159acb3c9452b4b00*
`登陆天数: 525天 / 2219天
等级: 160
石头: 0
呼符: 0
体力: 73.01 / 144
友情点: 145 / 6468760`
*連続ログイン7日間到達おめでとうございます！
明日は1日目からリスタートされます。*
`獣の足跡 X 1
呼符 X 1
7月交換券(2023) X 1
`*日替りログインボーナス*
*開催期間中、1日1回 2週間日替りでログインボーナスをプレゼント！*
`巡霊の葉 X 30
`_2023-07-10 19:38:03_
--------
*517ccfc56e0b068f419634fc871e36b0*
`登陆天数: 38天 / 438天
等级: 1
石头: 2
呼符: 0
体力: 781163.03 / 20
友情点: 0 / 186000`
*連続ログイン3日目
※ログインが途切れるか、7日到達すると
1日目から再開されます*
`叡智の業火 X 1
7月交換券(2023) X 1
`_2023-07-10 19:38:12_
--------
*bd62bce1f10a8ea80c682ed6f811ef8f*
`登陆天数: 38天 / 459天
等级: 1
石头: 5
呼符: 0
体力: 780451.3833333333 / 20
友情点: 0 / 164000`
*連続ログイン3日目
※ログインが途切れるか、7日到達すると
1日目から再開されます*
`叡智の業火 X 1
7月交換券(2023) X 1
`_2023-07-10 19:38:20_
--------
