【登录信息】
*3084073a697602a159acb3c9452b4b00*
`登陆天数: 527天 / 2221天
等级: 160
石头: 1
呼符: 0
体力: 42.849999999999994 / 144
友情点: 40 / 6475655`
*連続ログイン2日目
※ログインが途切れるか、7日到達すると
1日目から再開されます*
`聖晶石 X 1
7月交換券(2023) X 1
`*日替りログインボーナス*
*開催期間中、1日1回 2週間日替りでログインボーナスをプレゼント！*
`聖晶石 X 2
巡霊の葉 X 100
`_2023-07-12 19:38:08_
--------
*517ccfc56e0b068f419634fc871e36b0*
`登陆天数: 40天 / 440天
等级: 1
石头: 2
呼符: 0
体力: 781739.0433333333 / 20
友情点: 0 / 186000`
*連続ログイン5日目
※ログインが途切れるか、7日到達すると
1日目から再開されます*
`叡智の業火 X 2
7月交換券(2023) X 1
`_2023-07-12 19:38:17_
--------
*bd62bce1f10a8ea80c682ed6f811ef8f*
`登陆天数: 40天 / 461天
等级: 1
石头: 5
呼符: 0
体力: 781027.3966666666 / 20
友情点: 0 / 164000`
*連続ログイン5日目
※ログインが途切れるか、7日到達すると
1日目から再開されます*
`叡智の業火 X 2
7月交換券(2023) X 1
`_2023-07-12 19:38:24_
--------
