【登录信息】
*3084073a697602a159acb3c9452b4b00*
`登陆天数: 528天 / 2222天
等级: 160
石头: 4
呼符: 0
体力: 70.85666666666667 / 144
友情点: 115 / 6476290`
*連続ログイン3日目
※ログインが途切れるか、7日到達すると
1日目から再開されます*
`叡智の業火 X 1
7月交換券(2023) X 1
`*日替りログインボーナス*
*開催期間中、1日1回 2週間日替りでログインボーナスをプレゼント！*
`巡霊の葉 X 30
`_2023-07-13 19:38:09_
--------
*517ccfc56e0b068f419634fc871e36b0*
`登陆天数: 41天 / 441天
等级: 1
石头: 2
呼符: 0
体力: 782027.05 / 20
友情点: 0 / 186000`
*連続ログイン6日目
※ログインが途切れるか、7日到達すると
1日目から再開されます*
`聖晶石 X 2
7月交換券(2023) X 1
`_2023-07-13 19:38:18_
--------
*bd62bce1f10a8ea80c682ed6f811ef8f*
`登陆天数: 41天 / 462天
等级: 1
石头: 5
呼符: 0
体力: 781315.4033333333 / 20
友情点: 0 / 164000`
*連続ログイン6日目
※ログインが途切れるか、7日到達すると
1日目から再開されます*
`聖晶石 X 2
7月交換券(2023) X 1
`_2023-07-13 19:38:26_
--------
