【登录信息】
*3084073a697602a159acb3c9452b4b00*
`登陆天数: 529天 / 2223天
等级: 160
石头: 14
呼符: 0
体力: 70.12333333333333 / 144
友情点: 20 / 6476800`
*連続ログイン4日目
※ログインが途切れるか、7日到達すると
1日目から再開されます*
`聖晶石 X 1
7月交換券(2023) X 1
`*日替りログインボーナス*
*開催期間中、1日1回 2週間日替りでログインボーナスをプレゼント！*
`巡霊の葉 X 30
`_2023-07-14 19:38:17_
--------
*517ccfc56e0b068f419634fc871e36b0*
`登陆天数: 42天 / 442天
等级: 1
石头: 2
呼符: 0
体力: 782315.0766666667 / 20
友情点: 0 / 186000`
*連続ログイン7日間到達おめでとうございます！
明日は1日目からリスタートされます。*
`獣の足跡 X 1
呼符 X 1
7月交換券(2023) X 1
`_2023-07-14 19:38:26_
--------
*bd62bce1f10a8ea80c682ed6f811ef8f*
`登陆天数: 42天 / 463天
等级: 1
石头: 5
呼符: 0
体力: 781603.43 / 20
友情点: 0 / 164000`
*連続ログイン7日間到達おめでとうございます！
明日は1日目からリスタートされます。*
`獣の足跡 X 1
呼符 X 1
7月交換券(2023) X 1
`_2023-07-14 19:38:34_
--------
