【登录信息】
*3084073a697602a159acb3c9452b4b00*
`登陆天数: 531天 / 2225天
等级: 160
石头: 15
呼符: 0
体力: 202.96666666666667 / 144
友情点: 80 / 6478065`
*連続ログイン6日目
※ログインが途切れるか、7日到達すると
1日目から再開されます*
`聖晶石 X 2
7月交換券(2023) X 1
`*日替りログインボーナス*
*開催期間中、1日1回 2週間日替りでログインボーナスをプレゼント！*
`聖晶石 X 3
巡霊の葉 X 50
`_2023-07-16 19:38:04_
--------
*517ccfc56e0b068f419634fc871e36b0*
`登陆天数: 44天 / 444天
等级: 1
石头: 2
呼符: 0
体力: 782891.03 / 20
友情点: 0 / 186000`
*連続ログイン2日目
※ログインが途切れるか、7日到達すると
1日目から再開されます*
`聖晶石 X 1
7月交換券(2023) X 1
`_2023-07-16 19:38:12_
--------
*bd62bce1f10a8ea80c682ed6f811ef8f*
`登陆天数: 44天 / 465天
等级: 1
石头: 5
呼符: 0
体力: 782179.38 / 20
友情点: 0 / 164000`
*連続ログイン2日目
※ログインが途切れるか、7日到達すると
1日目から再開されます*
`聖晶石 X 1
7月交換券(2023) X 1
`_2023-07-16 19:38:20_
--------
