【登录信息】
*3084073a697602a159acb3c9452b4b00*
`登陆天数: 533天 / 2227天
等级: 161
石头: 21
呼符: 1
体力: 74.24333333333334 / 144
友情点: 120 / 6481665`
*連続ログイン1日目
※ログインが途切れるか、7日到達すると
1日目から再開されます*
`フレンドポイント X 2000
7月交換券(2023) X 1
`*ミスティックアイズ・シンフォニー開幕記念 ログインボーナス*
*開催期間中、1日1回 最大21回ログインボーナスをプレゼント！*
`白銀の果実 X 1
`_2023-07-18 19:38:03_
--------
*517ccfc56e0b068f419634fc871e36b0*
`登陆天数: 46天 / 446天
等级: 1
石头: 2
呼符: 0
体力: 783467.03 / 20
友情点: 0 / 186000`
*連続ログイン4日目
※ログインが途切れるか、7日到達すると
1日目から再開されます*
`聖晶石 X 1
7月交換券(2023) X 1
`_2023-07-18 19:38:12_
--------
*bd62bce1f10a8ea80c682ed6f811ef8f*
`登陆天数: 46天 / 467天
等级: 1
石头: 5
呼符: 0
体力: 782755.3833333333 / 20
友情点: 0 / 164000`
*連続ログイン4日目
※ログインが途切れるか、7日到達すると
1日目から再開されます*
`聖晶石 X 1
7月交換券(2023) X 1
`_2023-07-18 19:38:20_
--------
