【登录信息】
*3084073a697602a159acb3c9452b4b00*
`登陆天数: 535天 / 2229天
等级: 161
石头: 22
呼符: 1
体力: 45.56999999999999 / 144
友情点: 680 / 6491515`
*連続ログイン3日目
※ログインが途切れるか、7日到達すると
1日目から再開されます*
`叡智の業火 X 1
7月交換券(2023) X 1
`*ミスティックアイズ・シンフォニー開幕記念 ログインボーナス*
*開催期間中、1日1回 最大21回ログインボーナスをプレゼント！*
`白銀の果実 X 1
`_2023-07-20 19:38:08_
--------
*517ccfc56e0b068f419634fc871e36b0*
`登陆天数: 48天 / 448天
等级: 1
石头: 2
呼符: 0
体力: 784043.0433333333 / 20
友情点: 0 / 186000`
*連続ログイン6日目
※ログインが途切れるか、7日到達すると
1日目から再開されます*
`聖晶石 X 2
7月交換券(2023) X 1
`_2023-07-20 19:38:17_
--------
*bd62bce1f10a8ea80c682ed6f811ef8f*
`登陆天数: 48天 / 469天
等级: 1
石头: 5
呼符: 0
体力: 783331.3966666666 / 20
友情点: 0 / 164000`
*連続ログイン6日目
※ログインが途切れるか、7日到達すると
1日目から再開されます*
`聖晶石 X 2
7月交換券(2023) X 1
`_2023-07-20 19:38:25_
--------
