【登录信息】
*3084073a697602a159acb3c9452b4b00*
`登陆天数: 537天 / 2231天
等级: 161
石头: 25
呼符: 1
体力: 115.2 / 144
友情点: 90 / 6494140`
*連続ログイン5日目
※ログインが途切れるか、7日到達すると
1日目から再開されます*
`叡智の業火 X 2
7月交換券(2023) X 1
`*「Fate/Grand Order Fes. 2023 夏祭り ～8th Anniversary～」開催直前カウントダウンログインボーナス*
*開催期間中、1日1回 8日間日替りでログインボーナスをプレゼント！*
`QP X 2000000
`_2023-07-22 19:38:03_
--------
*517ccfc56e0b068f419634fc871e36b0*
`登陆天数: 50天 / 450天
等级: 1
石头: 2
呼符: 0
体力: 784619.03 / 20
友情点: 0 / 186000`
*連続ログイン1日目
※ログインが途切れるか、7日到達すると
1日目から再開されます*
`フレンドポイント X 2000
7月交換券(2023) X 1
`_2023-07-22 19:38:12_
--------
*bd62bce1f10a8ea80c682ed6f811ef8f*
`登陆天数: 50天 / 471天
等级: 1
石头: 5
呼符: 0
体力: 783907.38 / 20
友情点: 0 / 164000`
*連続ログイン1日目
※ログインが途切れるか、7日到達すると
1日目から再開されます*
`フレンドポイント X 2000
7月交換券(2023) X 1
`_2023-07-22 19:38:20_
--------
