【登录信息】
*3084073a697602a159acb3c9452b4b00*
`登陆天数: 538天 / 2232天
等级: 161
石头: 25
呼符: 1
体力: 56.24666666666667 / 144
友情点: 630 / 6495470`
*連続ログイン6日目
※ログインが途切れるか、7日到達すると
1日目から再開されます*
`聖晶石 X 2
7月交換券(2023) X 1
`*「Fate/Grand Order Fes. 2023 夏祭り ～8th Anniversary～」開催直前カウントダウンログインボーナス*
*開催期間中、1日1回 8日間日替りでログインボーナスをプレゼント！*
`叡智の業火 X 10
`_2023-07-23 19:38:04_
--------
*517ccfc56e0b068f419634fc871e36b0*
`登陆天数: 51天 / 451天
等级: 1
石头: 2
呼符: 0
体力: 784907.0333333333 / 20
友情点: 0 / 186000`
*連続ログイン2日目
※ログインが途切れるか、7日到達すると
1日目から再開されます*
`聖晶石 X 1
7月交換券(2023) X 1
`_2023-07-23 19:38:13_
--------
*bd62bce1f10a8ea80c682ed6f811ef8f*
`登陆天数: 51天 / 472天
等级: 1
石头: 5
呼符: 0
体力: 784195.3866666667 / 20
友情点: 0 / 164000`
*連続ログイン2日目
※ログインが途切れるか、7日到達すると
1日目から再開されます*
`聖晶石 X 1
7月交換券(2023) X 1
`_2023-07-23 19:38:21_
--------
