【登录信息】
*3084073a697602a159acb3c9452b4b00*
`登陆天数: 539天 / 2233天
等级: 161
石头: 27
呼符: 1
体力: 41.35333333333334 / 144
友情点: 515 / 6497315`
*連続ログイン7日間到達おめでとうございます！
明日は1日目からリスタートされます。*
`獣の足跡 X 1
呼符 X 1
7月交換券(2023) X 1
`*「Fate/Grand Order Fes. 2023 夏祭り ～8th Anniversary～」開催直前カウントダウンログインボーナス*
*開催期間中、1日1回 8日間日替りでログインボーナスをプレゼント！*
`QP X 3000000
`_2023-07-24 19:38:11_
--------
*517ccfc56e0b068f419634fc871e36b0*
`登陆天数: 52天 / 452天
等级: 1
石头: 2
呼符: 0
体力: 785195.0566666666 / 20
友情点: 0 / 186000`
*連続ログイン3日目
※ログインが途切れるか、7日到達すると
1日目から再開されます*
`叡智の業火 X 1
7月交換券(2023) X 1
`_2023-07-24 19:38:20_
--------
*bd62bce1f10a8ea80c682ed6f811ef8f*
`登陆天数: 52天 / 473天
等级: 1
石头: 5
呼符: 0
体力: 784483.41 / 20
友情点: 0 / 164000`
*連続ログイン3日目
※ログインが途切れるか、7日到達すると
1日目から再開されます*
`叡智の業火 X 1
7月交換券(2023) X 1
`_2023-07-24 19:38:28_
--------
