【登录信息】
*3084073a697602a159acb3c9452b4b00*
`登陆天数: 541天 / 2235天
等级: 161
石头: 28
呼符: 2
体力: 242.65333333333334 / 144
友情点: 160 / 6502025`
*連続ログイン2日目
※ログインが途切れるか、7日到達すると
1日目から再開されます*
`聖晶石 X 1
7月交換券(2023) X 1
`*「Fate/Grand Order Fes. 2023 夏祭り ～8th Anniversary～」開催直前カウントダウンログインボーナス*
*開催期間中、1日1回 8日間日替りでログインボーナスをプレゼント！*
`QP X 3000000
`_2023-07-26 19:38:04_
--------
*517ccfc56e0b068f419634fc871e36b0*
`登陆天数: 54天 / 454天
等级: 1
石头: 2
呼符: 0
体力: 785771.0366666666 / 20
友情点: 0 / 186000`
*連続ログイン5日目
※ログインが途切れるか、7日到達すると
1日目から再開されます*
`叡智の業火 X 2
7月交換券(2023) X 1
`_2023-07-26 19:38:15_
--------
*bd62bce1f10a8ea80c682ed6f811ef8f*
`登陆天数: 54天 / 475天
等级: 1
石头: 5
呼符: 0
体力: 785059.39 / 20
友情点: 0 / 164000`
*連続ログイン5日目
※ログインが途切れるか、7日到達すると
1日目から再開されます*
`叡智の業火 X 2
7月交換券(2023) X 1
`_2023-07-26 19:38:22_
--------
