【登录信息】
*3084073a697602a159acb3c9452b4b00*
`登陆天数: 543天 / 2237天
等级: 161
石头: 28
呼符: 3
体力: 75.84333333333333 / 144
友情点: 150 / 6505580`
*連続ログイン4日目
※ログインが途切れるか、7日到達すると
1日目から再開されます*
`聖晶石 X 1
7月交換券(2023) X 1
`*「Fate/Grand Order Fes. 2023 夏祭り ～8th Anniversary～」開催直前カウントダウンログインボーナス*
*開催期間中、1日1回 8日間日替りでログインボーナスをプレゼント！*
`星見のティーポット X 3
`_2023-07-28 19:38:12_
--------
*517ccfc56e0b068f419634fc871e36b0*
`登陆天数: 56天 / 456天
等级: 1
石头: 2
呼符: 0
体力: 786347.0566666666 / 20
友情点: 0 / 186000`
*連続ログイン7日間到達おめでとうございます！
明日は1日目からリスタートされます。*
`獣の足跡 X 1
呼符 X 1
7月交換券(2023) X 1
`_2023-07-28 19:38:21_
--------
*bd62bce1f10a8ea80c682ed6f811ef8f*
`登陆天数: 56天 / 477天
等级: 1
石头: 5
呼符: 0
体力: 785635.41 / 20
友情点: 0 / 164000`
*連続ログイン7日間到達おめでとうございます！
明日は1日目からリスタートされます。*
`獣の足跡 X 1
呼符 X 1
7月交換券(2023) X 1
`_2023-07-28 19:38:29_
--------
