【登录信息】
*3084073a697602a159acb3c9452b4b00*
`登陆天数: 544天 / 2238天
等级: 161
石头: 35
呼符: 3
体力: 51.82333333333334 / 144
友情点: 140 / 6506235`
*連続ログイン5日目
※ログインが途切れるか、7日到達すると
1日目から再開されます*
`叡智の業火 X 2
7月交換券(2023) X 1
`_2023-07-29 19:38:15_
--------
*517ccfc56e0b068f419634fc871e36b0*
`登陆天数: 57天 / 457天
等级: 1
石头: 2
呼符: 0
体力: 786635.07 / 20
友情点: 0 / 186000`
*連続ログイン1日目
※ログインが途切れるか、7日到達すると
1日目から再開されます*
`フレンドポイント X 2000
7月交換券(2023) X 1
`_2023-07-29 19:38:24_
--------
*bd62bce1f10a8ea80c682ed6f811ef8f*
`登陆天数: 57天 / 478天
等级: 1
石头: 5
呼符: 0
体力: 785923.4233333333 / 20
友情点: 0 / 164000`
*連続ログイン1日目
※ログインが途切れるか、7日到達すると
1日目から再開されます*
`フレンドポイント X 2000
7月交換券(2023) X 1
`_2023-07-29 19:38:32_
--------
