【登录信息】
*3084073a697602a159acb3c9452b4b00*
`登陆天数: 424天 / 2118天
等级: 160
石头: 600
呼符: 9
体力: 53.53666666666666 / 144
友情点: 100 / 5216720`
*連続ログイン4日目
※ログインが途切れるか、7日到達すると
1日目から再開されます*
`聖晶石 X 1
4月交換券(2023) X 1
`*Fate/Grand Order 春の新米マスター応援キャンペーン2023！
日替りログインボーナス*
*開催期間中、1日1回 6日間日替りでログインボーナスをプレゼント！*
`聖晶石 X 2
`_2023-03-31 19:37:39_
--------
*517ccfc56e0b068f419634fc871e36b0*
`登陆天数: 1天 / 341天
等级: 1
石头: 2
呼符: 0
体力: 752074.95 / 20
友情点: 0 / 186000`
*連続ログイン1日目
※ログインが途切れるか、7日到達すると
1日目から再開されます*
`フレンドポイント X 2000
4月交換券(2023) X 1
`_2023-03-31 19:37:48_
--------
*bd62bce1f10a8ea80c682ed6f811ef8f*
`登陆天数: 1天 / 362天
等级: 1
石头: 5
呼符: 0
体力: 751363.3 / 20
友情点: 0 / 164000`
*連続ログイン1日目
※ログインが途切れるか、7日到達すると
1日目から再開されます*
`フレンドポイント X 2000
4月交換券(2023) X 1
`_2023-03-31 19:37:56_
--------
