【登录信息】
*3084073a697602a159acb3c9452b4b00*
`登陆天数: 425天 / 2119天
等级: 160
石头: 603
呼符: 9
体力: 15.159999999999997 / 144
友情点: 170 / 5218420`
*連続ログイン5日目
※ログインが途切れるか、7日到達すると
1日目から再開されます*
`叡智の業火 X 2
4月交換券(2023) X 1
`*Fate/Grand Order 春の新米マスター応援キャンペーン2023！
日替りログインボーナス*
*開催期間中、1日1回 6日間日替りでログインボーナスをプレゼント！*
`呼符 X 1
`_2023-04-01 19:37:29_
--------
*517ccfc56e0b068f419634fc871e36b0*
`登陆天数: 2天 / 342天
等级: 1
石头: 2
呼符: 0
体力: 752362.9133333333 / 20
友情点: 0 / 186000`
*連続ログイン2日目
※ログインが途切れるか、7日到達すると
1日目から再開されます*
`聖晶石 X 1
4月交換券(2023) X 1
`_2023-04-01 19:37:38_
--------
*bd62bce1f10a8ea80c682ed6f811ef8f*
`登陆天数: 2天 / 363天
等级: 1
石头: 5
呼符: 0
体力: 751651.2666666667 / 20
友情点: 0 / 164000`
*連続ログイン2日目
※ログインが途切れるか、7日到達すると
1日目から再開されます*
`聖晶石 X 1
4月交換券(2023) X 1
`_2023-04-01 19:37:46_
--------
