【登录信息】
*3084073a697602a159acb3c9452b4b00*
`登陆天数: 426天 / 2120天
等级: 160
石头: 606
呼符: 2
体力: 33.16666666666667 / 144
友情点: 1820 / 5225960`
*連続ログイン6日目
※ログインが途切れるか、7日到達すると
1日目から再開されます*
`聖晶石 X 2
4月交換券(2023) X 1
`*日替りログインボーナス*
*開催期間中、1日1回 4週間日替りでログインボーナスをプレゼント！*
`巡霊の葉 X 30
`_2023-04-02 19:37:32_
--------
*517ccfc56e0b068f419634fc871e36b0*
`登陆天数: 3天 / 343天
等级: 1
石头: 2
呼符: 0
体力: 752650.9233333333 / 20
友情点: 0 / 186000`
*連続ログイン3日目
※ログインが途切れるか、7日到達すると
1日目から再開されます*
`叡智の業火 X 1
4月交換券(2023) X 1
`_2023-04-02 19:37:41_
--------
*bd62bce1f10a8ea80c682ed6f811ef8f*
`登陆天数: 3天 / 364天
等级: 1
石头: 5
呼符: 0
体力: 751939.2766666666 / 20
友情点: 0 / 164000`
*連続ログイン3日目
※ログインが途切れるか、7日到達すると
1日目から再開されます*
`叡智の業火 X 1
4月交換券(2023) X 1
`_2023-04-02 19:37:49_
--------
