【登录信息】
*3084073a697602a159acb3c9452b4b00*
`登陆天数: 427天 / 2121天
等级: 160
石头: 608
呼符: 2
体力: 64.26333333333334 / 144
友情点: 150 / 5229410`
*連続ログイン7日間到達おめでとうございます！
明日は1日目からリスタートされます。*
`獣の足跡 X 1
呼符 X 1
4月交換券(2023) X 1
`*日替りログインボーナス*
*開催期間中、1日1回 4週間日替りでログインボーナスをプレゼント！*
`巡霊の葉 X 30
`_2023-04-03 19:37:51_
--------
*517ccfc56e0b068f419634fc871e36b0*
`登陆天数: 4天 / 344天
等级: 1
石头: 2
呼符: 0
体力: 752938.9866666667 / 20
友情点: 0 / 186000`
*連続ログイン4日目
※ログインが途切れるか、7日到達すると
1日目から再開されます*
`聖晶石 X 1
4月交換券(2023) X 1
`_2023-04-03 19:37:59_
--------
*bd62bce1f10a8ea80c682ed6f811ef8f*
`登陆天数: 4天 / 365天
等级: 1
石头: 5
呼符: 0
体力: 752227.34 / 20
友情点: 0 / 164000`
*連続ログイン4日目
※ログインが途切れるか、7日到達すると
1日目から再開されます*
`聖晶石 X 1
4月交換券(2023) X 1
`_2023-04-03 19:38:07_
--------
