【登录信息】
*3084073a697602a159acb3c9452b4b00*
`登陆天数: 429天 / 2123天
等级: 160
石头: 611
呼符: 3
体力: 54.120000000000005 / 144
友情点: 0 / 5234990`
*連続ログイン2日目
※ログインが途切れるか、7日到達すると
1日目から再開されます*
`聖晶石 X 1
4月交換券(2023) X 1
`*日替りログインボーナス*
*開催期間中、1日1回 4週間日替りでログインボーナスをプレゼント！*
`巡霊の葉 X 30
`_2023-04-05 19:37:34_
--------
*517ccfc56e0b068f419634fc871e36b0*
`登陆天数: 6天 / 346天
等级: 1
石头: 2
呼符: 0
体力: 753514.93 / 20
友情点: 0 / 186000`
*連続ログイン6日目
※ログインが途切れるか、7日到達すると
1日目から再開されます*
`聖晶石 X 2
4月交換券(2023) X 1
`_2023-04-05 19:37:42_
--------
*bd62bce1f10a8ea80c682ed6f811ef8f*
`登陆天数: 6天 / 367天
等级: 1
石头: 5
呼符: 0
体力: 752803.2833333333 / 20
友情点: 0 / 164000`
*連続ログイン6日目
※ログインが途切れるか、7日到達すると
1日目から再開されます*
`聖晶石 X 2
4月交換券(2023) X 1
`_2023-04-05 19:37:50_
--------
