【登录信息】
*3084073a697602a159acb3c9452b4b00*
`登陆天数: 430天 / 2124天
等级: 160
石头: 618
呼符: 0
体力: 55.67 / 144
友情点: 1610 / 5245930`
*連続ログイン3日目
※ログインが途切れるか、7日到達すると
1日目から再開されます*
`叡智の業火 X 1
4月交換券(2023) X 1
`*日替りログインボーナス*
*開催期間中、1日1回 4週間日替りでログインボーナスをプレゼント！*
`巡霊の葉 X 30
`_2023-04-06 19:37:39_
--------
*517ccfc56e0b068f419634fc871e36b0*
`登陆天数: 7天 / 347天
等级: 1
石头: 2
呼符: 0
体力: 753802.95 / 20
友情点: 0 / 186000`
*連続ログイン7日間到達おめでとうございます！
明日は1日目からリスタートされます。*
`獣の足跡 X 1
呼符 X 1
4月交換券(2023) X 1
`_2023-04-06 19:37:48_
--------
*bd62bce1f10a8ea80c682ed6f811ef8f*
`登陆天数: 7天 / 368天
等级: 1
石头: 5
呼符: 0
体力: 753091.3 / 20
友情点: 0 / 164000`
*連続ログイン7日間到達おめでとうございます！
明日は1日目からリスタートされます。*
`獣の足跡 X 1
呼符 X 1
4月交換券(2023) X 1
`_2023-04-06 19:37:56_
--------
