【登录信息】
*3084073a697602a159acb3c9452b4b00*
`登陆天数: 433天 / 2127天
等级: 160
石头: 667
呼符: 0
体力: 59.18000000000001 / 144
友情点: 90 / 5261020`
*連続ログイン6日目
※ログインが途切れるか、7日到達すると
1日目から再開されます*
`聖晶石 X 2
4月交換券(2023) X 1
`*日替りログインボーナス*
*開催期間中、1日1回 4週間日替りでログインボーナスをプレゼント！*
`巡霊の葉 X 30
`_2023-04-09 19:37:42_
--------
*517ccfc56e0b068f419634fc871e36b0*
`登陆天数: 10天 / 350天
等级: 1
石头: 2
呼符: 0
体力: 754666.96 / 20
友情点: 0 / 186000`
*連続ログイン3日目
※ログインが途切れるか、7日到達すると
1日目から再開されます*
`叡智の業火 X 1
4月交換券(2023) X 1
`_2023-04-09 19:37:51_
--------
*bd62bce1f10a8ea80c682ed6f811ef8f*
`登陆天数: 10天 / 371天
等级: 1
石头: 5
呼符: 0
体力: 753955.3133333334 / 20
友情点: 0 / 164000`
*連続ログイン3日目
※ログインが途切れるか、7日到達すると
1日目から再開されます*
`叡智の業火 X 1
4月交換券(2023) X 1
`_2023-04-09 19:37:59_
--------
