【登录信息】
*3084073a697602a159acb3c9452b4b00*
`登陆天数: 436天 / 2130天
等级: 160
石头: 673
呼符: 1
体力: 53.13666666666667 / 144
友情点: 2840 / 5277970`
*連続ログイン2日目
※ログインが途切れるか、7日到達すると
1日目から再開されます*
`聖晶石 X 1
4月交換券(2023) X 1
`*日替りログインボーナス*
*開催期間中、1日1回 4週間日替りでログインボーナスをプレゼント！*
`巡霊の葉 X 30
`_2023-04-12 19:37:29_
--------
*517ccfc56e0b068f419634fc871e36b0*
`登陆天数: 13天 / 353天
等级: 1
石头: 2
呼符: 0
体力: 755530.9166666666 / 20
友情点: 0 / 186000`
*連続ログイン6日目
※ログインが途切れるか、7日到達すると
1日目から再開されます*
`聖晶石 X 2
4月交換券(2023) X 1
`_2023-04-12 19:37:38_
--------
*bd62bce1f10a8ea80c682ed6f811ef8f*
`登陆天数: 13天 / 374天
等级: 1
石头: 5
呼符: 0
体力: 754819.27 / 20
友情点: 0 / 164000`
*連続ログイン6日目
※ログインが途切れるか、7日到達すると
1日目から再開されます*
`聖晶石 X 2
4月交換券(2023) X 1
`_2023-04-12 19:37:46_
--------
