【登录信息】
*3084073a697602a159acb3c9452b4b00*
`登陆天数: 439天 / 2133天
等级: 160
石头: 681
呼符: 0
体力: 34.156666666666666 / 144
友情点: 860 / 5307260`
*連続ログイン5日目
※ログインが途切れるか、7日到達すると
1日目から再開されます*
`叡智の業火 X 2
4月交換券(2023) X 1
`*日替りログインボーナス*
*開催期間中、1日1回 4週間日替りでログインボーナスをプレゼント！*
`聖晶石 X 6
巡霊の葉 X 50
`_2023-04-15 19:37:36_
--------
*517ccfc56e0b068f419634fc871e36b0*
`登陆天数: 16天 / 356天
等级: 1
石头: 2
呼符: 0
体力: 756394.9333333333 / 20
友情点: 0 / 186000`
*連続ログイン2日目
※ログインが途切れるか、7日到達すると
1日目から再開されます*
`聖晶石 X 1
4月交換券(2023) X 1
`_2023-04-15 19:37:44_
--------
*bd62bce1f10a8ea80c682ed6f811ef8f*
`登陆天数: 16天 / 377天
等级: 1
石头: 5
呼符: 0
体力: 755683.2866666666 / 20
友情点: 0 / 164000`
*連続ログイン2日目
※ログインが途切れるか、7日到達すると
1日目から再開されます*
`聖晶石 X 1
4月交換券(2023) X 1
`_2023-04-15 19:37:52_
--------
