【登录信息】
*3084073a697602a159acb3c9452b4b00*
`登陆天数: 440天 / 2134天
等级: 160
石头: 687
呼符: 0
体力: 48.16333333333333 / 144
友情点: 580 / 5312800`
*連続ログイン6日目
※ログインが途切れるか、7日到達すると
1日目から再開されます*
`聖晶石 X 2
4月交換券(2023) X 1
`*日替りログインボーナス*
*開催期間中、1日1回 4週間日替りでログインボーナスをプレゼント！*
`巡霊の葉 X 30
`_2023-04-16 19:37:38_
--------
*517ccfc56e0b068f419634fc871e36b0*
`登陆天数: 17天 / 357天
等级: 1
石头: 2
呼符: 0
体力: 756682.9433333334 / 20
友情点: 0 / 186000`
*連続ログイン3日目
※ログインが途切れるか、7日到達すると
1日目から再開されます*
`叡智の業火 X 1
4月交換券(2023) X 1
`_2023-04-16 19:37:47_
--------
*bd62bce1f10a8ea80c682ed6f811ef8f*
`登陆天数: 17天 / 378天
等级: 1
石头: 5
呼符: 0
体力: 755971.2966666666 / 20
友情点: 0 / 164000`
*連続ログイン3日目
※ログインが途切れるか、7日到達すると
1日目から再開されます*
`叡智の業火 X 1
4月交換券(2023) X 1
`_2023-04-16 19:37:54_
--------
