【登录信息】
*3084073a697602a159acb3c9452b4b00*
`登陆天数: 442天 / 2136天
等级: 160
石头: 689
呼符: 0
体力: 36.14333333333333 / 144
友情点: 1950 / 5328440`
*連続ログイン1日目
※ログインが途切れるか、7日到達すると
1日目から再開されます*
`フレンドポイント X 2000
4月交換券(2023) X 1
`*日替りログインボーナス*
*開催期間中、1日1回 4週間日替りでログインボーナスをプレゼント！*
`巡霊の葉 X 100
`_2023-04-18 19:37:32_
--------
*517ccfc56e0b068f419634fc871e36b0*
`登陆天数: 19天 / 359天
等级: 1
石头: 2
呼符: 0
体力: 757258.9233333333 / 20
友情点: 0 / 186000`
*連続ログイン5日目
※ログインが途切れるか、7日到達すると
1日目から再開されます*
`叡智の業火 X 2
4月交換券(2023) X 1
`_2023-04-18 19:37:41_
--------
*bd62bce1f10a8ea80c682ed6f811ef8f*
`登陆天数: 19天 / 380天
等级: 1
石头: 5
呼符: 0
体力: 756547.2766666666 / 20
友情点: 0 / 164000`
*連続ログイン5日目
※ログインが途切れるか、7日到達すると
1日目から再開されます*
`叡智の業火 X 2
4月交換券(2023) X 1
`_2023-04-18 19:37:48_
--------
