【登录信息】
*3084073a697602a159acb3c9452b4b00*
`登陆天数: 444天 / 2138天
等级: 160
石头: 525
呼符: 1
体力: 41.45666666666666 / 144
友情点: 300 / 5335730`
*連続ログイン3日目
※ログインが途切れるか、7日到達すると
1日目から再開されます*
`叡智の業火 X 1
4月交換券(2023) X 1
`*日替りログインボーナス*
*開催期間中、1日1回 4週間日替りでログインボーナスをプレゼント！*
`巡霊の葉 X 30
`_2023-04-20 19:37:50_
--------
*517ccfc56e0b068f419634fc871e36b0*
`登陆天数: 21天 / 361天
等级: 1
石头: 2
呼符: 0
体力: 757834.99 / 20
友情点: 0 / 186000`
*連続ログイン7日間到達おめでとうございます！
明日は1日目からリスタートされます。*
`獣の足跡 X 1
呼符 X 1
4月交換券(2023) X 1
`_2023-04-20 19:38:00_
--------
*bd62bce1f10a8ea80c682ed6f811ef8f*
`登陆天数: 21天 / 382天
等级: 1
石头: 5
呼符: 0
体力: 757123.3433333334 / 20
友情点: 0 / 164000`
*連続ログイン7日間到達おめでとうございます！
明日は1日目からリスタートされます。*
`獣の足跡 X 1
呼符 X 1
4月交換券(2023) X 1
`_2023-04-20 19:38:08_
--------
