【登录信息】
*3084073a697602a159acb3c9452b4b00*
`登陆天数: 445天 / 2139天
等级: 160
石头: 523
呼符: 0
体力: 22.38666666666667 / 144
友情点: 720 / 5342715`
*連続ログイン4日目
※ログインが途切れるか、7日到達すると
1日目から再開されます*
`聖晶石 X 1
4月交換券(2023) X 1
`*日替りログインボーナス*
*開催期間中、1日1回 4週間日替りでログインボーナスをプレゼント！*
`巡霊の葉 X 30
`_2023-04-21 19:37:30_
--------
*517ccfc56e0b068f419634fc871e36b0*
`登陆天数: 22天 / 362天
等级: 1
石头: 2
呼符: 0
体力: 758122.92 / 20
友情点: 0 / 186000`
*連続ログイン1日目
※ログインが途切れるか、7日到達すると
1日目から再開されます*
`フレンドポイント X 2000
4月交換券(2023) X 1
`_2023-04-21 19:37:39_
--------
*bd62bce1f10a8ea80c682ed6f811ef8f*
`登陆天数: 22天 / 383天
等级: 1
石头: 5
呼符: 0
体力: 757411.2733333333 / 20
友情点: 0 / 164000`
*連続ログイン1日目
※ログインが途切れるか、7日到達すると
1日目から再開されます*
`フレンドポイント X 2000
4月交換券(2023) X 1
`_2023-04-21 19:37:47_
--------
