【登录信息】
*3084073a697602a159acb3c9452b4b00*
`登陆天数: 448天 / 2142天
等级: 160
石头: 547
呼符: 1
体力: 48.91666666666667 / 144
友情点: 210 / 5365640`
*連続ログイン7日間到達おめでとうございます！
明日は1日目からリスタートされます。*
`獣の足跡 X 1
呼符 X 1
4月交換券(2023) X 1
`*日替りログインボーナス*
*開催期間中、1日1回 4週間日替りでログインボーナスをプレゼント！*
`巡霊の葉 X 30
`_2023-04-24 19:37:31_
--------
*517ccfc56e0b068f419634fc871e36b0*
`登陆天数: 25天 / 365天
等级: 1
石头: 2
呼符: 0
体力: 758986.92 / 20
友情点: 0 / 186000`
*連続ログイン4日目
※ログインが途切れるか、7日到達すると
1日目から再開されます*
`聖晶石 X 1
4月交換券(2023) X 1
`_2023-04-24 19:37:40_
--------
*bd62bce1f10a8ea80c682ed6f811ef8f*
`登陆天数: 25天 / 386天
等级: 1
石头: 5
呼符: 0
体力: 758275.2733333333 / 20
友情点: 0 / 164000`
*連続ログイン4日目
※ログインが途切れるか、7日到達すると
1日目から再開されます*
`聖晶石 X 1
4月交換券(2023) X 1
`_2023-04-24 19:37:48_
--------
