【登录信息】
*3084073a697602a159acb3c9452b4b00*
`登陆天数: 451天 / 2145天
等级: 160
石头: 373
呼符: 0
体力: 51.81 / 144
友情点: 590 / 5377310`
*連続ログイン3日目
※ログインが途切れるか、7日到達すると
1日目から再開されます*
`叡智の業火 X 1
4月交換券(2023) X 1
`*日替りログインボーナス*
*開催期間中、1日1回 4週間日替りでログインボーナスをプレゼント！*
`巡霊の葉 X 30
`_2023-04-27 19:37:43_
--------
*517ccfc56e0b068f419634fc871e36b0*
`登陆天数: 28天 / 368天
等级: 1
石头: 2
呼符: 0
体力: 759850.96 / 20
友情点: 0 / 186000`
*連続ログイン7日間到達おめでとうございます！
明日は1日目からリスタートされます。*
`獣の足跡 X 1
呼符 X 1
4月交換券(2023) X 1
`_2023-04-27 19:37:52_
--------
*bd62bce1f10a8ea80c682ed6f811ef8f*
`登陆天数: 28天 / 389天
等级: 1
石头: 5
呼符: 0
体力: 759139.3133333334 / 20
友情点: 0 / 164000`
*連続ログイン7日間到達おめでとうございます！
明日は1日目からリスタートされます。*
`獣の足跡 X 1
呼符 X 1
4月交換券(2023) X 1
`_2023-04-27 19:37:59_
--------
