【登录信息】
*3084073a697602a159acb3c9452b4b00*
`登陆天数: 452天 / 2146天
等级: 160
石头: 375
呼符: 0
体力: 49.78666666666666 / 144
友情点: 70 / 5379150`
*連続ログイン4日目
※ログインが途切れるか、7日到達すると
1日目から再開されます*
`聖晶石 X 1
4月交換券(2023) X 1
`*日替りログインボーナス*
*開催期間中、1日1回 4週間日替りでログインボーナスをプレゼント！*
`巡霊の葉 X 30
`_2023-04-28 19:37:36_
--------
*517ccfc56e0b068f419634fc871e36b0*
`登陆天数: 29天 / 369天
等级: 1
石头: 2
呼符: 0
体力: 760138.9366666666 / 20
友情点: 0 / 186000`
*連続ログイン1日目
※ログインが途切れるか、7日到達すると
1日目から再開されます*
`フレンドポイント X 2000
4月交換券(2023) X 1
`_2023-04-28 19:37:45_
--------
*bd62bce1f10a8ea80c682ed6f811ef8f*
`登陆天数: 29天 / 390天
等级: 1
石头: 5
呼符: 0
体力: 759427.29 / 20
友情点: 0 / 164000`
*連続ログイン1日目
※ログインが途切れるか、7日到達すると
1日目から再開されます*
`フレンドポイント X 2000
4月交換券(2023) X 1
`_2023-04-28 19:37:52_
--------
