【登录信息】
*3084073a697602a159acb3c9452b4b00*
`登陆天数: 453天 / 2147天
等级: 160
石头: 350
呼符: 1
体力: 47.8 / 144
友情点: 340 / 5383625`
*連続ログイン5日目
※ログインが途切れるか、7日到達すると
1日目から再開されます*
`叡智の業火 X 2
4月交換券(2023) X 1
`*日替りログインボーナス*
*開催期間中、1日1回 4週間日替りでログインボーナスをプレゼント！*
`聖晶石 X 9
巡霊の葉 X 50
`_2023-04-29 19:37:39_
--------
*517ccfc56e0b068f419634fc871e36b0*
`登陆天数: 30天 / 370天
等级: 1
石头: 2
呼符: 0
体力: 760426.95 / 20
友情点: 0 / 186000`
*連続ログイン2日目
※ログインが途切れるか、7日到達すると
1日目から再開されます*
`聖晶石 X 1
4月交換券(2023) X 1
`_2023-04-29 19:37:49_
--------
*bd62bce1f10a8ea80c682ed6f811ef8f*
`登陆天数: 30天 / 391天
等级: 1
石头: 5
呼符: 0
体力: 759715.3033333333 / 20
友情点: 0 / 164000`
*連続ログイン2日目
※ログインが途切れるか、7日到達すると
1日目から再開されます*
`聖晶石 X 1
4月交換券(2023) X 1
`_2023-04-29 19:37:57_
--------
