【登录信息】
*3084073a697602a159acb3c9452b4b00*
`登陆天数: 21天 / 2317天
等级: 161
石头: 10
呼符: 5
体力: 5039.463333333333 / 144
友情点: 400 / 6699195`
*連続ログイン7日間到達おめでとうございます！
明日は1日目からリスタートされます。*
`獣の足跡 X 1
呼符 X 1
11月交換券(2023) X 1
`*聖杯戦線 ～白天の城、黒夜の城～開幕記念 ログインボーナス*
*開催期間中、1日1回 最大21回ログインボーナスをプレゼント！*
`黄金の果実 X 1
`_2023-11-01 19:36:14_
--------
*517ccfc56e0b068f419634fc871e36b0*
`登陆天数: 20天 / 534天
等级: 1
石头: 2
呼符: 0
体力: 813994.67 / 20
友情点: 0 / 186000`
*連続ログイン6日目
※ログインが途切れるか、7日到達すると
1日目から再開されます*
`聖晶石 X 2
11月交換券(2023) X 1
`_2023-11-01 19:36:24_
--------
*bd62bce1f10a8ea80c682ed6f811ef8f*
`登陆天数: 20天 / 555天
等级: 1
石头: 5
呼符: 0
体力: 813283.0233333333 / 20
友情点: 0 / 164000`
*連続ログイン6日目
※ログインが途切れるか、7日到達すると
1日目から再開されます*
`聖晶石 X 2
11月交換券(2023) X 1
`_2023-11-01 19:36:33_
--------
