【登录信息】
*3084073a697602a159acb3c9452b4b00*
`登陆天数: 23天 / 2319天
等级: 161
石头: 10
呼符: 5
体力: 5615.433333333333 / 144
友情点: 370 / 6700770`
*連続ログイン2日目
※ログインが途切れるか、7日到達すると
1日目から再開されます*
`聖晶石 X 1
11月交換券(2023) X 1
`*聖杯戦線 ～白天の城、黒夜の城～開幕記念 ログインボーナス*
*開催期間中、1日1回 最大21回ログインボーナスをプレゼント！*
`白銀の果実 X 1
`_2023-11-03 19:36:06_
--------
*517ccfc56e0b068f419634fc871e36b0*
`登陆天数: 22天 / 536天
等级: 1
石头: 2
呼符: 0
体力: 814570.64 / 20
友情点: 0 / 186000`
*連続ログイン1日目
※ログインが途切れるか、7日到達すると
1日目から再開されます*
`フレンドポイント X 2000
11月交換券(2023) X 1
`_2023-11-03 19:36:15_
--------
*bd62bce1f10a8ea80c682ed6f811ef8f*
`登陆天数: 22天 / 557天
等级: 1
石头: 5
呼符: 0
体力: 813858.99 / 20
友情点: 0 / 164000`
*連続ログイン1日目
※ログインが途切れるか、7日到達すると
1日目から再開されます*
`フレンドポイント X 2000
11月交換券(2023) X 1
`_2023-11-03 19:36:23_
--------
