【登录信息】
*3084073a697602a159acb3c9452b4b00*
`登陆天数: 25天 / 2321天
等级: 161
石头: 10
呼符: 5
体力: 6191.46 / 144
友情点: 570 / 6701560`
*連続ログイン4日目
※ログインが途切れるか、7日到達すると
1日目から再開されます*
`聖晶石 X 1
11月交換券(2023) X 1
`*聖杯戦線 ～白天の城、黒夜の城～開幕記念 ログインボーナス*
*開催期間中、1日1回 最大21回ログインボーナスをプレゼント！*
`白銀の果実 X 1
`_2023-11-05 19:36:13_
--------
*517ccfc56e0b068f419634fc871e36b0*
`登陆天数: 24天 / 538天
等级: 1
石头: 2
呼符: 0
体力: 815146.6666666666 / 20
友情点: 0 / 186000`
*連続ログイン3日目
※ログインが途切れるか、7日到達すると
1日目から再開されます*
`叡智の業火 X 1
11月交換券(2023) X 1
`_2023-11-05 19:36:23_
--------
*bd62bce1f10a8ea80c682ed6f811ef8f*
`登陆天数: 24天 / 559天
等级: 1
石头: 5
呼符: 0
体力: 814435.02 / 20
友情点: 0 / 164000`
*連続ログイン3日目
※ログインが途切れるか、7日到達すると
1日目から再開されます*
`叡智の業火 X 1
11月交換券(2023) X 1
`_2023-11-05 19:36:32_
--------
