【登录信息】
*3084073a697602a159acb3c9452b4b00*
`登陆天数: 27天 / 2323天
等级: 161
石头: 10
呼符: 5
体力: 6767.4 / 144
友情点: 375 / 6703275`
*連続ログイン6日目
※ログインが途切れるか、7日到達すると
1日目から再開されます*
`聖晶石 X 2
11月交換券(2023) X 1
`*聖杯戦線 ～白天の城、黒夜の城～開幕記念 ログインボーナス*
*開催期間中、1日1回 最大21回ログインボーナスをプレゼント！*
`白銀の果実 X 1
`_2023-11-07 19:35:56_
--------
*517ccfc56e0b068f419634fc871e36b0*
`登陆天数: 26天 / 540天
等级: 1
石头: 2
呼符: 0
体力: 815722.6066666667 / 20
友情点: 0 / 186000`
*連続ログイン5日目
※ログインが途切れるか、7日到達すると
1日目から再開されます*
`叡智の業火 X 2
11月交換券(2023) X 1
`_2023-11-07 19:36:06_
--------
*bd62bce1f10a8ea80c682ed6f811ef8f*
`登陆天数: 26天 / 561天
等级: 1
石头: 5
呼符: 0
体力: 815010.96 / 20
友情点: 0 / 164000`
*連続ログイン5日目
※ログインが途切れるか、7日到達すると
1日目から再開されます*
`叡智の業火 X 2
11月交換券(2023) X 1
`_2023-11-07 19:36:13_
--------
