【登录信息】
*3084073a697602a159acb3c9452b4b00*
`登陆天数: 29天 / 2325天
等级: 161
石头: 10
呼符: 10
体力: 162.95 / 144
友情点: 680 / 6715375`
*連続ログイン1日目
※ログインが途切れるか、7日到達すると
1日目から再開されます*
`フレンドポイント X 2000
11月交換券(2023) X 1
`*聖杯戦線 ～白天の城、黒夜の城～開幕記念 ログインボーナス*
*開催期間中、1日1回 最大21回ログインボーナスをプレゼント！*
`白銀の果実 X 1
`_2023-11-09 19:36:03_
--------
*517ccfc56e0b068f419634fc871e36b0*
`登陆天数: 28天 / 542天
等级: 1
石头: 2
呼符: 0
体力: 816298.63 / 20
友情点: 0 / 186000`
*連続ログイン7日間到達おめでとうございます！
明日は1日目からリスタートされます。*
`獣の足跡 X 1
呼符 X 1
11月交換券(2023) X 1
`_2023-11-09 19:36:13_
--------
*bd62bce1f10a8ea80c682ed6f811ef8f*
`登陆天数: 28天 / 563天
等级: 1
石头: 5
呼符: 0
体力: 815586.9833333333 / 20
友情点: 0 / 164000`
*連続ログイン7日間到達おめでとうございます！
明日は1日目からリスタートされます。*
`獣の足跡 X 1
呼符 X 1
11月交換券(2023) X 1
`_2023-11-09 19:36:21_
--------
