【登录信息】
*3084073a697602a159acb3c9452b4b00*
`登陆天数: 32天 / 2328天
等级: 161
石头: 32
呼符: 19
体力: 64.93333333333334 / 144
友情点: 490 / 6731815`
*連続ログイン4日目
※ログインが途切れるか、7日到達すると
1日目から再開されます*
`聖晶石 X 1
11月交換券(2023) X 1
`*聖杯戦線 ～白天の城、黒夜の城～開幕記念 ログインボーナス*
*開催期間中、1日1回 最大21回ログインボーナスをプレゼント！*
`白銀の果実 X 1
`_2023-11-12 19:36:08_
--------
*517ccfc56e0b068f419634fc871e36b0*
`登陆天数: 31天 / 545天
等级: 1
石头: 2
呼符: 0
体力: 817162.65 / 20
友情点: 0 / 186000`
*連続ログイン3日目
※ログインが途切れるか、7日到達すると
1日目から再開されます*
`叡智の業火 X 1
11月交換券(2023) X 1
`_2023-11-12 19:36:18_
--------
*bd62bce1f10a8ea80c682ed6f811ef8f*
`登陆天数: 31天 / 566天
等级: 1
石头: 5
呼符: 0
体力: 816451.0033333333 / 20
友情点: 0 / 164000`
*連続ログイン3日目
※ログインが途切れるか、7日到達すると
1日目から再開されます*
`叡智の業火 X 1
11月交換券(2023) X 1
`_2023-11-12 19:36:26_
--------
