【登录信息】
*3084073a697602a159acb3c9452b4b00*
`登陆天数: 35天 / 2331天
等级: 161
石头: 32
呼符: 19
体力: 677.7 / 144
友情点: 310 / 6737395`
*連続ログイン7日間到達おめでとうございます！
明日は1日目からリスタートされます。*
`獣の足跡 X 1
呼符 X 1
11月交換券(2023) X 1
`*使用期限付コンティニューアイテムプレゼント！*
*開催期間中、初回ログインでコンティニューアイテム「霊脈石×3」をプレゼント！*
`霊脈石 X 3
`_2023-11-15 19:36:13_
--------
*517ccfc56e0b068f419634fc871e36b0*
`登陆天数: 34天 / 548天
等级: 1
石头: 2
呼符: 0
体力: 818026.6666666666 / 20
友情点: 0 / 186000`
*連続ログイン6日目
※ログインが途切れるか、7日到達すると
1日目から再開されます*
`聖晶石 X 2
11月交換券(2023) X 1
`*使用期限付コンティニューアイテムプレゼント！*
*開催期間中、初回ログインでコンティニューアイテム「霊脈石×3」をプレゼント！*
`霊脈石 X 3
`_2023-11-15 19:36:24_
--------
*bd62bce1f10a8ea80c682ed6f811ef8f*
`登陆天数: 34天 / 569天
等级: 1
石头: 5
呼符: 0
体力: 817315.0233333333 / 20
友情点: 0 / 164000`
*連続ログイン6日目
※ログインが途切れるか、7日到達すると
1日目から再開されます*
`聖晶石 X 2
11月交換券(2023) X 1
`*使用期限付コンティニューアイテムプレゼント！*
*開催期間中、初回ログインでコンティニューアイテム「霊脈石×3」をプレゼント！*
`霊脈石 X 3
`_2023-11-15 19:36:32_
--------
