【登录信息】
*3084073a697602a159acb3c9452b4b00*
`登陆天数: 40天 / 2336天
等级: 161
石头: 41
呼符: 24
体力: 788.9833333333333 / 144
友情点: 385 / 6746800`
*連続ログイン5日目
※ログインが途切れるか、7日到達すると
1日目から再開されます*
`叡智の業火 X 2
11月交換券(2023) X 1
`*2900万DL突破記念 特別回数ログインボーナス*
*開催期間中、1日1回 最大10回 回数ログインボーナスをプレゼント！*
`叡智の業火 X 10
`_2023-11-20 19:36:14_
--------
*517ccfc56e0b068f419634fc871e36b0*
`登陆天数: 39天 / 553天
等级: 1
石头: 2
呼符: 0
体力: 819466.67 / 20
友情点: 0 / 186000`
*連続ログイン4日目
※ログインが途切れるか、7日到達すると
1日目から再開されます*
`聖晶石 X 1
11月交換券(2023) X 1
`_2023-11-20 19:36:25_
--------
*bd62bce1f10a8ea80c682ed6f811ef8f*
`登陆天数: 39天 / 574天
等级: 1
石头: 5
呼符: 0
体力: 818755.0233333333 / 20
友情点: 0 / 164000`
*連続ログイン4日目
※ログインが途切れるか、7日到達すると
1日目から再開されます*
`聖晶石 X 1
11月交換券(2023) X 1
`_2023-11-20 19:36:33_
--------
