【登录信息】
*3084073a697602a159acb3c9452b4b00*
`登陆天数: 41天 / 2337天
等级: 161
石头: 41
呼符: 24
体力: 1076.98 / 144
友情点: 325 / 6747125`
*連続ログイン6日目
※ログインが途切れるか、7日到達すると
1日目から再開されます*
`聖晶石 X 2
11月交換券(2023) X 1
`*2900万DL突破記念 特別回数ログインボーナス*
*開催期間中、1日1回 最大10回 回数ログインボーナスをプレゼント！*
`英霊結晶・星のフォウくん X 10
英霊結晶・太陽のフォウくん X 10
`_2023-11-21 19:36:13_
--------
*517ccfc56e0b068f419634fc871e36b0*
`登陆天数: 40天 / 554天
等级: 1
石头: 2
呼符: 0
体力: 819754.6666666666 / 20
友情点: 0 / 186000`
*連続ログイン5日目
※ログインが途切れるか、7日到達すると
1日目から再開されます*
`叡智の業火 X 2
11月交換券(2023) X 1
`_2023-11-21 19:36:24_
--------
*bd62bce1f10a8ea80c682ed6f811ef8f*
`登陆天数: 40天 / 575天
等级: 1
石头: 5
呼符: 0
体力: 819043.0233333333 / 20
友情点: 0 / 164000`
*連続ログイン5日目
※ログインが途切れるか、7日到達すると
1日目から再開されます*
`叡智の業火 X 2
11月交換券(2023) X 1
`_2023-11-21 19:36:32_
--------
