【登录信息】
*3084073a697602a159acb3c9452b4b00*
`登陆天数: 44天 / 2340天
等级: 161
石头: 41
呼符: 24
体力: 787.48 / 144
友情点: 285 / 6749725`
*連続ログイン2日目
※ログインが途切れるか、7日到達すると
1日目から再開されます*
`聖晶石 X 1
11月交換券(2023) X 1
`*日替りログインボーナス*
*開催期間中、1日1回 2週間日替りでログインボーナスをプレゼント！*
`聖晶石 X 2
巡霊の葉 X 100
`_2023-11-24 19:36:13_
--------
*517ccfc56e0b068f419634fc871e36b0*
`登陆天数: 43天 / 557天
等级: 1
石头: 2
呼符: 0
体力: 820618.6633333333 / 20
友情点: 0 / 186000`
*連続ログイン1日目
※ログインが途切れるか、7日到達すると
1日目から再開されます*
`フレンドポイント X 2000
11月交換券(2023) X 1
`_2023-11-24 19:36:23_
--------
*bd62bce1f10a8ea80c682ed6f811ef8f*
`登陆天数: 43天 / 578天
等级: 1
石头: 5
呼符: 0
体力: 819907.0166666667 / 20
友情点: 0 / 164000`
*連続ログイン1日目
※ログインが途切れるか、7日到達すると
1日目から再開されます*
`フレンドポイント X 2000
11月交換券(2023) X 1
`_2023-11-24 19:36:31_
--------
