【登录信息】
*3084073a697602a159acb3c9452b4b00*
`登陆天数: 45天 / 2341天
等级: 161
石头: 41
呼符: 24
体力: 1075.4266666666667 / 144
友情点: 610 / 6750335`
*連続ログイン3日目
※ログインが途切れるか、7日到達すると
1日目から再開されます*
`叡智の業火 X 1
11月交換券(2023) X 1
`*日替りログインボーナス*
*開催期間中、1日1回 2週間日替りでログインボーナスをプレゼント！*
`巡霊の葉 X 30
`_2023-11-25 19:35:57_
--------
*517ccfc56e0b068f419634fc871e36b0*
`登陆天数: 44天 / 558天
等级: 1
石头: 2
呼符: 0
体力: 820906.61 / 20
友情点: 0 / 186000`
*連続ログイン2日目
※ログインが途切れるか、7日到達すると
1日目から再開されます*
`聖晶石 X 1
11月交換券(2023) X 1
`_2023-11-25 19:36:06_
--------
*bd62bce1f10a8ea80c682ed6f811ef8f*
`登陆天数: 44天 / 579天
等级: 1
石头: 5
呼符: 0
体力: 820194.9633333334 / 20
友情点: 0 / 164000`
*連続ログイン2日目
※ログインが途切れるか、7日到達すると
1日目から再開されます*
`聖晶石 X 1
11月交換券(2023) X 1
`_2023-11-25 19:36:14_
--------
