【登录信息】
*3084073a697602a159acb3c9452b4b00*
`登陆天数: 48天 / 2344天
等级: 161
石头: 45
呼符: 24
体力: 207.58333333333334 / 144
友情点: 240 / 6751975`
*連続ログイン6日目
※ログインが途切れるか、7日到達すると
1日目から再開されます*
`聖晶石 X 2
11月交換券(2023) X 1
`*日替りログインボーナス*
*開催期間中、1日1回 2週間日替りでログインボーナスをプレゼント！*
`聖晶石 X 3
巡霊の葉 X 50
`_2023-11-28 19:36:14_
--------
*517ccfc56e0b068f419634fc871e36b0*
`登陆天数: 47天 / 561天
等级: 1
石头: 2
呼符: 0
体力: 821770.6666666666 / 20
友情点: 0 / 186000`
*連続ログイン5日目
※ログインが途切れるか、7日到達すると
1日目から再開されます*
`叡智の業火 X 2
11月交換券(2023) X 1
`_2023-11-28 19:36:23_
--------
*bd62bce1f10a8ea80c682ed6f811ef8f*
`登陆天数: 47天 / 582天
等级: 1
石头: 5
呼符: 0
体力: 821059.02 / 20
友情点: 0 / 164000`
*連続ログイン5日目
※ログインが途切れるか、7日到達すると
1日目から再開されます*
`叡智の業火 X 2
11月交換券(2023) X 1
`_2023-11-28 19:36:31_
--------
