【登录信息】
*3084073a697602a159acb3c9452b4b00*
`登陆天数: 454天 / 2148天
等级: 160
石头: 364
呼符: 1
体力: 42.769999999999996 / 144
友情点: 465 / 5388445`
*連続ログイン6日目
※ログインが途切れるか、7日到達すると
1日目から再開されます*
`聖晶石 X 2
5月交換券(2023) X 1
`_2023-04-30 19:37:32_
--------
*517ccfc56e0b068f419634fc871e36b0*
`登陆天数: 31天 / 371天
等级: 1
石头: 2
呼符: 0
体力: 760714.92 / 20
友情点: 0 / 186000`
*連続ログイン3日目
※ログインが途切れるか、7日到達すると
1日目から再開されます*
`叡智の業火 X 1
5月交換券(2023) X 1
`_2023-04-30 19:37:40_
--------
*bd62bce1f10a8ea80c682ed6f811ef8f*
`登陆天数: 31天 / 392天
等级: 1
石头: 5
呼符: 0
体力: 760003.2733333333 / 20
友情点: 0 / 164000`
*連続ログイン3日目
※ログインが途切れるか、7日到達すると
1日目から再開されます*
`叡智の業火 X 1
5月交換券(2023) X 1
`_2023-04-30 19:37:47_
--------
