【登录信息】
*3084073a697602a159acb3c9452b4b00*
`登陆天数: 455天 / 2149天
等级: 160
石头: 368
呼符: 1
体力: 40.766666666666666 / 144
友情点: 905 / 5392635`
*連続ログイン7日間到達おめでとうございます！
明日は1日目からリスタートされます。*
`獣の足跡 X 1
呼符 X 1
5月交換券(2023) X 1
`_2023-05-01 19:37:30_
--------
*517ccfc56e0b068f419634fc871e36b0*
`登陆天数: 32天 / 372天
等级: 1
石头: 2
呼符: 0
体力: 761002.9166666666 / 20
友情点: 0 / 186000`
*連続ログイン4日目
※ログインが途切れるか、7日到達すると
1日目から再開されます*
`聖晶石 X 1
5月交換券(2023) X 1
`_2023-05-01 19:37:38_
--------
*bd62bce1f10a8ea80c682ed6f811ef8f*
`登陆天数: 32天 / 393天
等级: 1
石头: 5
呼符: 0
体力: 760291.2666666667 / 20
友情点: 0 / 164000`
*連続ログイン4日目
※ログインが途切れるか、7日到達すると
1日目から再開されます*
`聖晶石 X 1
5月交換券(2023) X 1
`_2023-05-01 19:37:46_
--------
