【登录信息】
*3084073a697602a159acb3c9452b4b00*
`登陆天数: 456天 / 2150天
等级: 160
石头: 2
呼符: 0
体力: 13.793333333333322 / 144
友情点: 1205 / 5400405`
_2023-05-02 19:37:37_
--------
*517ccfc56e0b068f419634fc871e36b0*
`登陆天数: 33天 / 373天
等级: 1
石头: 2
呼符: 0
体力: 761290.9433333334 / 20
友情点: 0 / 186000`
*連続ログイン5日目
※ログインが途切れるか、7日到達すると
1日目から再開されます*
`叡智の業火 X 2
5月交換券(2023) X 1
`_2023-05-02 19:37:46_
--------
*bd62bce1f10a8ea80c682ed6f811ef8f*
`登陆天数: 33天 / 394天
等级: 1
石头: 5
呼符: 0
体力: 760579.2966666666 / 20
友情点: 0 / 164000`
*連続ログイン5日目
※ログインが途切れるか、7日到達すると
1日目から再開されます*
`叡智の業火 X 2
5月交換券(2023) X 1
`_2023-05-02 19:37:54_
--------
