【登录信息】
*3084073a697602a159acb3c9452b4b00*
`登陆天数: 457天 / 2151天
等级: 160
石头: 0
呼符: 0
体力: 11.823333333333323 / 144
友情点: 290 / 5404185`
_2023-05-03 19:37:46_
--------
*517ccfc56e0b068f419634fc871e36b0*
`登陆天数: 34天 / 374天
等级: 1
石头: 2
呼符: 0
体力: 761578.97 / 20
友情点: 0 / 186000`
*連続ログイン6日目
※ログインが途切れるか、7日到達すると
1日目から再開されます*
`聖晶石 X 2
5月交換券(2023) X 1
`_2023-05-03 19:37:55_
--------
*bd62bce1f10a8ea80c682ed6f811ef8f*
`登陆天数: 34天 / 395天
等级: 1
石头: 5
呼符: 0
体力: 760867.3233333334 / 20
友情点: 0 / 164000`
*連続ログイン6日目
※ログインが途切れるか、7日到達すると
1日目から再開されます*
`聖晶石 X 2
5月交換券(2023) X 1
`_2023-05-03 19:38:03_
--------
