【登录信息】
*3084073a697602a159acb3c9452b4b00*
`登陆天数: 460天 / 2154天
等级: 160
石头: 0
呼符: 0
体力: 63.846666666666664 / 144
友情点: 660 / 5431495`
*連続ログイン5日目
※ログインが途切れるか、7日到達すると
1日目から再開されます*
`叡智の業火 X 2
5月交換券(2023) X 1
`_2023-05-06 19:37:54_
--------
*517ccfc56e0b068f419634fc871e36b0*
`登陆天数: 37天 / 377天
等级: 1
石头: 2
呼符: 0
体力: 762442.9966666667 / 20
友情点: 0 / 186000`
*連続ログイン2日目
※ログインが途切れるか、7日到達すると
1日目から再開されます*
`聖晶石 X 1
5月交換券(2023) X 1
`_2023-05-06 19:38:03_
--------
*bd62bce1f10a8ea80c682ed6f811ef8f*
`登陆天数: 37天 / 398天
等级: 1
石头: 5
呼符: 0
体力: 761731.35 / 20
友情点: 0 / 164000`
*連続ログイン2日目
※ログインが途切れるか、7日到達すると
1日目から再開されます*
`聖晶石 X 1
5月交換券(2023) X 1
`_2023-05-06 19:38:11_
--------
