【登录信息】
*3084073a697602a159acb3c9452b4b00*
`登陆天数: 461天 / 2155天
等级: 160
石头: 0
呼符: 0
体力: 65.42666666666666 / 144
友情点: 810 / 5438630`
*連続ログイン6日目
※ログインが途切れるか、7日到達すると
1日目から再開されます*
`聖晶石 X 2
5月交換券(2023) X 1
`*「Fate/Grand Order キャストトーク in マチ★アソビvol.26」開催記念プレゼント*
*開催期間中、初回ログインで「聖晶石×10」をプレゼント！*
`聖晶石 X 10
`_2023-05-07 19:37:44_
--------
*517ccfc56e0b068f419634fc871e36b0*
`登陆天数: 38天 / 378天
等级: 1
石头: 2
呼符: 0
体力: 762730.9633333334 / 20
友情点: 0 / 186000`
*連続ログイン3日目
※ログインが途切れるか、7日到達すると
1日目から再開されます*
`叡智の業火 X 1
5月交換券(2023) X 1
`_2023-05-07 19:37:53_
--------
*bd62bce1f10a8ea80c682ed6f811ef8f*
`登陆天数: 38天 / 399天
等级: 1
石头: 5
呼符: 0
体力: 762019.3166666667 / 20
友情点: 0 / 164000`
*連続ログイン3日目
※ログインが途切れるか、7日到達すると
1日目から再開されます*
`叡智の業火 X 1
5月交換券(2023) X 1
`_2023-05-07 19:38:01_
--------
