【登录信息】
*3084073a697602a159acb3c9452b4b00*
`登陆天数: 462天 / 2156天
等级: 160
石头: 1
呼符: 0
体力: 52.50333333333333 / 144
友情点: 50 / 5444855`
*連続ログイン7日間到達おめでとうございます！
明日は1日目からリスタートされます。*
`獣の足跡 X 1
呼符 X 1
5月交換券(2023) X 1
`_2023-05-08 19:37:55_
--------
*517ccfc56e0b068f419634fc871e36b0*
`登陆天数: 39天 / 379天
等级: 1
石头: 2
呼符: 0
体力: 763019.0 / 20
友情点: 0 / 186000`
*連続ログイン4日目
※ログインが途切れるか、7日到達すると
1日目から再開されます*
`聖晶石 X 1
5月交換券(2023) X 1
`_2023-05-08 19:38:04_
--------
*bd62bce1f10a8ea80c682ed6f811ef8f*
`登陆天数: 39天 / 400天
等级: 1
石头: 5
呼符: 0
体力: 762307.3533333334 / 20
友情点: 0 / 164000`
*連続ログイン4日目
※ログインが途切れるか、7日到達すると
1日目から再開されます*
`聖晶石 X 1
5月交換券(2023) X 1
`_2023-05-08 19:38:12_
--------
