【登录信息】
*3084073a697602a159acb3c9452b4b00*
`登陆天数: 463天 / 2157天
等级: 160
石头: 1
呼符: 0
体力: 60.43666666666667 / 144
友情点: 25 / 5445180`
*連続ログイン1日目
※ログインが途切れるか、7日到達すると
1日目から再開されます*
`フレンドポイント X 2000
5月交換券(2023) X 1
`_2023-05-09 19:37:35_
--------
*517ccfc56e0b068f419634fc871e36b0*
`登陆天数: 40天 / 380天
等级: 1
石头: 2
呼符: 0
体力: 763306.9333333333 / 20
友情点: 0 / 186000`
*連続ログイン5日目
※ログインが途切れるか、7日到達すると
1日目から再開されます*
`叡智の業火 X 2
5月交換券(2023) X 1
`_2023-05-09 19:37:44_
--------
*bd62bce1f10a8ea80c682ed6f811ef8f*
`登陆天数: 40天 / 401天
等级: 1
石头: 5
呼符: 0
体力: 762595.2866666666 / 20
友情点: 0 / 164000`
*連続ログイン5日目
※ログインが途切れるか、7日到達すると
1日目から再開されます*
`叡智の業火 X 2
5月交換券(2023) X 1
`_2023-05-09 19:37:51_
--------
