【登录信息】
*3084073a697602a159acb3c9452b4b00*
`登陆天数: 465天 / 2159天
等级: 160
石头: 1
呼符: 1
体力: 50.75 / 144
友情点: 25 / 5447955`
*連続ログイン3日目
※ログインが途切れるか、7日到達すると
1日目から再開されます*
`叡智の業火 X 1
5月交換券(2023) X 1
`*日替りログインボーナス*
*開催期間中、1日1回 2週間日替りでログインボーナスをプレゼント！*
`巡霊の葉 X 30
`_2023-05-11 19:37:50_
--------
*517ccfc56e0b068f419634fc871e36b0*
`登陆天数: 1天 / 381天
等级: 1
石头: 2
呼符: 0
体力: 763882.9866666667 / 20
友情点: 0 / 186000`
*連続ログイン1日目
※ログインが途切れるか、7日到達すると
1日目から再開されます*
`フレンドポイント X 2000
5月交換券(2023) X 1
`_2023-05-11 19:37:59_
--------
*bd62bce1f10a8ea80c682ed6f811ef8f*
`登陆天数: 1天 / 402天
等级: 1
石头: 5
呼符: 0
体力: 763171.3366666667 / 20
友情点: 0 / 164000`
*連続ログイン1日目
※ログインが途切れるか、7日到達すると
1日目から再開されます*
`フレンドポイント X 2000
5月交換券(2023) X 1
`_2023-05-11 19:38:07_
--------
