【登录信息】
*3084073a697602a159acb3c9452b4b00*
`登陆天数: 466天 / 2160天
等级: 160
石头: 1
呼符: 1
体力: 48.00333333333333 / 144
友情点: 0 / 5448330`
*連続ログイン4日目
※ログインが途切れるか、7日到達すると
1日目から再開されます*
`聖晶石 X 1
5月交換券(2023) X 1
`*日替りログインボーナス*
*開催期間中、1日1回 2週間日替りでログインボーナスをプレゼント！*
`聖晶石 X 2
巡霊の葉 X 100
`_2023-05-12 19:37:37_
--------
*517ccfc56e0b068f419634fc871e36b0*
`登陆天数: 2天 / 382天
等级: 1
石头: 2
呼符: 0
体力: 764170.94 / 20
友情点: 0 / 186000`
*連続ログイン2日目
※ログインが途切れるか、7日到達すると
1日目から再開されます*
`聖晶石 X 1
5月交換券(2023) X 1
`_2023-05-12 19:37:46_
--------
*bd62bce1f10a8ea80c682ed6f811ef8f*
`登陆天数: 2天 / 403天
等级: 1
石头: 5
呼符: 0
体力: 763459.2933333333 / 20
友情点: 0 / 164000`
*連続ログイン2日目
※ログインが途切れるか、7日到達すると
1日目から再開されます*
`聖晶石 X 1
5月交換券(2023) X 1
`_2023-05-12 19:37:54_
--------
