【登录信息】
*3084073a697602a159acb3c9452b4b00*
`登陆天数: 467天 / 2161天
等级: 160
石头: 1
呼符: 0
体力: 32.61666666666666 / 144
友情点: 25 / 5448830`
*連続ログイン5日目
※ログインが途切れるか、7日到達すると
1日目から再開されます*
`叡智の業火 X 2
5月交換券(2023) X 1
`*日替りログインボーナス*
*開催期間中、1日1回 2週間日替りでログインボーナスをプレゼント！*
`巡霊の葉 X 30
`_2023-05-13 19:37:38_
--------
*517ccfc56e0b068f419634fc871e36b0*
`登陆天数: 3天 / 383天
等级: 1
石头: 2
呼符: 0
体力: 764458.9433333334 / 20
友情点: 0 / 186000`
*連続ログイン3日目
※ログインが途切れるか、7日到達すると
1日目から再開されます*
`叡智の業火 X 1
5月交換券(2023) X 1
`_2023-05-13 19:37:46_
--------
*bd62bce1f10a8ea80c682ed6f811ef8f*
`登陆天数: 3天 / 404天
等级: 1
石头: 5
呼符: 0
体力: 763747.2933333333 / 20
友情点: 0 / 164000`
*連続ログイン3日目
※ログインが途切れるか、7日到達すると
1日目から再開されます*
`叡智の業火 X 1
5月交換券(2023) X 1
`_2023-05-13 19:37:54_
--------
