【登录信息】
*3084073a697602a159acb3c9452b4b00*
`登陆天数: 469天 / 2163天
等级: 160
石头: 0
呼符: 0
体力: 25.650000000000006 / 144
友情点: 930 / 5456510`
*連続ログイン7日間到達おめでとうございます！
明日は1日目からリスタートされます。*
`獣の足跡 X 1
呼符 X 1
5月交換券(2023) X 1
`*日替りログインボーナス*
*開催期間中、1日1回 2週間日替りでログインボーナスをプレゼント！*
`巡霊の葉 X 30
`_2023-05-15 19:37:48_
--------
*517ccfc56e0b068f419634fc871e36b0*
`登陆天数: 5天 / 385天
等级: 1
石头: 2
呼符: 0
体力: 765034.9766666667 / 20
友情点: 0 / 186000`
*連続ログイン5日目
※ログインが途切れるか、7日到達すると
1日目から再開されます*
`叡智の業火 X 2
5月交換券(2023) X 1
`_2023-05-15 19:37:57_
--------
*bd62bce1f10a8ea80c682ed6f811ef8f*
`登陆天数: 5天 / 406天
等级: 1
石头: 5
呼符: 0
体力: 764323.33 / 20
友情点: 0 / 164000`
*連続ログイン5日目
※ログインが途切れるか、7日到達すると
1日目から再開されます*
`叡智の業火 X 2
5月交換券(2023) X 1
`_2023-05-15 19:38:05_
--------
