【登录信息】
*3084073a697602a159acb3c9452b4b00*
`登陆天数: 470天 / 2164天
等级: 160
石头: 1
呼符: 0
体力: 33.64 / 144
友情点: 755 / 5464315`
*連続ログイン1日目
※ログインが途切れるか、7日到達すると
1日目から再開されます*
`フレンドポイント X 2000
5月交換券(2023) X 1
`*日替りログインボーナス*
*開催期間中、1日1回 2週間日替りでログインボーナスをプレゼント！*
`聖晶石 X 3
巡霊の葉 X 50
`_2023-05-16 19:37:45_
--------
*517ccfc56e0b068f419634fc871e36b0*
`登陆天数: 6天 / 386天
等级: 1
石头: 2
呼符: 0
体力: 765322.9666666667 / 20
友情点: 0 / 186000`
*連続ログイン6日目
※ログインが途切れるか、7日到達すると
1日目から再開されます*
`聖晶石 X 2
5月交換券(2023) X 1
`_2023-05-16 19:37:54_
--------
*bd62bce1f10a8ea80c682ed6f811ef8f*
`登陆天数: 6天 / 407天
等级: 1
石头: 5
呼符: 0
体力: 764611.32 / 20
友情点: 0 / 164000`
*連続ログイン6日目
※ログインが途切れるか、7日到達すると
1日目から再開されます*
`聖晶石 X 2
5月交換券(2023) X 1
`_2023-05-16 19:38:01_
--------
