【登录信息】
*3084073a697602a159acb3c9452b4b00*
`登陆天数: 472天 / 2166天
等级: 160
石头: 2
呼符: 0
体力: 24.64 / 144
友情点: 1260 / 5491225`
*連続ログイン3日目
※ログインが途切れるか、7日到達すると
1日目から再開されます*
`叡智の業火 X 1
5月交換券(2023) X 1
`*日替りログインボーナス*
*開催期間中、1日1回 2週間日替りでログインボーナスをプレゼント！*
`巡霊の葉 X 30
`_2023-05-18 19:37:30_
--------
*517ccfc56e0b068f419634fc871e36b0*
`登陆天数: 8天 / 388天
等级: 1
石头: 2
呼符: 0
体力: 765898.9166666666 / 20
友情点: 0 / 186000`
*連続ログイン1日目
※ログインが途切れるか、7日到達すると
1日目から再開されます*
`フレンドポイント X 2000
5月交換券(2023) X 1
`_2023-05-18 19:37:38_
--------
*bd62bce1f10a8ea80c682ed6f811ef8f*
`登陆天数: 8天 / 409天
等级: 1
石头: 5
呼符: 0
体力: 765187.2666666667 / 20
友情点: 0 / 164000`
*連続ログイン1日目
※ログインが途切れるか、7日到達すると
1日目から再開されます*
`フレンドポイント X 2000
5月交換券(2023) X 1
`_2023-05-18 19:37:46_
--------
