【登录信息】
*3084073a697602a159acb3c9452b4b00*
`登陆天数: 473天 / 2167天
等级: 160
石头: 4
呼符: 0
体力: 24.96333333333334 / 144
友情点: 780 / 5494440`
*連続ログイン4日目
※ログインが途切れるか、7日到達すると
1日目から再開されます*
`聖晶石 X 1
5月交換券(2023) X 1
`*日替りログインボーナス*
*開催期間中、1日1回 2週間日替りでログインボーナスをプレゼント！*
`聖晶石 X 2
巡霊の葉 X 100
`_2023-05-19 19:37:50_
--------
*517ccfc56e0b068f419634fc871e36b0*
`登陆天数: 9天 / 389天
等级: 1
石头: 2
呼符: 0
体力: 766186.9833333333 / 20
友情点: 0 / 186000`
*連続ログイン2日目
※ログインが途切れるか、7日到達すると
1日目から再開されます*
`聖晶石 X 1
5月交換券(2023) X 1
`_2023-05-19 19:37:58_
--------
*bd62bce1f10a8ea80c682ed6f811ef8f*
`登陆天数: 9天 / 410天
等级: 1
石头: 5
呼符: 0
体力: 765475.3366666667 / 20
友情点: 0 / 164000`
*連続ログイン2日目
※ログインが途切れるか、7日到達すると
1日目から再開されます*
`聖晶石 X 1
5月交換券(2023) X 1
`_2023-05-19 19:38:06_
--------
