【登录信息】
*3084073a697602a159acb3c9452b4b00*
`登陆天数: 475天 / 2169天
等级: 160
石头: 1
呼符: 0
体力: 24.336666666666673 / 144
友情点: 380 / 5504695`
*連続ログイン6日目
※ログインが途切れるか、7日到達すると
1日目から再開されます*
`聖晶石 X 2
5月交換券(2023) X 1
`*日替りログインボーナス*
*開催期間中、1日1回 2週間日替りでログインボーナスをプレゼント！*
`巡霊の葉 X 30
`_2023-05-21 19:37:43_
--------
*517ccfc56e0b068f419634fc871e36b0*
`登陆天数: 11天 / 391天
等级: 1
石头: 2
呼符: 0
体力: 766762.9566666667 / 20
友情点: 0 / 186000`
*連続ログイン4日目
※ログインが途切れるか、7日到達すると
1日目から再開されます*
`聖晶石 X 1
5月交換券(2023) X 1
`_2023-05-21 19:37:51_
--------
*bd62bce1f10a8ea80c682ed6f811ef8f*
`登陆天数: 11天 / 412天
等级: 1
石头: 5
呼符: 0
体力: 766051.31 / 20
友情点: 0 / 164000`
*連続ログイン4日目
※ログインが途切れるか、7日到達すると
1日目から再開されます*
`聖晶石 X 1
5月交換券(2023) X 1
`_2023-05-21 19:37:59_
--------
