【登录信息】
*3084073a697602a159acb3c9452b4b00*
`登陆天数: 476天 / 2170天
等级: 160
石头: 1
呼符: 0
体力: 52.290000000000006 / 144
友情点: 1590 / 5511500`
*連続ログイン7日間到達おめでとうございます！
明日は1日目からリスタートされます。*
`獣の足跡 X 1
呼符 X 1
5月交換券(2023) X 1
`*日替りログインボーナス*
*開催期間中、1日1回 2週間日替りでログインボーナスをプレゼント！*
`巡霊の葉 X 30
`_2023-05-22 19:37:29_
--------
*517ccfc56e0b068f419634fc871e36b0*
`登陆天数: 12天 / 392天
等级: 1
石头: 2
呼符: 0
体力: 767050.9133333333 / 20
友情点: 0 / 186000`
*連続ログイン5日目
※ログインが途切れるか、7日到達すると
1日目から再開されます*
`叡智の業火 X 2
5月交換券(2023) X 1
`_2023-05-22 19:37:37_
--------
*bd62bce1f10a8ea80c682ed6f811ef8f*
`登陆天数: 12天 / 413天
等级: 1
石头: 5
呼符: 0
体力: 766339.2633333333 / 20
友情点: 0 / 164000`
*連続ログイン5日目
※ログインが途切れるか、7日到達すると
1日目から再開されます*
`叡智の業火 X 2
5月交換券(2023) X 1
`_2023-05-22 19:37:45_
--------
