【登录信息】
*3084073a697602a159acb3c9452b4b00*
`登陆天数: 477天 / 2171天
等级: 160
石头: 1
呼符: 0
体力: 33.0 / 144
友情点: 715 / 5516465`
_2023-05-23 19:37:30_
--------
*517ccfc56e0b068f419634fc871e36b0*
`登陆天数: 13天 / 393天
等级: 1
石头: 2
呼符: 0
体力: 767338.9166666666 / 20
友情点: 0 / 186000`
*連続ログイン6日目
※ログインが途切れるか、7日到達すると
1日目から再開されます*
`聖晶石 X 2
5月交換券(2023) X 1
`_2023-05-23 19:37:38_
--------
*bd62bce1f10a8ea80c682ed6f811ef8f*
`登陆天数: 13天 / 414天
等级: 1
石头: 5
呼符: 0
体力: 766627.2666666667 / 20
友情点: 0 / 164000`
*連続ログイン6日目
※ログインが途切れるか、7日到達すると
1日目から再開されます*
`聖晶石 X 2
5月交換券(2023) X 1
`_2023-05-23 19:37:46_
--------
