【登录信息】
*3084073a697602a159acb3c9452b4b00*
`登陆天数: 478天 / 2172天
等级: 160
石头: 0
呼符: 0
体力: 48.03666666666666 / 144
友情点: 220 / 5551740`
*連続ログイン2日目
※ログインが途切れるか、7日到達すると
1日目から再開されます*
`聖晶石 X 1
5月交換券(2023) X 1
`*FGO カルデア放送局 ライト版 FGO Fes. 2023＆ゲーム最新情報 放送記念 初回ログインボーナス*
*開催期間中、初回ログインで「聖晶石×14」をプレゼント！*
`聖晶石 X 14
`_2023-05-24 19:37:37_
--------
*517ccfc56e0b068f419634fc871e36b0*
`登陆天数: 14天 / 394天
等级: 1
石头: 2
呼符: 0
体力: 767626.94 / 20
友情点: 0 / 186000`
*連続ログイン7日間到達おめでとうございます！
明日は1日目からリスタートされます。*
`獣の足跡 X 1
呼符 X 1
5月交換券(2023) X 1
`_2023-05-24 19:37:46_
--------
*bd62bce1f10a8ea80c682ed6f811ef8f*
`登陆天数: 14天 / 415天
等级: 1
石头: 5
呼符: 0
体力: 766915.2933333333 / 20
友情点: 0 / 164000`
*連続ログイン7日間到達おめでとうございます！
明日は1日目からリスタートされます。*
`獣の足跡 X 1
呼符 X 1
5月交換券(2023) X 1
`_2023-05-24 19:37:54_
--------
