【登录信息】
*3084073a697602a159acb3c9452b4b00*
`登陆天数: 479天 / 2173天
等级: 160
石头: 2
呼符: 1
体力: 40.57333333333334 / 144
友情点: 760 / 5597640`
*連続ログイン3日目
※ログインが途切れるか、7日到達すると
1日目から再開されます*
`叡智の業火 X 1
5月交換券(2023) X 1
`_2023-05-25 19:37:39_
--------
*517ccfc56e0b068f419634fc871e36b0*
`登陆天数: 15天 / 395天
等级: 1
石头: 2
呼符: 0
体力: 767914.95 / 20
友情点: 0 / 186000`
*連続ログイン1日目
※ログインが途切れるか、7日到達すると
1日目から再開されます*
`フレンドポイント X 2000
5月交換券(2023) X 1
`_2023-05-25 19:37:48_
--------
*bd62bce1f10a8ea80c682ed6f811ef8f*
`登陆天数: 15天 / 416天
等级: 1
石头: 5
呼符: 0
体力: 767203.3 / 20
友情点: 0 / 164000`
*連続ログイン1日目
※ログインが途切れるか、7日到達すると
1日目から再開されます*
`フレンドポイント X 2000
5月交換券(2023) X 1
`_2023-05-25 19:37:56_
--------
