【登录信息】
*3084073a697602a159acb3c9452b4b00*
`登陆天数: 480天 / 2174天
等级: 160
石头: 2
呼符: 2
体力: 57.61 / 144
友情点: 360 / 5605405`
*連続ログイン4日目
※ログインが途切れるか、7日到達すると
1日目から再開されます*
`聖晶石 X 1
5月交換券(2023) X 1
`_2023-05-26 19:37:38_
--------
*517ccfc56e0b068f419634fc871e36b0*
`登陆天数: 16天 / 396天
等级: 1
石头: 2
呼符: 0
体力: 768202.9433333334 / 20
友情点: 0 / 186000`
*連続ログイン2日目
※ログインが途切れるか、7日到達すると
1日目から再開されます*
`聖晶石 X 1
5月交換券(2023) X 1
`_2023-05-26 19:37:47_
--------
*bd62bce1f10a8ea80c682ed6f811ef8f*
`登陆天数: 16天 / 417天
等级: 1
石头: 5
呼符: 0
体力: 767491.2966666666 / 20
友情点: 0 / 164000`
*連続ログイン2日目
※ログインが途切れるか、7日到達すると
1日目から再開されます*
`聖晶石 X 1
5月交換券(2023) X 1
`_2023-05-26 19:37:55_
--------
