【登录信息】
*3084073a697602a159acb3c9452b4b00*
`登陆天数: 481天 / 2175天
等级: 160
石头: 8
呼符: 3
体力: 14.789999999999992 / 144
友情点: 220 / 5618905`
_2023-05-27 19:37:44_
--------
*517ccfc56e0b068f419634fc871e36b0*
`登陆天数: 17天 / 397天
等级: 1
石头: 2
呼符: 0
体力: 768490.9633333334 / 20
友情点: 0 / 186000`
*連続ログイン3日目
※ログインが途切れるか、7日到達すると
1日目から再開されます*
`叡智の業火 X 1
5月交換券(2023) X 1
`_2023-05-27 19:37:53_
--------
*bd62bce1f10a8ea80c682ed6f811ef8f*
`登陆天数: 17天 / 418天
等级: 1
石头: 5
呼符: 0
体力: 767779.3166666667 / 20
友情点: 0 / 164000`
*連続ログイン3日目
※ログインが途切れるか、7日到達すると
1日目から再開されます*
`叡智の業火 X 1
5月交換券(2023) X 1
`_2023-05-27 19:38:01_
--------
