【登录信息】
*3084073a697602a159acb3c9452b4b00*
`登陆天数: 482天 / 2176天
等级: 160
石头: 8
呼符: 4
体力: 30.769999999999996 / 144
友情点: 460 / 5626485`
_2023-05-28 19:37:46_
--------
*517ccfc56e0b068f419634fc871e36b0*
`登陆天数: 18天 / 398天
等级: 1
石头: 2
呼符: 0
体力: 768778.97 / 20
友情点: 0 / 186000`
*連続ログイン4日目
※ログインが途切れるか、7日到達すると
1日目から再開されます*
`聖晶石 X 1
5月交換券(2023) X 1
`_2023-05-28 19:37:54_
--------
*bd62bce1f10a8ea80c682ed6f811ef8f*
`登陆天数: 18天 / 419天
等级: 1
石头: 5
呼符: 0
体力: 768067.3233333334 / 20
友情点: 0 / 164000`
*連続ログイン4日目
※ログインが途切れるか、7日到達すると
1日目から再開されます*
`聖晶石 X 1
5月交換券(2023) X 1
`_2023-05-28 19:38:02_
--------
