【登录信息】
*3084073a697602a159acb3c9452b4b00*
`登陆天数: 483天 / 2177天
等级: 160
石头: 20
呼符: 5
体力: 25.769999999999996 / 144
友情点: 450 / 5633515`
*連続ログイン7日間到達おめでとうございます！
明日は1日目からリスタートされます。*
`獣の足跡 X 1
呼符 X 1
5月交換券(2023) X 1
`_2023-05-29 19:37:46_
--------
*517ccfc56e0b068f419634fc871e36b0*
`登陆天数: 19天 / 399天
等级: 1
石头: 2
呼符: 0
体力: 769066.97 / 20
友情点: 0 / 186000`
*連続ログイン5日目
※ログインが途切れるか、7日到達すると
1日目から再開されます*
`叡智の業火 X 2
5月交換券(2023) X 1
`_2023-05-29 19:37:55_
--------
*bd62bce1f10a8ea80c682ed6f811ef8f*
`登陆天数: 19天 / 420天
等级: 1
石头: 5
呼符: 0
体力: 768355.3233333334 / 20
友情点: 0 / 164000`
*連続ログイン5日目
※ログインが途切れるか、7日到達すると
1日目から再開されます*
`叡智の業火 X 2
5月交換券(2023) X 1
`_2023-05-29 19:38:03_
--------
