【登录信息】
*3084073a697602a159acb3c9452b4b00*
`登陆天数: 484天 / 2178天
等级: 160
石头: 23
呼符: 6
体力: 29.08333333333333 / 144
友情点: 2560 / 5685740`
*連続ログイン1日目
※ログインが途切れるか、7日到達すると
1日目から再開されます*
`フレンドポイント X 2000
5月交換券(2023) X 1
`_2023-05-30 19:37:31_
--------
*517ccfc56e0b068f419634fc871e36b0*
`登陆天数: 20天 / 400天
等级: 1
石头: 2
呼符: 0
体力: 769354.92 / 20
友情点: 0 / 186000`
*連続ログイン6日目
※ログインが途切れるか、7日到達すると
1日目から再開されます*
`聖晶石 X 2
5月交換券(2023) X 1
`_2023-05-30 19:37:40_
--------
*bd62bce1f10a8ea80c682ed6f811ef8f*
`登陆天数: 20天 / 421天
等级: 1
石头: 5
呼符: 0
体力: 768643.2733333333 / 20
友情点: 0 / 164000`
*連続ログイン6日目
※ログインが途切れるか、7日到達すると
1日目から再開されます*
`聖晶石 X 2
5月交換券(2023) X 1
`_2023-05-30 19:37:48_
--------
