【登录信息】
*3084073a697602a159acb3c9452b4b00*
`登陆天数: 488天 / 2182天
等级: 160
石头: 25
呼符: 1
体力: 19.840000000000003 / 144
友情点: 385 / 5704215`
*連続ログイン5日目
※ログインが途切れるか、7日到達すると
1日目から再開されます*
`叡智の業火 X 2
6月交換券(2023) X 1
`_2023-06-03 19:37:59_
--------
*517ccfc56e0b068f419634fc871e36b0*
`登陆天数: 1天 / 401天
等级: 1
石头: 2
呼符: 0
体力: 770507.0133333333 / 20
友情点: 0 / 186000`
*連続ログイン1日目
※ログインが途切れるか、7日到達すると
1日目から再開されます*
`フレンドポイント X 2000
6月交換券(2023) X 1
`_2023-06-03 19:38:08_
--------
*bd62bce1f10a8ea80c682ed6f811ef8f*
`登陆天数: 1天 / 422天
等级: 1
石头: 5
呼符: 0
体力: 769795.3666666667 / 20
友情点: 0 / 164000`
*連続ログイン1日目
※ログインが途切れるか、7日到達すると
1日目から再開されます*
`フレンドポイント X 2000
6月交換券(2023) X 1
`_2023-06-03 19:38:16_
--------
