【登录信息】
*3084073a697602a159acb3c9452b4b00*
`登陆天数: 489天 / 2183天
等级: 160
石头: 25
呼符: 1
体力: 67.85666666666667 / 144
友情点: 500 / 5707225`
*連続ログイン6日目
※ログインが途切れるか、7日到達すると
1日目から再開されます*
`聖晶石 X 2
6月交換券(2023) X 1
`_2023-06-04 19:38:05_
--------
*517ccfc56e0b068f419634fc871e36b0*
`登陆天数: 2天 / 402天
等级: 1
石头: 2
呼符: 0
体力: 770795.0333333333 / 20
友情点: 0 / 186000`
*連続ログイン2日目
※ログインが途切れるか、7日到達すると
1日目から再開されます*
`聖晶石 X 1
6月交換券(2023) X 1
`_2023-06-04 19:38:13_
--------
*bd62bce1f10a8ea80c682ed6f811ef8f*
`登陆天数: 2天 / 423天
等级: 1
石头: 5
呼符: 0
体力: 770083.3833333333 / 20
友情点: 0 / 164000`
*連続ログイン2日目
※ログインが途切れるか、7日到達すると
1日目から再開されます*
`聖晶石 X 1
6月交換券(2023) X 1
`_2023-06-04 19:38:21_
--------
