【登录信息】
*3084073a697602a159acb3c9452b4b00*
`登陆天数: 490天 / 2184天
等级: 160
石头: 27
呼符: 1
体力: 28.75 / 144
友情点: 310 / 5709555`
*連続ログイン7日間到達おめでとうございます！
明日は1日目からリスタートされます。*
`獣の足跡 X 1
呼符 X 1
6月交換券(2023) X 1
`_2023-06-05 19:38:06_
--------
*517ccfc56e0b068f419634fc871e36b0*
`登陆天数: 3天 / 403天
等级: 1
石头: 2
呼符: 0
体力: 771083.0366666666 / 20
友情点: 0 / 186000`
*連続ログイン3日目
※ログインが途切れるか、7日到達すると
1日目から再開されます*
`叡智の業火 X 1
6月交換券(2023) X 1
`_2023-06-05 19:38:14_
--------
*bd62bce1f10a8ea80c682ed6f811ef8f*
`登陆天数: 3天 / 424天
等级: 1
石头: 5
呼符: 0
体力: 770371.3866666667 / 20
友情点: 0 / 164000`
*連続ログイン3日目
※ログインが途切れるか、7日到達すると
1日目から再開されます*
`叡智の業火 X 1
6月交換券(2023) X 1
`_2023-06-05 19:38:22_
--------
