【登录信息】
*3084073a697602a159acb3c9452b4b00*
`登陆天数: 491天 / 2185天
等级: 160
石头: 27
呼符: 1
体力: 46.74333333333334 / 144
友情点: 870 / 5713325`
*連続ログイン1日目
※ログインが途切れるか、7日到達すると
1日目から再開されます*
`フレンドポイント X 2000
6月交換券(2023) X 1
`_2023-06-06 19:38:04_
--------
*517ccfc56e0b068f419634fc871e36b0*
`登陆天数: 4天 / 404天
等级: 1
石头: 2
呼符: 0
体力: 771371.03 / 20
友情点: 0 / 186000`
*連続ログイン4日目
※ログインが途切れるか、7日到達すると
1日目から再開されます*
`聖晶石 X 1
6月交換券(2023) X 1
`_2023-06-06 19:38:13_
--------
*bd62bce1f10a8ea80c682ed6f811ef8f*
`登陆天数: 4天 / 425天
等级: 1
石头: 5
呼符: 0
体力: 770659.3833333333 / 20
友情点: 0 / 164000`
*連続ログイン4日目
※ログインが途切れるか、7日到達すると
1日目から再開されます*
`聖晶石 X 1
6月交換券(2023) X 1
`_2023-06-06 19:38:21_
--------
