【登录信息】
*3084073a697602a159acb3c9452b4b00*
`登陆天数: 494天 / 2188天
等级: 160
石头: 67
呼符: 2
体力: 45.25 / 144
友情点: 440 / 6375470`
*連続ログイン4日目
※ログインが途切れるか、7日到達すると
1日目から再開されます*
`聖晶石 X 1
6月交換券(2023) X 1
`*奏章Ⅰ 
虚数羅針内界 ペーパームーン
開幕直前ログインボーナス*
*開催期間中、1日1回 7日間日替りでログインボーナスをプレゼント！*
`英霊結晶・太陽のフォウくん X 2
白銀の果実 X 1
`_2023-06-09 19:38:18_
--------
*517ccfc56e0b068f419634fc871e36b0*
`登陆天数: 7天 / 407天
等级: 1
石头: 2
呼符: 0
体力: 772235.0766666667 / 20
友情点: 0 / 186000`
*連続ログイン7日間到達おめでとうございます！
明日は1日目からリスタートされます。*
`獣の足跡 X 1
呼符 X 1
6月交換券(2023) X 1
`_2023-06-09 19:38:26_
--------
*bd62bce1f10a8ea80c682ed6f811ef8f*
`登陆天数: 7天 / 428天
等级: 1
石头: 5
呼符: 0
体力: 771523.43 / 20
友情点: 0 / 164000`
*連続ログイン7日間到達おめでとうございます！
明日は1日目からリスタートされます。*
`獣の足跡 X 1
呼符 X 1
6月交換券(2023) X 1
`_2023-06-09 19:38:34_
--------
