【登录信息】
*3084073a697602a159acb3c9452b4b00*
`登陆天数: 495天 / 2189天
等级: 160
石头: 68
呼符: 2
体力: 18.49333333333334 / 144
友情点: 1040 / 6378995`
*連続ログイン5日目
※ログインが途切れるか、7日到達すると
1日目から再開されます*
`叡智の業火 X 2
6月交換券(2023) X 1
`*奏章Ⅰ 
虚数羅針内界 ペーパームーン
開幕直前ログインボーナス*
*開催期間中、1日1回 7日間日替りでログインボーナスをプレゼント！*
`マナプリズム X 50
黄金の果実 X 1
`_2023-06-10 19:38:22_
--------
*517ccfc56e0b068f419634fc871e36b0*
`登陆天数: 8天 / 408天
等级: 1
石头: 2
呼符: 0
体力: 772523.0933333334 / 20
友情点: 0 / 186000`
*連続ログイン1日目
※ログインが途切れるか、7日到達すると
1日目から再開されます*
`フレンドポイント X 2000
6月交換券(2023) X 1
`_2023-06-10 19:38:32_
--------
*bd62bce1f10a8ea80c682ed6f811ef8f*
`登陆天数: 8天 / 429天
等级: 1
石头: 5
呼符: 0
体力: 771811.4466666667 / 20
友情点: 0 / 164000`
*連続ログイン1日目
※ログインが途切れるか、7日到達すると
1日目から再開されます*
`フレンドポイント X 2000
6月交換券(2023) X 1
`_2023-06-10 19:38:40_
--------
