【登录信息】
*3084073a697602a159acb3c9452b4b00*
`登陆天数: 496天 / 2190天
等级: 160
石头: 68
呼符: 2
体力: 26.433333333333337 / 144
友情点: 720 / 6381940`
*連続ログイン6日目
※ログインが途切れるか、7日到達すると
1日目から再開されます*
`聖晶石 X 2
6月交換券(2023) X 1
`*奏章Ⅰ 
虚数羅針内界 ペーパームーン
開幕直前ログインボーナス*
*開催期間中、1日1回 7日間日替りでログインボーナスをプレゼント！*
`英霊結晶・星のフォウくん X 3
黄金の果実 X 1
`_2023-06-11 19:38:05_
--------
*517ccfc56e0b068f419634fc871e36b0*
`登陆天数: 9天 / 409天
等级: 1
石头: 2
呼符: 0
体力: 772811.0333333333 / 20
友情点: 0 / 186000`
*連続ログイン2日目
※ログインが途切れるか、7日到達すると
1日目から再開されます*
`聖晶石 X 1
6月交換券(2023) X 1
`_2023-06-11 19:38:13_
--------
*bd62bce1f10a8ea80c682ed6f811ef8f*
`登陆天数: 9天 / 430天
等级: 1
石头: 5
呼符: 0
体力: 772099.3866666667 / 20
友情点: 0 / 164000`
*連続ログイン2日目
※ログインが途切れるか、7日到達すると
1日目から再開されます*
`聖晶石 X 1
6月交換券(2023) X 1
`_2023-06-11 19:38:21_
--------
