【登录信息】
*3084073a697602a159acb3c9452b4b00*
`登陆天数: 498天 / 2192天
等级: 160
石头: 49
呼符: 1
体力: 104.6 / 144
友情点: 760 / 6392435`
*連続ログイン1日目
※ログインが途切れるか、7日到達すると
1日目から再開されます*
`フレンドポイント X 2000
6月交換券(2023) X 1
`*奏章Ⅰ 
虚数羅針内界 ペーパームーン
開幕直前ログインボーナス*
*開催期間中、1日1回 7日間日替りでログインボーナスをプレゼント！*
`マナプリズム X 100
黄金の果実 X 2
`_2023-06-13 19:38:09_
--------
*517ccfc56e0b068f419634fc871e36b0*
`登陆天数: 11天 / 411天
等级: 1
石头: 2
呼符: 0
体力: 773387.05 / 20
友情点: 0 / 186000`
*連続ログイン4日目
※ログインが途切れるか、7日到達すると
1日目から再開されます*
`聖晶石 X 1
6月交換券(2023) X 1
`_2023-06-13 19:38:19_
--------
*bd62bce1f10a8ea80c682ed6f811ef8f*
`登陆天数: 11天 / 432天
等级: 1
石头: 5
呼符: 0
体力: 772675.4033333333 / 20
友情点: 0 / 164000`
*連続ログイン4日目
※ログインが途切れるか、7日到達すると
1日目から再開されます*
`聖晶石 X 1
6月交換券(2023) X 1
`_2023-06-13 19:38:26_
--------
