【登录信息】
*3084073a697602a159acb3c9452b4b00*
`登陆天数: 499天 / 2193天
等级: 160
石头: 52
呼符: 1
体力: 60.03333333333333 / 144
友情点: 550 / 6398250`
*連続ログイン2日目
※ログインが途切れるか、7日到達すると
1日目から再開されます*
`聖晶石 X 1
6月交換券(2023) X 1
`*Dandelion1 生放送放送 初回ログインボーナス*
*開催期間中、初回ログインで「聖晶石×14」をプレゼント！*
`聖晶石 X 14
`_2023-06-14 19:38:18_
--------
*517ccfc56e0b068f419634fc871e36b0*
`登陆天数: 12天 / 412天
等级: 1
石头: 2
呼符: 0
体力: 773675.08 / 20
友情点: 0 / 186000`
*連続ログイン5日目
※ログインが途切れるか、7日到達すると
1日目から再開されます*
`叡智の業火 X 2
6月交換券(2023) X 1
`_2023-06-14 19:38:27_
--------
*bd62bce1f10a8ea80c682ed6f811ef8f*
`登陆天数: 12天 / 433天
等级: 1
石头: 5
呼符: 0
体力: 772963.4333333333 / 20
友情点: 0 / 164000`
*連続ログイン5日目
※ログインが途切れるか、7日到達すると
1日目から再開されます*
`叡智の業火 X 2
6月交換券(2023) X 1
`_2023-06-14 19:38:35_
--------
