【登录信息】
*3084073a697602a159acb3c9452b4b00*
`登陆天数: 501天 / 2195天
等级: 160
石头: 52
呼符: 1
体力: 31.78666666666666 / 144
友情点: 290 / 6403225`
*連続ログイン4日目
※ログインが途切れるか、7日到達すると
1日目から再開されます*
`聖晶石 X 1
6月交換券(2023) X 1
`_2023-06-16 19:38:23_
--------
*517ccfc56e0b068f419634fc871e36b0*
`登陆天数: 14天 / 414天
等级: 1
石头: 2
呼符: 0
体力: 774251.0933333334 / 20
友情点: 0 / 186000`
*連続ログイン7日間到達おめでとうございます！
明日は1日目からリスタートされます。*
`獣の足跡 X 1
呼符 X 1
6月交換券(2023) X 1
`_2023-06-16 19:38:32_
--------
*bd62bce1f10a8ea80c682ed6f811ef8f*
`登陆天数: 14天 / 435天
等级: 1
石头: 5
呼符: 0
体力: 773539.4466666667 / 20
友情点: 0 / 164000`
*連続ログイン7日間到達おめでとうございます！
明日は1日目からリスタートされます。*
`獣の足跡 X 1
呼符 X 1
6月交換券(2023) X 1
`_2023-06-16 19:38:40_
--------
