【登录信息】
*3084073a697602a159acb3c9452b4b00*
`登陆天数: 503天 / 2197天
等级: 160
石头: 52
呼符: 1
体力: 38.260000000000005 / 144
友情点: 600 / 6407630`
*連続ログイン6日目
※ログインが途切れるか、7日到達すると
1日目から再開されます*
`聖晶石 X 2
6月交換券(2023) X 1
`_2023-06-18 19:38:15_
--------
*517ccfc56e0b068f419634fc871e36b0*
`登陆天数: 16天 / 416天
等级: 1
石头: 2
呼符: 0
体力: 774827.07 / 20
友情点: 0 / 186000`
*連続ログイン2日目
※ログインが途切れるか、7日到達すると
1日目から再開されます*
`聖晶石 X 1
6月交換券(2023) X 1
`_2023-06-18 19:38:24_
--------
*bd62bce1f10a8ea80c682ed6f811ef8f*
`登陆天数: 16天 / 437天
等级: 1
石头: 5
呼符: 0
体力: 774115.4233333333 / 20
友情点: 0 / 164000`
*連続ログイン2日目
※ログインが途切れるか、7日到達すると
1日目から再開されます*
`聖晶石 X 1
6月交換券(2023) X 1
`_2023-06-18 19:38:32_
--------
