【登录信息】
*3084073a697602a159acb3c9452b4b00*
`登陆天数: 504天 / 2198天
等级: 160
石头: 52
呼符: 1
体力: 45.91333333333333 / 144
友情点: 1330 / 6410170`
*連続ログイン7日間到達おめでとうございます！
明日は1日目からリスタートされます。*
`獣の足跡 X 1
呼符 X 1
6月交換券(2023) X 1
`_2023-06-19 19:38:04_
--------
*517ccfc56e0b068f419634fc871e36b0*
`登陆天数: 17天 / 417天
等级: 1
石头: 2
呼符: 0
体力: 775115.0266666666 / 20
友情点: 0 / 186000`
*連続ログイン3日目
※ログインが途切れるか、7日到達すると
1日目から再開されます*
`叡智の業火 X 1
6月交換券(2023) X 1
`_2023-06-19 19:38:12_
--------
*bd62bce1f10a8ea80c682ed6f811ef8f*
`登陆天数: 17天 / 438天
等级: 1
石头: 5
呼符: 0
体力: 774403.38 / 20
友情点: 0 / 164000`
*連続ログイン3日目
※ログインが途切れるか、7日到達すると
1日目から再開されます*
`叡智の業火 X 1
6月交換券(2023) X 1
`_2023-06-19 19:38:20_
--------
