【登录信息】
*3084073a697602a159acb3c9452b4b00*
`登陆天数: 505天 / 2199天
等级: 160
石头: 52
呼符: 1
体力: 93.94666666666666 / 144
友情点: 170 / 6411945`
*連続ログイン1日目
※ログインが途切れるか、7日到達すると
1日目から再開されます*
`フレンドポイント X 2000
6月交換券(2023) X 1
`_2023-06-20 19:38:13_
--------
*517ccfc56e0b068f419634fc871e36b0*
`登陆天数: 18天 / 418天
等级: 1
石头: 2
呼符: 0
体力: 775403.0633333334 / 20
友情点: 0 / 186000`
*連続ログイン4日目
※ログインが途切れるか、7日到達すると
1日目から再開されます*
`聖晶石 X 1
6月交換券(2023) X 1
`_2023-06-20 19:38:23_
--------
*bd62bce1f10a8ea80c682ed6f811ef8f*
`登陆天数: 18天 / 439天
等级: 1
石头: 5
呼符: 0
体力: 774691.4166666666 / 20
友情点: 0 / 164000`
*連続ログイン4日目
※ログインが途切れるか、7日到達すると
1日目から再開されます*
`聖晶石 X 1
6月交換券(2023) X 1
`_2023-06-20 19:38:30_
--------
