【登录信息】
*3084073a697602a159acb3c9452b4b00*
`登陆天数: 507天 / 2201天
等级: 160
石头: 57
呼符: 1
体力: 48.05 / 144
友情点: 170 / 6429525`
*連続ログイン3日目
※ログインが途切れるか、7日到達すると
1日目から再開されます*
`叡智の業火 X 1
6月交換券(2023) X 1
`_2023-06-22 19:38:17_
--------
*517ccfc56e0b068f419634fc871e36b0*
`登陆天数: 20天 / 420天
等级: 1
石头: 2
呼符: 0
体力: 775979.0766666667 / 20
友情点: 0 / 186000`
*連続ログイン6日目
※ログインが途切れるか、7日到達すると
1日目から再開されます*
`聖晶石 X 2
6月交換券(2023) X 1
`_2023-06-22 19:38:26_
--------
*bd62bce1f10a8ea80c682ed6f811ef8f*
`登陆天数: 20天 / 441天
等级: 1
石头: 5
呼符: 0
体力: 775267.43 / 20
友情点: 0 / 164000`
*連続ログイン6日目
※ログインが途切れるか、7日到達すると
1日目から再開されます*
`聖晶石 X 2
6月交換券(2023) X 1
`_2023-06-22 19:38:34_
--------
