【登录信息】
*3084073a697602a159acb3c9452b4b00*
`登陆天数: 508天 / 2202天
等级: 160
石头: 64
呼符: 1
体力: 44.040000000000006 / 144
友情点: 200 / 6433350`
*連続ログイン4日目
※ログインが途切れるか、7日到達すると
1日目から再開されます*
`聖晶石 X 1
6月交換券(2023) X 1
`_2023-06-23 19:38:14_
--------
*517ccfc56e0b068f419634fc871e36b0*
`登陆天数: 21天 / 421天
等级: 1
石头: 2
呼符: 0
体力: 776267.0633333334 / 20
友情点: 0 / 186000`
*連続ログイン7日間到達おめでとうございます！
明日は1日目からリスタートされます。*
`獣の足跡 X 1
呼符 X 1
6月交換券(2023) X 1
`_2023-06-23 19:38:22_
--------
*bd62bce1f10a8ea80c682ed6f811ef8f*
`登陆天数: 21天 / 442天
等级: 1
石头: 5
呼符: 0
体力: 775555.4166666666 / 20
友情点: 0 / 164000`
*連続ログイン7日間到達おめでとうございます！
明日は1日目からリスタートされます。*
`獣の足跡 X 1
呼符 X 1
6月交換券(2023) X 1
`_2023-06-23 19:38:30_
--------
