【登录信息】
*3084073a697602a159acb3c9452b4b00*
`登陆天数: 510天 / 2204天
等级: 160
石头: 0
呼符: 0
体力: 56.80333333333333 / 144
友情点: 190 / 6438635`
*連続ログイン6日目
※ログインが途切れるか、7日到達すると
1日目から再開されます*
`聖晶石 X 2
6月交換券(2023) X 1
`_2023-06-25 19:38:07_
--------
*517ccfc56e0b068f419634fc871e36b0*
`登陆天数: 23天 / 423天
等级: 1
石头: 2
呼符: 0
体力: 776843.0466666666 / 20
友情点: 0 / 186000`
*連続ログイン2日目
※ログインが途切れるか、7日到達すると
1日目から再開されます*
`聖晶石 X 1
6月交換券(2023) X 1
`_2023-06-25 19:38:17_
--------
*bd62bce1f10a8ea80c682ed6f811ef8f*
`登陆天数: 23天 / 444天
等级: 1
石头: 5
呼符: 0
体力: 776131.4 / 20
友情点: 0 / 164000`
*連続ログイン2日目
※ログインが途切れるか、7日到達すると
1日目から再開されます*
`聖晶石 X 1
6月交換券(2023) X 1
`_2023-06-25 19:38:26_
--------
