【登录信息】
*3084073a697602a159acb3c9452b4b00*
`登陆天数: 511天 / 2205天
等级: 160
石头: 4
呼符: 0
体力: 82.71333333333334 / 144
友情点: 250 / 6440145`
*連続ログイン7日間到達おめでとうございます！
明日は1日目からリスタートされます。*
`獣の足跡 X 1
呼符 X 1
6月交換券(2023) X 1
`_2023-06-26 19:38:17_
--------
*517ccfc56e0b068f419634fc871e36b0*
`登陆天数: 24天 / 424天
等级: 1
石头: 2
呼符: 0
体力: 777131.0766666667 / 20
友情点: 0 / 186000`
*連続ログイン3日目
※ログインが途切れるか、7日到達すると
1日目から再開されます*
`叡智の業火 X 1
6月交換券(2023) X 1
`_2023-06-26 19:38:26_
--------
*bd62bce1f10a8ea80c682ed6f811ef8f*
`登陆天数: 24天 / 445天
等级: 1
石头: 5
呼符: 0
体力: 776419.4266666666 / 20
友情点: 0 / 164000`
*連続ログイン3日目
※ログインが途切れるか、7日到達すると
1日目から再開されます*
`叡智の業火 X 1
6月交換券(2023) X 1
`_2023-06-26 19:38:34_
--------
