【登录信息】
*3084073a697602a159acb3c9452b4b00*
`登陆天数: 512天 / 2206天
等级: 160
石头: 2
呼符: 0
体力: 55.72333333333333 / 144
友情点: 650 / 6443615`
*連続ログイン1日目
※ログインが途切れるか、7日到達すると
1日目から再開されます*
`フレンドポイント X 2000
6月交換券(2023) X 1
`_2023-06-27 19:38:20_
--------
*517ccfc56e0b068f419634fc871e36b0*
`登陆天数: 25天 / 425天
等级: 1
石头: 2
呼符: 0
体力: 777419.0866666667 / 20
友情点: 0 / 186000`
*連続ログイン4日目
※ログインが途切れるか、7日到達すると
1日目から再開されます*
`聖晶石 X 1
6月交換券(2023) X 1
`_2023-06-27 19:38:29_
--------
*bd62bce1f10a8ea80c682ed6f811ef8f*
`登陆天数: 25天 / 446天
等级: 1
石头: 5
呼符: 0
体力: 776707.44 / 20
友情点: 0 / 164000`
*連続ログイン4日目
※ログインが途切れるか、7日到達すると
1日目から再開されます*
`聖晶石 X 1
6月交換券(2023) X 1
`_2023-06-27 19:38:37_
--------
