【登录信息】
*3084073a697602a159acb3c9452b4b00*
`登陆天数: 513天 / 2207天
等级: 160
石头: 4
呼符: 0
体力: 72.71666666666667 / 144
友情点: 90 / 6449550`
*連続ログイン2日目
※ログインが途切れるか、7日到達すると
1日目から再開されます*
`聖晶石 X 1
6月交換券(2023) X 1
`*2800万DL突破記念 特別回数ログインボーナス*
*開催期間中、1日1回 最大10回 回数ログインボーナスをプレゼント！*
`白銀の果実 X 10
星見のティーポット X 3
`_2023-06-28 19:38:18_
--------
*517ccfc56e0b068f419634fc871e36b0*
`登陆天数: 26天 / 426天
等级: 1
石头: 2
呼符: 0
体力: 777707.08 / 20
友情点: 0 / 186000`
*連続ログイン5日目
※ログインが途切れるか、7日到達すると
1日目から再開されます*
`叡智の業火 X 2
6月交換券(2023) X 1
`_2023-06-28 19:38:27_
--------
*bd62bce1f10a8ea80c682ed6f811ef8f*
`登陆天数: 26天 / 447天
等级: 1
石头: 5
呼符: 0
体力: 776995.4333333333 / 20
友情点: 0 / 164000`
*連続ログイン5日目
※ログインが途切れるか、7日到達すると
1日目から再開されます*
`叡智の業火 X 2
6月交換券(2023) X 1
`_2023-06-28 19:38:36_
--------
