【登录信息】
*3084073a697602a159acb3c9452b4b00*
`登陆天数: 514天 / 2208天
等级: 160
石头: 10
呼符: 0
体力: 60.67 / 144
友情点: 255 / 6450705`
*連続ログイン3日目
※ログインが途切れるか、7日到達すると
1日目から再開されます*
`叡智の業火 X 1
6月交換券(2023) X 1
`*2800万DL突破記念 特別回数ログインボーナス*
*開催期間中、1日1回 最大10回 回数ログインボーナスをプレゼント！*
`マナプリズム X 100
黄金の果実 X 10
`_2023-06-29 19:38:11_
--------
*517ccfc56e0b068f419634fc871e36b0*
`登陆天数: 27天 / 427天
等级: 1
石头: 2
呼符: 0
体力: 777995.0566666666 / 20
友情点: 0 / 186000`
*連続ログイン6日目
※ログインが途切れるか、7日到達すると
1日目から再開されます*
`聖晶石 X 2
6月交換券(2023) X 1
`_2023-06-29 19:38:20_
--------
*bd62bce1f10a8ea80c682ed6f811ef8f*
`登陆天数: 27天 / 448天
等级: 1
石头: 5
呼符: 0
体力: 777283.41 / 20
友情点: 0 / 164000`
*連続ログイン6日目
※ログインが途切れるか、7日到達すると
1日目から再開されます*
`聖晶石 X 2
6月交換券(2023) X 1
`_2023-06-29 19:38:28_
--------
