【登录信息】
*3084073a697602a159acb3c9452b4b00*
`登陆天数: 51天 / 2347天
等级: 161
石头: 46
呼符: 24
体力: 676.3633333333333 / 144
友情点: 380 / 6753585`
*連続ログイン2日目
※ログインが途切れるか、7日到達すると
1日目から再開されます*
`聖晶石 X 1
12月交換券(2023) X 1
`*日替りログインボーナス*
*開催期間中、1日1回 2週間日替りでログインボーナスをプレゼント！*
`聖晶石 X 2
巡霊の葉 X 100
`_2023-12-01 19:36:01_
--------
*517ccfc56e0b068f419634fc871e36b0*
`登陆天数: 50天 / 564天
等级: 1
石头: 2
呼符: 0
体力: 822634.6233333333 / 20
友情点: 0 / 186000`
*連続ログイン1日目
※ログインが途切れるか、7日到達すると
1日目から再開されます*
`フレンドポイント X 2000
12月交換券(2023) X 1
`_2023-12-01 19:36:11_
--------
*bd62bce1f10a8ea80c682ed6f811ef8f*
`登陆天数: 50天 / 585天
等级: 1
石头: 5
呼符: 0
体力: 821922.9766666667 / 20
友情点: 0 / 164000`
*連続ログイン1日目
※ログインが途切れるか、7日到達すると
1日目から再開されます*
`フレンドポイント X 2000
12月交換券(2023) X 1
`_2023-12-01 19:36:19_
--------
