【登录信息】
*3084073a697602a159acb3c9452b4b00*
`登陆天数: 52天 / 2348天
等级: 161
石头: 46
呼符: 24
体力: 964.3833333333333 / 144
友情点: 140 / 6753745`
*連続ログイン3日目
※ログインが途切れるか、7日到達すると
1日目から再開されます*
`叡智の業火 X 1
12月交換券(2023) X 1
`*日替りログインボーナス*
*開催期間中、1日1回 2週間日替りでログインボーナスをプレゼント！*
`巡霊の葉 X 30
`_2023-12-02 19:36:06_
--------
*517ccfc56e0b068f419634fc871e36b0*
`登陆天数: 51天 / 565天
等级: 1
石头: 2
呼符: 0
体力: 822922.6433333333 / 20
友情点: 0 / 186000`
*連続ログイン2日目
※ログインが途切れるか、7日到達すると
1日目から再開されます*
`聖晶石 X 1
12月交換券(2023) X 1
`_2023-12-02 19:36:16_
--------
*bd62bce1f10a8ea80c682ed6f811ef8f*
`登陆天数: 51天 / 586天
等级: 1
石头: 5
呼符: 0
体力: 822210.9966666667 / 20
友情点: 0 / 164000`
*連続ログイン2日目
※ログインが途切れるか、7日到達すると
1日目から再開されます*
`聖晶石 X 1
12月交換券(2023) X 1
`_2023-12-02 19:36:24_
--------
