【登录信息】
*3084073a697602a159acb3c9452b4b00*
`登陆天数: 56天 / 2352天
等级: 161
石头: 24
呼符: 2
体力: 89.63666666666666 / 144
友情点: 335 / 6760945`
*連続ログイン7日間到達おめでとうございます！
明日は1日目からリスタートされます。*
`獣の足跡 X 1
呼符 X 1
12月交換券(2023) X 1
`*激走！川中島24時 ぐだぐだ超五稜郭 殺しのサインはM51
開幕記念 ログインボーナス*
*開催期間中、1日1回 最大21回ログインボーナスをプレゼント！*
`白銀の果実 X 1
`_2023-12-06 19:36:08_
--------
*517ccfc56e0b068f419634fc871e36b0*
`登陆天数: 55天 / 569天
等级: 1
石头: 2
呼符: 0
体力: 824074.6533333333 / 20
友情点: 0 / 186000`
*連続ログイン6日目
※ログインが途切れるか、7日到達すると
1日目から再開されます*
`聖晶石 X 2
12月交換券(2023) X 1
`_2023-12-06 19:36:19_
--------
*bd62bce1f10a8ea80c682ed6f811ef8f*
`登陆天数: 55天 / 590天
等级: 1
石头: 5
呼符: 0
体力: 823363.0066666667 / 20
友情点: 0 / 164000`
*連続ログイン6日目
※ログインが途切れるか、7日到達すると
1日目から再開されます*
`聖晶石 X 2
12月交換券(2023) X 1
`_2023-12-06 19:36:27_
--------
