【登录信息】
*3084073a697602a159acb3c9452b4b00*
`登陆天数: 59天 / 2355天
等级: 161
石头: 244
呼符: 0
体力: 235.18666666666667 / 144
友情点: 130 / 6764830`
*連続ログイン3日目
※ログインが途切れるか、7日到達すると
1日目から再開されます*
`叡智の業火 X 1
12月交換券(2023) X 1
`*激走！川中島24時 ぐだぐだ超五稜郭 殺しのサインはM51
開幕記念 ログインボーナス*
*開催期間中、1日1回 最大21回ログインボーナスをプレゼント！*
`白銀の果実 X 1
`_2023-12-09 19:36:03_
--------
*517ccfc56e0b068f419634fc871e36b0*
`登陆天数: 58天 / 572天
等级: 1
石头: 2
呼符: 0
体力: 824938.6333333333 / 20
友情点: 0 / 186000`
*連続ログイン2日目
※ログインが途切れるか、7日到達すると
1日目から再開されます*
`聖晶石 X 1
12月交換券(2023) X 1
`_2023-12-09 19:36:13_
--------
*bd62bce1f10a8ea80c682ed6f811ef8f*
`登陆天数: 58天 / 593天
等级: 1
石头: 5
呼符: 0
体力: 824226.9866666667 / 20
友情点: 0 / 164000`
*連続ログイン2日目
※ログインが途切れるか、7日到達すると
1日目から再開されます*
`聖晶石 X 1
12月交換券(2023) X 1
`_2023-12-09 19:36:21_
--------
