【登录信息】
*3084073a697602a159acb3c9452b4b00*
`登陆天数: 62天 / 2358天
等级: 161
石头: 244
呼符: 0
体力: 1099.2133333333334 / 144
友情点: 510 / 6766270`
*連続ログイン6日目
※ログインが途切れるか、7日到達すると
1日目から再開されます*
`聖晶石 X 2
12月交換券(2023) X 1
`*激走！川中島24時 ぐだぐだ超五稜郭 殺しのサインはM51
開幕記念 ログインボーナス*
*開催期間中、1日1回 最大21回ログインボーナスをプレゼント！*
`黄金の果実 X 1
`_2023-12-12 19:36:11_
--------
*517ccfc56e0b068f419634fc871e36b0*
`登陆天数: 61天 / 575天
等级: 1
石头: 2
呼符: 0
体力: 825802.66 / 20
友情点: 0 / 186000`
*連続ログイン5日目
※ログインが途切れるか、7日到達すると
1日目から再開されます*
`叡智の業火 X 2
12月交換券(2023) X 1
`_2023-12-12 19:36:21_
--------
*bd62bce1f10a8ea80c682ed6f811ef8f*
`登陆天数: 61天 / 596天
等级: 1
石头: 5
呼符: 0
体力: 825091.0133333333 / 20
友情点: 0 / 164000`
*連続ログイン5日目
※ログインが途切れるか、7日到達すると
1日目から再開されます*
`叡智の業火 X 2
12月交換券(2023) X 1
`_2023-12-12 19:36:29_
--------
