【登录信息】
*3084073a697602a159acb3c9452b4b00*
`登陆天数: 2天 / 2360天
等级: 161
石头: 244
呼符: 0
体力: 116.86 / 144
友情点: 180 / 6766620`
*連続ログイン2日目
※ログインが途切れるか、7日到達すると
1日目から再開されます*
`聖晶石 X 1
12月交換券(2023) X 1
`*激走！川中島24時 ぐだぐだ超五稜郭 殺しのサインはM51
開幕記念 ログインボーナス*
*開催期間中、1日1回 最大21回ログインボーナスをプレゼント！*
`白銀の果実 X 1
`_2023-12-15 19:37:26_
--------
*517ccfc56e0b068f419634fc871e36b0*
`登陆天数: 1天 / 576天
等级: 1
石头: 2
呼符: 0
体力: 826666.91 / 20
友情点: 0 / 186000`
*連続ログイン1日目
※ログインが途切れるか、7日到達すると
1日目から再開されます*
`フレンドポイント X 2000
12月交換券(2023) X 1
`_2023-12-15 19:37:36_
--------
*bd62bce1f10a8ea80c682ed6f811ef8f*
`登陆天数: 1天 / 597天
等级: 1
石头: 5
呼符: 0
体力: 825955.2633333333 / 20
友情点: 0 / 164000`
*連続ログイン1日目
※ログインが途切れるか、7日到達すると
1日目から再開されます*
`フレンドポイント X 2000
12月交換券(2023) X 1
`_2023-12-15 19:37:45_
--------
