【登录信息】
*3084073a697602a159acb3c9452b4b00*
`登陆天数: 4天 / 2362天
等级: 161
石头: 244
呼符: 0
体力: 692.85 / 144
友情点: 420 / 6767390`
*連続ログイン4日目
※ログインが途切れるか、7日到達すると
1日目から再開されます*
`聖晶石 X 1
12月交換券(2023) X 1
`*激走！川中島24時 ぐだぐだ超五稜郭 殺しのサインはM51
開幕記念 ログインボーナス*
*開催期間中、1日1回 最大21回ログインボーナスをプレゼント！*
`白銀の果実 X 1
`_2023-12-17 19:37:23_
--------
*517ccfc56e0b068f419634fc871e36b0*
`登陆天数: 3天 / 578天
等级: 1
石头: 2
呼符: 0
体力: 827242.9 / 20
友情点: 0 / 186000`
*連続ログイン3日目
※ログインが途切れるか、7日到達すると
1日目から再開されます*
`叡智の業火 X 1
12月交換券(2023) X 1
`_2023-12-17 19:37:33_
--------
*bd62bce1f10a8ea80c682ed6f811ef8f*
`登陆天数: 3天 / 599天
等级: 1
石头: 5
呼符: 0
体力: 826531.2533333333 / 20
友情点: 0 / 164000`
*連続ログイン3日目
※ログインが途切れるか、7日到達すると
1日目から再開されます*
`叡智の業火 X 1
12月交換券(2023) X 1
`_2023-12-17 19:37:41_
--------
