【登录信息】
*3084073a697602a159acb3c9452b4b00*
`登陆天数: 5天 / 2363天
等级: 161
石头: 244
呼符: 0
体力: 133.43 / 144
友情点: 80 / 6768235`
*連続ログイン5日目
※ログインが途切れるか、7日到達すると
1日目から再開されます*
`叡智の業火 X 2
12月交換券(2023) X 1
`*激走！川中島24時 ぐだぐだ超五稜郭 殺しのサインはM51
開幕記念 ログインボーナス*
*開催期間中、1日1回 最大21回ログインボーナスをプレゼント！*
`白銀の果実 X 1
`_2023-12-18 19:37:22_
--------
*517ccfc56e0b068f419634fc871e36b0*
`登陆天数: 4天 / 579天
等级: 1
石头: 2
呼符: 0
体力: 827530.8966666666 / 20
友情点: 0 / 186000`
*連続ログイン4日目
※ログインが途切れるか、7日到達すると
1日目から再開されます*
`聖晶石 X 1
12月交換券(2023) X 1
`_2023-12-18 19:37:32_
--------
*bd62bce1f10a8ea80c682ed6f811ef8f*
`登陆天数: 4天 / 600天
等级: 1
石头: 5
呼符: 0
体力: 826819.25 / 20
友情点: 0 / 164000`
*連続ログイン4日目
※ログインが途切れるか、7日到達すると
1日目から再開されます*
`聖晶石 X 1
12月交換券(2023) X 1
`_2023-12-18 19:37:40_
--------
