【登录信息】
*3084073a697602a159acb3c9452b4b00*
`登陆天数: 6天 / 2364天
等级: 161
石头: 244
呼符: 0
体力: 421.4633333333333 / 144
友情点: 270 / 6768505`
*連続ログイン6日目
※ログインが途切れるか、7日到達すると
1日目から再開されます*
`聖晶石 X 2
12月交換券(2023) X 1
`_2023-12-19 19:37:33_
--------
*517ccfc56e0b068f419634fc871e36b0*
`登陆天数: 5天 / 580天
等级: 1
石头: 2
呼符: 0
体力: 827818.93 / 20
友情点: 0 / 186000`
*連続ログイン5日目
※ログインが途切れるか、7日到達すると
1日目から再開されます*
`叡智の業火 X 2
12月交換券(2023) X 1
`_2023-12-19 19:37:42_
--------
*bd62bce1f10a8ea80c682ed6f811ef8f*
`登陆天数: 5天 / 601天
等级: 1
石头: 5
呼符: 0
体力: 827107.2833333333 / 20
友情点: 0 / 164000`
*連続ログイン5日目
※ログインが途切れるか、7日到達すると
1日目から再開されます*
`叡智の業火 X 2
12月交換券(2023) X 1
`_2023-12-19 19:37:50_
--------
