【登录信息】
*3084073a697602a159acb3c9452b4b00*
`登陆天数: 7天 / 2365天
等级: 161
石头: 257
呼符: 0
体力: 94.47999999999999 / 144
友情点: 200 / 6769275`
*連続ログイン7日間到達おめでとうございます！
明日は1日目からリスタートされます。*
`獣の足跡 X 1
呼符 X 1
12月交換券(2023) X 1
`*雪原のメリー・クリスマス2023 ～7days / 8years Snow Carol～開幕記念 ログインボーナス*
*開催期間中、1日1回 最大10回ログインボーナスをプレゼント！*
`白銀の果実 X 1
`_2023-12-20 19:37:26_
--------
*517ccfc56e0b068f419634fc871e36b0*
`登陆天数: 6天 / 581天
等级: 1
石头: 2
呼符: 0
体力: 828106.9066666666 / 20
友情点: 0 / 186000`
*連続ログイン6日目
※ログインが途切れるか、7日到達すると
1日目から再開されます*
`聖晶石 X 2
12月交換券(2023) X 1
`_2023-12-20 19:37:35_
--------
*bd62bce1f10a8ea80c682ed6f811ef8f*
`登陆天数: 6天 / 602天
等级: 1
石头: 5
呼符: 0
体力: 827395.26 / 20
友情点: 0 / 164000`
*連続ログイン6日目
※ログインが途切れるか、7日到達すると
1日目から再開されます*
`聖晶石 X 2
12月交換券(2023) X 1
`_2023-12-20 19:37:43_
--------
