【登录信息】
*3084073a697602a159acb3c9452b4b00*
`登陆天数: 10天 / 2368天
等级: 161
石头: 258
呼符: 0
体力: 106.03666666666666 / 144
友情点: 120 / 6774505`
*連続ログイン3日目
※ログインが途切れるか、7日到達すると
1日目から再開されます*
`叡智の業火 X 1
12月交換券(2023) X 1
`*雪原のメリー・クリスマス2023 ～7days / 8years Snow Carol～開幕記念 ログインボーナス*
*開催期間中、1日1回 最大10回ログインボーナスをプレゼント！*
`白銀の果実 X 1
`_2023-12-23 19:37:23_
--------
*517ccfc56e0b068f419634fc871e36b0*
`登陆天数: 9天 / 584天
等级: 1
石头: 2
呼符: 0
体力: 828970.8966666666 / 20
友情点: 0 / 186000`
*連続ログイン2日目
※ログインが途切れるか、7日到達すると
1日目から再開されます*
`聖晶石 X 1
12月交換券(2023) X 1
`_2023-12-23 19:37:32_
--------
*bd62bce1f10a8ea80c682ed6f811ef8f*
`登陆天数: 9天 / 605天
等级: 1
石头: 5
呼符: 0
体力: 828259.2466666667 / 20
友情点: 0 / 164000`
*連続ログイン2日目
※ログインが途切れるか、7日到達すると
1日目から再開されます*
`聖晶石 X 1
12月交換券(2023) X 1
`_2023-12-23 19:37:40_
--------
