【登录信息】
*3084073a697602a159acb3c9452b4b00*
`登陆天数: 13天 / 2371天
等级: 161
石头: 258
呼符: 0
体力: 970.0533333333333 / 144
友情点: 245 / 6775550`
*連続ログイン6日目
※ログインが途切れるか、7日到達すると
1日目から再開されます*
`聖晶石 X 2
12月交換券(2023) X 1
`*「FGO カルデア・サテライトステーション 2023-2024」京都会場開催直前 ログインボーナス*
*開催期間中、1日1回 最大3回 ログインボーナスをプレゼント！*
`サテライトステーション23-24 X 1
黄金の果実 X 1
`_2023-12-26 19:37:29_
--------
*517ccfc56e0b068f419634fc871e36b0*
`登陆天数: 12天 / 587天
等级: 1
石头: 2
呼符: 0
体力: 829834.9133333333 / 20
友情点: 0 / 186000`
*連続ログイン5日目
※ログインが途切れるか、7日到達すると
1日目から再開されます*
`叡智の業火 X 2
12月交換券(2023) X 1
`_2023-12-26 19:37:38_
--------
*bd62bce1f10a8ea80c682ed6f811ef8f*
`登陆天数: 12天 / 608天
等级: 1
石头: 5
呼符: 0
体力: 829123.2666666667 / 20
友情点: 0 / 164000`
*連続ログイン5日目
※ログインが途切れるか、7日到達すると
1日目から再開されます*
`叡智の業火 X 2
12月交換券(2023) X 1
`_2023-12-26 19:37:46_
--------
