【登录信息】
*3084073a697602a159acb3c9452b4b00*
`登陆天数: 14天 / 2372天
等级: 161
石头: 258
呼符: 0
体力: 1258.0766666666666 / 144
友情点: 310 / 6775860`
*連続ログイン7日間到達おめでとうございます！
明日は1日目からリスタートされます。*
`獣の足跡 X 1
呼符 X 1
12月交換券(2023) X 1
`*「FGO カルデア・サテライトステーション 2023-2024」京都会場開催直前 ログインボーナス*
*開催期間中、1日1回 最大3回 ログインボーナスをプレゼント！*
`黄金の果実 X 1
`_2023-12-27 19:37:36_
--------
*517ccfc56e0b068f419634fc871e36b0*
`登陆天数: 13天 / 588天
等级: 1
石头: 2
呼符: 0
体力: 830122.9366666666 / 20
友情点: 0 / 186000`
*連続ログイン6日目
※ログインが途切れるか、7日到達すると
1日目から再開されます*
`聖晶石 X 2
12月交換券(2023) X 1
`_2023-12-27 19:37:44_
--------
*bd62bce1f10a8ea80c682ed6f811ef8f*
`登陆天数: 13天 / 609天
等级: 1
石头: 5
呼符: 0
体力: 829411.2866666666 / 20
友情点: 0 / 164000`
*連続ログイン6日目
※ログインが途切れるか、7日到達すると
1日目から再開されます*
`聖晶石 X 2
12月交換券(2023) X 1
`_2023-12-27 19:37:52_
--------
