【登录信息】
*3084073a697602a159acb3c9452b4b00*
`登陆天数: 16天 / 2374天
等级: 161
石头: 258
呼符: 0
体力: 1834.06 / 144
友情点: 150 / 6776295`
*連続ログイン2日目
※ログインが途切れるか、7日到達すると
1日目から再開されます*
`聖晶石 X 1
12月交換券(2023) X 1
`*「FGO カルデア・サテライトステーション 2023-2024」京都会場開催記念 3万リポスト達成プレゼント*
*開催期間中、初回ログインで「聖晶石×6」をプレゼント！*
`聖晶石 X 6
`_2023-12-29 19:37:31_
--------
*517ccfc56e0b068f419634fc871e36b0*
`登陆天数: 15天 / 590天
等级: 1
石头: 2
呼符: 0
体力: 830698.92 / 20
友情点: 0 / 186000`
*連続ログイン1日目
※ログインが途切れるか、7日到達すると
1日目から再開されます*
`フレンドポイント X 2000
12月交換券(2023) X 1
`_2023-12-29 19:37:39_
--------
*bd62bce1f10a8ea80c682ed6f811ef8f*
`登陆天数: 15天 / 611天
等级: 1
石头: 5
呼符: 0
体力: 829987.27 / 20
友情点: 0 / 164000`
*連続ログイン1日目
※ログインが途切れるか、7日到達すると
1日目から再開されます*
`フレンドポイント X 2000
12月交換券(2023) X 1
`_2023-12-29 19:37:47_
--------
