【登录信息】
*3084073a697602a159acb3c9452b4b00*
`登陆天数: 17天 / 2375天
等级: 162
石头: 186
呼符: 0
体力: 51.52666666666667 / 144
友情点: 170 / 6841040`
*連続ログイン3日目
※ログインが途切れるか、7日到達すると
1日目から再開されます*
`叡智の業火 X 1
12月交換券(2023) X 1
`*Fate Project 大晦日TVスペシャル2023 放送カウントダウンログインボーナス*
*開催期間中、1日1回 3日間日替りでログインボーナスをプレゼント！*
`黄金の果実 X 1
呼符 X 1
`_2023-12-30 19:37:08_
--------
*517ccfc56e0b068f419634fc871e36b0*
`登陆天数: 16天 / 591天
等级: 1
石头: 2
呼符: 0
体力: 830986.8466666667 / 20
友情点: 0 / 186000`
*連続ログイン2日目
※ログインが途切れるか、7日到達すると
1日目から再開されます*
`聖晶石 X 1
12月交換券(2023) X 1
`_2023-12-30 19:37:17_
--------
*bd62bce1f10a8ea80c682ed6f811ef8f*
`登陆天数: 16天 / 612天
等级: 1
石头: 5
呼符: 0
体力: 830275.2 / 20
友情点: 0 / 164000`
*連続ログイン2日目
※ログインが途切れるか、7日到達すると
1日目から再開されます*
`聖晶石 X 1
12月交換券(2023) X 1
`_2023-12-30 19:37:25_
--------
