【登录信息】
*3084073a697602a159acb3c9452b4b00*
`登陆天数: 2天 / 2298天
等级: 161
石头: 7
呼符: 0
体力: 101.34333333333333 / 144
友情点: 130 / 6687950`
*連続ログイン2日目
※ログインが途切れるか、7日到達すると
1日目から再開されます*
`聖晶石 X 1
10月交換券(2023) X 1
`*日替りログインボーナス*
*開催期間中、1日1回 2週間日替りでログインボーナスをプレゼント！*
`聖晶石 X 2
巡霊の葉 X 100
`_2023-10-13 19:36:14_
--------
*517ccfc56e0b068f419634fc871e36b0*
`登陆天数: 1天 / 515天
等级: 1
石头: 2
呼符: 0
体力: 808522.6666666666 / 20
友情点: 0 / 186000`
*連続ログイン1日目
※ログインが途切れるか、7日到達すると
1日目から再開されます*
`フレンドポイント X 2000
10月交換券(2023) X 1
`*使用期限付コンティニューアイテムプレゼント！*
*開催期間中、初回ログインでコンティニューアイテム「霊脈石×3」をプレゼント！*
`霊脈石 X 3
`_2023-10-13 19:36:24_
--------
*bd62bce1f10a8ea80c682ed6f811ef8f*
`登陆天数: 1天 / 536天
等级: 1
石头: 5
呼符: 0
体力: 807811.02 / 20
友情点: 0 / 164000`
*連続ログイン1日目
※ログインが途切れるか、7日到達すると
1日目から再開されます*
`フレンドポイント X 2000
10月交換券(2023) X 1
`*使用期限付コンティニューアイテムプレゼント！*
*開催期間中、初回ログインでコンティニューアイテム「霊脈石×3」をプレゼント！*
`霊脈石 X 3
`_2023-10-13 19:36:32_
--------
