【登录信息】
*3084073a697602a159acb3c9452b4b00*
`登陆天数: 8天 / 2304天
等级: 161
石头: 10
呼符: 5
体力: 1295.3933333333334 / 144
友情点: 450 / 6691110`
*連続ログイン1日目
※ログインが途切れるか、7日到達すると
1日目から再開されます*
`フレンドポイント X 2000
10月交換券(2023) X 1
`*日替りログインボーナス*
*開催期間中、1日1回 2週間日替りでログインボーナスをプレゼント！*
`巡霊の葉 X 30
`_2023-10-19 19:35:53_
--------
*517ccfc56e0b068f419634fc871e36b0*
`登陆天数: 7天 / 521天
等级: 1
石头: 2
呼符: 0
体力: 810250.5966666667 / 20
友情点: 0 / 186000`
*連続ログイン7日間到達おめでとうございます！
明日は1日目からリスタートされます。*
`獣の足跡 X 1
呼符 X 1
10月交換券(2023) X 1
`_2023-10-19 19:36:03_
--------
*bd62bce1f10a8ea80c682ed6f811ef8f*
`登陆天数: 7天 / 542天
等级: 1
石头: 5
呼符: 0
体力: 809538.95 / 20
友情点: 0 / 164000`
*連続ログイン7日間到達おめでとうございます！
明日は1日目からリスタートされます。*
`獣の足跡 X 1
呼符 X 1
10月交換券(2023) X 1
`_2023-10-19 19:36:11_
--------
