【登录信息】
*3084073a697602a159acb3c9452b4b00*
`登陆天数: 9天 / 2305天
等级: 161
石头: 10
呼符: 5
体力: 1583.4733333333334 / 144
友情点: 810 / 6691920`
*連続ログイン2日目
※ログインが途切れるか、7日到達すると
1日目から再開されます*
`聖晶石 X 1
10月交換券(2023) X 1
`*日替りログインボーナス*
*開催期間中、1日1回 2週間日替りでログインボーナスをプレゼント！*
`聖晶石 X 2
巡霊の葉 X 100
`_2023-10-20 19:36:19_
--------
*517ccfc56e0b068f419634fc871e36b0*
`登陆天数: 8天 / 522天
等级: 1
石头: 2
呼符: 0
体力: 810538.68 / 20
友情点: 0 / 186000`
*連続ログイン1日目
※ログインが途切れるか、7日到達すると
1日目から再開されます*
`フレンドポイント X 2000
10月交換券(2023) X 1
`_2023-10-20 19:36:28_
--------
*bd62bce1f10a8ea80c682ed6f811ef8f*
`登陆天数: 8天 / 543天
等级: 1
石头: 5
呼符: 0
体力: 809827.0333333333 / 20
友情点: 0 / 164000`
*連続ログイン1日目
※ログインが途切れるか、7日到達すると
1日目から再開されます*
`フレンドポイント X 2000
10月交換券(2023) X 1
`_2023-10-20 19:36:36_
--------
