【登录信息】
*3084073a697602a159acb3c9452b4b00*
`登陆天数: 11天 / 2307天
等级: 161
石头: 10
呼符: 5
体力: 2159.48 / 144
友情点: 245 / 6692800`
*連続ログイン4日目
※ログインが途切れるか、7日到達すると
1日目から再開されます*
`聖晶石 X 1
10月交換券(2023) X 1
`*日替りログインボーナス*
*開催期間中、1日1回 2週間日替りでログインボーナスをプレゼント！*
`巡霊の葉 X 30
`_2023-10-22 19:36:20_
--------
*517ccfc56e0b068f419634fc871e36b0*
`登陆天数: 10天 / 524天
等级: 1
石头: 2
呼符: 0
体力: 811114.6866666666 / 20
友情点: 0 / 186000`
*連続ログイン3日目
※ログインが途切れるか、7日到達すると
1日目から再開されます*
`叡智の業火 X 1
10月交換券(2023) X 1
`_2023-10-22 19:36:29_
--------
*bd62bce1f10a8ea80c682ed6f811ef8f*
`登陆天数: 10天 / 545天
等级: 1
石头: 5
呼符: 0
体力: 810403.04 / 20
友情点: 0 / 164000`
*連続ログイン3日目
※ログインが途切れるか、7日到達すると
1日目から再開されます*
`叡智の業火 X 1
10月交換券(2023) X 1
`_2023-10-22 19:36:37_
--------
