【登录信息】
*3084073a697602a159acb3c9452b4b00*
`登陆天数: 13天 / 2309天
等级: 161
石头: 10
呼符: 5
体力: 2735.3966666666665 / 144
友情点: 910 / 6693880`
*連続ログイン6日目
※ログインが途切れるか、7日到達すると
1日目から再開されます*
`聖晶石 X 2
10月交換券(2023) X 1
`*日替りログインボーナス*
*開催期間中、1日1回 2週間日替りでログインボーナスをプレゼント！*
`聖晶石 X 3
巡霊の葉 X 50
`_2023-10-24 19:35:55_
--------
*517ccfc56e0b068f419634fc871e36b0*
`登陆天数: 12天 / 526天
等级: 1
石头: 2
呼符: 0
体力: 811690.6033333334 / 20
友情点: 0 / 186000`
*連続ログイン5日目
※ログインが途切れるか、7日到達すると
1日目から再開されます*
`叡智の業火 X 2
10月交換券(2023) X 1
`_2023-10-24 19:36:05_
--------
*bd62bce1f10a8ea80c682ed6f811ef8f*
`登陆天数: 12天 / 547天
等级: 1
石头: 5
呼符: 0
体力: 810978.9566666667 / 20
友情点: 0 / 164000`
*連続ログイン5日目
※ログインが途切れるか、7日到達すると
1日目から再開されます*
`叡智の業火 X 2
10月交換券(2023) X 1
`_2023-10-24 19:36:12_
--------
