【登录信息】
*3084073a697602a159acb3c9452b4b00*
`登陆天数: 16天 / 2312天
等级: 161
石头: 10
呼符: 5
体力: 3599.4666666666667 / 144
友情点: 305 / 6696085`
*連続ログイン2日目
※ログインが途切れるか、7日到達すると
1日目から再開されます*
`聖晶石 X 1
10月交換券(2023) X 1
`*聖杯戦線 ～白天の城、黒夜の城～開幕記念 ログインボーナス*
*開催期間中、1日1回 最大21回ログインボーナスをプレゼント！*
`白銀の果実 X 1
`_2023-10-27 19:36:16_
--------
*517ccfc56e0b068f419634fc871e36b0*
`登陆天数: 15天 / 529天
等级: 1
石头: 2
呼符: 0
体力: 812554.6733333333 / 20
友情点: 0 / 186000`
*連続ログイン1日目
※ログインが途切れるか、7日到達すると
1日目から再開されます*
`フレンドポイント X 2000
10月交換券(2023) X 1
`_2023-10-27 19:36:26_
--------
*bd62bce1f10a8ea80c682ed6f811ef8f*
`登陆天数: 15天 / 550天
等级: 1
石头: 5
呼符: 0
体力: 811843.0266666666 / 20
友情点: 0 / 164000`
*連続ログイン1日目
※ログインが途切れるか、7日到達すると
1日目から再開されます*
`フレンドポイント X 2000
10月交換券(2023) X 1
`_2023-10-27 19:36:33_
--------
