【登录信息】
[3084073a697602a159acb3c9452b4b00]
`登陆天数: 274天 / 1968天
等级: 160
石头: 202
呼符: 13
友情点: 75 / 1513615`
*連続ログイン1日目
※ログインが途切れるか、7日到達すると
1日目から再開されます*
`フレンドポイント X 2000
11月交換券(2022) X 1
`*特異点修復応援キャンペーン 特別回数ログインボーナス*
*開催期間中、1日1回 最大7回 ログインボーナスをプレゼント！*
`フレンドポイント X 2000
`_2022-11-01 19:39:59_
--------
[517ccfc56e0b068f419634fc871e36b0]
`登陆天数: 199天 / 219天
等级: 1
石头: 235
呼符: 19
友情点: 0 / 160000`
*連続ログイン3日目
※ログインが途切れるか、7日到達すると
1日目から再開されます*
`叡智の業火 X 1
11月交換券(2022) X 1
`_2022-11-01 19:40:07_
--------
[bd62bce1f10a8ea80c682ed6f811ef8f]
`登陆天数: 198天 / 240天
等级: 1
石头: 310
呼符: 27
友情点: 0 / 136000`
*連続ログイン2日目
※ログインが途切れるか、7日到達すると
1日目から再開されます*
`聖晶石 X 1
11月交換券(2022) X 1
`_2022-11-01 19:40:16_
--------
