【登录信息】
[3084073a697602a159acb3c9452b4b00]
`登陆天数: 275天 / 1969天
等级: 160
石头: 202
呼符: 13
友情点: 195 / 1514780`
*連続ログイン2日目
※ログインが途切れるか、7日到達すると
1日目から再開されます*
`聖晶石 X 1
11月交換券(2022) X 1
`*特異点修復応援キャンペーン 特別回数ログインボーナス*
*開催期間中、1日1回 最大7回 ログインボーナスをプレゼント！*
`聖晶石 X 3
`_2022-11-02 19:38:20_
--------
[517ccfc56e0b068f419634fc871e36b0]
`登陆天数: 200天 / 220天
等级: 1
石头: 235
呼符: 19
友情点: 0 / 160000`
*連続ログイン4日目
※ログインが途切れるか、7日到達すると
1日目から再開されます*
`聖晶石 X 1
11月交換券(2022) X 1
`_2022-11-02 19:38:30_
--------
[bd62bce1f10a8ea80c682ed6f811ef8f]
`登陆天数: 199天 / 241天
等级: 1
石头: 310
呼符: 27
友情点: 0 / 136000`
*連続ログイン3日目
※ログインが途切れるか、7日到達すると
1日目から再開されます*
`叡智の業火 X 1
11月交換券(2022) X 1
`_2022-11-02 19:38:38_
--------
