【登录信息】
*3084073a697602a159acb3c9452b4b00*
`登陆天数: 279天 / 1973天
等级: 160
石头: 201
呼符: 0
体力: 39.05666666666667 / 144
友情点: 205 / 1523955`
*連続ログイン6日目
※ログインが途切れるか、7日到達すると
1日目から再開されます*
`聖晶石 X 2
11月交換券(2022) X 1
`*カルデア妖精騎士杯　開幕直前特別ログインボーナス*
*開催期間中、1日1回 最大7回 ログインボーナスをプレゼント！*
`黄金の果実 X 1
`_2022-11-06 19:38:40_
--------
*517ccfc56e0b068f419634fc871e36b0*
`登陆天数: 204天 / 224天
等级: 1
石头: 235
呼符: 19
体力: 710315.15 / 20
友情点: 0 / 160000`
*連続ログイン1日目
※ログインが途切れるか、7日到達すると
1日目から再開されます*
`フレンドポイント X 2000
11月交換券(2022) X 1
`_2022-11-06 19:38:48_
--------
*bd62bce1f10a8ea80c682ed6f811ef8f*
`登陆天数: 203天 / 245天
等级: 1
石头: 310
呼符: 27
体力: 709603.5 / 20
友情点: 0 / 136000`
*連続ログイン7日間到達おめでとうございます！
明日は1日目からリスタートされます。*
`獣の足跡 X 1
呼符 X 1
11月交換券(2022) X 1
`_2022-11-06 19:38:56_
--------
