【登录信息】
*3084073a697602a159acb3c9452b4b00*
`登陆天数: 280天 / 1974天
等级: 160
石头: 171
呼符: 0
体力: 57.010000000000005 / 144
友情点: 195 / 1526815`
*連続ログイン7日間到達おめでとうございます！
明日は1日目からリスタートされます。*
`獣の足跡 X 1
呼符 X 1
11月交換券(2022) X 1
`*カルデア妖精騎士杯　開幕直前特別ログインボーナス*
*開催期間中、1日1回 最大7回 ログインボーナスをプレゼント！*
`黄金の果実 X 1
`_2022-11-07 19:38:26_
--------
*517ccfc56e0b068f419634fc871e36b0*
`登陆天数: 205天 / 225天
等级: 1
石头: 235
呼符: 19
体力: 710603.1033333334 / 20
友情点: 0 / 160000`
*連続ログイン2日目
※ログインが途切れるか、7日到達すると
1日目から再開されます*
`聖晶石 X 1
11月交換券(2022) X 1
`_2022-11-07 19:38:35_
--------
*bd62bce1f10a8ea80c682ed6f811ef8f*
`登陆天数: 204天 / 246天
等级: 1
石头: 310
呼符: 27
体力: 709891.4566666667 / 20
友情点: 0 / 136000`
*連続ログイン1日目
※ログインが途切れるか、7日到達すると
1日目から再開されます*
`フレンドポイント X 2000
11月交換券(2022) X 1
`_2022-11-07 19:38:43_
--------
