【登录信息】
*3084073a697602a159acb3c9452b4b00*
`登陆天数: 281天 / 1975天
等级: 160
石头: 172
呼符: 0
体力: 81.81666666666666 / 144
友情点: 275 / 1529050`
*連続ログイン1日目
※ログインが途切れるか、7日到達すると
1日目から再開されます*
`フレンドポイント X 2000
11月交換券(2022) X 1
`*カルデア妖精騎士杯　開幕直前特別ログインボーナス*
*開催期間中、1日1回 最大7回 ログインボーナスをプレゼント！*
`黄金の果実 X 1
`_2022-11-08 19:42:28_
--------
*517ccfc56e0b068f419634fc871e36b0*
`登陆天数: 206天 / 226天
等级: 1
石头: 235
呼符: 19
体力: 710891.91 / 20
友情点: 0 / 160000`
*連続ログイン3日目
※ログインが途切れるか、7日到達すると
1日目から再開されます*
`叡智の業火 X 1
11月交換券(2022) X 1
`_2022-11-08 19:42:37_
--------
*bd62bce1f10a8ea80c682ed6f811ef8f*
`登陆天数: 205天 / 247天
等级: 1
石头: 310
呼符: 27
体力: 710180.2633333333 / 20
友情点: 0 / 136000`
*連続ログイン2日目
※ログインが途切れるか、7日到達すると
1日目から再開されます*
`聖晶石 X 1
11月交換券(2022) X 1
`_2022-11-08 19:42:45_
--------
