【登录信息】
*3084073a697602a159acb3c9452b4b00*
`登陆天数: 282天 / 1976天
等级: 160
石头: 173
呼符: 0
体力: 69.83 / 144
友情点: 110 / 1530760`
*連続ログイン2日目
※ログインが途切れるか、7日到達すると
1日目から再開されます*
`聖晶石 X 1
11月交換券(2022) X 1
`*FGO カルデア放送局 ライト版 ～カルデア妖精騎士杯～ 放送記念 初回ログインボーナス*
*開催期間中、初回ログインで「聖晶石×14」をプレゼント！*
`聖晶石 X 14
`_2022-11-09 19:38:29_
--------
*517ccfc56e0b068f419634fc871e36b0*
`登陆天数: 207天 / 227天
等级: 1
石头: 235
呼符: 19
体力: 711179.1133333333 / 20
友情点: 0 / 160000`
*連続ログイン4日目
※ログインが途切れるか、7日到達すると
1日目から再開されます*
`聖晶石 X 1
11月交換券(2022) X 1
`_2022-11-09 19:38:38_
--------
*bd62bce1f10a8ea80c682ed6f811ef8f*
`登陆天数: 206天 / 248天
等级: 1
石头: 310
呼符: 27
体力: 710467.4666666667 / 20
友情点: 0 / 136000`
*連続ログイン3日目
※ログインが途切れるか、7日到達すると
1日目から再開されます*
`叡智の業火 X 1
11月交換券(2022) X 1
`_2022-11-09 19:38:46_
--------
