【登录信息】
*3084073a697602a159acb3c9452b4b00*
`登陆天数: 284天 / 1978天
等级: 160
石头: 212
呼符: 12
体力: 53.83 / 144
友情点: 785 / 1675985`
*連続ログイン4日目
※ログインが途切れるか、7日到達すると
1日目から再開されます*
`聖晶石 X 1
11月交換券(2022) X 1
`_2022-11-11 19:38:31_
--------
*517ccfc56e0b068f419634fc871e36b0*
`登陆天数: 209天 / 229天
等级: 1
石头: 235
呼符: 19
体力: 711755.1233333333 / 20
友情点: 0 / 160000`
*連続ログイン6日目
※ログインが途切れるか、7日到達すると
1日目から再開されます*
`聖晶石 X 2
11月交換券(2022) X 1
`_2022-11-11 19:38:40_
--------
*bd62bce1f10a8ea80c682ed6f811ef8f*
`登陆天数: 208天 / 250天
等级: 1
石头: 310
呼符: 27
体力: 711043.4766666667 / 20
友情点: 0 / 136000`
*連続ログイン5日目
※ログインが途切れるか、7日到達すると
1日目から再開されます*
`叡智の業火 X 2
11月交換券(2022) X 1
`_2022-11-11 19:38:48_
--------
