【登录信息】
*3084073a697602a159acb3c9452b4b00*
`登陆天数: 286天 / 1980天
等级: 160
石头: 221
呼符: 17
体力: 72.91333333333333 / 144
友情点: 315 / 1712400`
*連続ログイン6日目
※ログインが途切れるか、7日到達すると
1日目から再開されます*
`聖晶石 X 2
11月交換券(2022) X 1
`_2022-11-13 19:38:30_
--------
*517ccfc56e0b068f419634fc871e36b0*
`登陆天数: 211天 / 231天
等级: 1
石头: 235
呼符: 19
体力: 712331.1166666667 / 20
友情点: 0 / 160000`
*連続ログイン1日目
※ログインが途切れるか、7日到達すると
1日目から再開されます*
`フレンドポイント X 2000
11月交換券(2022) X 1
`_2022-11-13 19:38:38_
--------
*bd62bce1f10a8ea80c682ed6f811ef8f*
`登陆天数: 210天 / 252天
等级: 1
石头: 310
呼符: 27
体力: 711619.4666666667 / 20
友情点: 0 / 136000`
*連続ログイン7日間到達おめでとうございます！
明日は1日目からリスタートされます。*
`獣の足跡 X 1
呼符 X 1
11月交換券(2022) X 1
`_2022-11-13 19:38:46_
--------
