【登录信息】
*3084073a697602a159acb3c9452b4b00*
`登陆天数: 288天 / 1982天
等级: 160
石头: 221
呼符: 18
体力: 79.81 / 144
友情点: 560 / 1716765`
*連続ログイン1日目
※ログインが途切れるか、7日到達すると
1日目から再開されます*
`フレンドポイント X 2000
11月交換券(2022) X 1
`_2022-11-15 19:38:30_
--------
*517ccfc56e0b068f419634fc871e36b0*
`登陆天数: 213天 / 233天
等级: 1
石头: 235
呼符: 19
体力: 712907.12 / 20
友情点: 0 / 160000`
*連続ログイン3日目
※ログインが途切れるか、7日到達すると
1日目から再開されます*
`叡智の業火 X 1
11月交換券(2022) X 1
`_2022-11-15 19:38:39_
--------
*bd62bce1f10a8ea80c682ed6f811ef8f*
`登陆天数: 212天 / 254天
等级: 1
石头: 310
呼符: 27
体力: 712195.4733333334 / 20
友情点: 0 / 136000`
*連続ログイン2日目
※ログインが途切れるか、7日到達すると
1日目から再開されます*
`聖晶石 X 1
11月交換券(2022) X 1
`_2022-11-15 19:38:47_
--------
