【登录信息】
*3084073a697602a159acb3c9452b4b00*
`登陆天数: 289天 / 1983天
等级: 160
石头: 222
呼符: 19
体力: 87.88666666666666 / 144
友情点: 195 / 1719005`
*連続ログイン2日目
※ログインが途切れるか、7日到達すると
1日目から再開されます*
`聖晶石 X 1
11月交換券(2022) X 1
`_2022-11-16 19:38:31_
--------
*517ccfc56e0b068f419634fc871e36b0*
`登陆天数: 214天 / 234天
等级: 1
石头: 235
呼符: 19
体力: 713195.12 / 20
友情点: 0 / 160000`
*連続ログイン4日目
※ログインが途切れるか、7日到達すると
1日目から再開されます*
`聖晶石 X 1
11月交換券(2022) X 1
`_2022-11-16 19:38:40_
--------
*bd62bce1f10a8ea80c682ed6f811ef8f*
`登陆天数: 213天 / 255天
等级: 1
石头: 310
呼符: 27
体力: 712483.4733333334 / 20
友情点: 0 / 136000`
*連続ログイン3日目
※ログインが途切れるか、7日到達すると
1日目から再開されます*
`叡智の業火 X 1
11月交換券(2022) X 1
`_2022-11-16 19:38:48_
--------
