【登录信息】
*3084073a697602a159acb3c9452b4b00*
`登陆天数: 290天 / 1984天
等级: 160
石头: 222
呼符: 9
体力: 92.02333333333334 / 144
友情点: 100 / 1720290`
*連続ログイン3日目
※ログインが途切れるか、7日到達すると
1日目から再開されます*
`叡智の業火 X 1
11月交換券(2022) X 1
`_2022-11-17 19:38:14_
--------
*517ccfc56e0b068f419634fc871e36b0*
`登陆天数: 215天 / 235天
等级: 1
石头: 235
呼符: 19
体力: 713483.0666666667 / 20
友情点: 0 / 160000`
*連続ログイン5日目
※ログインが途切れるか、7日到達すると
1日目から再開されます*
`叡智の業火 X 2
11月交換券(2022) X 1
`_2022-11-17 19:38:24_
--------
*bd62bce1f10a8ea80c682ed6f811ef8f*
`登陆天数: 214天 / 256天
等级: 1
石头: 310
呼符: 27
体力: 712771.42 / 20
友情点: 0 / 136000`
*連続ログイン4日目
※ログインが途切れるか、7日到達すると
1日目から再開されます*
`聖晶石 X 1
11月交換券(2022) X 1
`_2022-11-17 19:38:31_
--------
