【登录信息】
*3084073a697602a159acb3c9452b4b00*
`登陆天数: 292天 / 1986天
等级: 160
石头: 222
呼符: 9
体力: 154.87666666666667 / 144
友情点: 145 / 1721690`
*連続ログイン5日目
※ログインが途切れるか、7日到達すると
1日目から再開されます*
`叡智の業火 X 2
11月交換券(2022) X 1
`_2022-11-19 19:38:22_
--------
*517ccfc56e0b068f419634fc871e36b0*
`登陆天数: 217天 / 237天
等级: 1
石头: 235
呼符: 19
体力: 714059.0933333334 / 20
友情点: 0 / 160000`
*連続ログイン7日間到達おめでとうございます！
明日は1日目からリスタートされます。*
`獣の足跡 X 1
呼符 X 1
11月交換券(2022) X 1
`_2022-11-19 19:38:31_
--------
*bd62bce1f10a8ea80c682ed6f811ef8f*
`登陆天数: 216天 / 258天
等级: 1
石头: 310
呼符: 27
体力: 713347.4466666667 / 20
友情点: 0 / 136000`
*連続ログイン6日目
※ログインが途切れるか、7日到達すると
1日目から再開されます*
`聖晶石 X 2
11月交換券(2022) X 1
`_2022-11-19 19:38:39_
--------
