【登录信息】
*3084073a697602a159acb3c9452b4b00*
`登陆天数: 294天 / 1988天
等级: 160
石头: 225
呼符: 0
体力: 213.70999999999998 / 144
友情点: 210 / 1830445`
*連続ログイン7日間到達おめでとうございます！
明日は1日目からリスタートされます。*
`獣の足跡 X 1
呼符 X 1
11月交換券(2022) X 1
`_2022-11-21 19:38:37_
--------
*517ccfc56e0b068f419634fc871e36b0*
`登陆天数: 219天 / 239天
等级: 1
石头: 235
呼符: 19
体力: 714635.14 / 20
友情点: 0 / 160000`
*連続ログイン2日目
※ログインが途切れるか、7日到達すると
1日目から再開されます*
`聖晶石 X 1
11月交換券(2022) X 1
`_2022-11-21 19:38:45_
--------
*bd62bce1f10a8ea80c682ed6f811ef8f*
`登陆天数: 218天 / 260天
等级: 1
石头: 310
呼符: 27
体力: 713923.4933333333 / 20
友情点: 0 / 136000`
*連続ログイン1日目
※ログインが途切れるか、7日到達すると
1日目から再開されます*
`フレンドポイント X 2000
11月交換券(2022) X 1
`_2022-11-21 19:38:53_
--------
