【登录信息】
*3084073a697602a159acb3c9452b4b00*
`登陆天数: 295天 / 1989天
等级: 160
石头: 225
呼符: 0
体力: 52.78333333333333 / 144
友情点: 400 / 1831705`
*連続ログイン1日目
※ログインが途切れるか、7日到達すると
1日目から再開されます*
`フレンドポイント X 2000
11月交換券(2022) X 1
`_2022-11-22 19:38:21_
--------
*517ccfc56e0b068f419634fc871e36b0*
`登陆天数: 220天 / 240天
等级: 1
石头: 235
呼符: 19
体力: 714923.0866666667 / 20
友情点: 0 / 160000`
*連続ログイン3日目
※ログインが途切れるか、7日到達すると
1日目から再開されます*
`叡智の業火 X 1
11月交換券(2022) X 1
`_2022-11-22 19:38:30_
--------
*bd62bce1f10a8ea80c682ed6f811ef8f*
`登陆天数: 219天 / 261天
等级: 1
石头: 310
呼符: 27
体力: 714211.44 / 20
友情点: 0 / 136000`
*連続ログイン2日目
※ログインが途切れるか、7日到達すると
1日目から再開されます*
`聖晶石 X 1
11月交換券(2022) X 1
`_2022-11-22 19:38:38_
--------
