【登录信息】
*3084073a697602a159acb3c9452b4b00*
`登陆天数: 297天 / 1991天
等级: 160
石头: 229
呼符: 0
体力: 58.93000000000001 / 144
友情点: 60 / 1833375`
*連続ログイン3日目
※ログインが途切れるか、7日到達すると
1日目から再開されます*
`叡智の業火 X 1
11月交換券(2022) X 1
`_2022-11-24 19:37:46_
--------
*517ccfc56e0b068f419634fc871e36b0*
`登陆天数: 222天 / 242天
等级: 1
石头: 298
呼符: 28
体力: 715498.97 / 20
友情点: 0 / 178000`
*連続ログイン5日目
※ログインが途切れるか、7日到達すると
1日目から再開されます*
`叡智の業火 X 2
11月交換券(2022) X 1
`_2022-11-24 19:37:55_
--------
*bd62bce1f10a8ea80c682ed6f811ef8f*
`登陆天数: 221天 / 263天
等级: 1
石头: 73
呼符: 36
体力: 714787.3233333334 / 20
友情点: 0 / 156000`
*連続ログイン4日目
※ログインが途切れるか、7日到達すると
1日目から再開されます*
`聖晶石 X 1
11月交換券(2022) X 1
`_2022-11-24 19:38:03_
--------
