【登录信息】
*3084073a697602a159acb3c9452b4b00*
`登陆天数: 300天 / 1994天
等级: 160
石头: 231
呼符: 1
体力: 204.35666666666668 / 144
友情点: 160 / 2023360`
*連続ログイン6日目
※ログインが途切れるか、7日到達すると
1日目から再開されます*
`聖晶石 X 2
11月交換券(2022) X 1
`_2022-11-27 19:37:36_
--------
*517ccfc56e0b068f419634fc871e36b0*
`登陆天数: 225天 / 245天
等级: 1
石头: 298
呼符: 28
体力: 716362.9366666666 / 20
友情点: 0 / 178000`
*連続ログイン1日目
※ログインが途切れるか、7日到達すると
1日目から再開されます*
`フレンドポイント X 2000
11月交換券(2022) X 1
`_2022-11-27 19:37:45_
--------
*bd62bce1f10a8ea80c682ed6f811ef8f*
`登陆天数: 224天 / 266天
等级: 1
石头: 73
呼符: 36
体力: 715651.29 / 20
友情点: 0 / 156000`
*連続ログイン7日間到達おめでとうございます！
明日は1日目からリスタートされます。*
`獣の足跡 X 1
呼符 X 1
11月交換券(2022) X 1
`_2022-11-27 19:37:53_
--------
