【登录信息】
*3084073a697602a159acb3c9452b4b00*
`登陆天数: 301天 / 1995天
等级: 160
石头: 201
呼符: 0
体力: 42.30666666666667 / 144
友情点: 90 / 4825510`
*連続ログイン7日間到達おめでとうございます！
明日は1日目からリスタートされます。*
`獣の足跡 X 1
呼符 X 1
11月交換券(2022) X 1
`_2022-11-28 19:38:07_
--------
*517ccfc56e0b068f419634fc871e36b0*
`登陆天数: 226天 / 246天
等级: 1
石头: 298
呼符: 28
体力: 716651.04 / 20
友情点: 0 / 178000`
*連続ログイン2日目
※ログインが途切れるか、7日到達すると
1日目から再開されます*
`聖晶石 X 1
11月交換券(2022) X 1
`_2022-11-28 19:38:16_
--------
*bd62bce1f10a8ea80c682ed6f811ef8f*
`登陆天数: 225天 / 267天
等级: 1
石头: 73
呼符: 36
体力: 715939.3933333333 / 20
友情点: 0 / 156000`
*連続ログイン1日目
※ログインが途切れるか、7日到達すると
1日目から再開されます*
`フレンドポイント X 2000
11月交換券(2022) X 1
`_2022-11-28 19:38:23_
--------
