【登录信息】
*3084073a697602a159acb3c9452b4b00*
`登陆天数: 302天 / 1996天
等级: 160
石头: 225
呼符: 1
体力: 79.02666666666667 / 144
友情点: 240 / 4958060`
*連続ログイン1日目
※ログインが途切れるか、7日到達すると
1日目から再開されます*
`フレンドポイント X 2000
11月交換券(2022) X 1
`_2022-11-29 19:37:58_
--------
*517ccfc56e0b068f419634fc871e36b0*
`登陆天数: 227天 / 247天
等级: 1
石头: 298
呼符: 28
体力: 716939.01 / 20
友情点: 0 / 178000`
*連続ログイン3日目
※ログインが途切れるか、7日到達すると
1日目から再開されます*
`叡智の業火 X 1
11月交換券(2022) X 1
`_2022-11-29 19:38:07_
--------
*bd62bce1f10a8ea80c682ed6f811ef8f*
`登陆天数: 226天 / 268天
等级: 1
石头: 73
呼符: 36
体力: 716227.3633333333 / 20
友情点: 0 / 156000`
*連続ログイン2日目
※ログインが途切れるか、7日到達すると
1日目から再開されます*
`聖晶石 X 1
11月交換券(2022) X 1
`_2022-11-29 19:38:15_
--------
