【登录信息】
[3084073a697602a159acb3c9452b4b00]
`登陆天数: 248天 / 1942天
等级: 160
石头: 66
呼符: 10
友情点: 80 / 1485525`
*連続ログイン3日目
※ログインが途切れるか、7日到達すると
1日目から再開されます*
`叡智の業火 X 1
10月交換券(2022) X 1
`_2022-10-06 19:45:20_
--------
[517ccfc56e0b068f419634fc871e36b0]
`登陆天数: 173天 / 193天
等级: 1
石头: 235
呼符: 19
友情点: 0 / 160000`
*連続ログイン5日目
※ログインが途切れるか、7日到達すると
1日目から再開されます*
`叡智の業火 X 2
10月交換券(2022) X 1
`_2022-10-06 19:45:29_
--------
[bd62bce1f10a8ea80c682ed6f811ef8f]
`登陆天数: 172天 / 214天
等级: 1
石头: 310
呼符: 27
友情点: 0 / 136000`
*連続ログイン4日目
※ログインが途切れるか、7日到達すると
1日目から再開されます*
`聖晶石 X 1
10月交換券(2022) X 1
`_2022-10-06 19:45:37_
--------
