【登录信息】
[3084073a697602a159acb3c9452b4b00]
`登陆天数: 249天 / 1943天
等级: 160
石头: 66
呼符: 10
友情点: 20 / 1485765`
*連続ログイン4日目
※ログインが途切れるか、7日到達すると
1日目から再開されます*
`聖晶石 X 1
10月交換券(2022) X 1
`*FGO カルデア・ラジオ局 300回放送記念 初回ログインボーナス*
*開催期間中、初回ログインボーナスをプレゼント！*
`聖晶石 X 10
`_2022-10-07 19:43:37_
--------
[517ccfc56e0b068f419634fc871e36b0]
`登陆天数: 174天 / 194天
等级: 1
石头: 235
呼符: 19
友情点: 0 / 160000`
*連続ログイン6日目
※ログインが途切れるか、7日到達すると
1日目から再開されます*
`聖晶石 X 2
10月交換券(2022) X 1
`_2022-10-07 19:43:46_
--------
[bd62bce1f10a8ea80c682ed6f811ef8f]
`登陆天数: 173天 / 215天
等级: 1
石头: 310
呼符: 27
友情点: 0 / 136000`
*連続ログイン5日目
※ログインが途切れるか、7日到達すると
1日目から再開されます*
`叡智の業火 X 2
10月交換券(2022) X 1
`_2022-10-07 19:43:55_
--------
