【登录信息】
[3084073a697602a159acb3c9452b4b00]
`登陆天数: 250天 / 1944天
等级: 160
石头: 70
呼符: 13
友情点: 40 / 1488410`
*連続ログイン5日目
※ログインが途切れるか、7日到達すると
1日目から再開されます*
`叡智の業火 X 2
10月交換券(2022) X 1
`_2022-10-08 19:41:57_
--------
[517ccfc56e0b068f419634fc871e36b0]
`登陆天数: 175天 / 195天
等级: 1
石头: 235
呼符: 19
友情点: 0 / 160000`
*連続ログイン7日間到達おめでとうございます！
明日は1日目からリスタートされます。*
`獣の足跡 X 1
呼符 X 1
10月交換券(2022) X 1
`_2022-10-08 19:42:07_
--------
[bd62bce1f10a8ea80c682ed6f811ef8f]
`登陆天数: 174天 / 216天
等级: 1
石头: 310
呼符: 27
友情点: 0 / 136000`
*連続ログイン6日目
※ログインが途切れるか、7日到達すると
1日目から再開されます*
`聖晶石 X 2
10月交換券(2022) X 1
`_2022-10-08 19:42:15_
--------
