【登录信息】
[3084073a697602a159acb3c9452b4b00]
`登陆天数: 258天 / 1952天
等级: 160
石头: 123
呼符: 13
友情点: 10 / 1494840`
*連続ログイン6日目
※ログインが途切れるか、7日到達すると
1日目から再開されます*
`聖晶石 X 2
10月交換券(2022) X 1
`*「FGO キャスト＆スタッフトーク in マチ★アソビvol.25」
開催記念 初回ログインボーナス*
*開催期間中、初回ログインで「聖晶石×10」をプレゼント！*
`聖晶石 X 10
`_2022-10-16 19:42:17_
--------
[517ccfc56e0b068f419634fc871e36b0]
`登陆天数: 183天 / 203天
等级: 1
石头: 235
呼符: 19
友情点: 0 / 160000`
*連続ログイン1日目
※ログインが途切れるか、7日到達すると
1日目から再開されます*
`フレンドポイント X 2000
10月交換券(2022) X 1
`_2022-10-16 19:42:26_
--------
[bd62bce1f10a8ea80c682ed6f811ef8f]
`登陆天数: 182天 / 224天
等级: 1
石头: 310
呼符: 27
友情点: 0 / 136000`
*連続ログイン7日間到達おめでとうございます！
明日は1日目からリスタートされます。*
`獣の足跡 X 1
呼符 X 1
10月交換券(2022) X 1
`_2022-10-16 19:42:34_
--------
