【登录信息】
*3084073a697602a159acb3c9452b4b00*
`登陆天数: 334天 / 2028天
等级: 160
石头: 655
呼符: 2
体力: 176.41666666666666 / 144
友情点: 605 / 5151085`
*連続ログイン5日目
※ログインが途切れるか、7日到達すると
1日目から再開されます*
`叡智の業火 X 2
1月交換券(2023) X 1
`*2023年お正月キャンペーン　三が日限定ログインボーナス*
*開催期間中、三が日限定のログインボーナスをプレゼント！*
`伝承結晶 X 1
`_2022-12-31 19:37:24_
--------
*517ccfc56e0b068f419634fc871e36b0*
`登陆天数: 259天 / 279天
等级: 1
石头: 2
呼符: 0
体力: 726154.9 / 20
友情点: 0 / 186000`
*連続ログイン7日間到達おめでとうございます！
明日は1日目からリスタートされます。*
`獣の足跡 X 1
呼符 X 1
1月交換券(2023) X 1
`*2023年お正月キャンペーン　三が日限定ログインボーナス*
*開催期間中、三が日限定のログインボーナスをプレゼント！*
`伝承結晶 X 1
`_2022-12-31 19:37:33_
--------
*bd62bce1f10a8ea80c682ed6f811ef8f*
`登陆天数: 258天 / 300天
等级: 1
石头: 5
呼符: 0
体力: 725443.2533333333 / 20
友情点: 0 / 164000`
*連続ログイン6日目
※ログインが途切れるか、7日到達すると
1日目から再開されます*
`聖晶石 X 2
1月交換券(2023) X 1
`*2023年お正月キャンペーン　三が日限定ログインボーナス*
*開催期間中、三が日限定のログインボーナスをプレゼント！*
`伝承結晶 X 1
`_2022-12-31 19:37:41_
--------
