【登录信息】
*3084073a697602a159acb3c9452b4b00*
`登陆天数: 335天 / 2029天
等级: 160
石头: 675
呼符: 18
体力: 107.00333333333333 / 144
友情点: 295 / 5162455`
*連続ログイン6日目
※ログインが途切れるか、7日到達すると
1日目から再開されます*
`聖晶石 X 2
1月交換券(2023) X 1
`*2023年お正月キャンペーン　三が日限定ログインボーナス*
*開催期間中、三が日限定のログインボーナスをプレゼント！*
`叡智の業火 X 50
`_2023-01-01 19:37:30_
--------
*517ccfc56e0b068f419634fc871e36b0*
`登陆天数: 260天 / 280天
等级: 1
石头: 2
呼符: 0
体力: 726442.9133333333 / 20
友情点: 0 / 186000`
*連続ログイン1日目
※ログインが途切れるか、7日到達すると
1日目から再開されます*
`フレンドポイント X 2000
1月交換券(2023) X 1
`*2023年お正月キャンペーン　三が日限定ログインボーナス*
*開催期間中、三が日限定のログインボーナスをプレゼント！*
`叡智の業火 X 50
`_2023-01-01 19:37:38_
--------
*bd62bce1f10a8ea80c682ed6f811ef8f*
`登陆天数: 259天 / 301天
等级: 1
石头: 5
呼符: 0
体力: 725731.2666666667 / 20
友情点: 0 / 164000`
*連続ログイン7日間到達おめでとうございます！
明日は1日目からリスタートされます。*
`獣の足跡 X 1
呼符 X 1
1月交換券(2023) X 1
`*2023年お正月キャンペーン　三が日限定ログインボーナス*
*開催期間中、三が日限定のログインボーナスをプレゼント！*
`叡智の業火 X 50
`_2023-01-01 19:37:46_
--------
