【登录信息】
*3084073a697602a159acb3c9452b4b00*
`登陆天数: 336天 / 2030天
等级: 160
石头: 675
呼符: 18
体力: 97.97333333333333 / 144
友情点: 145 / 5163625`
*連続ログイン7日間到達おめでとうございます！
明日は1日目からリスタートされます。*
`獣の足跡 X 1
呼符 X 1
1月交換券(2023) X 1
`*2023年お正月キャンペーン　三が日限定ログインボーナス*
*開催期間中、三が日限定のログインボーナスをプレゼント！*
`聖杯 X 1
`_2023-01-02 19:37:29_
--------
*517ccfc56e0b068f419634fc871e36b0*
`登陆天数: 261天 / 281天
等级: 1
石头: 2
呼符: 0
体力: 726730.9133333333 / 20
友情点: 0 / 186000`
*連続ログイン2日目
※ログインが途切れるか、7日到達すると
1日目から再開されます*
`聖晶石 X 1
1月交換券(2023) X 1
`*2023年お正月キャンペーン　三が日限定ログインボーナス*
*開催期間中、三が日限定のログインボーナスをプレゼント！*
`聖杯 X 1
`_2023-01-02 19:37:38_
--------
*bd62bce1f10a8ea80c682ed6f811ef8f*
`登陆天数: 260天 / 302天
等级: 1
石头: 5
呼符: 0
体力: 726019.2666666667 / 20
友情点: 0 / 164000`
*連続ログイン1日目
※ログインが途切れるか、7日到達すると
1日目から再開されます*
`フレンドポイント X 2000
1月交換券(2023) X 1
`*2023年お正月キャンペーン　三が日限定ログインボーナス*
*開催期間中、三が日限定のログインボーナスをプレゼント！*
`聖杯 X 1
`_2023-01-02 19:37:46_
--------
