【登录信息】
*3084073a697602a159acb3c9452b4b00*
`登陆天数: 338天 / 2032天
等级: 160
石头: 680
呼符: 18
体力: 104.94666666666666 / 144
友情点: 325 / 5166750`
*連続ログイン2日目
※ログインが途切れるか、7日到達すると
1日目から再開されます*
`聖晶石 X 1
1月交換券(2023) X 1
`_2023-01-04 19:32:02_
--------
*517ccfc56e0b068f419634fc871e36b0*
`登陆天数: 1天 / 282天
等级: 1
石头: 2
呼符: 0
体力: 727305.8233333334 / 20
友情点: 0 / 186000`
*連続ログイン1日目
※ログインが途切れるか、7日到達すると
1日目から再開されます*
`フレンドポイント X 2000
1月交換券(2023) X 1
`_2023-01-04 19:32:10_
--------
*bd62bce1f10a8ea80c682ed6f811ef8f*
`登陆天数: 1天 / 303天
等级: 1
石头: 5
呼符: 0
体力: 726594.1733333333 / 20
友情点: 0 / 164000`
*連続ログイン1日目
※ログインが途切れるか、7日到達すると
1日目から再開されます*
`フレンドポイント X 2000
1月交換券(2023) X 1
`_2023-01-04 19:32:18_
--------
