【登录信息】
*3084073a697602a159acb3c9452b4b00*
`登陆天数: 339天 / 2033天
等级: 160
石头: 686
呼符: 18
体力: 97.62666666666667 / 144
友情点: 555 / 5169880`
*連続ログイン3日目
※ログインが途切れるか、7日到達すると
1日目から再開されます*
`叡智の業火 X 1
1月交換券(2023) X 1
`_2023-01-05 19:31:36_
--------
*517ccfc56e0b068f419634fc871e36b0*
`登陆天数: 2天 / 283天
等级: 1
石头: 2
呼符: 0
体力: 727593.7333333333 / 20
友情点: 0 / 186000`
*連続ログイン2日目
※ログインが途切れるか、7日到達すると
1日目から再開されます*
`聖晶石 X 1
1月交換券(2023) X 1
`_2023-01-05 19:31:44_
--------
*bd62bce1f10a8ea80c682ed6f811ef8f*
`登陆天数: 2天 / 304天
等级: 1
石头: 5
呼符: 0
体力: 726882.0866666667 / 20
友情点: 0 / 164000`
*連続ログイン2日目
※ログインが途切れるか、7日到達すると
1日目から再開されます*
`聖晶石 X 1
1月交換券(2023) X 1
`_2023-01-05 19:31:52_
--------
