【登录信息】
*3084073a697602a159acb3c9452b4b00*
`登陆天数: 344天 / 2038天
等级: 160
石头: 699
呼符: 16
体力: 157.45666666666668 / 144
友情点: 440 / 5174210`
*連続ログイン1日目
※ログインが途切れるか、7日到達すると
1日目から再開されます*
`フレンドポイント X 2000
1月交換券(2023) X 1
`_2023-01-10 19:31:38_
--------
*517ccfc56e0b068f419634fc871e36b0*
`登陆天数: 1天 / 287天
等级: 1
石头: 2
呼符: 0
体力: 729033.75 / 20
友情点: 0 / 186000`
*連続ログイン1日目
※ログインが途切れるか、7日到達すると
1日目から再開されます*
`フレンドポイント X 2000
1月交換券(2023) X 1
`_2023-01-10 19:31:48_
--------
*bd62bce1f10a8ea80c682ed6f811ef8f*
`登陆天数: 1天 / 308天
等级: 1
石头: 5
呼符: 0
体力: 728322.1 / 20
友情点: 0 / 164000`
*連続ログイン1日目
※ログインが途切れるか、7日到達すると
1日目から再開されます*
`フレンドポイント X 2000
1月交換券(2023) X 1
`_2023-01-10 19:31:56_
--------
