【登录信息】
*3084073a697602a159acb3c9452b4b00*
`登陆天数: 347天 / 2041天
等级: 160
石头: 711
呼符: 16
体力: 196.25333333333333 / 144
友情点: 110 / 5176625`
*連続ログイン4日目
※ログインが途切れるか、7日到達すると
1日目から再開されます*
`聖晶石 X 1
1月交換券(2023) X 1
`*「Lostbelt No.7 黄金樹海紀行 ナウイ・ミクトラン 惑星を統べるもの」(後編)開幕直前連続ログインボーナス*
*開催期間中、1日1回 最大7回 連続ログインボーナスをプレゼント！*
`黄金の果実 X 1
`_2023-01-13 19:31:24_
--------
*517ccfc56e0b068f419634fc871e36b0*
`登陆天数: 4天 / 290天
等级: 1
石头: 2
呼符: 0
体力: 729897.7 / 20
友情点: 0 / 186000`
*連続ログイン4日目
※ログインが途切れるか、7日到達すると
1日目から再開されます*
`聖晶石 X 1
1月交換券(2023) X 1
`_2023-01-13 19:31:34_
--------
*bd62bce1f10a8ea80c682ed6f811ef8f*
`登陆天数: 4天 / 311天
等级: 1
石头: 5
呼符: 0
体力: 729186.0533333333 / 20
友情点: 0 / 164000`
*連続ログイン4日目
※ログインが途切れるか、7日到達すると
1日目から再開されます*
`聖晶石 X 1
1月交換券(2023) X 1
`_2023-01-13 19:31:42_
--------
