【登录信息】
*3084073a697602a159acb3c9452b4b00*
`登陆天数: 348天 / 2042天
等级: 160
石头: 711
呼符: 16
体力: 484.31666666666666 / 144
友情点: 270 / 5176895`
*連続ログイン5日目
※ログインが途切れるか、7日到達すると
1日目から再開されます*
`叡智の業火 X 2
1月交換券(2023) X 1
`*「Lostbelt No.7 黄金樹海紀行 ナウイ・ミクトラン 惑星を統べるもの」(後編)開幕直前連続ログインボーナス*
*開催期間中、1日1回 最大7回 連続ログインボーナスをプレゼント！*
`聖晶石 X 3
`_2023-01-14 19:31:44_
--------
*517ccfc56e0b068f419634fc871e36b0*
`登陆天数: 5天 / 291天
等级: 1
石头: 2
呼符: 0
体力: 730185.7633333333 / 20
友情点: 0 / 186000`
*連続ログイン5日目
※ログインが途切れるか、7日到達すると
1日目から再開されます*
`叡智の業火 X 2
1月交換券(2023) X 1
`_2023-01-14 19:31:53_
--------
*bd62bce1f10a8ea80c682ed6f811ef8f*
`登陆天数: 5天 / 312天
等级: 1
石头: 5
呼符: 0
体力: 729474.1166666667 / 20
友情点: 0 / 164000`
*連続ログイン5日目
※ログインが途切れるか、7日到達すると
1日目から再開されます*
`叡智の業火 X 2
1月交換券(2023) X 1
`_2023-01-14 19:32:00_
--------
