【登录信息】
*3084073a697602a159acb3c9452b4b00*
`登陆天数: 350天 / 2044天
等级: 160
石头: 711
呼符: 16
体力: 1060.3366666666666 / 144
友情点: 160 / 5177240`
*連続ログイン7日間到達おめでとうございます！
明日は1日目からリスタートされます。*
`獣の足跡 X 1
呼符 X 1
1月交換券(2023) X 1
`*「Lostbelt No.7 黄金樹海紀行 ナウイ・ミクトラン 惑星を統べるもの」(後編)開幕直前連続ログインボーナス*
*開催期間中、1日1回 最大7回 連続ログインボーナスをプレゼント！*
`黄金の果実 X 3
`_2023-01-16 19:31:50_
--------
*517ccfc56e0b068f419634fc871e36b0*
`登陆天数: 7天 / 293天
等级: 1
石头: 2
呼符: 0
体力: 730761.7833333333 / 20
友情点: 0 / 186000`
*連続ログイン7日間到達おめでとうございます！
明日は1日目からリスタートされます。*
`獣の足跡 X 1
呼符 X 1
1月交換券(2023) X 1
`_2023-01-16 19:31:59_
--------
*bd62bce1f10a8ea80c682ed6f811ef8f*
`登陆天数: 7天 / 314天
等级: 1
石头: 5
呼符: 0
体力: 730050.1366666667 / 20
友情点: 0 / 164000`
*連続ログイン7日間到達おめでとうございます！
明日は1日目からリスタートされます。*
`獣の足跡 X 1
呼符 X 1
1月交換券(2023) X 1
`_2023-01-16 19:32:07_
--------
