【登录信息】
*3084073a697602a159acb3c9452b4b00*
`登陆天数: 352天 / 2046天
等级: 160
石头: 711
呼符: 6
体力: 1636.2966666666666 / 144
友情点: 25 / 5177480`
*連続ログイン2日目
※ログインが途切れるか、7日到達すると
1日目から再開されます*
`聖晶石 X 1
1月交換券(2023) X 1
`_2023-01-18 19:31:37_
--------
*517ccfc56e0b068f419634fc871e36b0*
`登陆天数: 9天 / 295天
等级: 1
石头: 2
呼符: 0
体力: 731337.7433333333 / 20
友情点: 0 / 186000`
*連続ログイン2日目
※ログインが途切れるか、7日到達すると
1日目から再開されます*
`聖晶石 X 1
1月交換券(2023) X 1
`_2023-01-18 19:31:47_
--------
*bd62bce1f10a8ea80c682ed6f811ef8f*
`登陆天数: 9天 / 316天
等级: 1
石头: 5
呼符: 0
体力: 730626.0966666667 / 20
友情点: 0 / 164000`
*連続ログイン2日目
※ログインが途切れるか、7日到達すると
1日目から再開されます*
`聖晶石 X 1
1月交換券(2023) X 1
`_2023-01-18 19:31:54_
--------
