【登录信息】
*3084073a697602a159acb3c9452b4b00*
`登陆天数: 353天 / 2047天
等级: 160
石头: 772
呼符: 7
体力: 135.46666666666667 / 144
友情点: 100 / 5182105`
*連続ログイン3日目
※ログインが途切れるか、7日到達すると
1日目から再開されます*
`叡智の業火 X 1
1月交換券(2023) X 1
`_2023-01-19 19:31:38_
--------
*517ccfc56e0b068f419634fc871e36b0*
`登陆天数: 10天 / 296天
等级: 1
石头: 2
呼符: 0
体力: 731625.7466666667 / 20
友情点: 0 / 186000`
*連続ログイン3日目
※ログインが途切れるか、7日到達すると
1日目から再開されます*
`叡智の業火 X 1
1月交換券(2023) X 1
`_2023-01-19 19:31:48_
--------
*bd62bce1f10a8ea80c682ed6f811ef8f*
`登陆天数: 10天 / 317天
等级: 1
石头: 5
呼符: 0
体力: 730914.1 / 20
友情点: 0 / 164000`
*連続ログイン3日目
※ログインが途切れるか、7日到達すると
1日目から再開されます*
`叡智の業火 X 1
1月交換券(2023) X 1
`_2023-01-19 19:31:56_
--------
