【登录信息】
*3084073a697602a159acb3c9452b4b00*
`登陆天数: 355天 / 2049天
等级: 160
石头: 772
呼符: 7
体力: 475.0833333333333 / 144
友情点: 135 / 5182615`
*連続ログイン5日目
※ログインが途切れるか、7日到達すると
1日目から再開されます*
`叡智の業火 X 2
1月交換券(2023) X 1
`_2023-01-21 19:31:30_
--------
*517ccfc56e0b068f419634fc871e36b0*
`登陆天数: 12天 / 298天
等级: 1
石头: 2
呼符: 0
体力: 732201.7166666667 / 20
友情点: 0 / 186000`
*連続ログイン5日目
※ログインが途切れるか、7日到達すると
1日目から再開されます*
`叡智の業火 X 2
1月交換券(2023) X 1
`_2023-01-21 19:31:39_
--------
*bd62bce1f10a8ea80c682ed6f811ef8f*
`登陆天数: 12天 / 319天
等级: 1
石头: 5
呼符: 0
体力: 731490.07 / 20
友情点: 0 / 164000`
*連続ログイン5日目
※ログインが途切れるか、7日到達すると
1日目から再開されます*
`叡智の業火 X 2
1月交換券(2023) X 1
`_2023-01-21 19:31:47_
--------
