【登录信息】
*3084073a697602a159acb3c9452b4b00*
`登陆天数: 356天 / 2050天
等级: 160
石头: 772
呼符: 7
体力: 763.1 / 144
友情点: 50 / 5182665`
*連続ログイン6日目
※ログインが途切れるか、7日到達すると
1日目から再開されます*
`聖晶石 X 2
1月交換券(2023) X 1
`_2023-01-22 19:31:34_
--------
*517ccfc56e0b068f419634fc871e36b0*
`登陆天数: 13天 / 299天
等级: 1
石头: 2
呼符: 0
体力: 732489.7333333333 / 20
友情点: 0 / 186000`
*連続ログイン6日目
※ログインが途切れるか、7日到達すると
1日目から再開されます*
`聖晶石 X 2
1月交換券(2023) X 1
`_2023-01-22 19:31:44_
--------
*bd62bce1f10a8ea80c682ed6f811ef8f*
`登陆天数: 13天 / 320天
等级: 1
石头: 5
呼符: 0
体力: 731778.0866666667 / 20
友情点: 0 / 164000`
*連続ログイン6日目
※ログインが途切れるか、7日到達すると
1日目から再開されます*
`聖晶石 X 2
1月交換券(2023) X 1
`_2023-01-22 19:31:52_
--------
