【登录信息】
*3084073a697602a159acb3c9452b4b00*
`登陆天数: 357天 / 2051天
等级: 160
石头: 805
呼符: 7
体力: 90.63333333333333 / 144
友情点: 25 / 5182890`
*連続ログイン7日間到達おめでとうございます！
明日は1日目からリスタートされます。*
`獣の足跡 X 1
呼符 X 1
1月交換券(2023) X 1
`_2023-01-23 19:31:50_
--------
*517ccfc56e0b068f419634fc871e36b0*
`登陆天数: 14天 / 300天
等级: 1
石头: 2
呼符: 0
体力: 732777.7833333333 / 20
友情点: 0 / 186000`
*連続ログイン7日間到達おめでとうございます！
明日は1日目からリスタートされます。*
`獣の足跡 X 1
呼符 X 1
1月交換券(2023) X 1
`_2023-01-23 19:31:59_
--------
*bd62bce1f10a8ea80c682ed6f811ef8f*
`登陆天数: 14天 / 321天
等级: 1
石头: 5
呼符: 0
体力: 732066.1366666667 / 20
友情点: 0 / 164000`
*連続ログイン7日間到達おめでとうございます！
明日は1日目からリスタートされます。*
`獣の足跡 X 1
呼符 X 1
1月交換券(2023) X 1
`_2023-01-23 19:32:07_
--------
