【登录信息】
*3084073a697602a159acb3c9452b4b00*
`登陆天数: 358天 / 2052天
等级: 160
石头: 805
呼符: 7
体力: 378.5866666666667 / 144
友情点: 75 / 5182965`
*連続ログイン1日目
※ログインが途切れるか、7日到達すると
1日目から再開されます*
`フレンドポイント X 2000
1月交換券(2023) X 1
`_2023-01-24 19:31:36_
--------
*517ccfc56e0b068f419634fc871e36b0*
`登陆天数: 15天 / 301天
等级: 1
石头: 2
呼符: 0
体力: 733065.7366666667 / 20
友情点: 0 / 186000`
*連続ログイン1日目
※ログインが途切れるか、7日到達すると
1日目から再開されます*
`フレンドポイント X 2000
1月交換券(2023) X 1
`_2023-01-24 19:31:45_
--------
*bd62bce1f10a8ea80c682ed6f811ef8f*
`登陆天数: 15天 / 322天
等级: 1
石头: 5
呼符: 0
体力: 732354.09 / 20
友情点: 0 / 164000`
*連続ログイン1日目
※ログインが途切れるか、7日到達すると
1日目から再開されます*
`フレンドポイント X 2000
1月交換券(2023) X 1
`_2023-01-24 19:31:53_
--------
