【登录信息】
*3084073a697602a159acb3c9452b4b00*
`登陆天数: 360天 / 2054天
等级: 160
石头: 809
呼符: 8
体力: 81.25666666666666 / 144
友情点: 80 / 5187240`
*連続ログイン3日目
※ログインが途切れるか、7日到達すると
1日目から再開されます*
`叡智の業火 X 1
1月交換券(2023) X 1
`_2023-01-26 19:31:28_
--------
*517ccfc56e0b068f419634fc871e36b0*
`登陆天数: 17天 / 303天
等级: 1
石头: 2
呼符: 0
体力: 733641.71 / 20
友情点: 0 / 186000`
*連続ログイン3日目
※ログインが途切れるか、7日到達すると
1日目から再開されます*
`叡智の業火 X 1
1月交換券(2023) X 1
`_2023-01-26 19:31:37_
--------
*bd62bce1f10a8ea80c682ed6f811ef8f*
`登陆天数: 17天 / 324天
等级: 1
石头: 5
呼符: 0
体力: 732930.0633333334 / 20
友情点: 0 / 164000`
*連続ログイン3日目
※ログインが途切れるか、7日到達すると
1日目から再開されます*
`叡智の業火 X 1
1月交換券(2023) X 1
`_2023-01-26 19:31:45_
--------
