【登录信息】
*3084073a697602a159acb3c9452b4b00*
`登陆天数: 361天 / 2055天
等级: 160
石头: 809
呼符: 8
体力: 284.5866666666667 / 144
友情点: 295 / 5187810`
*連続ログイン4日目
※ログインが途切れるか、7日到達すると
1日目から再開されます*
`聖晶石 X 1
1月交換券(2023) X 1
`_2023-01-27 19:31:49_
--------
*517ccfc56e0b068f419634fc871e36b0*
`登陆天数: 18天 / 304天
等级: 1
石头: 2
呼符: 0
体力: 733929.78 / 20
友情点: 0 / 186000`
*連続ログイン4日目
※ログインが途切れるか、7日到達すると
1日目から再開されます*
`聖晶石 X 1
1月交換券(2023) X 1
`_2023-01-27 19:31:58_
--------
*bd62bce1f10a8ea80c682ed6f811ef8f*
`登陆天数: 18天 / 325天
等级: 1
石头: 5
呼符: 0
体力: 733218.1333333333 / 20
友情点: 0 / 164000`
*連続ログイン4日目
※ログインが途切れるか、7日到達すると
1日目から再開されます*
`聖晶石 X 1
1月交換券(2023) X 1
`_2023-01-27 19:32:06_
--------
