【登录信息】
*3084073a697602a159acb3c9452b4b00*
`登陆天数: 362天 / 2056天
等级: 160
石头: 810
呼符: 8
体力: 96.97333333333333 / 144
友情点: 20 / 5188170`
*連続ログイン5日目
※ログインが途切れるか、7日到達すると
1日目から再開されます*
`叡智の業火 X 2
1月交換券(2023) X 1
`_2023-01-28 19:31:36_
--------
*517ccfc56e0b068f419634fc871e36b0*
`登陆天数: 19天 / 305天
等级: 1
石头: 2
呼符: 0
体力: 734217.7366666667 / 20
友情点: 0 / 186000`
*連続ログイン5日目
※ログインが途切れるか、7日到達すると
1日目から再開されます*
`叡智の業火 X 2
1月交換券(2023) X 1
`_2023-01-28 19:31:44_
--------
*bd62bce1f10a8ea80c682ed6f811ef8f*
`登陆天数: 19天 / 326天
等级: 1
石头: 5
呼符: 0
体力: 733506.09 / 20
友情点: 0 / 164000`
*連続ログイン5日目
※ログインが途切れるか、7日到達すると
1日目から再開されます*
`叡智の業火 X 2
1月交換券(2023) X 1
`_2023-01-28 19:31:52_
--------
