【登录信息】
*3084073a697602a159acb3c9452b4b00*
`登陆天数: 364天 / 2058天
等级: 160
石头: 810
呼符: 8
体力: 393.4666666666667 / 144
友情点: 115 / 5188565`
*連続ログイン7日間到達おめでとうございます！
明日は1日目からリスタートされます。*
`獣の足跡 X 1
呼符 X 1
1月交換券(2023) X 1
`_2023-01-30 19:31:44_
--------
*517ccfc56e0b068f419634fc871e36b0*
`登陆天数: 21天 / 307天
等级: 1
石头: 2
呼符: 0
体力: 734793.7633333333 / 20
友情点: 0 / 186000`
*連続ログイン7日間到達おめでとうございます！
明日は1日目からリスタートされます。*
`獣の足跡 X 1
呼符 X 1
1月交換券(2023) X 1
`_2023-01-30 19:31:53_
--------
*bd62bce1f10a8ea80c682ed6f811ef8f*
`登陆天数: 21天 / 328天
等级: 1
石头: 5
呼符: 0
体力: 734082.1166666667 / 20
友情点: 0 / 164000`
*連続ログイン7日間到達おめでとうございます！
明日は1日目からリスタートされます。*
`獣の足跡 X 1
呼符 X 1
1月交換券(2023) X 1
`_2023-01-30 19:32:01_
--------
