【登录信息】
*3084073a697602a159acb3c9452b4b00*
`登陆天数: 393天 / 2087天
等级: 160
石头: 578
呼符: 1
体力: 41.623333333333335 / 144
友情点: 90 / 5233325`
*連続ログイン1日目
※ログインが途切れるか、7日到達すると
1日目から再開されます*
`フレンドポイント X 2000
3月交換券(2023) X 1
`_2023-02-28 19:31:50_
--------
*517ccfc56e0b068f419634fc871e36b0*
`登陆天数: 24天 / 335天
等级: 1
石头: 2
呼符: 0
体力: 743145.7833333333 / 20
友情点: 0 / 186000`
*連続ログイン3日目
※ログインが途切れるか、7日到達すると
1日目から再開されます*
`叡智の業火 X 1
3月交換券(2023) X 1
`_2023-02-28 19:31:58_
--------
*bd62bce1f10a8ea80c682ed6f811ef8f*
`登陆天数: 24天 / 356天
等级: 1
石头: 5
呼符: 0
体力: 742434.1366666667 / 20
友情点: 0 / 164000`
*連続ログイン3日目
※ログインが途切れるか、7日到達すると
1日目から再開されます*
`叡智の業火 X 1
3月交換券(2023) X 1
`_2023-02-28 19:32:06_
--------
