【登录信息】
*3084073a697602a159acb3c9452b4b00*
`登陆天数: 394天 / 2088天
等级: 160
石头: 572
呼符: 0
体力: 84.16 / 144
友情点: 270 / 5236725`
*連続ログイン2日目
※ログインが途切れるか、7日到達すると
1日目から再開されます*
`聖晶石 X 1
3月交換券(2023) X 1
`_2023-03-01 19:31:43_
--------
*517ccfc56e0b068f419634fc871e36b0*
`登陆天数: 25天 / 336天
等级: 1
石头: 2
呼符: 0
体力: 743433.7633333333 / 20
友情点: 0 / 186000`
*連続ログイン4日目
※ログインが途切れるか、7日到達すると
1日目から再開されます*
`聖晶石 X 1
3月交換券(2023) X 1
`_2023-03-01 19:31:52_
--------
*bd62bce1f10a8ea80c682ed6f811ef8f*
`登陆天数: 25天 / 357天
等级: 1
石头: 5
呼符: 0
体力: 742722.1133333333 / 20
友情点: 0 / 164000`
*連続ログイン4日目
※ログインが途切れるか、7日到達すると
1日目から再開されます*
`聖晶石 X 1
3月交換券(2023) X 1
`_2023-03-01 19:32:00_
--------
