【登录信息】
*3084073a697602a159acb3c9452b4b00*
`登陆天数: 396天 / 2090天
等级: 160
石头: 576
呼符: 5
体力: 56.873333333333335 / 144
友情点: 260 / 5240805`
*連続ログイン4日目
※ログインが途切れるか、7日到達すると
1日目から再開されます*
`聖晶石 X 1
3月交換券(2023) X 1
`_2023-03-03 19:31:39_
--------
*517ccfc56e0b068f419634fc871e36b0*
`登陆天数: 27天 / 338天
等级: 1
石头: 2
呼符: 0
体力: 744009.75 / 20
友情点: 0 / 186000`
*連続ログイン6日目
※ログインが途切れるか、7日到達すると
1日目から再開されます*
`聖晶石 X 2
3月交換券(2023) X 1
`_2023-03-03 19:31:49_
--------
*bd62bce1f10a8ea80c682ed6f811ef8f*
`登陆天数: 27天 / 359天
等级: 1
石头: 5
呼符: 0
体力: 743298.1033333334 / 20
友情点: 0 / 164000`
*連続ログイン6日目
※ログインが途切れるか、7日到達すると
1日目から再開されます*
`聖晶石 X 2
3月交換券(2023) X 1
`_2023-03-03 19:31:57_
--------
