【登录信息】
*3084073a697602a159acb3c9452b4b00*
`登陆天数: 397天 / 2091天
等级: 160
石头: 577
呼符: 5
体力: 50.879999999999995 / 144
友情点: 75 / 5241435`
*連続ログイン5日目
※ログインが途切れるか、7日到達すると
1日目から再開されます*
`叡智の業火 X 2
3月交換券(2023) X 1
`_2023-03-04 19:31:21_
--------
*517ccfc56e0b068f419634fc871e36b0*
`登陆天数: 28天 / 339天
等级: 1
石头: 2
呼符: 0
体力: 744297.69 / 20
友情点: 0 / 186000`
*連続ログイン7日間到達おめでとうございます！
明日は1日目からリスタートされます。*
`獣の足跡 X 1
呼符 X 1
3月交換券(2023) X 1
`_2023-03-04 19:31:30_
--------
*bd62bce1f10a8ea80c682ed6f811ef8f*
`登陆天数: 28天 / 360天
等级: 1
石头: 5
呼符: 0
体力: 743586.0433333333 / 20
友情点: 0 / 164000`
*連続ログイン7日間到達おめでとうございます！
明日は1日目からリスタートされます。*
`獣の足跡 X 1
呼符 X 1
3月交換券(2023) X 1
`_2023-03-04 19:31:38_
--------
