【登录信息】
*3084073a697602a159acb3c9452b4b00*
`登陆天数: 398天 / 2092天
等级: 160
石头: 562
呼符: 0
体力: 55.74666666666667 / 144
友情点: 145 / 5242145`
*連続ログイン6日目
※ログインが途切れるか、7日到達すると
1日目から再開されます*
`聖晶石 X 2
3月交換券(2023) X 1
`_2023-03-05 19:31:41_
--------
*517ccfc56e0b068f419634fc871e36b0*
`登陆天数: 29天 / 340天
等级: 1
石头: 2
呼符: 0
体力: 744585.7533333333 / 20
友情点: 0 / 186000`
*連続ログイン1日目
※ログインが途切れるか、7日到達すると
1日目から再開されます*
`フレンドポイント X 2000
3月交換券(2023) X 1
`_2023-03-05 19:31:50_
--------
*bd62bce1f10a8ea80c682ed6f811ef8f*
`登陆天数: 29天 / 361天
等级: 1
石头: 5
呼符: 0
体力: 743874.1066666667 / 20
友情点: 0 / 164000`
*連続ログイン1日目
※ログインが途切れるか、7日到達すると
1日目から再開されます*
`フレンドポイント X 2000
3月交換券(2023) X 1
`_2023-03-05 19:31:57_
--------
