【登录信息】
*3084073a697602a159acb3c9452b4b00*
`登陆天数: 68天 / 2559天
等级: 162
石头: 27
呼符: 0
体力: 503.2966666666667 / 144
友情点: 160 / 7314050`
*連続ログイン5日目
※ログインが途切れるか、7日到達すると
1日目から再開されます*
`叡智の業火 X 2
9月交換券(2024) X 1
`*奏章Ⅲ 新霊長後継戦 アーキタイプ・インセプション 開幕記念 ログインボーナス*
*開催期間中、1日1回 最大78回 ログインボーナスをプレゼント！*
`黄金の果実 X 1
`_2024-09-04 19:36:54_
--------
*517ccfc56e0b068f419634fc871e36b0*
`登陆天数: 2天 / 750天
等级: 1
石头: 2
呼符: 0
体力: 902698.8033333333 / 20
友情点: 0 / 186000`
*連続ログイン2日目
※ログインが途切れるか、7日到達すると
1日目から再開されます*
`聖晶石 X 1
9月交換券(2024) X 1
`_2024-09-04 19:37:04_
--------
*bd62bce1f10a8ea80c682ed6f811ef8f*
`登陆天数: 2天 / 771天
等级: 1
石头: 5
呼符: 0
体力: 901987.1533333333 / 20
友情点: 0 / 164000`
*連続ログイン2日目
※ログインが途切れるか、7日到達すると
1日目から再開されます*
`聖晶石 X 1
9月交換券(2024) X 1
`_2024-09-04 19:37:12_
--------
