【登录信息】
*3084073a697602a159acb3c9452b4b00*
`登陆天数: 69天 / 2560天
等级: 162
石头: 27
呼符: 0
体力: 791.2333333333333 / 144
友情点: 850 / 7315300`
*連続ログイン6日目
※ログインが途切れるか、7日到達すると
1日目から再開されます*
`聖晶石 X 2
9月交換券(2024) X 1
`*「奏章Ⅲ 新霊長後継戦 アーキタイプ・インセプション」(中編)開幕直前カウントダウンログインボーナス*
*開催期間中、1日1回 6日間日替わりでログインボーナスをプレゼント！*
`黄金の果実 X 3
`_2024-09-05 19:36:35_
--------
*517ccfc56e0b068f419634fc871e36b0*
`登陆天数: 3天 / 751天
等级: 1
石头: 2
呼符: 0
体力: 902986.74 / 20
友情点: 0 / 186000`
*連続ログイン3日目
※ログインが途切れるか、7日到達すると
1日目から再開されます*
`叡智の業火 X 1
9月交換券(2024) X 1
`_2024-09-05 19:36:46_
--------
*bd62bce1f10a8ea80c682ed6f811ef8f*
`登陆天数: 3天 / 772天
等级: 1
石头: 5
呼符: 0
体力: 902275.0933333334 / 20
友情点: 0 / 164000`
*連続ログイン3日目
※ログインが途切れるか、7日到達すると
1日目から再開されます*
`叡智の業火 X 1
9月交換券(2024) X 1
`_2024-09-05 19:36:54_
--------
