【登录信息】
*3084073a697602a159acb3c9452b4b00*
`登陆天数: 70天 / 2561天
等级: 162
石头: 27
呼符: 0
体力: 1079.4466666666667 / 144
友情点: 950 / 7316700`
*連続ログイン7日間到達おめでとうございます！
明日は1日目からリスタートされます。*
`獣の足跡 X 1
呼符 X 1
9月交換券(2024) X 1
`*「奏章Ⅲ 新霊長後継戦 アーキタイプ・インセプション」(中編)開幕直前カウントダウンログインボーナス*
*開催期間中、1日1回 6日間日替わりでログインボーナスをプレゼント！*
`叡智の業火 X 10
`_2024-09-06 19:37:39_
--------
*517ccfc56e0b068f419634fc871e36b0*
`登陆天数: 4天 / 752天
等级: 1
石头: 2
呼符: 0
体力: 903274.95 / 20
友情点: 0 / 186000`
*連続ログイン4日目
※ログインが途切れるか、7日到達すると
1日目から再開されます*
`聖晶石 X 1
9月交換券(2024) X 1
`_2024-09-06 19:37:49_
--------
*bd62bce1f10a8ea80c682ed6f811ef8f*
`登陆天数: 4天 / 773天
等级: 1
石头: 5
呼符: 0
体力: 902563.3033333333 / 20
友情点: 0 / 164000`
*連続ログイン4日目
※ログインが途切れるか、7日到達すると
1日目から再開されます*
`聖晶石 X 1
9月交換券(2024) X 1
`_2024-09-06 19:37:57_
--------
