【登录信息】
*3084073a697602a159acb3c9452b4b00*
`登陆天数: 72天 / 2563天
等级: 162
石头: 18
呼符: 0
体力: 1655.2466666666667 / 144
友情点: 600 / 7320930`
*連続ログイン2日目
※ログインが途切れるか、7日到達すると
1日目から再開されます*
`聖晶石 X 1
9月交換券(2024) X 1
`*「奏章Ⅲ 新霊長後継戦 アーキタイプ・インセプション」(中編)開幕直前カウントダウンログインボーナス*
*開催期間中、1日1回 6日間日替わりでログインボーナスをプレゼント！*
`英霊結晶・星のフォウくん X 10
`_2024-09-08 19:36:39_
--------
*517ccfc56e0b068f419634fc871e36b0*
`登陆天数: 6天 / 754天
等级: 1
石头: 2
呼符: 0
体力: 903850.7566666667 / 20
友情点: 0 / 186000`
*連続ログイン6日目
※ログインが途切れるか、7日到達すると
1日目から再開されます*
`聖晶石 X 2
9月交換券(2024) X 1
`_2024-09-08 19:36:50_
--------
*bd62bce1f10a8ea80c682ed6f811ef8f*
`登陆天数: 6天 / 775天
等级: 1
石头: 5
呼符: 0
体力: 903139.11 / 20
友情点: 0 / 164000`
*連続ログイン6日目
※ログインが途切れるか、7日到達すると
1日目から再開されます*
`聖晶石 X 2
9月交換券(2024) X 1
`_2024-09-08 19:36:58_
--------
