【登录信息】
*3084073a697602a159acb3c9452b4b00*
`登陆天数: 75天 / 2566天
等级: 162
石头: 18
呼符: 0
体力: 2519.47 / 144
友情点: 1430 / 7327260`
*連続ログイン5日目
※ログインが途切れるか、7日到達すると
1日目から再開されます*
`叡智の業火 X 2
9月交換券(2024) X 1
`*奏章Ⅲ 新霊長後継戦 アーキタイプ・インセプション 開幕記念 ログインボーナス*
*開催期間中、1日1回 最大78回 ログインボーナスをプレゼント！*
`黄金の果実 X 1
`_2024-09-11 19:37:46_
--------
*517ccfc56e0b068f419634fc871e36b0*
`登陆天数: 9天 / 757天
等级: 1
石头: 2
呼符: 0
体力: 904714.9766666667 / 20
友情点: 0 / 186000`
*連続ログイン2日目
※ログインが途切れるか、7日到達すると
1日目から再開されます*
`聖晶石 X 1
9月交換券(2024) X 1
`_2024-09-11 19:37:57_
--------
*bd62bce1f10a8ea80c682ed6f811ef8f*
`登陆天数: 9天 / 778天
等级: 1
石头: 5
呼符: 0
体力: 904003.33 / 20
友情点: 0 / 164000`
*連続ログイン2日目
※ログインが途切れるか、7日到達すると
1日目から再開されます*
`聖晶石 X 1
9月交換券(2024) X 1
`_2024-09-11 19:38:04_
--------
