【登录信息】
*3084073a697602a159acb3c9452b4b00*
`登陆天数: 77天 / 2568天
等级: 162
石头: 18
呼符: 0
体力: 237.54666666666668 / 144
友情点: 1130 / 7335840`
*連続ログイン7日間到達おめでとうございます！
明日は1日目からリスタートされます。*
`獣の足跡 X 1
呼符 X 1
9月交換券(2024) X 1
`*奏章Ⅲ 新霊長後継戦 アーキタイプ・インセプション 開幕記念 ログインボーナス*
*開催期間中、1日1回 最大78回 ログインボーナスをプレゼント！*
`白銀の果実 X 1
`_2024-09-13 19:37:01_
--------
*517ccfc56e0b068f419634fc871e36b0*
`登陆天数: 11天 / 759天
等级: 1
石头: 2
呼符: 0
体力: 905290.8266666667 / 20
友情点: 0 / 186000`
*連続ログイン4日目
※ログインが途切れるか、7日到達すると
1日目から再開されます*
`聖晶石 X 1
9月交換券(2024) X 1
`_2024-09-13 19:37:11_
--------
*bd62bce1f10a8ea80c682ed6f811ef8f*
`登陆天数: 11天 / 780天
等级: 1
石头: 5
呼符: 0
体力: 904579.18 / 20
友情点: 0 / 164000`
*連続ログイン4日目
※ログインが途切れるか、7日到達すると
1日目から再開されます*
`聖晶石 X 1
9月交換券(2024) X 1
`_2024-09-13 19:37:19_
--------
