【登录信息】
*3084073a697602a159acb3c9452b4b00*
`登陆天数: 78天 / 2569天
等级: 162
石头: 18
呼符: 0
体力: 525.5166666666667 / 144
友情点: 1690 / 7339330`
*連続ログイン1日目
※ログインが途切れるか、7日到達すると
1日目から再開されます*
`フレンドポイント X 2000
9月交換券(2024) X 1
`*奏章Ⅲ 新霊長後継戦 アーキタイプ・インセプション 開幕記念 ログインボーナス*
*開催期間中、1日1回 最大78回 ログインボーナスをプレゼント！*
`白銀の果実 X 1
`_2024-09-14 19:36:51_
--------
*517ccfc56e0b068f419634fc871e36b0*
`登陆天数: 12天 / 760天
等级: 1
石头: 2
呼符: 0
体力: 905578.7933333333 / 20
友情点: 0 / 186000`
*連続ログイン5日目
※ログインが途切れるか、7日到達すると
1日目から再開されます*
`叡智の業火 X 2
9月交換券(2024) X 1
`_2024-09-14 19:37:01_
--------
*bd62bce1f10a8ea80c682ed6f811ef8f*
`登陆天数: 12天 / 781天
等级: 1
石头: 5
呼符: 0
体力: 904867.1433333333 / 20
友情点: 0 / 164000`
*連続ログイン5日目
※ログインが途切れるか、7日到達すると
1日目から再開されます*
`叡智の業火 X 2
9月交換券(2024) X 1
`_2024-09-14 19:37:09_
--------
