【登录信息】
*3084073a697602a159acb3c9452b4b00*
`登陆天数: 81天 / 2572天
等级: 162
石头: 18
呼符: 0
体力: 221.78 / 144
友情点: 300 / 7349190`
*連続ログイン4日目
※ログインが途切れるか、7日到達すると
1日目から再開されます*
`聖晶石 X 1
9月交換券(2024) X 1
`*「奏章Ⅲ 新霊長後継戦 アーキタイプ・インセプション」(後編)
開幕直前&攻略応援特別ログインボーナス*
*開催期間中、1日1回 最大8回 ログインボーナスをプレゼント！*
`黄金の果実 X 2
`_2024-09-17 19:38:25_
--------
*517ccfc56e0b068f419634fc871e36b0*
`登陆天数: 15天 / 763天
等级: 1
石头: 2
呼符: 0
体力: 906443.1033333334 / 20
友情点: 0 / 186000`
*連続ログイン1日目
※ログインが途切れるか、7日到達すると
1日目から再開されます*
`フレンドポイント X 2000
9月交換券(2024) X 1
`_2024-09-17 19:38:34_
--------
*bd62bce1f10a8ea80c682ed6f811ef8f*
`登陆天数: 15天 / 784天
等级: 1
石头: 5
呼符: 0
体力: 905731.4533333334 / 20
友情点: 0 / 164000`
*連続ログイン1日目
※ログインが途切れるか、7日到達すると
1日目から再開されます*
`フレンドポイント X 2000
9月交換券(2024) X 1
`_2024-09-17 19:38:42_
--------
