【登录信息】
*3084073a697602a159acb3c9452b4b00*
`登陆天数: 83天 / 2574天
等级: 162
石头: 18
呼符: 0
体力: 797.4833333333333 / 144
友情点: 1145 / 7354080`
*連続ログイン6日目
※ログインが途切れるか、7日到達すると
1日目から再開されます*
`聖晶石 X 2
9月交換券(2024) X 1
`*「奏章Ⅲ 新霊長後継戦 アーキタイプ・インセプション」(後編)
開幕直前&攻略応援特別ログインボーナス*
*開催期間中、1日1回 最大8回 ログインボーナスをプレゼント！*
`QP X 3000000
`_2024-09-19 19:36:55_
--------
*517ccfc56e0b068f419634fc871e36b0*
`登陆天数: 17天 / 765天
等级: 1
石头: 2
呼符: 0
体力: 907018.8066666666 / 20
友情点: 0 / 186000`
*連続ログイン3日目
※ログインが途切れるか、7日到達すると
1日目から再開されます*
`叡智の業火 X 1
9月交換券(2024) X 1
`_2024-09-19 19:37:06_
--------
*bd62bce1f10a8ea80c682ed6f811ef8f*
`登陆天数: 17天 / 786天
等级: 1
石头: 5
呼符: 0
体力: 906307.1633333333 / 20
友情点: 0 / 164000`
*連続ログイン3日目
※ログインが途切れるか、7日到達すると
1日目から再開されます*
`叡智の業火 X 1
9月交換券(2024) X 1
`_2024-09-19 19:37:14_
--------
