【登录信息】
*3084073a697602a159acb3c9452b4b00*
`登陆天数: 84天 / 2575天
等级: 162
石头: 18
呼符: 0
体力: 247.01666666666665 / 144
友情点: 935 / 7356785`
*連続ログイン7日間到達おめでとうございます！
明日は1日目からリスタートされます。*
`獣の足跡 X 1
呼符 X 1
9月交換券(2024) X 1
`*「奏章Ⅲ 新霊長後継戦 アーキタイプ・インセプション」(後編)
開幕直前&攻略応援特別ログインボーナス*
*開催期間中、1日1回 最大8回 ログインボーナスをプレゼント！*
`英霊結晶・星のフォウくん X 10
`_2024-09-20 19:36:47_
--------
*517ccfc56e0b068f419634fc871e36b0*
`登陆天数: 18天 / 766天
等级: 1
石头: 2
呼符: 0
体力: 907306.78 / 20
友情点: 0 / 186000`
*連続ログイン4日目
※ログインが途切れるか、7日到達すると
1日目から再開されます*
`聖晶石 X 1
9月交換券(2024) X 1
`_2024-09-20 19:36:57_
--------
*bd62bce1f10a8ea80c682ed6f811ef8f*
`登陆天数: 18天 / 787天
等级: 1
石头: 5
呼符: 0
体力: 906595.1333333333 / 20
友情点: 0 / 164000`
*連続ログイン4日目
※ログインが途切れるか、7日到達すると
1日目から再開されます*
`聖晶石 X 1
9月交換券(2024) X 1
`_2024-09-20 19:37:05_
--------
