【登录信息】
*3084073a697602a159acb3c9452b4b00*
`登陆天数: 85天 / 2576天
等级: 162
石头: 23
呼符: 0
体力: 133.92666666666668 / 144
友情点: 300 / 7362305`
*連続ログイン1日目
※ログインが途切れるか、7日到達すると
1日目から再開されます*
`フレンドポイント X 2000
9月交換券(2024) X 1
`*「奏章Ⅲ 新霊長後継戦 アーキタイプ・インセプション」(後編)
開幕直前&攻略応援特別ログインボーナス*
*開催期間中、1日1回 最大8回 ログインボーナスをプレゼント！*
`英霊結晶・太陽のフォウくん X 10
`_2024-09-21 19:36:22_
--------
*517ccfc56e0b068f419634fc871e36b0*
`登陆天数: 19天 / 767天
等级: 1
石头: 2
呼符: 0
体力: 907594.6966666667 / 20
友情点: 0 / 186000`
*連続ログイン5日目
※ログインが途切れるか、7日到達すると
1日目から再開されます*
`叡智の業火 X 2
9月交換券(2024) X 1
`_2024-09-21 19:36:33_
--------
*bd62bce1f10a8ea80c682ed6f811ef8f*
`登陆天数: 19天 / 788天
等级: 1
石头: 5
呼符: 0
体力: 906883.05 / 20
友情点: 0 / 164000`
*連続ログイン5日目
※ログインが途切れるか、7日到達すると
1日目から再開されます*
`叡智の業火 X 2
9月交換券(2024) X 1
`_2024-09-21 19:36:41_
--------
