【登录信息】
*3084073a697602a159acb3c9452b4b00*
`登陆天数: 87天 / 2578天
等级: 162
石头: 4
呼符: 0
体力: 208.34333333333333 / 144
友情点: 285 / 7366820`
*連続ログイン3日目
※ログインが途切れるか、7日到達すると
1日目から再開されます*
`叡智の業火 X 1
9月交換券(2024) X 1
`*「奏章Ⅲ 新霊長後継戦 アーキタイプ・インセプション」(後編)
開幕直前&攻略応援特別ログインボーナス*
*開催期間中、1日1回 最大8回 ログインボーナスをプレゼント！*
`獣の足跡 X 1
`_2024-09-23 19:36:58_
--------
*517ccfc56e0b068f419634fc871e36b0*
`登陆天数: 21天 / 769天
等级: 1
石头: 2
呼符: 0
体力: 908170.8166666667 / 20
友情点: 0 / 186000`
*連続ログイン7日間到達おめでとうございます！
明日は1日目からリスタートされます。*
`獣の足跡 X 1
呼符 X 1
9月交換券(2024) X 1
`_2024-09-23 19:37:08_
--------
*bd62bce1f10a8ea80c682ed6f811ef8f*
`登陆天数: 21天 / 790天
等级: 1
石头: 5
呼符: 0
体力: 907459.17 / 20
友情点: 0 / 164000`
*連続ログイン7日間到達おめでとうございます！
明日は1日目からリスタートされます。*
`獣の足跡 X 1
呼符 X 1
9月交換券(2024) X 1
`_2024-09-23 19:37:16_
--------
