【登录信息】
*3084073a697602a159acb3c9452b4b00*
`登陆天数: 93天 / 2584天
等级: 162
石头: 4
呼符: 0
体力: 227.82666666666665 / 144
友情点: 650 / 7384860`
*連続ログイン2日目
※ログインが途切れるか、7日到達すると
1日目から再開されます*
`聖晶石 X 1
9月交換券(2024) X 1
`*奏章Ⅲ 新霊長後継戦 アーキタイプ・インセプション 開幕記念 ログインボーナス*
*開催期間中、1日1回 最大78回 ログインボーナスをプレゼント！*
`白銀の果実 X 1
`_2024-09-29 19:37:00_
--------
*517ccfc56e0b068f419634fc871e36b0*
`登陆天数: 27天 / 775天
等级: 1
石头: 2
呼符: 0
体力: 909898.8233333334 / 20
友情点: 0 / 186000`
*連続ログイン6日目
※ログインが途切れるか、7日到達すると
1日目から再開されます*
`聖晶石 X 2
9月交換券(2024) X 1
`_2024-09-29 19:37:10_
--------
*bd62bce1f10a8ea80c682ed6f811ef8f*
`登陆天数: 27天 / 796天
等级: 1
石头: 5
呼符: 0
体力: 909187.1766666666 / 20
友情点: 0 / 164000`
*連続ログイン6日目
※ログインが途切れるか、7日到達すると
1日目から再開されます*
`聖晶石 X 2
9月交換券(2024) X 1
`_2024-09-29 19:37:18_
--------
