【登录信息】
*3084073a697602a159acb3c9452b4b00*
`登陆天数: 60天 / 2645天
等级: 162
石头: 1
呼符: 0
体力: 4674.08 / 144
友情点: 2350 / 7677880`
*連続ログイン4日目
※ログインが途切れるか、7日到達すると
1日目から再開されます*
`聖晶石 X 1
12月交換券(2024) X 1
`_2024-11-30 19:33:35_
--------
*517ccfc56e0b068f419634fc871e36b0*
`登陆天数: 89天 / 837天
等级: 1
石头: 2
呼符: 0
体力: 927754.1366666667 / 20
友情点: 0 / 186000`
*連続ログイン5日目
※ログインが途切れるか、7日到達すると
1日目から再開されます*
`叡智の業火 X 2
12月交換券(2024) X 1
`_2024-11-30 19:33:44_
--------
*bd62bce1f10a8ea80c682ed6f811ef8f*
`登陆天数: 89天 / 858天
等级: 1
石头: 5
呼符: 0
体力: 927042.49 / 20
友情点: 0 / 164000`
*連続ログイン5日目
※ログインが途切れるか、7日到達すると
1日目から再開されます*
`叡智の業火 X 2
12月交換券(2024) X 1
`_2024-11-30 19:33:52_
--------
