【登录信息】
*3084073a697602a159acb3c9452b4b00*
`登陆天数: 62天 / 2647天
等级: 162
石头: 1
呼符: 0
体力: 5250.163333333333 / 144
友情点: 1255 / 7683280`
*連続ログイン6日目
※ログインが途切れるか、7日到達すると
1日目から再開されます*
`聖晶石 X 2
12月交換券(2024) X 1
`_2024-12-02 19:33:59_
--------
*517ccfc56e0b068f419634fc871e36b0*
`登陆天数: 91天 / 839天
等级: 1
石头: 2
呼符: 0
体力: 928330.22 / 20
友情点: 0 / 186000`
*連続ログイン7日間到達おめでとうございます！
明日は1日目からリスタートされます。*
`獣の足跡 X 1
呼符 X 1
12月交換券(2024) X 1
`_2024-12-02 19:34:10_
--------
*bd62bce1f10a8ea80c682ed6f811ef8f*
`登陆天数: 91天 / 860天
等级: 1
石头: 5
呼符: 0
体力: 927618.5733333334 / 20
友情点: 0 / 164000`
*連続ログイン7日間到達おめでとうございます！
明日は1日目からリスタートされます。*
`獣の足跡 X 1
呼符 X 1
12月交換券(2024) X 1
`_2024-12-02 19:34:18_
--------
