【登录信息】
*3084073a697602a159acb3c9452b4b00*
`登陆天数: 63天 / 2648天
等级: 162
石头: 1
呼符: 0
体力: 5538.136666666666 / 144
友情点: 1210 / 7686290`
*連続ログイン7日間到達おめでとうございます！
明日は1日目からリスタートされます。*
`獣の足跡 X 1
呼符 X 1
12月交換券(2024) X 1
`_2024-12-03 19:33:51_
--------
*517ccfc56e0b068f419634fc871e36b0*
`登陆天数: 92天 / 840天
等级: 1
石头: 2
呼符: 0
体力: 928618.1933333334 / 20
友情点: 0 / 186000`
*連続ログイン1日目
※ログインが途切れるか、7日到達すると
1日目から再開されます*
`フレンドポイント X 2000
12月交換券(2024) X 1
`_2024-12-03 19:34:02_
--------
*bd62bce1f10a8ea80c682ed6f811ef8f*
`登陆天数: 92天 / 861天
等级: 1
石头: 5
呼符: 0
体力: 927906.5466666666 / 20
友情点: 0 / 164000`
*連続ログイン1日目
※ログインが途切れるか、7日到達すると
1日目から再開されます*
`フレンドポイント X 2000
12月交換券(2024) X 1
`_2024-12-03 19:34:09_
--------
