【登录信息】
*3084073a697602a159acb3c9452b4b00*
`登陆天数: 64天 / 2649天
等级: 162
石头: 1
呼符: 0
体力: 5826.053333333333 / 144
友情点: 500 / 7687790`
*連続ログイン1日目
※ログインが途切れるか、7日到達すると
1日目から再開されます*
`フレンドポイント X 2000
12月交換券(2024) X 1
`_2024-12-04 19:33:27_
--------
*517ccfc56e0b068f419634fc871e36b0*
`登陆天数: 93天 / 841天
等级: 1
石头: 2
呼符: 0
体力: 928906.11 / 20
友情点: 0 / 186000`
*連続ログイン2日目
※ログインが途切れるか、7日到達すると
1日目から再開されます*
`聖晶石 X 1
12月交換券(2024) X 1
`_2024-12-04 19:33:36_
--------
*bd62bce1f10a8ea80c682ed6f811ef8f*
`登陆天数: 93天 / 862天
等级: 1
石头: 5
呼符: 0
体力: 928194.46 / 20
友情点: 0 / 164000`
*連続ログイン2日目
※ログインが途切れるか、7日到達すると
1日目から再開されます*
`聖晶石 X 1
12月交換券(2024) X 1
`_2024-12-04 19:33:44_
--------
