【登录信息】
[3084073a697602a159acb3c9452b4b00]
`登陆天数: 183天 / 1877天
等级: 160
石头: 374
呼符: 1
友情点: 360 / 1366490`
*連続ログイン1日目
※ログインが途切れるか、7日到達すると
1日目から再開されます*
`フレンドポイント X 2000
8月交換券(2022) X 1
`*7周年記念特別連続ログインボーナス*
*開催期間中、1日1回 最大7回 連続ログインボーナスをプレゼント！*
`QP X 3000000
星見のティーポット X 10
`_2022-08-02 19:35:50_
--------
[517ccfc56e0b068f419634fc871e36b0]
`登陆天数: 108天 / 128天
等级: 1
石头: 0
呼符: 0
友情点: 0 / 122000`
*連続ログイン3日目
※ログインが途切れるか、7日到達すると
1日目から再開されます*
`叡智の猛火 X 1
8月交換券(2022) X 1
`*7周年記念 ★5(SSR)概念礼装交換券プレゼント*
*開催期間中、初回ログインで「FGO 7th Anniversary ★5概念礼装チケット」をプレゼント！*
`FGO 7th Anniversary ★5概念礼装チケット X 1
`_2022-08-02 19:35:59_
--------
[bd62bce1f10a8ea80c682ed6f811ef8f]
`登陆天数: 107天 / 149天
等级: 1
石头: 34
呼符: 0
友情点: 0 / 94000`
*連続ログイン2日目
※ログインが途切れるか、7日到達すると
1日目から再開されます*
`聖晶石 X 1
8月交換券(2022) X 1
`*7周年記念 ★5(SSR)概念礼装交換券プレゼント*
*開催期間中、初回ログインで「FGO 7th Anniversary ★5概念礼装チケット」をプレゼント！*
`FGO 7th Anniversary ★5概念礼装チケット X 1
`_2022-08-02 19:36:08_
--------
