【登录信息】
[3084073a697602a159acb3c9452b4b00]
`登陆天数: 184天 / 1878天
等级: 160
石头: 374
呼符: 1
友情点: 420 / 1367345`
*連続ログイン2日目
※ログインが途切れるか、7日到達すると
1日目から再開されます*
`聖晶石 X 1
8月交換券(2022) X 1
`*7周年記念特別連続ログインボーナス*
*開催期間中、1日1回 最大7回 連続ログインボーナスをプレゼント！*
`QP X 3000000
マナプリズム X 100
`_2022-08-03 19:35:52_
--------
[517ccfc56e0b068f419634fc871e36b0]
`登陆天数: 109天 / 129天
等级: 1
石头: 0
呼符: 0
友情点: 0 / 122000`
*連続ログイン4日目
※ログインが途切れるか、7日到達すると
1日目から再開されます*
`聖晶石 X 1
8月交換券(2022) X 1
`_2022-08-03 19:36:01_
--------
[bd62bce1f10a8ea80c682ed6f811ef8f]
`登陆天数: 108天 / 150天
等级: 1
石头: 34
呼符: 0
友情点: 0 / 94000`
*連続ログイン3日目
※ログインが途切れるか、7日到達すると
1日目から再開されます*
`叡智の猛火 X 1
8月交換券(2022) X 1
`_2022-08-03 19:36:09_
--------
