【登录信息】
[3084073a697602a159acb3c9452b4b00]
`登陆天数: 186天 / 1880天
等级: 160
石头: 366
呼符: 0
友情点: 145 / 1467740`
*連続ログイン4日目
※ログインが途切れるか、7日到達すると
1日目から再開されます*
`聖晶石 X 1
8月交換券(2022) X 1
`*7周年記念特別連続ログインボーナス*
*開催期間中、1日1回 最大7回 連続ログインボーナスをプレゼント！*
`英霊結晶・星のフォウくん X 10
QP X 3000000
`_2022-08-05 19:36:52_
--------
[517ccfc56e0b068f419634fc871e36b0]
`登陆天数: 111天 / 131天
等级: 1
石头: 0
呼符: 0
友情点: 0 / 122000`
*連続ログイン6日目
※ログインが途切れるか、7日到達すると
1日目から再開されます*
`聖晶石 X 2
8月交換券(2022) X 1
`_2022-08-05 19:37:00_
--------
[bd62bce1f10a8ea80c682ed6f811ef8f]
`登陆天数: 110天 / 152天
等级: 1
石头: 34
呼符: 0
友情点: 0 / 94000`
*連続ログイン5日目
※ログインが途切れるか、7日到達すると
1日目から再開されます*
`叡智の猛火 X 2
8月交換券(2022) X 1
`_2022-08-05 19:37:08_
--------
