【登录信息】
[3084073a697602a159acb3c9452b4b00]
`登陆天数: 192天 / 1886天
等级: 160
石头: 373
呼符: 0
友情点: 330 / 1473625`
*連続ログイン3日目
※ログインが途切れるか、7日到達すると
1日目から再開されます*
`叡智の猛火 X 1
8月交換券(2022) X 1
`_2022-08-11 19:37:54_
--------
[517ccfc56e0b068f419634fc871e36b0]
`登陆天数: 117天 / 137天
等级: 1
石头: 0
呼符: 0
友情点: 0 / 122000`
*連続ログイン5日目
※ログインが途切れるか、7日到達すると
1日目から再開されます*
`叡智の猛火 X 2
8月交換券(2022) X 1
`_2022-08-11 19:38:03_
--------
[bd62bce1f10a8ea80c682ed6f811ef8f]
`登陆天数: 116天 / 158天
等级: 1
石头: 34
呼符: 0
友情点: 0 / 94000`
*連続ログイン4日目
※ログインが途切れるか、7日到達すると
1日目から再開されます*
`聖晶石 X 1
8月交換券(2022) X 1
`_2022-08-11 19:38:11_
--------
