【登录信息】
[3084073a697602a159acb3c9452b4b00]
`登陆天数: 211天 / 1905天
等级: 160
石头: 0
呼符: 0
友情点: 250 / 1486110`
*連続ログイン1日目
※ログインが途切れるか、7日到達すると
1日目から再開されます*
`フレンドポイント X 2000
8月交換券(2022) X 1
`_2022-08-30 19:35:22_
--------
[517ccfc56e0b068f419634fc871e36b0]
`登陆天数: 136天 / 156天
等级: 1
石头: 0
呼符: 0
友情点: 0 / 122000`
*連続ログイン3日目
※ログインが途切れるか、7日到達すると
1日目から再開されます*
`叡智の猛火 X 1
8月交換券(2022) X 1
`_2022-08-30 19:35:32_
--------
[bd62bce1f10a8ea80c682ed6f811ef8f]
`登陆天数: 135天 / 177天
等级: 1
石头: 34
呼符: 0
友情点: 0 / 94000`
*連続ログイン2日目
※ログインが途切れるか、7日到達すると
1日目から再開されます*
`聖晶石 X 1
8月交換券(2022) X 1
`_2022-08-30 19:35:40_
--------
