【登录信息】
*3084073a697602a159acb3c9452b4b00*
`登陆天数: 94天 / 2585天
等级: 162
石头: 4
呼符: 0
体力: 515.8199999999999 / 144
友情点: 1545 / 7387605`
*連続ログイン3日目
※ログインが途切れるか、7日到達すると
1日目から再開されます*
`叡智の業火 X 1
10月交換券(2024) X 1
`*奏章Ⅲ 新霊長後継戦 アーキタイプ・インセプション 開幕記念 ログインボーナス*
*開催期間中、1日1回 最大78回 ログインボーナスをプレゼント！*
`白銀の果実 X 1
`_2024-09-30 19:36:57_
--------
*517ccfc56e0b068f419634fc871e36b0*
`登陆天数: 28天 / 776天
等级: 1
石头: 2
呼符: 0
体力: 910186.8133333334 / 20
友情点: 0 / 186000`
*連続ログイン7日間到達おめでとうございます！
明日は1日目からリスタートされます。*
`獣の足跡 X 1
呼符 X 1
10月交換券(2024) X 1
`_2024-09-30 19:37:08_
--------
*bd62bce1f10a8ea80c682ed6f811ef8f*
`登陆天数: 28天 / 797天
等级: 1
石头: 5
呼符: 0
体力: 909475.1666666666 / 20
友情点: 0 / 164000`
*連続ログイン7日間到達おめでとうございます！
明日は1日目からリスタートされます。*
`獣の足跡 X 1
呼符 X 1
10月交換券(2024) X 1
`_2024-09-30 19:37:16_
--------
