【登录信息】
*517ccfc56e0b068f419634fc871e36b0*
`登陆天数: 29天 / 777天
等级: 1
石头: 2
呼符: 0
体力: 910474.8533333334 / 20
友情点: 0 / 186000`
*連続ログイン1日目
※ログインが途切れるか、7日到達すると
1日目から再開されます*
`フレンドポイント X 2000
10月交換券(2024) X 1
`*使用期限付コンティニューアイテムプレゼント！*
*開催期間中、初回ログインでコンティニューアイテム「霊脈石×3」をプレゼント！*
`霊脈石 X 3
`_2024-10-01 19:37:19_
--------
*bd62bce1f10a8ea80c682ed6f811ef8f*
`登陆天数: 29天 / 798天
等级: 1
石头: 5
呼符: 0
体力: 909763.2066666667 / 20
友情点: 0 / 164000`
*連続ログイン1日目
※ログインが途切れるか、7日到達すると
1日目から再開されます*
`フレンドポイント X 2000
10月交換券(2024) X 1
`*使用期限付コンティニューアイテムプレゼント！*
*開催期間中、初回ログインでコンティニューアイテム「霊脈石×3」をプレゼント！*
`霊脈石 X 3
`_2024-10-01 19:37:27_
--------
