【登录信息】
*3084073a697602a159acb3c9452b4b00*
`登陆天数: 1天 / 2586天
等级: 162
石头: 4
呼符: 0
体力: 1091.7933333333333 / 144
友情点: 1630 / 7389885`
*連続ログイン1日目
※ログインが途切れるか、7日到達すると
1日目から再開されます*
`フレンドポイント X 2000
10月交換券(2024) X 1
`*使用期限付コンティニューアイテムプレゼント！*
*開催期間中、初回ログインでコンティニューアイテム「霊脈石×3」をプレゼント！*
`霊脈石 X 3
`_2024-10-02 19:36:49_
--------
*517ccfc56e0b068f419634fc871e36b0*
`登陆天数: 30天 / 778天
等级: 1
石头: 2
呼符: 0
体力: 910762.79 / 20
友情点: 0 / 186000`
*連続ログイン2日目
※ログインが途切れるか、7日到達すると
1日目から再開されます*
`聖晶石 X 1
10月交換券(2024) X 1
`_2024-10-02 19:37:00_
--------
*bd62bce1f10a8ea80c682ed6f811ef8f*
`登陆天数: 30天 / 799天
等级: 1
石头: 5
呼符: 0
体力: 910051.1433333333 / 20
友情点: 0 / 164000`
*連続ログイン2日目
※ログインが途切れるか、7日到達すると
1日目から再開されます*
`聖晶石 X 1
10月交換券(2024) X 1
`_2024-10-02 19:37:08_
--------
