【登录信息】
*3084073a697602a159acb3c9452b4b00*
`登陆天数: 3天 / 2588天
等级: 162
石头: 10
呼符: 5
体力: 239.51333333333332 / 144
友情点: 1130 / 7402185`
*連続ログイン3日目
※ログインが途切れるか、7日到達すると
1日目から再開されます*
`叡智の業火 X 1
10月交換券(2024) X 1
`*3000万DL記念 特別回数ログインボーナス*
*開催期間中、1日1回 最大10回 回数ログインボーナスをプレゼント！*
`白銀の果実 X 30
`_2024-10-04 19:36:48_
--------
*517ccfc56e0b068f419634fc871e36b0*
`登陆天数: 32天 / 780天
等级: 1
石头: 2
呼符: 0
体力: 911338.8 / 20
友情点: 0 / 186000`
*連続ログイン4日目
※ログインが途切れるか、7日到達すると
1日目から再開されます*
`聖晶石 X 1
10月交換券(2024) X 1
`_2024-10-04 19:37:04_
--------
*bd62bce1f10a8ea80c682ed6f811ef8f*
`登陆天数: 32天 / 801天
等级: 1
石头: 5
呼符: 0
体力: 910627.1533333333 / 20
友情点: 0 / 164000`
*連続ログイン4日目
※ログインが途切れるか、7日到達すると
1日目から再開されます*
`聖晶石 X 1
10月交換券(2024) X 1
`_2024-10-04 19:37:12_
--------
