【登录信息】
*3084073a697602a159acb3c9452b4b00*
`登陆天数: 5天 / 2590天
等级: 162
石头: 30
呼符: 20
体力: 91.57 / 144
友情点: 665 / 7407820`
*連続ログイン5日目
※ログインが途切れるか、7日到達すると
1日目から再開されます*
`叡智の業火 X 2
10月交換券(2024) X 1
`*3000万DL記念 特別回数ログインボーナス*
*開催期間中、1日1回 最大10回 回数ログインボーナスをプレゼント！*
`マナプリズム X 300
`_2024-10-06 19:36:55_
--------
*517ccfc56e0b068f419634fc871e36b0*
`登陆天数: 34天 / 782天
等级: 1
石头: 2
呼符: 0
体力: 911914.8033333333 / 20
友情点: 0 / 186000`
*連続ログイン6日目
※ログインが途切れるか、7日到達すると
1日目から再開されます*
`聖晶石 X 2
10月交換券(2024) X 1
`*3000万DL突破記念 10万リポスト達成プレゼント*
*開催期間中、初回ログインで「聖晶石×30」をプレゼント！*
`聖晶石 X 30
`_2024-10-06 19:37:04_
--------
*bd62bce1f10a8ea80c682ed6f811ef8f*
`登陆天数: 34天 / 803天
等级: 1
石头: 5
呼符: 0
体力: 911203.1533333333 / 20
友情点: 0 / 164000`
*連続ログイン6日目
※ログインが途切れるか、7日到達すると
1日目から再開されます*
`聖晶石 X 2
10月交換券(2024) X 1
`*3000万DL突破記念 10万リポスト達成プレゼント*
*開催期間中、初回ログインで「聖晶石×30」をプレゼント！*
`聖晶石 X 30
`_2024-10-06 19:37:12_
--------
