【登录信息】
*3084073a697602a159acb3c9452b4b00*
`登陆天数: 6天 / 2591天
等级: 162
石头: 49
呼符: 20
体力: 174.51666666666665 / 144
友情点: 935 / 7410405`
*連続ログイン6日目
※ログインが途切れるか、7日到達すると
1日目から再開されます*
`聖晶石 X 2
10月交換券(2024) X 1
`*3000万DL記念 特別回数ログインボーナス*
*開催期間中、1日1回 最大10回 回数ログインボーナスをプレゼント！*
`QP X 30000000
`_2024-10-07 19:36:44_
--------
*517ccfc56e0b068f419634fc871e36b0*
`登陆天数: 35天 / 783天
等级: 1
石头: 2
呼符: 0
体力: 912202.7666666667 / 20
友情点: 0 / 186000`
*連続ログイン7日間到達おめでとうございます！
明日は1日目からリスタートされます。*
`獣の足跡 X 1
呼符 X 1
10月交換券(2024) X 1
`_2024-10-07 19:36:53_
--------
*bd62bce1f10a8ea80c682ed6f811ef8f*
`登陆天数: 35天 / 804天
等级: 1
石头: 5
呼符: 0
体力: 911491.12 / 20
友情点: 0 / 164000`
*連続ログイン7日間到達おめでとうございます！
明日は1日目からリスタートされます。*
`獣の足跡 X 1
呼符 X 1
10月交換券(2024) X 1
`_2024-10-07 19:37:01_
--------
