【登录信息】
*3084073a697602a159acb3c9452b4b00*
`登陆天数: 7天 / 2592天
等级: 162
石头: 49
呼符: 20
体力: 462.49333333333334 / 144
友情点: 1565 / 7412170`
*連続ログイン7日間到達おめでとうございます！
明日は1日目からリスタートされます。*
`獣の足跡 X 1
呼符 X 1
10月交換券(2024) X 1
`*3000万DL記念 特別回数ログインボーナス*
*開催期間中、1日1回 最大10回 回数ログインボーナスをプレゼント！*
`英霊結晶・星のフォウくん X 30
英霊結晶・太陽のフォウくん X 30
`_2024-10-08 19:36:36_
--------
*517ccfc56e0b068f419634fc871e36b0*
`登陆天数: 36天 / 784天
等级: 1
石头: 2
呼符: 0
体力: 912490.7433333333 / 20
友情点: 0 / 186000`
*連続ログイン1日目
※ログインが途切れるか、7日到達すると
1日目から再開されます*
`フレンドポイント X 2000
10月交換券(2024) X 1
`_2024-10-08 19:36:47_
--------
*bd62bce1f10a8ea80c682ed6f811ef8f*
`登陆天数: 36天 / 805天
等级: 1
石头: 5
呼符: 0
体力: 911779.0966666667 / 20
友情点: 0 / 164000`
*連続ログイン1日目
※ログインが途切れるか、7日到達すると
1日目から再開されます*
`フレンドポイント X 2000
10月交換券(2024) X 1
`_2024-10-08 19:36:55_
--------
