【登录信息】
*3084073a697602a159acb3c9452b4b00*
`登陆天数: 11天 / 2596天
等级: 162
石头: 49
呼符: 10
体力: 428.9533333333333 / 144
友情点: 1970 / 7426775`
*連続ログイン4日目
※ログインが途切れるか、7日到達すると
1日目から再開されます*
`聖晶石 X 1
10月交換券(2024) X 1
`*「10月開幕予定 期間限定イベント」直前ログインボーナス*
*開催期間中、1日1回 最大7回 ログインボーナスをプレゼント！*
`聖晶石 X 1
霊脈石 X 1
`_2024-10-12 19:36:39_
--------
*517ccfc56e0b068f419634fc871e36b0*
`登陆天数: 40天 / 788天
等级: 1
石头: 2
呼符: 0
体力: 913642.7533333333 / 20
友情点: 0 / 186000`
*連続ログイン5日目
※ログインが途切れるか、7日到達すると
1日目から再開されます*
`叡智の業火 X 2
10月交換券(2024) X 1
`_2024-10-12 19:36:49_
--------
*bd62bce1f10a8ea80c682ed6f811ef8f*
`登陆天数: 40天 / 809天
等级: 1
石头: 5
呼符: 0
体力: 912931.1033333334 / 20
友情点: 0 / 164000`
*連続ログイン5日目
※ログインが途切れるか、7日到達すると
1日目から再開されます*
`叡智の業火 X 2
10月交換券(2024) X 1
`_2024-10-12 19:36:57_
--------
