【登录信息】
*3084073a697602a159acb3c9452b4b00*
`登陆天数: 12天 / 2597天
等级: 162
石头: 49
呼符: 10
体力: 716.8566666666667 / 144
友情点: 1065 / 7428440`
*連続ログイン5日目
※ログインが途切れるか、7日到達すると
1日目から再開されます*
`叡智の業火 X 2
10月交換券(2024) X 1
`*「10月開幕予定 期間限定イベント」直前ログインボーナス*
*開催期間中、1日1回 最大7回 ログインボーナスをプレゼント！*
`英霊結晶・星のフォウくん X 5
霊脈石 X 1
`_2024-10-13 19:36:11_
--------
*517ccfc56e0b068f419634fc871e36b0*
`登陆天数: 41天 / 789天
等级: 1
石头: 2
呼符: 0
体力: 913930.6566666666 / 20
友情点: 0 / 186000`
*連続ログイン6日目
※ログインが途切れるか、7日到達すると
1日目から再開されます*
`聖晶石 X 2
10月交換券(2024) X 1
`_2024-10-13 19:36:21_
--------
*bd62bce1f10a8ea80c682ed6f811ef8f*
`登陆天数: 41天 / 810天
等级: 1
石头: 5
呼符: 0
体力: 913219.01 / 20
友情点: 0 / 164000`
*連続ログイン6日目
※ログインが途切れるか、7日到達すると
1日目から再開されます*
`聖晶石 X 2
10月交換券(2024) X 1
`_2024-10-13 19:36:28_
--------
