【登录信息】
*3084073a697602a159acb3c9452b4b00*
`登陆天数: 13天 / 2598天
等级: 162
石头: 49
呼符: 10
体力: 1005.01 / 144
友情点: 1550 / 7430390`
*連続ログイン6日目
※ログインが途切れるか、7日到達すると
1日目から再開されます*
`聖晶石 X 2
10月交換券(2024) X 1
`*「10月開幕予定 期間限定イベント」直前ログインボーナス*
*開催期間中、1日1回 最大7回 ログインボーナスをプレゼント！*
`英霊結晶・太陽のフォウくん X 5
霊脈石 X 1
`_2024-10-14 19:36:56_
--------
*517ccfc56e0b068f419634fc871e36b0*
`登陆天数: 42天 / 790天
等级: 1
石头: 2
呼符: 0
体力: 914218.81 / 20
友情点: 0 / 186000`
*連続ログイン7日間到達おめでとうございます！
明日は1日目からリスタートされます。*
`獣の足跡 X 1
呼符 X 1
10月交換券(2024) X 1
`_2024-10-14 19:37:06_
--------
*bd62bce1f10a8ea80c682ed6f811ef8f*
`登陆天数: 42天 / 811天
等级: 1
石头: 5
呼符: 0
体力: 913507.1633333333 / 20
友情点: 0 / 164000`
*連続ログイン7日間到達おめでとうございます！
明日は1日目からリスタートされます。*
`獣の足跡 X 1
呼符 X 1
10月交換券(2024) X 1
`_2024-10-14 19:37:14_
--------
