【登录信息】
*3084073a697602a159acb3c9452b4b00*
`登陆天数: 15天 / 2600天
等级: 162
石头: 49
呼符: 0
体力: 1580.9966666666667 / 144
友情点: 190 / 7433640`
*連続ログイン1日目
※ログインが途切れるか、7日到達すると
1日目から再開されます*
`フレンドポイント X 2000
10月交換券(2024) X 1
`*Fate/Grand Order カルデア放送局 ライト版 ゲーム最新情報 配信記念 初回ログインボーナス*
*開催期間中、初回ログインで「聖晶石×14」をプレゼント！*
`聖晶石 X 14
`_2024-10-16 19:36:52_
--------
*517ccfc56e0b068f419634fc871e36b0*
`登陆天数: 44天 / 792天
等级: 1
石头: 2
呼符: 0
体力: 914794.7966666666 / 20
友情点: 0 / 186000`
*連続ログイン2日目
※ログインが途切れるか、7日到達すると
1日目から再開されます*
`聖晶石 X 1
10月交換券(2024) X 1
`_2024-10-16 19:37:02_
--------
*bd62bce1f10a8ea80c682ed6f811ef8f*
`登陆天数: 44天 / 813天
等级: 1
石头: 5
呼符: 0
体力: 914083.1466666666 / 20
友情点: 0 / 164000`
*連続ログイン2日目
※ログインが途切れるか、7日到達すると
1日目から再開されます*
`聖晶石 X 1
10月交換券(2024) X 1
`_2024-10-16 19:37:10_
--------
