【登录信息】
*3084073a697602a159acb3c9452b4b00*
`登陆天数: 16天 / 2601天
等级: 162
石头: 49
呼符: 0
体力: 93.74666666666667 / 144
友情点: 185 / 7437990`
*連続ログイン2日目
※ログインが途切れるか、7日到達すると
1日目から再開されます*
`聖晶石 X 1
10月交換券(2024) X 1
`*妖精双六虫籠遊戯 まだ見ぬ完璧なあなたへ 開幕記念 ログインボーナス*
*開催期間中、1日1回 最大78回 ログインボーナスをプレゼント！*
`黄金の果実 X 1
`_2024-10-17 19:37:53_
--------
*517ccfc56e0b068f419634fc871e36b0*
`登陆天数: 45天 / 793天
等级: 1
石头: 2
呼符: 0
体力: 915083.0 / 20
友情点: 0 / 186000`
*連続ログイン3日目
※ログインが途切れるか、7日到達すると
1日目から再開されます*
`叡智の業火 X 1
10月交換券(2024) X 1
`_2024-10-17 19:38:04_
--------
*bd62bce1f10a8ea80c682ed6f811ef8f*
`登陆天数: 45天 / 814天
等级: 1
石头: 5
呼符: 0
体力: 914371.3533333334 / 20
友情点: 0 / 164000`
*連続ログイン3日目
※ログインが途切れるか、7日到達すると
1日目から再開されます*
`叡智の業火 X 1
10月交換券(2024) X 1
`_2024-10-17 19:38:12_
--------
