【登录信息】
*3084073a697602a159acb3c9452b4b00*
`登陆天数: 19天 / 2604天
等级: 162
石头: 49
呼符: 0
体力: 957.6233333333333 / 144
友情点: 2650 / 7443895`
*連続ログイン5日目
※ログインが途切れるか、7日到達すると
1日目から再開されます*
`叡智の業火 X 2
10月交換券(2024) X 1
`*妖精双六虫籠遊戯 まだ見ぬ完璧なあなたへ 開幕記念 ログインボーナス*
*開催期間中、1日1回 最大78回 ログインボーナスをプレゼント！*
`白銀の果実 X 1
`_2024-10-20 19:37:17_
--------
*517ccfc56e0b068f419634fc871e36b0*
`登陆天数: 48天 / 796天
等级: 1
石头: 2
呼符: 0
体力: 915946.8766666667 / 20
友情点: 0 / 186000`
*連続ログイン6日目
※ログインが途切れるか、7日到達すると
1日目から再開されます*
`聖晶石 X 2
10月交換券(2024) X 1
`_2024-10-20 19:37:26_
--------
*bd62bce1f10a8ea80c682ed6f811ef8f*
`登陆天数: 48天 / 817天
等级: 1
石头: 5
呼符: 0
体力: 915235.23 / 20
友情点: 0 / 164000`
*連続ログイン6日目
※ログインが途切れるか、7日到達すると
1日目から再開されます*
`聖晶石 X 2
10月交換券(2024) X 1
`_2024-10-20 19:37:34_
--------
