【登录信息】
*3084073a697602a159acb3c9452b4b00*
`登陆天数: 21天 / 2606天
等级: 162
石头: 78
呼符: 0
体力: 90.77000000000001 / 144
友情点: 350 / 7457345`
*連続ログイン7日間到達おめでとうございます！
明日は1日目からリスタートされます。*
`獣の足跡 X 1
呼符 X 1
10月交換券(2024) X 1
`*妖精双六虫籠遊戯 まだ見ぬ完璧なあなたへ 開幕記念 ログインボーナス*
*開催期間中、1日1回 最大78回 ログインボーナスをプレゼント！*
`白銀の果実 X 1
`_2024-10-22 19:37:20_
--------
*517ccfc56e0b068f419634fc871e36b0*
`登陆天数: 50天 / 798天
等级: 1
石头: 2
呼符: 0
体力: 916522.8866666667 / 20
友情点: 0 / 186000`
*連続ログイン1日目
※ログインが途切れるか、7日到達すると
1日目から再開されます*
`フレンドポイント X 2000
10月交換券(2024) X 1
`_2024-10-22 19:37:30_
--------
*bd62bce1f10a8ea80c682ed6f811ef8f*
`登陆天数: 50天 / 819天
等级: 1
石头: 5
呼符: 0
体力: 915811.24 / 20
友情点: 0 / 164000`
*連続ログイン1日目
※ログインが途切れるか、7日到達すると
1日目から再開されます*
`フレンドポイント X 2000
10月交換券(2024) X 1
`_2024-10-22 19:37:38_
--------
