【登录信息】
*3084073a697602a159acb3c9452b4b00*
`登陆天数: 25天 / 2610天
等级: 162
石头: 48
呼符: 0
体力: 219.96666666666667 / 144
友情点: 830 / 7481205`
*連続ログイン4日目
※ログインが途切れるか、7日到達すると
1日目から再開されます*
`聖晶石 X 1
10月交換券(2024) X 1
`*妖精双六虫籠遊戯 まだ見ぬ完璧なあなたへ 開幕記念 ログインボーナス*
*開催期間中、1日1回 最大78回 ログインボーナスをプレゼント！*
`白銀の果実 X 1
`_2024-10-26 19:38:17_
--------
*517ccfc56e0b068f419634fc871e36b0*
`登陆天数: 54天 / 802天
等级: 1
石头: 2
呼符: 0
体力: 917675.08 / 20
友情点: 0 / 186000`
*連続ログイン5日目
※ログインが途切れるか、7日到達すると
1日目から再開されます*
`叡智の業火 X 2
10月交換券(2024) X 1
`_2024-10-26 19:38:27_
--------
*bd62bce1f10a8ea80c682ed6f811ef8f*
`登陆天数: 54天 / 823天
等级: 1
石头: 5
呼符: 0
体力: 916963.4333333333 / 20
友情点: 0 / 164000`
*連続ログイン5日目
※ログインが途切れるか、7日到達すると
1日目から再開されます*
`叡智の業火 X 2
10月交換券(2024) X 1
`_2024-10-26 19:38:35_
--------
