【登录信息】
*3084073a697602a159acb3c9452b4b00*
`登陆天数: 27天 / 2612天
等级: 162
石头: 48
呼符: 0
体力: 91.62 / 144
友情点: 370 / 7494755`
*連続ログイン6日目
※ログインが途切れるか、7日到達すると
1日目から再開されます*
`聖晶石 X 2
10月交換券(2024) X 1
`*妖精双六虫籠遊戯 まだ見ぬ完璧なあなたへ 開幕記念 ログインボーナス*
*開催期間中、1日1回 最大78回 ログインボーナスをプレゼント！*
`白銀の果実 X 1
`_2024-10-28 19:36:54_
--------
*517ccfc56e0b068f419634fc871e36b0*
`登陆天数: 56天 / 804天
等级: 1
石头: 2
呼符: 0
体力: 918250.8033333333 / 20
友情点: 0 / 186000`
*連続ログイン7日間到達おめでとうございます！
明日は1日目からリスタートされます。*
`獣の足跡 X 1
呼符 X 1
10月交換券(2024) X 1
`_2024-10-28 19:37:05_
--------
*bd62bce1f10a8ea80c682ed6f811ef8f*
`登陆天数: 56天 / 825天
等级: 1
石头: 5
呼符: 0
体力: 917539.1566666666 / 20
友情点: 0 / 164000`
*連続ログイン7日間到達おめでとうございます！
明日は1日目からリスタートされます。*
`獣の足跡 X 1
呼符 X 1
10月交換券(2024) X 1
`_2024-10-28 19:37:13_
--------
