【登录信息】
*3084073a697602a159acb3c9452b4b00*
`登陆天数: 1天 / 2492天
等级: 162
石头: 20
呼符: 0
体力: 6823.093333333333 / 144
友情点: 0 / 6931810`
*連続ログイン1日目
※ログインが途切れるか、7日到達すると
1日目から再開されます*
`フレンドポイント X 2000
6月交換券(2024) X 1
`*FGO カルデア放送局 ライト版 FGO Fes. 2024＆ゲーム最新情報 放送記念 初回ログインボーナス*
*開催期間中、初回ログインで「聖晶石×14」をプレゼント！*
`聖晶石 X 14
`_2024-06-30 01:35:03_
--------
*517ccfc56e0b068f419634fc871e36b0*
`登陆天数: 1天 / 687天
等级: 1
石头: 2
呼符: 0
体力: 883474.43 / 20
友情点: 0 / 186000`
*連続ログイン1日目
※ログインが途切れるか、7日到達すると
1日目から再開されます*
`フレンドポイント X 2000
6月交換券(2024) X 1
`_2024-06-30 01:35:12_
--------
*bd62bce1f10a8ea80c682ed6f811ef8f*
`登陆天数: 1天 / 708天
等级: 1
石头: 5
呼符: 0
体力: 882762.7833333333 / 20
友情点: 0 / 164000`
*連続ログイン1日目
※ログインが途切れるか、7日到達すると
1日目から再開されます*
`フレンドポイント X 2000
6月交換券(2024) X 1
`_2024-06-30 01:35:20_
--------
