【登录信息】
[3084073a697602a159acb3c9452b4b00]
`登陆天数: 78天 / 1772天
等级: 159
石头: 437
呼符: 16
友情点: 230 / 4872065`
*連続ログイン1日目
※ログインが途切れるか、7日到達すると
1日目から再開されます*
`フレンドポイント X 2000
4月交換券(2022) X 1
`_2022-04-19 19:36:00_
--------
[517ccfc56e0b068f419634fc871e36b0]
`登陆天数: 3天 / 23天
等级: 1
石头: 0
呼符: 0
友情点: 0 / 114000`
*連続ログイン3日目
※ログインが途切れるか、7日到達すると
1日目から再開されます*
`叡智の猛火 X 1
4月交換券(2022) X 1
`_2022-04-19 19:36:08_
--------
[bd62bce1f10a8ea80c682ed6f811ef8f]
`登陆天数: 2天 / 44天
等级: 1
石头: 34
呼符: 0
友情点: 0 / 94000`
*連続ログイン2日目
※ログインが途切れるか、7日到達すると
1日目から再開されます*
`聖晶石 X 1
4月交換券(2022) X 1
`_2022-04-19 19:36:16_
--------
