【登录信息】
[3084073a697602a159acb3c9452b4b00]
`登陆天数: 81天 / 1775天
等级: 159
石头: 437
呼符: 16
友情点: 35 / 4876880`
*連続ログイン4日目
※ログインが途切れるか、7日到達すると
1日目から再開されます*
`聖晶石 X 1
4月交換券(2022) X 1
`*マンガで分かる！Fate/Grand Order×FGOコラボレーションイベント
開幕直前特別ログインボーナス*
*開催期間中、1日1回 最大7回 ログインボーナスをプレゼント！*
`聖晶石 X 1
`_2022-04-22 19:35:45_
--------
[517ccfc56e0b068f419634fc871e36b0]
`登陆天数: 6天 / 26天
等级: 1
石头: 0
呼符: 0
友情点: 0 / 114000`
*連続ログイン6日目
※ログインが途切れるか、7日到達すると
1日目から再開されます*
`聖晶石 X 2
4月交換券(2022) X 1
`_2022-04-22 19:35:55_
--------
[bd62bce1f10a8ea80c682ed6f811ef8f]
`登陆天数: 5天 / 47天
等级: 1
石头: 34
呼符: 0
友情点: 0 / 94000`
*連続ログイン5日目
※ログインが途切れるか、7日到達すると
1日目から再開されます*
`叡智の猛火 X 2
4月交換券(2022) X 1
`_2022-04-22 19:36:03_
--------
