【登录信息】
[3084073a697602a159acb3c9452b4b00]
`登陆天数: 85天 / 1779天
等级: 159
石头: 445
呼符: 16
友情点: 50 / 4880435`
*連続ログイン1日目
※ログインが途切れるか、7日到達すると
1日目から再開されます*
`フレンドポイント X 2000
4月交換券(2022) X 1
`*マンガで分かる！Fate/Grand Order×FGOコラボレーションイベント
開幕直前特別ログインボーナス*
*開催期間中、1日1回 最大7回 ログインボーナスをプレゼント！*
`聖晶石 X 1
`_2022-04-26 19:35:53_
--------
[517ccfc56e0b068f419634fc871e36b0]
`登陆天数: 10天 / 30天
等级: 1
石头: 0
呼符: 0
友情点: 0 / 114000`
*連続ログイン3日目
※ログインが途切れるか、7日到達すると
1日目から再開されます*
`叡智の猛火 X 1
4月交換券(2022) X 1
`_2022-04-26 19:36:02_
--------
[bd62bce1f10a8ea80c682ed6f811ef8f]
`登陆天数: 9天 / 51天
等级: 1
石头: 34
呼符: 0
友情点: 0 / 94000`
*連続ログイン2日目
※ログインが途切れるか、7日到達すると
1日目から再開されます*
`聖晶石 X 1
4月交換券(2022) X 1
`_2022-04-26 19:36:10_
--------
