【登录信息】
[3084073a697602a159acb3c9452b4b00]
`登陆天数: 86天 / 1780天
等级: 159
石头: 446
呼符: 16
友情点: 205 / 4811560`
*連続ログイン2日目
※ログインが途切れるか、7日到達すると
1日目から再開されます*
`聖晶石 X 1
4月交換券(2022) X 1
`*「マンガで分かる！Fate/Grand Order」コラボレーションイベント開幕記念放送
FGO カルデア放送局SP 放送記念 初回ログインボーナス*
*開催期間中、初回ログインで「聖晶石×12」をプレゼント！*
`聖晶石 X 12
`_2022-04-27 19:35:55_
--------
[517ccfc56e0b068f419634fc871e36b0]
`登陆天数: 11天 / 31天
等级: 1
石头: 0
呼符: 0
友情点: 0 / 114000`
*連続ログイン4日目
※ログインが途切れるか、7日到達すると
1日目から再開されます*
`聖晶石 X 1
4月交換券(2022) X 1
`_2022-04-27 19:36:04_
--------
[bd62bce1f10a8ea80c682ed6f811ef8f]
`登陆天数: 10天 / 52天
等级: 1
石头: 34
呼符: 0
友情点: 0 / 94000`
*連続ログイン3日目
※ログインが途切れるか、7日到達すると
1日目から再開されます*
`叡智の猛火 X 1
4月交換券(2022) X 1
`_2022-04-27 19:36:12_
--------
