【登录信息】
[3084073a697602a159acb3c9452b4b00]
`登陆天数: 88天 / 1782天
等级: 159
石头: 449
呼符: 17
友情点: 85 / 1196205`
*連続ログイン4日目
※ログインが途切れるか、7日到達すると
1日目から再開されます*
`聖晶石 X 1
4月交換券(2022) X 1
`_2022-04-29 19:35:58_
--------
[517ccfc56e0b068f419634fc871e36b0]
`登陆天数: 13天 / 33天
等级: 1
石头: 0
呼符: 0
友情点: 0 / 114000`
*連続ログイン6日目
※ログインが途切れるか、7日到達すると
1日目から再開されます*
`聖晶石 X 2
4月交換券(2022) X 1
`_2022-04-29 19:36:07_
--------
[bd62bce1f10a8ea80c682ed6f811ef8f]
`登陆天数: 12天 / 54天
等级: 1
石头: 34
呼符: 0
友情点: 0 / 94000`
*連続ログイン5日目
※ログインが途切れるか、7日到達すると
1日目から再開されます*
`叡智の猛火 X 2
4月交換券(2022) X 1
`_2022-04-29 19:36:14_
--------
