【登录信息】
[3084073a697602a159acb3c9452b4b00]
`登陆天数: 121天 / 1815天
等级: 159
石头: 542
呼符: 19
友情点: 10 / 1315305`
*連続ログイン2日目
※ログインが途切れるか、7日到達すると
1日目から再開されます*
`聖晶石 X 1
6月交換券(2022) X 1
`*リリース2500日突破キャンペーン 初回ログインボーナス*
*開催期間中、初回ログインで「聖晶石×10」をプレゼント！*
`聖晶石 X 10
`_2022-06-01 19:36:51_
--------
[517ccfc56e0b068f419634fc871e36b0]
`登陆天数: 46天 / 66天
等级: 1
石头: 0
呼符: 0
友情点: 0 / 122000`
*連続ログイン4日目
※ログインが途切れるか、7日到達すると
1日目から再開されます*
`聖晶石 X 1
6月交換券(2022) X 1
`_2022-06-01 19:37:00_
--------
[bd62bce1f10a8ea80c682ed6f811ef8f]
`登陆天数: 45天 / 87天
等级: 1
石头: 34
呼符: 0
友情点: 0 / 94000`
*連続ログイン3日目
※ログインが途切れるか、7日到達すると
1日目から再開されます*
`叡智の猛火 X 1
6月交換券(2022) X 1
`_2022-06-01 19:37:08_
--------
