【登录信息】
[3084073a697602a159acb3c9452b4b00]
`登陆天数: 137天 / 1831天
等级: 160
石头: 585
呼符: 19
友情点: 30 / 1335730`
*連続ログイン4日目
※ログインが途切れるか、7日到達すると
1日目から再開されます*
`聖晶石 X 1
6月交換券(2022) X 1
`_2022-06-17 19:35:29_
--------
[517ccfc56e0b068f419634fc871e36b0]
`登陆天数: 62天 / 82天
等级: 1
石头: 0
呼符: 0
友情点: 0 / 122000`
*連続ログイン6日目
※ログインが途切れるか、7日到達すると
1日目から再開されます*
`聖晶石 X 2
6月交換券(2022) X 1
`_2022-06-17 19:35:38_
--------
[bd62bce1f10a8ea80c682ed6f811ef8f]
`登陆天数: 61天 / 103天
等级: 1
石头: 34
呼符: 0
友情点: 0 / 94000`
*連続ログイン5日目
※ログインが途切れるか、7日到達すると
1日目から再開されます*
`叡智の猛火 X 2
6月交換券(2022) X 1
`_2022-06-17 19:35:46_
--------
