【登录信息】
[3084073a697602a159acb3c9452b4b00]
`登陆天数: 140天 / 1834天
等级: 160
石头: 586
呼符: 22
友情点: 10 / 1338195`
*連続ログイン7日間到達おめでとうございます！
明日は1日目からリスタートされます。*
`獣の足跡 X 1
呼符 X 1
6月交換券(2022) X 1
`_2022-06-20 19:36:15_
--------
[517ccfc56e0b068f419634fc871e36b0]
`登陆天数: 65天 / 85天
等级: 1
石头: 0
呼符: 0
友情点: 0 / 122000`
*連続ログイン2日目
※ログインが途切れるか、7日到達すると
1日目から再開されます*
`聖晶石 X 1
6月交換券(2022) X 1
`_2022-06-20 19:36:23_
--------
[bd62bce1f10a8ea80c682ed6f811ef8f]
`登陆天数: 64天 / 106天
等级: 1
石头: 34
呼符: 0
友情点: 0 / 94000`
*連続ログイン1日目
※ログインが途切れるか、7日到達すると
1日目から再開されます*
`フレンドポイント X 2000
6月交換券(2022) X 1
`_2022-06-20 19:36:31_
--------
