【登录信息】
[3084073a697602a159acb3c9452b4b00]
`登陆天数: 142天 / 1836天
等级: 160
石头: 589
呼符: 20
友情点: 65 / 1341740`
*連続ログイン2日目
※ログインが途切れるか、7日到達すると
1日目から再開されます*
`聖晶石 X 1
6月交換券(2022) X 1
`_2022-06-22 19:35:40_
--------
[517ccfc56e0b068f419634fc871e36b0]
`登陆天数: 67天 / 87天
等级: 1
石头: 0
呼符: 0
友情点: 0 / 122000`
*連続ログイン4日目
※ログインが途切れるか、7日到達すると
1日目から再開されます*
`聖晶石 X 1
6月交換券(2022) X 1
`*キャンペーン概要説明*
*キャンペーン概要説明*
``_2022-06-22 19:35:50_
--------
[bd62bce1f10a8ea80c682ed6f811ef8f]
`登陆天数: 66天 / 108天
等级: 1
石头: 34
呼符: 0
友情点: 0 / 94000`
*連続ログイン3日目
※ログインが途切れるか、7日到達すると
1日目から再開されます*
`叡智の猛火 X 1
6月交換券(2022) X 1
`*キャンペーン概要説明*
*キャンペーン概要説明*
``_2022-06-22 19:36:00_
--------
