【登录信息】
[3084073a697602a159acb3c9452b4b00]
`登陆天数: 149天 / 1843天
等级: 160
石头: 601
呼符: 6
友情点: 0 / 1347110`
*連続ログイン2日目
※ログインが途切れるか、7日到達すると
1日目から再開されます*
`聖晶石 X 1
6月交換券(2022) X 1
`*FGO カルデア放送局 ライト版 FGO Fes. 2022＆ゲーム最新情報 放送記念 初回ログインボーナス*
*開催期間中、初回ログインで「聖晶石×14」をプレゼント！*
`聖晶石 X 14
`_2022-06-29 19:36:15_
--------
[517ccfc56e0b068f419634fc871e36b0]
`登陆天数: 74天 / 94天
等级: 1
石头: 0
呼符: 0
友情点: 0 / 122000`
*連続ログイン4日目
※ログインが途切れるか、7日到達すると
1日目から再開されます*
`聖晶石 X 1
6月交換券(2022) X 1
`_2022-06-29 19:36:24_
--------
[bd62bce1f10a8ea80c682ed6f811ef8f]
`登陆天数: 73天 / 115天
等级: 1
石头: 34
呼符: 0
友情点: 0 / 94000`
*連続ログイン3日目
※ログインが途切れるか、7日到達すると
1日目から再開されます*
`叡智の猛火 X 1
6月交換券(2022) X 1
`_2022-06-29 19:36:32_
--------
