【登录信息】
*3084073a697602a159acb3c9452b4b00*
`登陆天数: 307天 / 2001天
等级: 160
石头: 1085
呼符: 9
体力: 51.263333333333335 / 144
友情点: 75 / 4966950`
*連続ログイン6日目
※ログインが途切れるか、7日到達すると
1日目から再開されます*
`聖晶石 X 2
12月交換券(2022) X 1
`_2022-12-04 19:37:28_
--------
*517ccfc56e0b068f419634fc871e36b0*
`登陆天数: 232天 / 252天
等级: 1
石头: 298
呼符: 28
体力: 718378.91 / 20
友情点: 0 / 178000`
*連続ログイン1日目
※ログインが途切れるか、7日到達すると
1日目から再開されます*
`フレンドポイント X 2000
12月交換券(2022) X 1
`_2022-12-04 19:37:37_
--------
*bd62bce1f10a8ea80c682ed6f811ef8f*
`登陆天数: 231天 / 273天
等级: 1
石头: 73
呼符: 36
体力: 717667.2633333333 / 20
友情点: 0 / 156000`
*連続ログイン7日間到達おめでとうございます！
明日は1日目からリスタートされます。*
`獣の足跡 X 1
呼符 X 1
12月交換券(2022) X 1
`_2022-12-04 19:37:45_
--------
