【登录信息】
*3084073a697602a159acb3c9452b4b00*
`登陆天数: 309天 / 2003天
等级: 160
石头: 1100
呼符: 9
体力: 142.93 / 144
友情点: 395 / 4968295`
*連続ログイン1日目
※ログインが途切れるか、7日到達すると
1日目から再開されます*
`フレンドポイント X 2000
12月交換券(2022) X 1
`_2022-12-06 19:37:34_
--------
*517ccfc56e0b068f419634fc871e36b0*
`登陆天数: 234天 / 254天
等级: 1
石头: 298
呼符: 28
体力: 718954.9333333333 / 20
友情点: 0 / 178000`
*連続ログイン3日目
※ログインが途切れるか、7日到達すると
1日目から再開されます*
`叡智の業火 X 1
12月交換券(2022) X 1
`_2022-12-06 19:37:43_
--------
*bd62bce1f10a8ea80c682ed6f811ef8f*
`登陆天数: 233天 / 275天
等级: 1
石头: 73
呼符: 36
体力: 718243.2833333333 / 20
友情点: 0 / 156000`
*連続ログイン2日目
※ログインが途切れるか、7日到達すると
1日目から再開されます*
`聖晶石 X 1
12月交換券(2022) X 1
`_2022-12-06 19:37:51_
--------
