【登录信息】
*3084073a697602a159acb3c9452b4b00*
`登陆天数: 312天 / 2006天
等级: 160
石头: 1108
呼符: 0
体力: 432.49 / 144
友情点: 110 / 4970865`
*連続ログイン4日目
※ログインが途切れるか、7日到達すると
1日目から再開されます*
`聖晶石 X 1
12月交換券(2022) X 1
`_2022-12-09 19:37:26_
--------
*517ccfc56e0b068f419634fc871e36b0*
`登陆天数: 237天 / 257天
等级: 1
石头: 298
呼符: 28
体力: 719818.9033333333 / 20
友情点: 0 / 178000`
*連続ログイン6日目
※ログインが途切れるか、7日到達すると
1日目から再開されます*
`聖晶石 X 2
12月交換券(2022) X 1
`_2022-12-09 19:37:35_
--------
*bd62bce1f10a8ea80c682ed6f811ef8f*
`登陆天数: 236天 / 278天
等级: 1
石头: 73
呼符: 36
体力: 719107.2566666667 / 20
友情点: 0 / 156000`
*連続ログイン5日目
※ログインが途切れるか、7日到達すると
1日目から再開されます*
`叡智の業火 X 2
12月交換券(2022) X 1
`_2022-12-09 19:37:43_
--------
