【登录信息】
*3084073a697602a159acb3c9452b4b00*
`登陆天数: 313天 / 2007天
等级: 160
石头: 1078
呼符: 0
体力: 720.49 / 144
友情点: 150 / 4971265`
*連続ログイン5日目
※ログインが途切れるか、7日到達すると
1日目から再開されます*
`叡智の業火 X 2
12月交換券(2022) X 1
`_2022-12-10 19:37:25_
--------
*517ccfc56e0b068f419634fc871e36b0*
`登陆天数: 238天 / 258天
等级: 1
石头: 298
呼符: 28
体力: 720106.9033333333 / 20
友情点: 0 / 178000`
*連続ログイン7日間到達おめでとうございます！
明日は1日目からリスタートされます。*
`獣の足跡 X 1
呼符 X 1
12月交換券(2022) X 1
`_2022-12-10 19:37:34_
--------
*bd62bce1f10a8ea80c682ed6f811ef8f*
`登陆天数: 237天 / 279天
等级: 1
石头: 73
呼符: 36
体力: 719395.2533333333 / 20
友情点: 0 / 156000`
*連続ログイン6日目
※ログインが途切れるか、7日到達すると
1日目から再開されます*
`聖晶石 X 2
12月交換券(2022) X 1
`_2022-12-10 19:37:42_
--------
