【登录信息】
*3084073a697602a159acb3c9452b4b00*
`登陆天数: 315天 / 2009天
等级: 160
石头: 982
呼符: 0
体力: 83.39 / 144
友情点: 355 / 4983130`
*連続ログイン7日間到達おめでとうございます！
明日は1日目からリスタートされます。*
`獣の足跡 X 1
呼符 X 1
12月交換券(2022) X 1
`*「MELTY BLOOD: TYPE LUMINA」牛若丸＆巌窟王参戦記念特別ログインボーナス*
*開催期間中、1日1回 最大3回 ログインボーナスをプレゼント！*
`永劫の復讐鬼 X 1
星見のティーポット X 2
`_2022-12-12 19:38:11_
--------
*517ccfc56e0b068f419634fc871e36b0*
`登陆天数: 240天 / 260天
等级: 1
石头: 298
呼符: 28
体力: 720683.0533333333 / 20
友情点: 0 / 178000`
*連続ログイン2日目
※ログインが途切れるか、7日到達すると
1日目から再開されます*
`聖晶石 X 1
12月交換券(2022) X 1
`_2022-12-12 19:38:19_
--------
*bd62bce1f10a8ea80c682ed6f811ef8f*
`登陆天数: 239天 / 281天
等级: 1
石头: 73
呼符: 36
体力: 719971.4033333333 / 20
友情点: 0 / 156000`
*連続ログイン1日目
※ログインが途切れるか、7日到達すると
1日目から再開されます*
`フレンドポイント X 2000
12月交換券(2022) X 1
`_2022-12-12 19:38:27_
--------
