【登录信息】
*3084073a697602a159acb3c9452b4b00*
`登陆天数: 321天 / 2015天
等级: 160
石头: 584
呼符: 0
体力: 425.0566666666667 / 144
友情点: 140 / 5054295`
*連続ログイン6日目
※ログインが途切れるか、7日到達すると
1日目から再開されます*
`聖晶石 X 2
12月交換券(2022) X 1
`*リリース2700日突破キャンペーン 初回ログインボーナス*
*開催期間中、初回ログインで「聖晶石×10」をプレゼント！*
`聖晶石 X 10
`_2022-12-18 19:37:26_
--------
*517ccfc56e0b068f419634fc871e36b0*
`登陆天数: 246天 / 266天
等级: 1
石头: 298
呼符: 28
体力: 722410.9033333333 / 20
友情点: 0 / 178000`
*連続ログイン1日目
※ログインが途切れるか、7日到達すると
1日目から再開されます*
`フレンドポイント X 2000
12月交換券(2022) X 1
`_2022-12-18 19:37:35_
--------
*bd62bce1f10a8ea80c682ed6f811ef8f*
`登陆天数: 245天 / 287天
等级: 1
石头: 73
呼符: 36
体力: 721699.2566666667 / 20
友情点: 0 / 156000`
*連続ログイン7日間到達おめでとうございます！
明日は1日目からリスタートされます。*
`獣の足跡 X 1
呼符 X 1
12月交換券(2022) X 1
`_2022-12-18 19:37:43_
--------
