【登录信息】
*3084073a697602a159acb3c9452b4b00*
`登陆天数: 322天 / 2016天
等级: 160
石头: 584
呼符: 0
体力: 713.0733333333334 / 144
友情点: 105 / 5054400`
*連続ログイン7日間到達おめでとうございます！
明日は1日目からリスタートされます。*
`獣の足跡 X 1
呼符 X 1
12月交換券(2022) X 1
`*「Lostbelt No.7」開幕直前
カウントダウンログインボーナス*
*開催期間中、1日1回 6日間日替りでログインボーナスをプレゼント！*
`叡智の業火 X 7
`_2022-12-19 19:37:32_
--------
*517ccfc56e0b068f419634fc871e36b0*
`登陆天数: 247天 / 267天
等级: 1
石头: 298
呼符: 28
体力: 722698.9233333333 / 20
友情点: 0 / 178000`
*連続ログイン2日目
※ログインが途切れるか、7日到達すると
1日目から再開されます*
`聖晶石 X 1
12月交換券(2022) X 1
`_2022-12-19 19:37:41_
--------
*bd62bce1f10a8ea80c682ed6f811ef8f*
`登陆天数: 246天 / 288天
等级: 1
石头: 73
呼符: 36
体力: 721987.2766666666 / 20
友情点: 0 / 156000`
*連続ログイン1日目
※ログインが途切れるか、7日到達すると
1日目から再開されます*
`フレンドポイント X 2000
12月交換券(2022) X 1
`_2022-12-19 19:37:49_
--------
