【登录信息】
*3084073a697602a159acb3c9452b4b00*
`登陆天数: 323天 / 2017天
等级: 160
石头: 584
呼符: 0
体力: 1001.05 / 144
友情点: 875 / 5055325`
*連続ログイン1日目
※ログインが途切れるか、7日到達すると
1日目から再開されます*
`フレンドポイント X 2000
12月交換券(2022) X 1
`*「Lostbelt No.7」開幕直前
カウントダウンログインボーナス*
*開催期間中、1日1回 6日間日替りでログインボーナスをプレゼント！*
`英霊結晶・星のフォウくん X 7
英霊結晶・太陽のフォウくん X 7
`_2022-12-20 19:37:25_
--------
*517ccfc56e0b068f419634fc871e36b0*
`登陆天数: 248天 / 268天
等级: 1
石头: 298
呼符: 28
体力: 722986.9 / 20
友情点: 0 / 178000`
*連続ログイン3日目
※ログインが途切れるか、7日到達すると
1日目から再開されます*
`叡智の業火 X 1
12月交換券(2022) X 1
`_2022-12-20 19:37:33_
--------
*bd62bce1f10a8ea80c682ed6f811ef8f*
`登陆天数: 247天 / 289天
等级: 1
石头: 73
呼符: 36
体力: 722275.25 / 20
友情点: 0 / 156000`
*連続ログイン2日目
※ログインが途切れるか、7日到達すると
1日目から再開されます*
`聖晶石 X 1
12月交換券(2022) X 1
`_2022-12-20 19:37:41_
--------
