【登录信息】
*3084073a697602a159acb3c9452b4b00*
`登陆天数: 326天 / 2020天
等级: 160
石头: 608
呼符: 1
体力: 115.8 / 144
友情点: 95 / 5137160`
*連続ログイン4日目
※ログインが途切れるか、7日到達すると
1日目から再開されます*
`聖晶石 X 1
12月交換券(2022) X 1
`*「FGO ウィンターパーティー 2022-2023」北海道会場開催直前 ログインボーナス*
*開催期間中、1日1回 最大3回 ログインボーナスをプレゼント！*
`黄金の果実 X 1
`_2022-12-23 19:37:45_
--------
*517ccfc56e0b068f419634fc871e36b0*
`登陆天数: 251天 / 271天
等级: 1
石头: 2
呼符: 0
体力: 723850.9666666667 / 20
友情点: 0 / 186000`
*連続ログイン6日目
※ログインが途切れるか、7日到達すると
1日目から再開されます*
`聖晶石 X 2
12月交換券(2022) X 1
`_2022-12-23 19:37:53_
--------
*bd62bce1f10a8ea80c682ed6f811ef8f*
`登陆天数: 250天 / 292天
等级: 1
石头: 5
呼符: 0
体力: 723139.3166666667 / 20
友情点: 0 / 164000`
*連続ログイン5日目
※ログインが途切れるか、7日到達すると
1日目から再開されます*
`叡智の業火 X 2
12月交換券(2022) X 1
`_2022-12-23 19:38:01_
--------
