【登录信息】
*3084073a697602a159acb3c9452b4b00*
`登陆天数: 327天 / 2021天
等级: 160
石头: 609
呼符: 1
体力: 112.33 / 144
友情点: 125 / 5137350`
*連続ログイン5日目
※ログインが途切れるか、7日到達すると
1日目から再開されます*
`叡智の業火 X 2
12月交換券(2022) X 1
`*新所長からのクリスマスプレゼント*
*開催期間中、初回ログインで「聖晶石×10」をプレゼント！*
`聖晶石 X 10
`_2022-12-24 19:37:27_
--------
*517ccfc56e0b068f419634fc871e36b0*
`登陆天数: 252天 / 272天
等级: 1
石头: 2
呼符: 0
体力: 724138.9066666666 / 20
友情点: 0 / 186000`
*連続ログイン7日間到達おめでとうございます！
明日は1日目からリスタートされます。*
`獣の足跡 X 1
呼符 X 1
12月交換券(2022) X 1
`*新所長からのクリスマスプレゼント*
*開催期間中、初回ログインで「聖晶石×10」をプレゼント！*
`聖晶石 X 10
`_2022-12-24 19:37:36_
--------
*bd62bce1f10a8ea80c682ed6f811ef8f*
`登陆天数: 251天 / 293天
等级: 1
石头: 5
呼符: 0
体力: 723427.26 / 20
友情点: 0 / 164000`
*連続ログイン6日目
※ログインが途切れるか、7日到達すると
1日目から再開されます*
`聖晶石 X 2
12月交換券(2022) X 1
`*新所長からのクリスマスプレゼント*
*開催期間中、初回ログインで「聖晶石×10」をプレゼント！*
`聖晶石 X 10
`_2022-12-24 19:37:43_
--------
