【登录信息】
*3084073a697602a159acb3c9452b4b00*
`登陆天数: 328天 / 2022天
等级: 160
石头: 609
呼符: 1
体力: 247.43666666666667 / 144
友情点: 145 / 5137565`
*連続ログイン6日目
※ログインが途切れるか、7日到達すると
1日目から再開されます*
`聖晶石 X 2
12月交換券(2022) X 1
`_2022-12-25 19:37:35_
--------
*517ccfc56e0b068f419634fc871e36b0*
`登陆天数: 253天 / 273天
等级: 1
石头: 2
呼符: 0
体力: 724426.9333333333 / 20
友情点: 0 / 186000`
*連続ログイン1日目
※ログインが途切れるか、7日到達すると
1日目から再開されます*
`フレンドポイント X 2000
12月交換券(2022) X 1
`_2022-12-25 19:37:44_
--------
*bd62bce1f10a8ea80c682ed6f811ef8f*
`登陆天数: 252天 / 294天
等级: 1
石头: 5
呼符: 0
体力: 723715.2866666666 / 20
友情点: 0 / 164000`
*連続ログイン7日間到達おめでとうございます！
明日は1日目からリスタートされます。*
`獣の足跡 X 1
呼符 X 1
12月交換券(2022) X 1
`_2022-12-25 19:37:52_
--------
