【登录信息】
*3084073a697602a159acb3c9452b4b00*
`登陆天数: 329天 / 2023天
等级: 160
石头: 609
呼符: 1
体力: 143.11666666666667 / 144
友情点: 265 / 5138050`
*連続ログイン7日間到達おめでとうございます！
明日は1日目からリスタートされます。*
`獣の足跡 X 1
呼符 X 1
12月交換券(2022) X 1
`_2022-12-26 19:37:28_
--------
*517ccfc56e0b068f419634fc871e36b0*
`登陆天数: 254天 / 274天
等级: 1
石头: 2
呼符: 0
体力: 724714.91 / 20
友情点: 0 / 186000`
*連続ログイン2日目
※ログインが途切れるか、7日到達すると
1日目から再開されます*
`聖晶石 X 1
12月交換券(2022) X 1
`_2022-12-26 19:37:37_
--------
*bd62bce1f10a8ea80c682ed6f811ef8f*
`登陆天数: 253天 / 295天
等级: 1
石头: 5
呼符: 0
体力: 724003.2633333333 / 20
友情点: 0 / 164000`
*連続ログイン1日目
※ログインが途切れるか、7日到達すると
1日目から再開されます*
`フレンドポイント X 2000
12月交換券(2022) X 1
`_2022-12-26 19:37:45_
--------
