【登录信息】
*3084073a697602a159acb3c9452b4b00*
`登陆天数: 330天 / 2024天
等级: 160
石头: 609
呼符: 1
体力: 112.66666666666667 / 144
友情点: 135 / 5140265`
*連続ログイン1日目
※ログインが途切れるか、7日到達すると
1日目から再開されます*
`フレンドポイント X 2000
12月交換券(2022) X 1
`_2022-12-27 19:37:27_
--------
*517ccfc56e0b068f419634fc871e36b0*
`登陆天数: 255天 / 275天
等级: 1
石头: 2
呼符: 0
体力: 725002.9066666666 / 20
友情点: 0 / 186000`
*連続ログイン3日目
※ログインが途切れるか、7日到達すると
1日目から再開されます*
`叡智の業火 X 1
12月交換券(2022) X 1
`_2022-12-27 19:37:35_
--------
*bd62bce1f10a8ea80c682ed6f811ef8f*
`登陆天数: 254天 / 296天
等级: 1
石头: 5
呼符: 0
体力: 724291.2566666667 / 20
友情点: 0 / 164000`
*連続ログイン2日目
※ログインが途切れるか、7日到達すると
1日目から再開されます*
`聖晶石 X 1
12月交換券(2022) X 1
`_2022-12-27 19:37:43_
--------
