【登录信息】
*3084073a697602a159acb3c9452b4b00*
`登陆天数: 331天 / 2025天
等级: 160
石头: 609
呼符: 1
体力: 80.84 / 144
友情点: 530 / 5143860`
*連続ログイン2日目
※ログインが途切れるか、7日到達すると
1日目から再開されます*
`聖晶石 X 1
12月交換券(2022) X 1
`*Fate Project 大晦日TVスペシャル2022 放送カウントダウンログインボーナス*
*開催期間中、1日1回 3日間日替りでログインボーナスをプレゼント！*
`黄金の果実 X 1
`_2022-12-28 19:37:24_
--------
*517ccfc56e0b068f419634fc871e36b0*
`登陆天数: 256天 / 276天
等级: 1
石头: 2
呼符: 0
体力: 725290.8966666666 / 20
友情点: 0 / 186000`
*連続ログイン4日目
※ログインが途切れるか、7日到達すると
1日目から再開されます*
`聖晶石 X 1
12月交換券(2022) X 1
`_2022-12-28 19:37:32_
--------
*bd62bce1f10a8ea80c682ed6f811ef8f*
`登陆天数: 255天 / 297天
等级: 1
石头: 5
呼符: 0
体力: 724579.25 / 20
友情点: 0 / 164000`
*連続ログイン3日目
※ログインが途切れるか、7日到達すると
1日目から再開されます*
`叡智の業火 X 1
12月交換券(2022) X 1
`_2022-12-28 19:37:40_
--------
