【登录信息】
[3084073a697602a159acb3c9452b4b00]
`登陆天数: 170天 / 1864天
等级: 160
石头: 635
呼符: 2
友情点: 175 / 1353965`
*連続ログイン2日目
※ログインが途切れるか、7日到達すると
1日目から再開されます*
`聖晶石 X 1
7月交換券(2022) X 1
`_2022-07-20 19:36:00_
--------
[517ccfc56e0b068f419634fc871e36b0]
`登陆天数: 95天 / 115天
等级: 1
石头: 0
呼符: 0
友情点: 0 / 122000`
*連続ログイン4日目
※ログインが途切れるか、7日到達すると
1日目から再開されます*
`聖晶石 X 1
7月交換券(2022) X 1
`_2022-07-20 19:36:09_
--------
[bd62bce1f10a8ea80c682ed6f811ef8f]
`登陆天数: 94天 / 136天
等级: 1
石头: 34
呼符: 0
友情点: 0 / 94000`
*連続ログイン3日目
※ログインが途切れるか、7日到達すると
1日目から再開されます*
`叡智の猛火 X 1
7月交換券(2022) X 1
`_2022-07-20 19:36:17_
--------
