【登录信息】
[3084073a697602a159acb3c9452b4b00]
`登陆天数: 175天 / 1869天
等级: 160
石头: 666
呼符: 0
友情点: 80 / 1362220`
*連続ログイン7日間到達おめでとうございます！
明日は1日目からリスタートされます。*
`獣の足跡 X 1
呼符 X 1
7月交換券(2022) X 1
`*7周年カウントダウンキャンペーン
特別ログインボーナス*
*開催期間中、1日1回 最大7回 ログインボーナスをプレゼント！*
`黄金の果実 X 1
`_2022-07-25 19:37:36_
--------
[517ccfc56e0b068f419634fc871e36b0]
`登陆天数: 100天 / 120天
等级: 1
石头: 0
呼符: 0
友情点: 0 / 122000`
*連続ログイン2日目
※ログインが途切れるか、7日到達すると
1日目から再開されます*
`聖晶石 X 1
7月交換券(2022) X 1
`_2022-07-25 19:37:46_
--------
[bd62bce1f10a8ea80c682ed6f811ef8f]
`登陆天数: 99天 / 141天
等级: 1
石头: 34
呼符: 0
友情点: 0 / 94000`
*連続ログイン1日目
※ログインが途切れるか、7日到達すると
1日目から再開されます*
`フレンドポイント X 2000
7月交換券(2022) X 1
`_2022-07-25 19:37:55_
--------
