【登录信息】
[3084073a697602a159acb3c9452b4b00]
`登陆天数: 176天 / 1870天
等级: 160
石头: 666
呼符: 0
友情点: 10 / 1362515`
*連続ログイン1日目
※ログインが途切れるか、7日到達すると
1日目から再開されます*
`フレンドポイント X 2000
7月交換券(2022) X 1
`*7周年カウントダウンキャンペーン
特別ログインボーナス*
*開催期間中、1日1回 最大7回 ログインボーナスをプレゼント！*
`黄金の果実 X 1
`_2022-07-26 19:35:52_
--------
[517ccfc56e0b068f419634fc871e36b0]
`登陆天数: 101天 / 121天
等级: 1
石头: 0
呼符: 0
友情点: 0 / 122000`
*連続ログイン3日目
※ログインが途切れるか、7日到達すると
1日目から再開されます*
`叡智の猛火 X 1
7月交換券(2022) X 1
`_2022-07-26 19:36:01_
--------
[bd62bce1f10a8ea80c682ed6f811ef8f]
`登陆天数: 100天 / 142天
等级: 1
石头: 34
呼符: 0
友情点: 0 / 94000`
*連続ログイン2日目
※ログインが途切れるか、7日到達すると
1日目から再開されます*
`聖晶石 X 1
7月交換券(2022) X 1
`_2022-07-26 19:36:09_
--------
