【登录信息】
[3084073a697602a159acb3c9452b4b00]
`登陆天数: 180天 / 1874天
等级: 160
石头: 666
呼符: 3
友情点: 50 / 1365130`
*連続ログイン5日目
※ログインが途切れるか、7日到達すると
1日目から再開されます*
`叡智の猛火 X 2
7月交換券(2022) X 1
`_2022-07-30 19:35:53_
--------
[517ccfc56e0b068f419634fc871e36b0]
`登陆天数: 105天 / 125天
等级: 1
石头: 0
呼符: 0
友情点: 0 / 122000`
*連続ログイン7日間到達おめでとうございます！
明日は1日目からリスタートされます。*
`獣の足跡 X 1
呼符 X 1
7月交換券(2022) X 1
`_2022-07-30 19:36:02_
--------
[bd62bce1f10a8ea80c682ed6f811ef8f]
`登陆天数: 104天 / 146天
等级: 1
石头: 34
呼符: 0
友情点: 0 / 94000`
*連続ログイン6日目
※ログインが途切れるか、7日到達すると
1日目から再開されます*
`聖晶石 X 2
7月交換券(2022) X 1
`_2022-07-30 19:36:10_
--------
