【登录信息】
*3084073a697602a159acb3c9452b4b00*
`登陆天数: 577天 / 2271天
等级: 161
石头: 2
呼符: 0
体力: 68.84333333333333 / 144
友情点: 300 / 6665665`
*連続ログイン3日目
※ログインが途切れるか、7日到達すると
1日目から再開されます*
`叡智の業火 X 1
9月交換券(2023) X 1
`_2023-08-31 19:38:09_
--------
*517ccfc56e0b068f419634fc871e36b0*
`登陆天数: 22天 / 489天
等级: 1
石头: 2
呼符: 0
体力: 796139.05 / 20
友情点: 0 / 186000`
*連続ログイン1日目
※ログインが途切れるか、7日到達すると
1日目から再開されます*
`フレンドポイント X 2000
9月交換券(2023) X 1
`_2023-08-31 19:38:18_
--------
*bd62bce1f10a8ea80c682ed6f811ef8f*
`登陆天数: 22天 / 510天
等级: 1
石头: 5
呼符: 0
体力: 795427.4033333333 / 20
友情点: 0 / 164000`
*連続ログイン1日目
※ログインが途切れるか、7日到達すると
1日目から再開されます*
`フレンドポイント X 2000
9月交換券(2023) X 1
`_2023-08-31 19:38:26_
--------
