【登录信息】
*3084073a697602a159acb3c9452b4b00*
`登陆天数: 578天 / 2272天
等级: 161
石头: 2
呼符: 0
体力: 105.95 / 144
友情点: 160 / 6666215`
*連続ログイン4日目
※ログインが途切れるか、7日到達すると
1日目から再開されます*
`聖晶石 X 1
9月交換券(2023) X 1
`*ハンティングクエスト 第13弾
特別ログインボーナス*
*開催期間中、1日1回 最大7回ログインボーナスをプレゼント！*
`黄金の果実 X 1
`_2023-09-01 19:38:07_
--------
*517ccfc56e0b068f419634fc871e36b0*
`登陆天数: 23天 / 490天
等级: 1
石头: 2
呼符: 0
体力: 796427.0433333333 / 20
友情点: 0 / 186000`
*連続ログイン2日目
※ログインが途切れるか、7日到達すると
1日目から再開されます*
`聖晶石 X 1
9月交換券(2023) X 1
`_2023-09-01 19:38:16_
--------
*bd62bce1f10a8ea80c682ed6f811ef8f*
`登陆天数: 23天 / 511天
等级: 1
石头: 5
呼符: 0
体力: 795715.3933333333 / 20
友情点: 0 / 164000`
*連続ログイン2日目
※ログインが途切れるか、7日到達すると
1日目から再開されます*
`聖晶石 X 1
9月交換券(2023) X 1
`_2023-09-01 19:38:24_
--------
