【登录信息】
*3084073a697602a159acb3c9452b4b00*
`登陆天数: 579天 / 2273天
等级: 161
石头: 2
呼符: 0
体力: 112.86666666666667 / 144
友情点: 210 / 6667505`
*連続ログイン5日目
※ログインが途切れるか、7日到達すると
1日目から再開されます*
`叡智の業火 X 2
9月交換券(2023) X 1
`*ハンティングクエスト 第13弾
特別ログインボーナス*
*開催期間中、1日1回 最大7回ログインボーナスをプレゼント！*
`黄金の果実 X 1
`_2023-09-02 19:37:59_
--------
*517ccfc56e0b068f419634fc871e36b0*
`登陆天数: 24天 / 491天
等级: 1
石头: 2
呼符: 0
体力: 796715.0166666667 / 20
友情点: 0 / 186000`
*連続ログイン3日目
※ログインが途切れるか、7日到達すると
1日目から再開されます*
`叡智の業火 X 1
9月交換券(2023) X 1
`_2023-09-02 19:38:09_
--------
*bd62bce1f10a8ea80c682ed6f811ef8f*
`登陆天数: 24天 / 512天
等级: 1
石头: 5
呼符: 0
体力: 796003.37 / 20
友情点: 0 / 164000`
*連続ログイン3日目
※ログインが途切れるか、7日到達すると
1日目から再開されます*
`叡智の業火 X 1
9月交換券(2023) X 1
`_2023-09-02 19:38:16_
--------
