【登录信息】
*3084073a697602a159acb3c9452b4b00*
`登陆天数: 580天 / 2274天
等级: 161
石头: 2
呼符: 0
体力: 400.92333333333335 / 144
友情点: 520 / 6668225`
*連続ログイン6日目
※ログインが途切れるか、7日到達すると
1日目から再開されます*
`聖晶石 X 2
9月交換券(2023) X 1
`*ハンティングクエスト 第13弾
特別ログインボーナス*
*開催期間中、1日1回 最大7回ログインボーナスをプレゼント！*
`黄金の果実 X 1
`_2023-09-03 19:38:16_
--------
*517ccfc56e0b068f419634fc871e36b0*
`登陆天数: 25天 / 492天
等级: 1
石头: 2
呼符: 0
体力: 797003.0766666667 / 20
友情点: 0 / 186000`
*連続ログイン4日目
※ログインが途切れるか、7日到達すると
1日目から再開されます*
`聖晶石 X 1
9月交換券(2023) X 1
`_2023-09-03 19:38:26_
--------
*bd62bce1f10a8ea80c682ed6f811ef8f*
`登陆天数: 25天 / 513天
等级: 1
石头: 5
呼符: 0
体力: 796291.43 / 20
友情点: 0 / 164000`
*連続ログイン4日目
※ログインが途切れるか、7日到達すると
1日目から再開されます*
`聖晶石 X 1
9月交換券(2023) X 1
`_2023-09-03 19:38:34_
--------
