【登录信息】
*3084073a697602a159acb3c9452b4b00*
`登陆天数: 582天 / 2276天
等级: 161
石头: 2
呼符: 0
体力: 976.95 / 144
友情点: 530 / 6669225`
*連続ログイン1日目
※ログインが途切れるか、7日到達すると
1日目から再開されます*
`フレンドポイント X 2000
9月交換券(2023) X 1
`*ハンティングクエスト 第13弾
特別ログインボーナス*
*開催期間中、1日1回 最大7回ログインボーナスをプレゼント！*
`黄金の果実 X 1
`_2023-09-05 19:38:24_
--------
*517ccfc56e0b068f419634fc871e36b0*
`登陆天数: 27天 / 494天
等级: 1
石头: 2
呼符: 0
体力: 797579.1 / 20
友情点: 0 / 186000`
*連続ログイン6日目
※ログインが途切れるか、7日到達すると
1日目から再開されます*
`聖晶石 X 2
9月交換券(2023) X 1
`_2023-09-05 19:38:33_
--------
*bd62bce1f10a8ea80c682ed6f811ef8f*
`登陆天数: 27天 / 515天
等级: 1
石头: 5
呼符: 0
体力: 796867.4533333334 / 20
友情点: 0 / 164000`
*連続ログイン6日目
※ログインが途切れるか、7日到達すると
1日目から再開されます*
`聖晶石 X 2
9月交換券(2023) X 1
`_2023-09-05 19:38:41_
--------
