【登录信息】
*3084073a697602a159acb3c9452b4b00*
`登陆天数: 583天 / 2277天
等级: 161
石头: 2
呼符: 0
体力: 1264.9033333333334 / 144
友情点: 605 / 6669830`
*連続ログイン2日目
※ログインが途切れるか、7日到達すると
1日目から再開されます*
`聖晶石 X 1
9月交換券(2023) X 1
`*ハンティングクエスト 第13弾
特別ログインボーナス*
*開催期間中、1日1回 最大7回ログインボーナスをプレゼント！*
`黄金の果実 X 1
`_2023-09-06 19:38:09_
--------
*517ccfc56e0b068f419634fc871e36b0*
`登陆天数: 28天 / 495天
等级: 1
石头: 2
呼符: 0
体力: 797867.0533333333 / 20
友情点: 0 / 186000`
*連続ログイン7日間到達おめでとうございます！
明日は1日目からリスタートされます。*
`獣の足跡 X 1
呼符 X 1
9月交換券(2023) X 1
`_2023-09-06 19:38:19_
--------
*bd62bce1f10a8ea80c682ed6f811ef8f*
`登陆天数: 28天 / 516天
等级: 1
石头: 5
呼符: 0
体力: 797155.4066666666 / 20
友情点: 0 / 164000`
*連続ログイン7日間到達おめでとうございます！
明日は1日目からリスタートされます。*
`獣の足跡 X 1
呼符 X 1
9月交換券(2023) X 1
`_2023-09-06 19:38:27_
--------
