【登录信息】
*3084073a697602a159acb3c9452b4b00*
`登陆天数: 586天 / 2280天
等级: 161
石头: 2
呼符: 0
体力: 2128.9366666666665 / 144
友情点: 230 / 6670785`
*連続ログイン5日目
※ログインが途切れるか、7日到達すると
1日目から再開されます*
`叡智の業火 X 2
9月交換券(2023) X 1
`_2023-09-09 19:38:19_
--------
*517ccfc56e0b068f419634fc871e36b0*
`登陆天数: 31天 / 498天
等级: 1
石头: 2
呼符: 0
体力: 798731.0866666667 / 20
友情点: 0 / 186000`
*連続ログイン3日目
※ログインが途切れるか、7日到達すると
1日目から再開されます*
`叡智の業火 X 1
9月交換券(2023) X 1
`_2023-09-09 19:38:29_
--------
*bd62bce1f10a8ea80c682ed6f811ef8f*
`登陆天数: 31天 / 519天
等级: 1
石头: 5
呼符: 0
体力: 798019.4433333334 / 20
友情点: 0 / 164000`
*連続ログイン3日目
※ログインが途切れるか、7日到達すると
1日目から再開されます*
`叡智の業火 X 1
9月交換券(2023) X 1
`_2023-09-09 19:38:38_
--------
