【登录信息】
*3084073a697602a159acb3c9452b4b00*
`登陆天数: 587天 / 2281天
等级: 161
石头: 2
呼符: 0
体力: 128.14666666666668 / 144
友情点: 260 / 6671430`
*連続ログイン6日目
※ログインが途切れるか、7日到達すると
1日目から再開されます*
`聖晶石 X 2
9月交換券(2023) X 1
`_2023-09-10 19:38:16_
--------
*517ccfc56e0b068f419634fc871e36b0*
`登陆天数: 32天 / 499天
等级: 1
石头: 2
呼符: 0
体力: 799019.0766666667 / 20
友情点: 0 / 186000`
*連続ログイン4日目
※ログインが途切れるか、7日到達すると
1日目から再開されます*
`聖晶石 X 1
9月交換券(2023) X 1
`_2023-09-10 19:38:26_
--------
*bd62bce1f10a8ea80c682ed6f811ef8f*
`登陆天数: 32天 / 520天
等级: 1
石头: 5
呼符: 0
体力: 798307.43 / 20
友情点: 0 / 164000`
*連続ログイン4日目
※ログインが途切れるか、7日到達すると
1日目から再開されます*
`聖晶石 X 1
9月交換券(2023) X 1
`_2023-09-10 19:38:34_
--------
