【登录信息】
*3084073a697602a159acb3c9452b4b00*
`登陆天数: 589天 / 2283天
等级: 161
石头: 2
呼符: 0
体力: 704.1233333333333 / 144
友情点: 640 / 6673040`
*連続ログイン1日目
※ログインが途切れるか、7日到達すると
1日目から再開されます*
`フレンドポイント X 2000
9月交換券(2023) X 1
`_2023-09-12 19:38:08_
--------
*517ccfc56e0b068f419634fc871e36b0*
`登陆天数: 34天 / 501天
等级: 1
石头: 2
呼符: 0
体力: 799595.05 / 20
友情点: 0 / 186000`
*連続ログイン6日目
※ログインが途切れるか、7日到達すると
1日目から再開されます*
`聖晶石 X 2
9月交換券(2023) X 1
`_2023-09-12 19:38:18_
--------
*bd62bce1f10a8ea80c682ed6f811ef8f*
`登陆天数: 34天 / 522天
等级: 1
石头: 5
呼符: 0
体力: 798883.4033333333 / 20
友情点: 0 / 164000`
*連続ログイン6日目
※ログインが途切れるか、7日到達すると
1日目から再開されます*
`聖晶石 X 2
9月交換券(2023) X 1
`_2023-09-12 19:38:26_
--------
