【登录信息】
*3084073a697602a159acb3c9452b4b00*
`登陆天数: 591天 / 2285天
等级: 161
石头: 2
呼符: 0
体力: 1280.15 / 144
友情点: 750 / 6674130`
*連続ログイン3日目
※ログインが途切れるか、7日到達すると
1日目から再開されます*
`叡智の業火 X 1
9月交換券(2023) X 1
`*日替りログインボーナス*
*開催期間中、1日1回 2週間日替りでログインボーナスをプレゼント！*
`巡霊の葉 X 30
`_2023-09-14 19:38:17_
--------
*517ccfc56e0b068f419634fc871e36b0*
`登陆天数: 36天 / 503天
等级: 1
石头: 2
呼符: 0
体力: 800171.0766666667 / 20
友情点: 0 / 186000`
*連続ログイン1日目
※ログインが途切れるか、7日到達すると
1日目から再開されます*
`フレンドポイント X 2000
9月交換券(2023) X 1
`_2023-09-14 19:38:27_
--------
*bd62bce1f10a8ea80c682ed6f811ef8f*
`登陆天数: 36天 / 524天
等级: 1
石头: 5
呼符: 0
体力: 799459.4333333333 / 20
友情点: 0 / 164000`
*連続ログイン1日目
※ログインが途切れるか、7日到達すると
1日目から再開されます*
`フレンドポイント X 2000
9月交換券(2023) X 1
`_2023-09-14 19:38:35_
--------
