【登录信息】
*3084073a697602a159acb3c9452b4b00*
`登陆天数: 592天 / 2286天
等级: 161
石头: 2
呼符: 0
体力: 1568.1566666666668 / 144
友情点: 275 / 6674405`
*連続ログイン4日目
※ログインが途切れるか、7日到達すると
1日目から再開されます*
`聖晶石 X 1
9月交換券(2023) X 1
`*日替りログインボーナス*
*開催期間中、1日1回 2週間日替りでログインボーナスをプレゼント！*
`聖晶石 X 2
巡霊の葉 X 100
`_2023-09-15 19:38:19_
--------
*517ccfc56e0b068f419634fc871e36b0*
`登陆天数: 37天 / 504天
等级: 1
石头: 2
呼符: 0
体力: 800459.0833333334 / 20
友情点: 0 / 186000`
*連続ログイン2日目
※ログインが途切れるか、7日到達すると
1日目から再開されます*
`聖晶石 X 1
9月交換券(2023) X 1
`_2023-09-15 19:38:29_
--------
*bd62bce1f10a8ea80c682ed6f811ef8f*
`登陆天数: 37天 / 525天
等级: 1
石头: 5
呼符: 0
体力: 799747.44 / 20
友情点: 0 / 164000`
*連続ログイン2日目
※ログインが途切れるか、7日到達すると
1日目から再開されます*
`聖晶石 X 1
9月交換券(2023) X 1
`_2023-09-15 19:38:37_
--------
