【登录信息】
*3084073a697602a159acb3c9452b4b00*
`登陆天数: 596天 / 2290天
等级: 161
石头: 2
呼符: 0
体力: 2720.1433333333334 / 144
友情点: 370 / 6675700`
*連続ログイン1日目
※ログインが途切れるか、7日到達すると
1日目から再開されます*
`フレンドポイント X 2000
9月交換券(2023) X 1
`*日替りログインボーナス*
*開催期間中、1日1回 2週間日替りでログインボーナスをプレゼント！*
`聖晶石 X 3
巡霊の葉 X 50
`_2023-09-19 19:38:15_
--------
*517ccfc56e0b068f419634fc871e36b0*
`登陆天数: 41天 / 508天
等级: 1
石头: 2
呼符: 0
体力: 801611.07 / 20
友情点: 0 / 186000`
*連続ログイン6日目
※ログインが途切れるか、7日到達すると
1日目から再開されます*
`聖晶石 X 2
9月交換券(2023) X 1
`_2023-09-19 19:38:25_
--------
*bd62bce1f10a8ea80c682ed6f811ef8f*
`登陆天数: 41天 / 529天
等级: 1
石头: 5
呼符: 0
体力: 800899.4233333333 / 20
友情点: 0 / 164000`
*連続ログイン6日目
※ログインが途切れるか、7日到達すると
1日目から再開されます*
`聖晶石 X 2
9月交換券(2023) X 1
`_2023-09-19 19:38:33_
--------
