【登录信息】
*3084073a697602a159acb3c9452b4b00*
`登陆天数: 597天 / 2291天
等级: 161
石头: 2
呼符: 0
体力: 3008.1633333333334 / 144
友情点: 260 / 6675960`
*連続ログイン2日目
※ログインが途切れるか、7日到達すると
1日目から再開されます*
`聖晶石 X 1
9月交換券(2023) X 1
`*日替りログインボーナス*
*開催期間中、1日1回 2週間日替りでログインボーナスをプレゼント！*
`巡霊の葉 X 30
`_2023-09-20 19:38:21_
--------
*517ccfc56e0b068f419634fc871e36b0*
`登陆天数: 42天 / 509天
等级: 1
石头: 2
呼符: 0
体力: 801899.0933333334 / 20
友情点: 0 / 186000`
*連続ログイン7日間到達おめでとうございます！
明日は1日目からリスタートされます。*
`獣の足跡 X 1
呼符 X 1
9月交換券(2023) X 1
`_2023-09-20 19:38:31_
--------
*bd62bce1f10a8ea80c682ed6f811ef8f*
`登陆天数: 42天 / 530天
等级: 1
石头: 5
呼符: 0
体力: 801187.4466666667 / 20
友情点: 0 / 164000`
*連続ログイン7日間到達おめでとうございます！
明日は1日目からリスタートされます。*
`獣の足跡 X 1
呼符 X 1
9月交換券(2023) X 1
`_2023-09-20 19:38:39_
--------
