【登录信息】
*3084073a697602a159acb3c9452b4b00*
`登陆天数: 600天 / 2294天
等级: 161
石头: 2
呼符: 0
体力: 3872.0933333333332 / 144
友情点: 645 / 6677745`
*連続ログイン5日目
※ログインが途切れるか、7日到達すると
1日目から再開されます*
`叡智の業火 X 2
9月交換券(2023) X 1
`*日替りログインボーナス*
*開催期間中、1日1回 2週間日替りでログインボーナスをプレゼント！*
`巡霊の葉 X 30
`_2023-09-23 19:37:58_
--------
*517ccfc56e0b068f419634fc871e36b0*
`登陆天数: 45天 / 512天
等级: 1
石头: 2
呼符: 0
体力: 802763.02 / 20
友情点: 0 / 186000`
*連続ログイン3日目
※ログインが途切れるか、7日到達すると
1日目から再開されます*
`叡智の業火 X 1
9月交換券(2023) X 1
`_2023-09-23 19:38:09_
--------
*bd62bce1f10a8ea80c682ed6f811ef8f*
`登陆天数: 45天 / 533天
等级: 1
石头: 5
呼符: 0
体力: 802051.3733333333 / 20
友情点: 0 / 164000`
*連続ログイン3日目
※ログインが途切れるか、7日到達すると
1日目から再開されます*
`叡智の業火 X 1
9月交換券(2023) X 1
`_2023-09-23 19:38:17_
--------
