【登录信息】
*3084073a697602a159acb3c9452b4b00*
`登陆天数: 601天 / 2295天
等级: 161
石头: 2
呼符: 0
体力: 4160.183333333333 / 144
友情点: 545 / 6678290`
*連続ログイン6日目
※ログインが途切れるか、7日到達すると
1日目から再開されます*
`聖晶石 X 2
9月交換券(2023) X 1
`*日替りログインボーナス*
*開催期間中、1日1回 2週間日替りでログインボーナスをプレゼント！*
`巡霊の葉 X 30
`_2023-09-24 19:38:26_
--------
*517ccfc56e0b068f419634fc871e36b0*
`登陆天数: 46天 / 513天
等级: 1
石头: 2
呼符: 0
体力: 803051.11 / 20
友情点: 0 / 186000`
*連続ログイン4日目
※ログインが途切れるか、7日到達すると
1日目から再開されます*
`聖晶石 X 1
9月交換券(2023) X 1
`_2023-09-24 19:38:36_
--------
*bd62bce1f10a8ea80c682ed6f811ef8f*
`登陆天数: 46天 / 534天
等级: 1
石头: 5
呼符: 0
体力: 802339.4633333334 / 20
友情点: 0 / 164000`
*連続ログイン4日目
※ログインが途切れるか、7日到達すると
1日目から再開されます*
`聖晶石 X 1
9月交換券(2023) X 1
`_2023-09-24 19:38:45_
--------
