【登录信息】
*3084073a697602a159acb3c9452b4b00*
`登陆天数: 602天 / 2296天
等级: 161
石头: 2
呼符: 0
体力: 4448.16 / 144
友情点: 715 / 6679005`
*連続ログイン7日間到達おめでとうございます！
明日は1日目からリスタートされます。*
`獣の足跡 X 1
呼符 X 1
9月交換券(2023) X 1
`*日替りログインボーナス*
*開催期間中、1日1回 2週間日替りでログインボーナスをプレゼント！*
`巡霊の葉 X 30
`_2023-09-25 19:38:19_
--------
*517ccfc56e0b068f419634fc871e36b0*
`登陆天数: 47天 / 514天
等级: 1
石头: 2
呼符: 0
体力: 803339.0833333334 / 20
友情点: 0 / 186000`
*連続ログイン5日目
※ログインが途切れるか、7日到達すると
1日目から再開されます*
`叡智の業火 X 2
9月交換券(2023) X 1
`_2023-09-25 19:38:29_
--------
*bd62bce1f10a8ea80c682ed6f811ef8f*
`登陆天数: 47天 / 535天
等级: 1
石头: 5
呼符: 0
体力: 802627.4366666666 / 20
友情点: 0 / 164000`
*連続ログイン5日目
※ログインが途切れるか、7日到達すると
1日目から再開されます*
`叡智の業火 X 2
9月交換券(2023) X 1
`_2023-09-25 19:38:36_
--------
