【登录信息】
*3084073a697602a159acb3c9452b4b00*
`登陆天数: 1天 / 2422天
等级: 162
石头: 266
呼符: 0
体力: 422.9433333333333 / 144
友情点: 105 / 6876970`
*連続ログイン1日目
※ログインが途切れるか、7日到達すると
1日目から再開されます*
`フレンドポイント X 2000
3月交換券(2024) X 1
`*「奏章Ⅱ」開幕直前ログインボーナス*
*開催期間中、1日1回 最大7回 ログインボーナスをプレゼント！*
`英霊結晶・星のフォウくん X 2
黄金の果実 X 1
`_2024-03-06 19:36:18_
--------
*517ccfc56e0b068f419634fc871e36b0*
`登陆天数: 1天 / 636天
等级: 1
石头: 2
呼符: 0
体力: 850282.68 / 20
友情点: 0 / 186000`
*連続ログイン1日目
※ログインが途切れるか、7日到達すると
1日目から再開されます*
`フレンドポイント X 2000
3月交換券(2024) X 1
`*「カルデアボーイズコレクション2024」開催記念初回ログインボーナス*
*開催期間中、初回ログインで
「CBC2024特別交換券」をプレゼント！*
`CBC2024特別交換券 X 1
`_2024-03-06 19:36:28_
--------
*bd62bce1f10a8ea80c682ed6f811ef8f*
`登陆天数: 1天 / 657天
等级: 1
石头: 5
呼符: 0
体力: 849571.0333333333 / 20
友情点: 0 / 164000`
*連続ログイン1日目
※ログインが途切れるか、7日到達すると
1日目から再開されます*
`フレンドポイント X 2000
3月交換券(2024) X 1
`*「カルデアボーイズコレクション2024」開催記念初回ログインボーナス*
*開催期間中、初回ログインで
「CBC2024特別交換券」をプレゼント！*
`CBC2024特別交換券 X 1
`_2024-03-06 19:36:36_
--------
