【登录信息】
*3084073a697602a159acb3c9452b4b00*
`登陆天数: 2天 / 2423天
等级: 162
石头: 266
呼符: 0
体力: 711.1366666666667 / 144
友情点: 90 / 6877080`
*連続ログイン2日目
※ログインが途切れるか、7日到達すると
1日目から再開されます*
`聖晶石 X 1
3月交換券(2024) X 1
`*「奏章Ⅱ」開幕直前ログインボーナス*
*開催期間中、1日1回 最大7回 ログインボーナスをプレゼント！*
`英霊結晶・太陽のフォウくん X 2
黄金の果実 X 1
`_2024-03-07 19:37:17_
--------
*517ccfc56e0b068f419634fc871e36b0*
`登陆天数: 2天 / 637天
等级: 1
石头: 2
呼符: 0
体力: 850570.8766666667 / 20
友情点: 0 / 186000`
*連続ログイン2日目
※ログインが途切れるか、7日到達すると
1日目から再開されます*
`聖晶石 X 1
3月交換券(2024) X 1
`_2024-03-07 19:37:26_
--------
*bd62bce1f10a8ea80c682ed6f811ef8f*
`登陆天数: 2天 / 658天
等级: 1
石头: 5
呼符: 0
体力: 849859.2266666667 / 20
友情点: 0 / 164000`
*連続ログイン2日目
※ログインが途切れるか、7日到達すると
1日目から再開されます*
`聖晶石 X 1
3月交換券(2024) X 1
`_2024-03-07 19:37:34_
--------
