【登录信息】
*3084073a697602a159acb3c9452b4b00*
`登陆天数: 3天 / 2424天
等级: 162
石头: 266
呼符: 0
体力: 998.93 / 144
友情点: 40 / 6877120`
*連続ログイン3日目
※ログインが途切れるか、7日到達すると
1日目から再開されます*
`叡智の業火 X 1
3月交換券(2024) X 1
`*「奏章Ⅱ」開幕直前ログインボーナス*
*開催期間中、1日1回 最大7回 ログインボーナスをプレゼント！*
`マナプリズム X 50
黄金の果実 X 1
`_2024-03-08 19:36:15_
--------
*517ccfc56e0b068f419634fc871e36b0*
`登陆天数: 3天 / 638天
等级: 1
石头: 2
呼符: 0
体力: 850858.67 / 20
友情点: 0 / 186000`
*連続ログイン3日目
※ログインが途切れるか、7日到達すると
1日目から再開されます*
`叡智の業火 X 1
3月交換券(2024) X 1
`_2024-03-08 19:36:25_
--------
*bd62bce1f10a8ea80c682ed6f811ef8f*
`登陆天数: 3天 / 659天
等级: 1
石头: 5
呼符: 0
体力: 850147.0233333333 / 20
友情点: 0 / 164000`
*連続ログイン3日目
※ログインが途切れるか、7日到達すると
1日目から再開されます*
`叡智の業火 X 1
3月交換券(2024) X 1
`_2024-03-08 19:36:33_
--------
