【登录信息】
*3084073a697602a159acb3c9452b4b00*
`登陆天数: 5天 / 2426天
等级: 162
石头: 266
呼符: 0
体力: 1575.08 / 144
友情点: 640 / 6877850`
*連続ログイン5日目
※ログインが途切れるか、7日到達すると
1日目から再開されます*
`叡智の業火 X 2
3月交換券(2024) X 1
`*「奏章Ⅱ」開幕直前ログインボーナス*
*開催期間中、1日1回 最大7回 ログインボーナスをプレゼント！*
`英霊結晶・太陽のフォウくん X 3
黄金の果実 X 1
`_2024-03-10 19:36:59_
--------
*517ccfc56e0b068f419634fc871e36b0*
`登陆天数: 5天 / 640天
等级: 1
石头: 2
呼符: 0
体力: 851434.82 / 20
友情点: 0 / 186000`
*連続ログイン5日目
※ログインが途切れるか、7日到達すると
1日目から再開されます*
`叡智の業火 X 2
3月交換券(2024) X 1
`_2024-03-10 19:37:09_
--------
*bd62bce1f10a8ea80c682ed6f811ef8f*
`登陆天数: 5天 / 661天
等级: 1
石头: 5
呼符: 0
体力: 850723.17 / 20
友情点: 0 / 164000`
*連続ログイン5日目
※ログインが途切れるか、7日到達すると
1日目から再開されます*
`叡智の業火 X 2
3月交換券(2024) X 1
`_2024-03-10 19:37:17_
--------
