【登录信息】
*3084073a697602a159acb3c9452b4b00*
`登陆天数: 7天 / 2428天
等级: 162
石头: 266
呼符: 0
体力: 2151.0 / 144
友情点: 280 / 6878380`
*連続ログイン7日間到達おめでとうございます！
明日は1日目からリスタートされます。*
`獣の足跡 X 1
呼符 X 1
3月交換券(2024) X 1
`*CBC2024 シャルルマーニュのモンジョワ・騎士道！開幕記念 ログインボーナス*
*開催期間中、1日1回 最大21回 ログインボーナスをプレゼント！*
`白銀の果実 X 1
`_2024-03-12 19:36:35_
--------
*517ccfc56e0b068f419634fc871e36b0*
`登陆天数: 7天 / 642天
等级: 1
石头: 2
呼符: 0
体力: 852010.74 / 20
友情点: 0 / 186000`
*連続ログイン7日間到達おめでとうございます！
明日は1日目からリスタートされます。*
`獣の足跡 X 1
呼符 X 1
3月交換券(2024) X 1
`_2024-03-12 19:36:45_
--------
*bd62bce1f10a8ea80c682ed6f811ef8f*
`登陆天数: 7天 / 663天
等级: 1
石头: 5
呼符: 0
体力: 851299.09 / 20
友情点: 0 / 164000`
*連続ログイン7日間到達おめでとうございます！
明日は1日目からリスタートされます。*
`獣の足跡 X 1
呼符 X 1
3月交換券(2024) X 1
`_2024-03-12 19:36:53_
--------
