【登录信息】
*3084073a697602a159acb3c9452b4b00*
`登陆天数: 8天 / 2429天
等级: 162
石头: 266
呼符: 0
体力: 2439.016666666667 / 144
友情点: 320 / 6879100`
*連続ログイン1日目
※ログインが途切れるか、7日到達すると
1日目から再開されます*
`フレンドポイント X 2000
3月交換券(2024) X 1
`*CBC2024 シャルルマーニュのモンジョワ・騎士道！開幕記念 ログインボーナス*
*開催期間中、1日1回 最大21回 ログインボーナスをプレゼント！*
`黄金の果実 X 1
`_2024-03-13 19:36:41_
--------
*517ccfc56e0b068f419634fc871e36b0*
`登陆天数: 8天 / 643天
等级: 1
石头: 2
呼符: 0
体力: 852298.7566666667 / 20
友情点: 0 / 186000`
*連続ログイン1日目
※ログインが途切れるか、7日到達すると
1日目から再開されます*
`フレンドポイント X 2000
3月交換券(2024) X 1
`_2024-03-13 19:36:51_
--------
*bd62bce1f10a8ea80c682ed6f811ef8f*
`登陆天数: 8天 / 664天
等级: 1
石头: 5
呼符: 0
体力: 851587.11 / 20
友情点: 0 / 164000`
*連続ログイン1日目
※ログインが途切れるか、7日到達すると
1日目から再開されます*
`フレンドポイント X 2000
3月交換券(2024) X 1
`_2024-03-13 19:36:59_
--------
