【登录信息】
*3084073a697602a159acb3c9452b4b00*
`登陆天数: 10天 / 2431天
等级: 162
石头: 266
呼符: 0
体力: 3015.0466666666666 / 144
友情点: 860 / 6880640`
*連続ログイン3日目
※ログインが途切れるか、7日到達すると
1日目から再開されます*
`叡智の業火 X 1
3月交換券(2024) X 1
`*「奏章Ⅱ」開幕直前特別回数ログインボーナス*
*開催期間中、1日1回 最大5回 回数ログインボーナスをプレゼント！*
`叡智の業火 X 10
聖晶石 X 1
`_2024-03-15 19:36:49_
--------
*517ccfc56e0b068f419634fc871e36b0*
`登陆天数: 10天 / 645天
等级: 1
石头: 2
呼符: 0
体力: 852874.7866666666 / 20
友情点: 0 / 186000`
*連続ログイン3日目
※ログインが途切れるか、7日到達すると
1日目から再開されます*
`叡智の業火 X 1
3月交換券(2024) X 1
`_2024-03-15 19:37:00_
--------
*bd62bce1f10a8ea80c682ed6f811ef8f*
`登陆天数: 10天 / 666天
等级: 1
石头: 5
呼符: 0
体力: 852163.14 / 20
友情点: 0 / 164000`
*連続ログイン3日目
※ログインが途切れるか、7日到達すると
1日目から再開されます*
`叡智の業火 X 1
3月交換券(2024) X 1
`_2024-03-15 19:37:08_
--------
