【登录信息】
*3084073a697602a159acb3c9452b4b00*
`登陆天数: 11天 / 2432天
等级: 162
石头: 266
呼符: 0
体力: 3303.0233333333335 / 144
友情点: 470 / 6881140`
*連続ログイン4日目
※ログインが途切れるか、7日到達すると
1日目から再開されます*
`聖晶石 X 1
3月交換券(2024) X 1
`*「奏章Ⅱ」開幕直前特別回数ログインボーナス*
*開催期間中、1日1回 最大5回 回数ログインボーナスをプレゼント！*
`英霊結晶・星のフォウくん X 5
英霊結晶・太陽のフォウくん X 5
`_2024-03-16 19:36:43_
--------
*517ccfc56e0b068f419634fc871e36b0*
`登陆天数: 11天 / 646天
等级: 1
石头: 2
呼符: 0
体力: 853162.7633333333 / 20
友情点: 0 / 186000`
*連続ログイン4日目
※ログインが途切れるか、7日到達すると
1日目から再開されます*
`聖晶石 X 1
3月交換券(2024) X 1
`_2024-03-16 19:36:53_
--------
*bd62bce1f10a8ea80c682ed6f811ef8f*
`登陆天数: 11天 / 667天
等级: 1
石头: 5
呼符: 0
体力: 852451.1166666667 / 20
友情点: 0 / 164000`
*連続ログイン4日目
※ログインが途切れるか、7日到達すると
1日目から再開されます*
`聖晶石 X 1
3月交換券(2024) X 1
`_2024-03-16 19:37:01_
--------
