【登录信息】
*3084073a697602a159acb3c9452b4b00*
`登陆天数: 12天 / 2433天
等级: 162
石头: 266
呼符: 0
体力: 3590.96 / 144
友情点: 400 / 6881550`
*連続ログイン5日目
※ログインが途切れるか、7日到達すると
1日目から再開されます*
`叡智の業火 X 2
3月交換券(2024) X 1
`*「奏章Ⅱ」開幕直前特別回数ログインボーナス*
*開催期間中、1日1回 最大5回 回数ログインボーナスをプレゼント！*
`聖晶石 X 1
黄金の果実 X 3
`_2024-03-17 19:36:23_
--------
*517ccfc56e0b068f419634fc871e36b0*
`登陆天数: 12天 / 647天
等级: 1
石头: 2
呼符: 0
体力: 853450.7 / 20
友情点: 0 / 186000`
*連続ログイン5日目
※ログインが途切れるか、7日到達すると
1日目から再開されます*
`叡智の業火 X 2
3月交換券(2024) X 1
`_2024-03-17 19:36:33_
--------
*bd62bce1f10a8ea80c682ed6f811ef8f*
`登陆天数: 12天 / 668天
等级: 1
石头: 5
呼符: 0
体力: 852739.0533333333 / 20
友情点: 0 / 164000`
*連続ログイン5日目
※ログインが途切れるか、7日到達すると
1日目から再開されます*
`叡智の業火 X 2
3月交換券(2024) X 1
`_2024-03-17 19:36:41_
--------
