【登录信息】
*3084073a697602a159acb3c9452b4b00*
`登陆天数: 13天 / 2434天
等级: 162
石头: 266
呼符: 0
体力: 3879.0533333333333 / 144
友情点: 210 / 6881760`
*連続ログイン6日目
※ログインが途切れるか、7日到達すると
1日目から再開されます*
`聖晶石 X 2
3月交換券(2024) X 1
`*「奏章Ⅱ」開幕直前特別回数ログインボーナス*
*開催期間中、1日1回 最大5回 回数ログインボーナスをプレゼント！*
`獣の足跡 X 1
`_2024-03-18 19:36:51_
--------
*517ccfc56e0b068f419634fc871e36b0*
`登陆天数: 13天 / 648天
等级: 1
石头: 2
呼符: 0
体力: 853738.7933333333 / 20
友情点: 0 / 186000`
*連続ログイン6日目
※ログインが途切れるか、7日到達すると
1日目から再開されます*
`聖晶石 X 2
3月交換券(2024) X 1
`_2024-03-18 19:37:01_
--------
*bd62bce1f10a8ea80c682ed6f811ef8f*
`登陆天数: 13天 / 669天
等级: 1
石头: 5
呼符: 0
体力: 853027.1466666666 / 20
友情点: 0 / 164000`
*連続ログイン6日目
※ログインが途切れるか、7日到達すると
1日目から再開されます*
`聖晶石 X 2
3月交換券(2024) X 1
`_2024-03-18 19:37:09_
--------
