【登录信息】
*3084073a697602a159acb3c9452b4b00*
`登陆天数: 14天 / 2435天
等级: 162
石头: 266
呼符: 0
体力: 4166.9766666666665 / 144
友情点: 470 / 6882240`
*連続ログイン7日間到達おめでとうございます！
明日は1日目からリスタートされます。*
`獣の足跡 X 1
呼符 X 1
3月交換券(2024) X 1
`*「奏章Ⅱ」開幕直前特別回数ログインボーナス*
*開催期間中、1日1回 最大5回 回数ログインボーナスをプレゼント！*
`聖晶石 X 3
`_2024-03-19 19:36:29_
--------
*517ccfc56e0b068f419634fc871e36b0*
`登陆天数: 14天 / 649天
等级: 1
石头: 2
呼符: 0
体力: 854026.7166666667 / 20
友情点: 0 / 186000`
*連続ログイン7日間到達おめでとうございます！
明日は1日目からリスタートされます。*
`獣の足跡 X 1
呼符 X 1
3月交換券(2024) X 1
`_2024-03-19 19:36:38_
--------
*bd62bce1f10a8ea80c682ed6f811ef8f*
`登陆天数: 14天 / 670天
等级: 1
石头: 5
呼符: 0
体力: 853315.07 / 20
友情点: 0 / 164000`
*連続ログイン7日間到達おめでとうございます！
明日は1日目からリスタートされます。*
`獣の足跡 X 1
呼符 X 1
3月交換券(2024) X 1
`_2024-03-19 19:36:46_
--------
