【登录信息】
*3084073a697602a159acb3c9452b4b00*
`登陆天数: 15天 / 2436天
等级: 162
石头: 266
呼符: 0
体力: 4455.11 / 144
友情点: 180 / 6882430`
*連続ログイン1日目
※ログインが途切れるか、7日到達すると
1日目から再開されます*
`フレンドポイント X 2000
3月交換券(2024) X 1
`*FGO カルデア放送局 Vol.21 奏章Ⅱ 開幕直前SP
放送記念 初回ログインボーナス*
*開催期間中、初回ログインで「聖晶石×14」をプレゼント！*
`聖晶石 X 14
`_2024-03-20 19:37:07_
--------
*517ccfc56e0b068f419634fc871e36b0*
`登陆天数: 15天 / 650天
等级: 1
石头: 2
呼符: 0
体力: 854314.85 / 20
友情点: 0 / 186000`
*連続ログイン1日目
※ログインが途切れるか、7日到達すると
1日目から再開されます*
`フレンドポイント X 2000
3月交換券(2024) X 1
`_2024-03-20 19:37:18_
--------
*bd62bce1f10a8ea80c682ed6f811ef8f*
`登陆天数: 15天 / 671天
等级: 1
石头: 5
呼符: 0
体力: 853603.2033333334 / 20
友情点: 0 / 164000`
*連続ログイン1日目
※ログインが途切れるか、7日到達すると
1日目から再開されます*
`フレンドポイント X 2000
3月交換券(2024) X 1
`_2024-03-20 19:37:26_
--------
