【登录信息】
*3084073a697602a159acb3c9452b4b00*
`登陆天数: 17天 / 2438天
等级: 162
石头: 266
呼符: 0
体力: 5030.946666666667 / 144
友情点: 320 / 6883125`
*連続ログイン3日目
※ログインが途切れるか、7日到達すると
1日目から再開されます*
`叡智の業火 X 1
3月交換券(2024) X 1
`*CBC2024 シャルルマーニュのモンジョワ・騎士道！開幕記念 ログインボーナス*
*開催期間中、1日1回 最大21回 ログインボーナスをプレゼント！*
`白銀の果実 X 1
`_2024-03-22 19:36:20_
--------
*517ccfc56e0b068f419634fc871e36b0*
`登陆天数: 17天 / 652天
等级: 1
石头: 2
呼符: 0
体力: 854890.6866666666 / 20
友情点: 0 / 186000`
*連続ログイン3日目
※ログインが途切れるか、7日到達すると
1日目から再開されます*
`叡智の業火 X 1
3月交換券(2024) X 1
`_2024-03-22 19:36:29_
--------
*bd62bce1f10a8ea80c682ed6f811ef8f*
`登陆天数: 17天 / 673天
等级: 1
石头: 5
呼符: 0
体力: 854179.04 / 20
友情点: 0 / 164000`
*連続ログイン3日目
※ログインが途切れるか、7日到達すると
1日目から再開されます*
`叡智の業火 X 1
3月交換券(2024) X 1
`_2024-03-22 19:36:38_
--------
