【登录信息】
*3084073a697602a159acb3c9452b4b00*
`登陆天数: 19天 / 2440天
等级: 162
石头: 266
呼符: 0
体力: 5606.933333333333 / 144
友情点: 20 / 6883495`
*連続ログイン5日目
※ログインが途切れるか、7日到達すると
1日目から再開されます*
`叡智の業火 X 2
3月交換券(2024) X 1
`*「AnimeJapan 2024」出展記念 初回ログインボーナス*
*開催期間中、初回ログインで「聖晶石×10」をプレゼント！*
`聖晶石 X 10
`_2024-03-24 19:36:16_
--------
*517ccfc56e0b068f419634fc871e36b0*
`登陆天数: 19天 / 654天
等级: 1
石头: 2
呼符: 0
体力: 855466.6733333333 / 20
友情点: 0 / 186000`
*連続ログイン5日目
※ログインが途切れるか、7日到達すると
1日目から再開されます*
`叡智の業火 X 2
3月交換券(2024) X 1
`_2024-03-24 19:36:25_
--------
*bd62bce1f10a8ea80c682ed6f811ef8f*
`登陆天数: 19天 / 675天
等级: 1
石头: 5
呼符: 0
体力: 854755.0266666666 / 20
友情点: 0 / 164000`
*連続ログイン5日目
※ログインが途切れるか、7日到達すると
1日目から再開されます*
`叡智の業火 X 2
3月交換券(2024) X 1
`_2024-03-24 19:36:33_
--------
