【登录信息】
*3084073a697602a159acb3c9452b4b00*
`登陆天数: 20天 / 2441天
等级: 162
石头: 266
呼符: 0
体力: 5894.963333333333 / 144
友情点: 50 / 6883545`
*連続ログイン6日目
※ログインが途切れるか、7日到達すると
1日目から再開されます*
`聖晶石 X 2
3月交換券(2024) X 1
`*CBC2024 シャルルマーニュのモンジョワ・騎士道！開幕記念 ログインボーナス*
*開催期間中、1日1回 最大21回 ログインボーナスをプレゼント！*
`白銀の果実 X 1
`_2024-03-25 19:36:25_
--------
*517ccfc56e0b068f419634fc871e36b0*
`登陆天数: 20天 / 655天
等级: 1
石头: 2
呼符: 0
体力: 855754.7066666667 / 20
友情点: 0 / 186000`
*連続ログイン6日目
※ログインが途切れるか、7日到達すると
1日目から再開されます*
`聖晶石 X 2
3月交換券(2024) X 1
`_2024-03-25 19:36:35_
--------
*bd62bce1f10a8ea80c682ed6f811ef8f*
`登陆天数: 20天 / 676天
等级: 1
石头: 5
呼符: 0
体力: 855043.06 / 20
友情点: 0 / 164000`
*連続ログイン6日目
※ログインが途切れるか、7日到達すると
1日目から再開されます*
`聖晶石 X 2
3月交換券(2024) X 1
`_2024-03-25 19:36:43_
--------
