【登录信息】
*3084073a697602a159acb3c9452b4b00*
`登陆天数: 21天 / 2442天
等级: 162
石头: 266
呼符: 0
体力: 6183.45 / 144
友情点: 90 / 6883635`
*連続ログイン7日間到達おめでとうございます！
明日は1日目からリスタートされます。*
`獣の足跡 X 1
呼符 X 1
3月交換券(2024) X 1
`*CBC2024 シャルルマーニュのモンジョワ・騎士道！開幕記念 ログインボーナス*
*開催期間中、1日1回 最大21回 ログインボーナスをプレゼント！*
`白銀の果実 X 1
`_2024-03-26 19:38:50_
--------
*517ccfc56e0b068f419634fc871e36b0*
`登陆天数: 21天 / 656天
等级: 1
石头: 2
呼符: 0
体力: 856043.1866666666 / 20
友情点: 0 / 186000`
*連続ログイン7日間到達おめでとうございます！
明日は1日目からリスタートされます。*
`獣の足跡 X 1
呼符 X 1
3月交換券(2024) X 1
`_2024-03-26 19:39:00_
--------
*bd62bce1f10a8ea80c682ed6f811ef8f*
`登陆天数: 21天 / 677天
等级: 1
石头: 5
呼符: 0
体力: 855331.54 / 20
友情点: 0 / 164000`
*連続ログイン7日間到達おめでとうございます！
明日は1日目からリスタートされます。*
`獣の足跡 X 1
呼符 X 1
3月交換券(2024) X 1
`_2024-03-26 19:39:08_
--------
