【登录信息】
*3084073a697602a159acb3c9452b4b00*
`登陆天数: 22天 / 2443天
等级: 162
石头: 266
呼符: 0
体力: 6471.03 / 144
友情点: 70 / 6883705`
*連続ログイン1日目
※ログインが途切れるか、7日到達すると
1日目から再開されます*
`フレンドポイント X 2000
3月交換券(2024) X 1
`_2024-03-27 19:36:44_
--------
*517ccfc56e0b068f419634fc871e36b0*
`登陆天数: 22天 / 657天
等级: 1
石头: 2
呼符: 0
体力: 856330.77 / 20
友情点: 0 / 186000`
*連続ログイン1日目
※ログインが途切れるか、7日到達すると
1日目から再開されます*
`フレンドポイント X 2000
3月交換券(2024) X 1
`_2024-03-27 19:36:55_
--------
*bd62bce1f10a8ea80c682ed6f811ef8f*
`登陆天数: 22天 / 678天
等级: 1
石头: 5
呼符: 0
体力: 855619.1266666667 / 20
友情点: 0 / 164000`
*連続ログイン1日目
※ログインが途切れるか、7日到達すると
1日目から再開されます*
`フレンドポイント X 2000
3月交換券(2024) X 1
`_2024-03-27 19:37:03_
--------
