【登录信息】
*3084073a697602a159acb3c9452b4b00*
`登陆天数: 24天 / 2445天
等级: 162
石头: 266
呼符: 0
体力: 7047.0 / 144
友情点: 60 / 6883805`
*連続ログイン3日目
※ログインが途切れるか、7日到達すると
1日目から再開されます*
`叡智の業火 X 1
3月交換券(2024) X 1
`*Fate/Grand Order 春の新米マスター応援キャンペーン2024！
開催記念 初回ログインボーナス*
*開催期間中、初回ログインで「呼符×1」をプレゼント！*
`呼符 X 1
`_2024-03-29 19:36:36_
--------
*517ccfc56e0b068f419634fc871e36b0*
`登陆天数: 24天 / 659天
等级: 1
石头: 2
呼符: 0
体力: 856906.7433333333 / 20
友情点: 0 / 186000`
*連続ログイン3日目
※ログインが途切れるか、7日到達すると
1日目から再開されます*
`叡智の業火 X 1
3月交換券(2024) X 1
`_2024-03-29 19:36:46_
--------
*bd62bce1f10a8ea80c682ed6f811ef8f*
`登陆天数: 24天 / 680天
等级: 1
石头: 5
呼符: 0
体力: 856195.0966666667 / 20
友情点: 0 / 164000`
*連続ログイン3日目
※ログインが途切れるか、7日到達すると
1日目から再開されます*
`叡智の業火 X 1
3月交換券(2024) X 1
`_2024-03-29 19:36:54_
--------
