【登录信息】
*3084073a697602a159acb3c9452b4b00*
`登陆天数: 25天 / 2446天
等级: 162
石头: 266
呼符: 0
体力: 7335.01 / 144
友情点: 120 / 6883925`
*連続ログイン4日目
※ログインが途切れるか、7日到達すると
1日目から再開されます*
`聖晶石 X 1
3月交換券(2024) X 1
`*Fate/Grand Order 春の新米マスター応援キャンペーン2024！
特別ログインボーナス*
*開催期間中、1日1回 最大7回 回数ログインボーナスをプレゼント！*
`聖晶石 X 1
`_2024-03-30 19:36:38_
--------
*517ccfc56e0b068f419634fc871e36b0*
`登陆天数: 25天 / 660天
等级: 1
石头: 2
呼符: 0
体力: 857194.75 / 20
友情点: 0 / 186000`
*連続ログイン4日目
※ログインが途切れるか、7日到達すると
1日目から再開されます*
`聖晶石 X 1
3月交換券(2024) X 1
`_2024-03-30 19:36:48_
--------
*bd62bce1f10a8ea80c682ed6f811ef8f*
`登陆天数: 25天 / 681天
等级: 1
石头: 5
呼符: 0
体力: 856483.1033333334 / 20
友情点: 0 / 164000`
*連続ログイン4日目
※ログインが途切れるか、7日到達すると
1日目から再開されます*
`聖晶石 X 1
3月交換券(2024) X 1
`_2024-03-30 19:36:56_
--------
